#
# A fatal error has been detected by the Java Runtime Environment:
#
# java.lang.OutOfMemoryError: Cannot create GC thread. Out of system resources.
#
#  Internal Error (gcTaskThread.cpp:38), pid=43472, tid=140565319599872
#  Error: Cannot create GC thread. Out of system resources.
#
# JRE version: 6.0_17-b04
# Java VM: Java HotSpot(TM) 64-Bit Server VM (14.3-b01 mixed mode linux-amd64 )
# If you would like to submit a bug report, please visit:
#   http://java.sun.com/webapps/bugreport/crash.jsp
#

---------------  T H R E A D  ---------------

Current thread (0x00007fd7dc4a3000):  JavaThread "Unknown thread" [_thread_in_vm, id=44061, stack(0x00007fd7e9514000,0x00007fd7e9f15000)]

Stack: [0x00007fd7e9514000,0x00007fd7e9f15000],  sp=0x00007fd7e9f12cd0,  free space=10235k
Native frames: (J=compiled Java code, j=interpreted, Vv=VM code, C=native code)
V  [libjvm.so+0x6bd1ef]
V  [libjvm.so+0x2be6c8]
V  [libjvm.so+0x33a2fd]
V  [libjvm.so+0x338e3e]
V  [libjvm.so+0x338bd3]
V  [libjvm.so+0x5a87c7]
V  [libjvm.so+0x697695]
V  [libjvm.so+0x69732a]
V  [libjvm.so+0x377cd0]
V  [libjvm.so+0x67f5af]
V  [libjvm.so+0x3def30]
C  [libmwjmi.so+0x6e029]  _Z9InitSunVMN5boost8optionalIKSt6vectorISsSaISsEEEE+0x1129
C  [libmwjmi.so+0x6eb5f]
C  [libmwjmi.so+0x6eca9]
C  [libmwjmi.so+0x5ceb1]  _Z7mljInitv+0x21
C  [libmwmcr.so+0x106205]
C  [libmwmcr.so+0xf8bf4]
C  [libmwmcr.so+0xf8d97]


---------------  P R O C E S S  ---------------

Java Threads: ( => current thread )

Other Threads:

=>0x00007fd7dc4a3000 (exited) JavaThread "Unknown thread" [_thread_in_vm, id=44061, stack(0x00007fd7e9514000,0x00007fd7e9f15000)]

VM state:not at safepoint (not fully initialized)

VM Mutex/Monitor currently owned by a thread: None

Dynamic libraries:
00400000-00406000 r-xp 00000000 00:37 5814541                            /l/local/lang/matlab-R2012a/bin/glnxa64/MATLAB
00606000-00607000 rw-p 00006000 00:37 5814541                            /l/local/lang/matlab-R2012a/bin/glnxa64/MATLAB
01e1a000-01f88000 rw-p 00000000 00:00 0                                  [heap]
393bc00000-393bc20000 r-xp 00000000 08:01 786466                         /lib64/ld-2.12.so
393be1f000-393be20000 r--p 0001f000 08:01 786466                         /lib64/ld-2.12.so
393be20000-393be21000 rw-p 00020000 08:01 786466                         /lib64/ld-2.12.so
393be21000-393be22000 rw-p 00000000 00:00 0 
393c000000-393c18a000 r-xp 00000000 08:01 809581                         /lib64/libc-2.12.so
393c18a000-393c38a000 ---p 0018a000 08:01 809581                         /lib64/libc-2.12.so
393c38a000-393c38e000 r--p 0018a000 08:01 809581                         /lib64/libc-2.12.so
393c38e000-393c38f000 rw-p 0018e000 08:01 809581                         /lib64/libc-2.12.so
393c38f000-393c394000 rw-p 00000000 00:00 0 
393c400000-393c417000 r-xp 00000000 08:01 809586                         /lib64/libpthread-2.12.so
393c417000-393c617000 ---p 00017000 08:01 809586                         /lib64/libpthread-2.12.so
393c617000-393c618000 r--p 00017000 08:01 809586                         /lib64/libpthread-2.12.so
393c618000-393c619000 rw-p 00018000 08:01 809586                         /lib64/libpthread-2.12.so
393c619000-393c61d000 rw-p 00000000 00:00 0 
393c800000-393c883000 r-xp 00000000 08:01 809582                         /lib64/libm-2.12.so
393c883000-393ca82000 ---p 00083000 08:01 809582                         /lib64/libm-2.12.so
393ca82000-393ca83000 r--p 00082000 08:01 809582                         /lib64/libm-2.12.so
393ca83000-393ca84000 rw-p 00083000 08:01 809582                         /lib64/libm-2.12.so
393cc00000-393cc02000 r-xp 00000000 08:01 809588                         /lib64/libdl-2.12.so
393cc02000-393ce02000 ---p 00002000 08:01 809588                         /lib64/libdl-2.12.so
393ce02000-393ce03000 r--p 00002000 08:01 809588                         /lib64/libdl-2.12.so
393ce03000-393ce04000 rw-p 00003000 08:01 809588                         /lib64/libdl-2.12.so
393d000000-393d015000 r-xp 00000000 08:01 809583                         /lib64/libz.so.1.2.3
393d015000-393d214000 ---p 00015000 08:01 809583                         /lib64/libz.so.1.2.3
393d214000-393d215000 r--p 00014000 08:01 809583                         /lib64/libz.so.1.2.3
393d215000-393d216000 rw-p 00015000 08:01 809583                         /lib64/libz.so.1.2.3
393d400000-393d407000 r-xp 00000000 08:01 809600                         /lib64/librt-2.12.so
393d407000-393d606000 ---p 00007000 08:01 809600                         /lib64/librt-2.12.so
393d606000-393d607000 r--p 00006000 08:01 809600                         /lib64/librt-2.12.so
393d607000-393d608000 rw-p 00007000 08:01 809600                         /lib64/librt-2.12.so
393e400000-393e402000 r-xp 00000000 08:01 918911                         /usr/lib64/libXau.so.6.0.0
393e402000-393e602000 ---p 00002000 08:01 918911                         /usr/lib64/libXau.so.6.0.0
393e602000-393e603000 rw-p 00002000 08:01 918911                         /usr/lib64/libXau.so.6.0.0
393ec00000-393ec1d000 r-xp 00000000 08:01 933788                         /usr/lib64/libxcb.so.1.1.0
393ec1d000-393ee1d000 ---p 0001d000 08:01 933788                         /usr/lib64/libxcb.so.1.1.0
393ee1d000-393ee1e000 rw-p 0001d000 08:01 933788                         /usr/lib64/libxcb.so.1.1.0
393f000000-393f137000 r-xp 00000000 08:01 919430                         /usr/lib64/libX11.so.6.3.0
393f137000-393f337000 ---p 00137000 08:01 919430                         /usr/lib64/libX11.so.6.3.0
393f337000-393f33d000 rw-p 00137000 08:01 919430                         /usr/lib64/libX11.so.6.3.0
393fc00000-393fc11000 r-xp 00000000 08:01 920573                         /usr/lib64/libXext.so.6.4.0
393fc11000-393fe11000 ---p 00011000 08:01 920573                         /usr/lib64/libXext.so.6.4.0
393fe11000-393fe12000 rw-p 00011000 08:01 920573                         /usr/lib64/libXext.so.6.4.0
3943000000-3943004000 r-xp 00000000 08:01 809593                         /lib64/libuuid.so.1.3.0
3943004000-3943203000 ---p 00004000 08:01 809593                         /lib64/libuuid.so.1.3.0
3943203000-3943204000 rw-p 00003000 08:01 809593                         /lib64/libuuid.so.1.3.0
3943800000-3943817000 r-xp 00000000 08:01 920577                         /usr/lib64/libICE.so.6.3.0
3943817000-3943a17000 ---p 00017000 08:01 920577                         /usr/lib64/libICE.so.6.3.0
3943a17000-3943a18000 rw-p 00017000 08:01 920577                         /usr/lib64/libICE.so.6.3.0
3943a18000-3943a1c000 rw-p 00000000 00:00 0 
3943c00000-3943c07000 r-xp 00000000 08:01 920644                         /usr/lib64/libSM.so.6.0.1
3943c07000-3943e07000 ---p 00007000 08:01 920644                         /usr/lib64/libSM.so.6.0.1
3943e07000-3943e08000 rw-p 00007000 08:01 920644                         /usr/lib64/libSM.so.6.0.1
3946000000-3946018000 r-xp 00000000 08:01 919461                         /usr/lib64/libXmu.so.6.2.0
3946018000-3946218000 ---p 00018000 08:01 919461                         /usr/lib64/libXmu.so.6.2.0
3946218000-394621a000 rw-p 00018000 08:01 919461                         /usr/lib64/libXmu.so.6.2.0
394ac00000-394ac1d000 r-xp 00000000 08:01 809594                         /lib64/libtinfo.so.5.7
394ac1d000-394ae1d000 ---p 0001d000 08:01 809594                         /lib64/libtinfo.so.5.7
394ae1d000-394ae21000 rw-p 0001d000 08:01 809594                         /lib64/libtinfo.so.5.7
394c200000-394c207000 r-xp 00000000 08:01 809615                         /lib64/libcrypt-2.12.so
394c207000-394c407000 ---p 00007000 08:01 809615                         /lib64/libcrypt-2.12.so
394c407000-394c408000 r--p 00007000 08:01 809615                         /lib64/libcrypt-2.12.so
394c408000-394c409000 rw-p 00008000 08:01 809615                         /lib64/libcrypt-2.12.so
394c409000-394c437000 rw-p 00000000 00:00 0 
394c600000-394c673000 r-xp 00000000 08:01 809614                         /lib64/libfreebl3.so
394c673000-394c872000 ---p 00073000 08:01 809614                         /lib64/libfreebl3.so
394c872000-394c874000 r--p 00072000 08:01 809614                         /lib64/libfreebl3.so
394c874000-394c875000 rw-p 00074000 08:01 809614                         /lib64/libfreebl3.so
394c875000-394c879000 rw-p 00000000 00:00 0 
394ce00000-394ce16000 r-xp 00000000 08:01 809621                         /lib64/libnsl-2.12.so
394ce16000-394d015000 ---p 00016000 08:01 809621                         /lib64/libnsl-2.12.so
394d015000-394d016000 r--p 00015000 08:01 809621                         /lib64/libnsl-2.12.so
394d016000-394d017000 rw-p 00016000 08:01 809621                         /lib64/libnsl-2.12.so
394d017000-394d019000 rw-p 00000000 00:00 0 
394d200000-394d222000 r-xp 00000000 08:01 809595                         /lib64/libncurses.so.5.7
394d222000-394d421000 ---p 00022000 08:01 809595                         /lib64/libncurses.so.5.7
394d421000-394d422000 rw-p 00021000 08:01 809595                         /lib64/libncurses.so.5.7
3950800000-395085f000 r-xp 00000000 08:01 919305                         /usr/lib64/libXt.so.6.0.0
395085f000-3950a5e000 ---p 0005f000 08:01 919305                         /usr/lib64/libXt.so.6.0.0
3950a5e000-3950a64000 rw-p 0005e000 08:01 919305                         /usr/lib64/libXt.so.6.0.0
3950a64000-3950a65000 rw-p 00000000 00:00 0 
7fd748000000-7fd748021000 rw-p 00000000 00:00 0 
7fd748021000-7fd74c000000 ---p 00000000 00:00 0 
7fd74c000000-7fd74c021000 rw-p 00000000 00:00 0 
7fd74c021000-7fd750000000 ---p 00000000 00:00 0 
7fd750000000-7fd750021000 rw-p 00000000 00:00 0 
7fd750021000-7fd754000000 ---p 00000000 00:00 0 
7fd754000000-7fd754021000 rw-p 00000000 00:00 0 
7fd754021000-7fd758000000 ---p 00000000 00:00 0 
7fd758000000-7fd758021000 rw-p 00000000 00:00 0 
7fd758021000-7fd75c000000 ---p 00000000 00:00 0 
7fd75c000000-7fd75c021000 rw-p 00000000 00:00 0 
7fd75c021000-7fd760000000 ---p 00000000 00:00 0 
7fd760000000-7fd760021000 rw-p 00000000 00:00 0 
7fd760021000-7fd764000000 ---p 00000000 00:00 0 
7fd764000000-7fd764021000 rw-p 00000000 00:00 0 
7fd764021000-7fd768000000 ---p 00000000 00:00 0 
7fd768000000-7fd768021000 rw-p 00000000 00:00 0 
7fd768021000-7fd76c000000 ---p 00000000 00:00 0 
7fd76c000000-7fd76c021000 rw-p 00000000 00:00 0 
7fd76c021000-7fd770000000 ---p 00000000 00:00 0 
7fd770000000-7fd770021000 rw-p 00000000 00:00 0 
7fd770021000-7fd774000000 ---p 00000000 00:00 0 
7fd774000000-7fd774021000 rw-p 00000000 00:00 0 
7fd774021000-7fd778000000 ---p 00000000 00:00 0 
7fd778000000-7fd778021000 rw-p 00000000 00:00 0 
7fd778021000-7fd77c000000 ---p 00000000 00:00 0 
7fd77c000000-7fd77c021000 rw-p 00000000 00:00 0 
7fd77c021000-7fd780000000 ---p 00000000 00:00 0 
7fd780000000-7fd780021000 rw-p 00000000 00:00 0 
7fd780021000-7fd784000000 ---p 00000000 00:00 0 
7fd784000000-7fd784021000 rw-p 00000000 00:00 0 
7fd784021000-7fd788000000 ---p 00000000 00:00 0 
7fd788000000-7fd788021000 rw-p 00000000 00:00 0 
7fd788021000-7fd78c000000 ---p 00000000 00:00 0 
7fd78c000000-7fd78c021000 rw-p 00000000 00:00 0 
7fd78c021000-7fd790000000 ---p 00000000 00:00 0 
7fd790000000-7fd790021000 rw-p 00000000 00:00 0 
7fd790021000-7fd794000000 ---p 00000000 00:00 0 
7fd794000000-7fd794021000 rw-p 00000000 00:00 0 
7fd794021000-7fd798000000 ---p 00000000 00:00 0 
7fd798000000-7fd798021000 rw-p 00000000 00:00 0 
7fd798021000-7fd79c000000 ---p 00000000 00:00 0 
7fd79c000000-7fd79c021000 rw-p 00000000 00:00 0 
7fd79c021000-7fd7a0000000 ---p 00000000 00:00 0 
7fd7a0000000-7fd7a0021000 rw-p 00000000 00:00 0 
7fd7a0021000-7fd7a4000000 ---p 00000000 00:00 0 
7fd7a4000000-7fd7a4021000 rw-p 00000000 00:00 0 
7fd7a4021000-7fd7a8000000 ---p 00000000 00:00 0 
7fd7a8000000-7fd7a8021000 rw-p 00000000 00:00 0 
7fd7a8021000-7fd7ac000000 ---p 00000000 00:00 0 
7fd7ac000000-7fd7ac021000 rw-p 00000000 00:00 0 
7fd7ac021000-7fd7b0000000 ---p 00000000 00:00 0 
7fd7b0000000-7fd7b0021000 rw-p 00000000 00:00 0 
7fd7b0021000-7fd7b4000000 ---p 00000000 00:00 0 
7fd7b4000000-7fd7b4021000 rw-p 00000000 00:00 0 
7fd7b4021000-7fd7b8000000 ---p 00000000 00:00 0 
7fd7b8000000-7fd7b8021000 rw-p 00000000 00:00 0 
7fd7b8021000-7fd7bc000000 ---p 00000000 00:00 0 
7fd7bcc00000-7fd7be0c0000 rwxp 00000000 00:00 0 
7fd7be0c0000-7fd7c4c00000 rwxp 00000000 00:00 0 
7fd7c4c00000-7fd7c7c00000 rwxp 00000000 00:00 0 
7fd7c7c00000-7fd7cdf00000 rwxp 00000000 00:00 0 
7fd7cdf00000-7fd7cef00000 rwxp 00000000 00:00 0 
7fd7cef00000-7fd7d1000000 rwxp 00000000 00:00 0 
7fd7d1000000-7fd7d1270000 rwxp 00000000 00:00 0 
7fd7d1270000-7fd7d4000000 rwxp 00000000 00:00 0 
7fd7d4000000-7fd7d4021000 rw-p 00000000 00:00 0 
7fd7d4021000-7fd7d8000000 ---p 00000000 00:00 0 
7fd7d82cc000-7fd7d82cd000 ---p 00000000 00:00 0 
7fd7d82cd000-7fd7d83cd000 rwxp 00000000 00:00 0 
7fd7d83cd000-7fd7d83ce000 ---p 00000000 00:00 0 
7fd7d83ce000-7fd7d84ce000 rwxp 00000000 00:00 0 
7fd7d84ce000-7fd7d84cf000 ---p 00000000 00:00 0 
7fd7d84cf000-7fd7d85cf000 rwxp 00000000 00:00 0 
7fd7d85cf000-7fd7d85d0000 ---p 00000000 00:00 0 
7fd7d85d0000-7fd7d86d0000 rwxp 00000000 00:00 0 
7fd7d86d0000-7fd7d86d1000 ---p 00000000 00:00 0 
7fd7d86d1000-7fd7d87d1000 rwxp 00000000 00:00 0 
7fd7d87d1000-7fd7d87d2000 ---p 00000000 00:00 0 
7fd7d87d2000-7fd7d88d2000 rwxp 00000000 00:00 0 
7fd7d88d2000-7fd7d88d3000 ---p 00000000 00:00 0 
7fd7d88d3000-7fd7d89d3000 rwxp 00000000 00:00 0 
7fd7d89d3000-7fd7d89d4000 ---p 00000000 00:00 0 
7fd7d89d4000-7fd7d8ad4000 rwxp 00000000 00:00 0 
7fd7d8ad4000-7fd7d8ad5000 ---p 00000000 00:00 0 
7fd7d8ad5000-7fd7d8bd5000 rwxp 00000000 00:00 0 
7fd7d8bd5000-7fd7d8bd6000 ---p 00000000 00:00 0 
7fd7d8bd6000-7fd7d8cd6000 rwxp 00000000 00:00 0 
7fd7d8cd6000-7fd7d8cd7000 ---p 00000000 00:00 0 
7fd7d8cd7000-7fd7d8dd7000 rwxp 00000000 00:00 0 
7fd7d8dd7000-7fd7d8dd8000 ---p 00000000 00:00 0 
7fd7d8dd8000-7fd7d8ed8000 rwxp 00000000 00:00 0 
7fd7d8ed8000-7fd7d8ed9000 ---p 00000000 00:00 0 
7fd7d8ed9000-7fd7d8fd9000 rwxp 00000000 00:00 0 
7fd7d8fd9000-7fd7d8fda000 ---p 00000000 00:00 0 
7fd7d8fda000-7fd7d90da000 rwxp 00000000 00:00 0 
7fd7d90da000-7fd7d90db000 ---p 00000000 00:00 0 
7fd7d90db000-7fd7d91db000 rwxp 00000000 00:00 0 
7fd7d91db000-7fd7d91dc000 ---p 00000000 00:00 0 
7fd7d91dc000-7fd7d92dc000 rwxp 00000000 00:00 0 
7fd7d92dc000-7fd7d92dd000 ---p 00000000 00:00 0 
7fd7d92dd000-7fd7d93dd000 rwxp 00000000 00:00 0 
7fd7d93dd000-7fd7d93de000 ---p 00000000 00:00 0 
7fd7d93de000-7fd7d94de000 rwxp 00000000 00:00 0 
7fd7d94de000-7fd7d94df000 ---p 00000000 00:00 0 
7fd7d94df000-7fd7d95df000 rwxp 00000000 00:00 0 
7fd7d95df000-7fd7d95e0000 ---p 00000000 00:00 0 
7fd7d95e0000-7fd7d96e0000 rwxp 00000000 00:00 0 
7fd7d96e0000-7fd7d96e1000 ---p 00000000 00:00 0 
7fd7d96e1000-7fd7d97e1000 rwxp 00000000 00:00 0 
7fd7d97e1000-7fd7d97e2000 ---p 00000000 00:00 0 
7fd7d97e2000-7fd7d98e2000 rwxp 00000000 00:00 0 
7fd7d98e2000-7fd7d98e3000 ---p 00000000 00:00 0 
7fd7d98e3000-7fd7d99e3000 rwxp 00000000 00:00 0 
7fd7d99e3000-7fd7d99e4000 ---p 00000000 00:00 0 
7fd7d99e4000-7fd7d9ae4000 rwxp 00000000 00:00 0 
7fd7d9ae4000-7fd7d9ae5000 ---p 00000000 00:00 0 
7fd7d9ae5000-7fd7d9be5000 rwxp 00000000 00:00 0 
7fd7d9be5000-7fd7d9be6000 ---p 00000000 00:00 0 
7fd7d9be6000-7fd7d9ce6000 rwxp 00000000 00:00 0 
7fd7d9ce6000-7fd7d9ce7000 ---p 00000000 00:00 0 
7fd7d9ce7000-7fd7d9de7000 rwxp 00000000 00:00 0 
7fd7d9de7000-7fd7d9de8000 ---p 00000000 00:00 0 
7fd7d9de8000-7fd7d9ee8000 rwxp 00000000 00:00 0 
7fd7d9ee8000-7fd7d9ee9000 ---p 00000000 00:00 0 
7fd7d9ee9000-7fd7d9fe9000 rwxp 00000000 00:00 0 
7fd7d9fe9000-7fd7d9fea000 ---p 00000000 00:00 0 
7fd7d9fea000-7fd7da0ea000 rwxp 00000000 00:00 0 
7fd7da0ea000-7fd7da0eb000 ---p 00000000 00:00 0 
7fd7da0eb000-7fd7da1eb000 rwxp 00000000 00:00 0 
7fd7da1eb000-7fd7da1ec000 ---p 00000000 00:00 0 
7fd7da1ec000-7fd7dabec000 rwxp 00000000 00:00 0 
7fd7dabec000-7fd7dabed000 ---p 00000000 00:00 0 
7fd7dabed000-7fd7db5ed000 rwxp 00000000 00:00 0 
7fd7db5ed000-7fd7dbd4b000 r-xp 00000000 00:37 5919876                    /l/local/lang/matlab-R2012a/sys/java/jre/glnxa64/jre/lib/amd64/server/libjvm.so
7fd7dbd4b000-7fd7dbe4a000 ---p 0075e000 00:37 5919876                    /l/local/lang/matlab-R2012a/sys/java/jre/glnxa64/jre/lib/amd64/server/libjvm.so
7fd7dbe4a000-7fd7dbfc2000 rw-p 0075d000 00:37 5919876                    /l/local/lang/matlab-R2012a/sys/java/jre/glnxa64/jre/lib/amd64/server/libjvm.so
7fd7dbfc2000-7fd7dc000000 rw-p 00000000 00:00 0 
7fd7dc000000-7fd7dc557000 rw-p 00000000 00:00 0 
7fd7dc557000-7fd7e0000000 ---p 00000000 00:00 0 
7fd7e0000000-7fd7e0021000 rw-p 00000000 00:00 0 
7fd7e0021000-7fd7e4000000 ---p 00000000 00:00 0 
7fd7e4000000-7fd7e4021000 rw-p 00000000 00:00 0 
7fd7e4021000-7fd7e8000000 ---p 00000000 00:00 0 
7fd7e8082000-7fd7e808d000 rwxp 00000000 00:00 0 
7fd7e808d000-7fd7e80c2000 rwxp 00000000 00:00 0 
7fd7e80c2000-7fd7e80da000 rwxp 00000000 00:00 0 
7fd7e80da000-7fd7e810c000 rwxp 00000000 00:00 0 
7fd7e810c000-7fd7e8117000 rwxp 00000000 00:00 0 
7fd7e8117000-7fd7e814c000 rwxp 00000000 00:00 0 
7fd7e814c000-7fd7e8164000 rwxp 00000000 00:00 0 
7fd7e8164000-7fd7e8195000 rwxp 00000000 00:00 0 
7fd7e8195000-7fd7e819e000 rwxp 00000000 00:00 0 
7fd7e819e000-7fd7e81ae000 rwxp 00000000 00:00 0 
7fd7e81ae000-7fd7e81b9000 rwxp 00000000 00:00 0 
7fd7e81b9000-7fd7e826f000 rwxp 00000000 00:00 0 
7fd7e826f000-7fd7e827d000 r-xp 00000000 00:37 5919882                    /l/local/lang/matlab-R2012a/sys/java/jre/glnxa64/jre/lib/amd64/libzip.so
7fd7e827d000-7fd7e837f000 ---p 0000e000 00:37 5919882                    /l/local/lang/matlab-R2012a/sys/java/jre/glnxa64/jre/lib/amd64/libzip.so
7fd7e837f000-7fd7e8382000 rw-p 00010000 00:37 5919882                    /l/local/lang/matlab-R2012a/sys/java/jre/glnxa64/jre/lib/amd64/libzip.so
7fd7e8382000-7fd7e8383000 rw-p 00000000 00:00 0 
7fd7e8383000-7fd7e838a000 r-xp 00000000 00:37 5919894                    /l/local/lang/matlab-R2012a/sys/java/jre/glnxa64/jre/lib/amd64/native_threads/libhpi.so
7fd7e838a000-7fd7e848b000 ---p 00007000 00:37 5919894                    /l/local/lang/matlab-R2012a/sys/java/jre/glnxa64/jre/lib/amd64/native_threads/libhpi.so
7fd7e848b000-7fd7e848d000 rw-p 00008000 00:37 5919894                    /l/local/lang/matlab-R2012a/sys/java/jre/glnxa64/jre/lib/amd64/native_threads/libhpi.so
7fd7e848d000-7fd7e848e000 rw-p 00000000 00:00 0 
7fd7e848e000-7fd7e8498000 r-xp 00000000 08:01 786465                     /lib64/libnss_nis-2.12.so
7fd7e8498000-7fd7e8697000 ---p 0000a000 08:01 786465                     /lib64/libnss_nis-2.12.so
7fd7e8697000-7fd7e8698000 r--p 00009000 08:01 786465                     /lib64/libnss_nis-2.12.so
7fd7e8698000-7fd7e8699000 rw-p 0000a000 08:01 786465                     /lib64/libnss_nis-2.12.so
7fd7e8699000-7fd7e86a5000 r-xp 00000000 08:01 786461                     /lib64/libnss_files-2.12.so
7fd7e86a5000-7fd7e88a5000 ---p 0000c000 08:01 786461                     /lib64/libnss_files-2.12.so
7fd7e88a5000-7fd7e88a6000 r--p 0000c000 08:01 786461                     /lib64/libnss_files-2.12.so
7fd7e88a6000-7fd7e88a7000 rw-p 0000d000 08:01 786461                     /lib64/libnss_files-2.12.so
7fd7e88cd000-7fd7e88d5000 rw-s 00000000 08:03 258581                     /tmp/hsperfdata_edg/43472
7fd7e88d5000-7fd7e88e2000 r-xp 00000000 00:37 5919895                    /l/local/lang/matlab-R2012a/sys/java/jre/glnxa64/jre/lib/amd64/libverify.so
7fd7e88e2000-7fd7e89e1000 ---p 0000d000 00:37 5919895                    /l/local/lang/matlab-R2012a/sys/java/jre/glnxa64/jre/lib/amd64/libverify.so
7fd7e89e1000-7fd7e89e4000 rw-p 0000c000 00:37 5919895                    /l/local/lang/matlab-R2012a/sys/java/jre/glnxa64/jre/lib/amd64/libverify.so
7fd7e89e4000-7fd7e8a0d000 r-xp 00000000 00:37 5919885                    /l/local/lang/matlab-R2012a/sys/java/jre/glnxa64/jre/lib/amd64/libjava.so
7fd7e8a0d000-7fd7e8b0c000 ---p 00029000 00:37 5919885                    /l/local/lang/matlab-R2012a/sys/java/jre/glnxa64/jre/lib/amd64/libjava.so
7fd7e8b0c000-7fd7e8b13000 rw-p 00028000 00:37 5919885                    /l/local/lang/matlab-R2012a/sys/java/jre/glnxa64/jre/lib/amd64/libjava.so
7fd7e8b13000-7fd7e8b14000 ---p 00000000 00:00 0 
7fd7e8b14000-7fd7e9514000 rwxp 00000000 00:00 0 
7fd7e9514000-7fd7e9517000 ---p 00000000 00:00 0 
7fd7e9517000-7fd7e9f15000 rwxp 00000000 00:00 0 
7fd7e9f15000-7fd7ea015000 rw-p 00000000 00:00 0 
7fd7ea015000-7fd7ea016000 ---p 00000000 00:00 0 
7fd7ea016000-7fd7ea7e6000 rwxp 00000000 00:00 0 
7fd7ea7e6000-7fd7ea7e8000 r-xp 00000000 00:37 5814388                    /l/local/lang/matlab-R2012a/bin/glnxa64/mklcompat.so
7fd7ea7e8000-7fd7ea9e7000 ---p 00002000 00:37 5814388                    /l/local/lang/matlab-R2012a/bin/glnxa64/mklcompat.so
7fd7ea9e7000-7fd7ea9e8000 rw-p 00001000 00:37 5814388                    /l/local/lang/matlab-R2012a/bin/glnxa64/mklcompat.so
7fd7ea9e8000-7fd7eaaa7000 r-xp 00000000 00:37 5913616                    /l/local/lang/matlab-R2012a/sys/os/glnxa64/libiomp5.so
7fd7eaaa7000-7fd7eaca6000 ---p 000bf000 00:37 5913616                    /l/local/lang/matlab-R2012a/sys/os/glnxa64/libiomp5.so
7fd7eaca6000-7fd7eacaf000 rw-p 000be000 00:37 5913616                    /l/local/lang/matlab-R2012a/sys/os/glnxa64/libiomp5.so
7fd7eacaf000-7fd7eacb6000 rw-p 00000000 00:00 0 
7fd7eacb6000-7fd7ecb41000 r-xp 00000000 00:37 5814355                    /l/local/lang/matlab-R2012a/bin/glnxa64/mkl.so
7fd7ecb41000-7fd7ecd41000 ---p 01e8b000 00:37 5814355                    /l/local/lang/matlab-R2012a/bin/glnxa64/mkl.so
7fd7ecd41000-7fd7ecd83000 rw-p 01e8b000 00:37 5814355                    /l/local/lang/matlab-R2012a/bin/glnxa64/mkl.so
7fd7ecd83000-7fd7ecd88000 rw-p 00000000 00:00 0 
7fd7ecd88000-7fd7f2c18000 r--p 00000000 08:01 997894                     /usr/lib/locale/locale-archive
7fd7f2c18000-7fd7f2c20000 rw-p 00000000 00:00 0 
7fd7f2c20000-7fd7f2c26000 r-xp 00000000 00:37 5814345                    /l/local/lang/matlab-R2012a/bin/glnxa64/libmwcolamd.so
7fd7f2c26000-7fd7f2e25000 ---p 00006000 00:37 5814345                    /l/local/lang/matlab-R2012a/bin/glnxa64/libmwcolamd.so
7fd7f2e25000-7fd7f2e26000 rw-p 00005000 00:37 5814345                    /l/local/lang/matlab-R2012a/bin/glnxa64/libmwcolamd.so
7fd7f2e26000-7fd7f2e2e000 r-xp 00000000 00:37 5814332                    /l/local/lang/matlab-R2012a/bin/glnxa64/libmwamd.so
7fd7f2e2e000-7fd7f302d000 ---p 00008000 00:37 5814332                    /l/local/lang/matlab-R2012a/bin/glnxa64/libmwamd.so
7fd7f302d000-7fd7f302e000 rw-p 00007000 00:37 5814332                    /l/local/lang/matlab-R2012a/bin/glnxa64/libmwamd.so
7fd7f302e000-7fd7f302f000 rw-p 00000000 00:00 0 
7fd7f302f000-7fd7f3071000 r-xp 00000000 00:37 5814346                    /l/local/lang/matlab-R2012a/bin/glnxa64/libmwcholmod.so
7fd7f3071000-7fd7f3271000 ---p 00042000 00:37 5814346                    /l/local/lang/matlab-R2012a/bin/glnxa64/libmwcholmod.so
7fd7f3271000-7fd7f3272000 rw-p 00042000 00:37 5814346                    /l/local/lang/matlab-R2012a/bin/glnxa64/libmwcholmod.so
7fd7f3272000-7fd7f3273000 rw-p 00000000 00:00 0 
7fd7f3273000-7fd7f3285000 r-xp 00000000 00:37 5814397                    /l/local/lang/matlab-R2012a/bin/glnxa64/libmwblas.so
7fd7f3285000-7fd7f3484000 ---p 00012000 00:37 5814397                    /l/local/lang/matlab-R2012a/bin/glnxa64/libmwblas.so
7fd7f3484000-7fd7f3486000 rw-p 00011000 00:37 5814397                    /l/local/lang/matlab-R2012a/bin/glnxa64/libmwblas.so
7fd7f3486000-7fd7f3488000 rw-p 00000000 00:00 0 
7fd7f3488000-7fd7f348c000 r-xp 00000000 00:37 5814372                    /l/local/lang/matlab-R2012a/bin/glnxa64/libmwompwrapper.so
7fd7f348c000-7fd7f368b000 ---p 00004000 00:37 5814372                    /l/local/lang/matlab-R2012a/bin/glnxa64/libmwompwrapper.so
7fd7f368b000-7fd7f368c000 rw-p 00003000 00:37 5814372                    /l/local/lang/matlab-R2012a/bin/glnxa64/libmwompwrapper.so
7fd7f368c000-7fd7f3695000 r-xp 00000000 00:37 5814365                    /l/local/lang/matlab-R2012a/bin/glnxa64/libmwbinder.so
7fd7f3695000-7fd7f3894000 ---p 00009000 00:37 5814365                    /l/local/lang/matlab-R2012a/bin/glnxa64/libmwbinder.so
7fd7f3894000-7fd7f3895000 rw-p 00008000 00:37 5814365                    /l/local/lang/matlab-R2012a/bin/glnxa64/libmwbinder.so
7fd7f3895000-7fd7f3896000 rw-p 00000000 00:00 0 
7fd7f3896000-7fd7f3959000 r-xp 00000000 00:37 5814406                    /l/local/lang/matlab-R2012a/bin/glnxa64/libmwmathcore.so
7fd7f3959000-7fd7f3b58000 ---p 000c3000 00:37 5814406                    /l/local/lang/matlab-R2012a/bin/glnxa64/libmwmathcore.so
7fd7f3b58000-7fd7f3b5d000 rw-p 000c2000 00:37 5814406                    /l/local/lang/matlab-R2012a/bin/glnxa64/libmwmathcore.so
7fd7f3b5d000-7fd7f3b5e000 rw-p 00000000 00:00 0 
7fd7f3b5e000-7fd7f3de3000 r-xp 00000000 00:37 5814318                    /l/local/lang/matlab-R2012a/bin/glnxa64/libhdf5.so.6.0.5
7fd7f3de3000-7fd7f3fe3000 ---p 00285000 00:37 5814318                    /l/local/lang/matlab-R2012a/bin/glnxa64/libhdf5.so.6.0.5
7fd7f3fe3000-7fd7f3fee000 rw-p 00285000 00:37 5814318                    /l/local/lang/matlab-R2012a/bin/glnxa64/libhdf5.so.6.0.5
7fd7f3fee000-7fd7f3fef000 rw-p 00000000 00:00 0 
7fd7f3fef000-7fd7f400a000 r-xp 00000000 00:37 5814319                    /l/local/lang/matlab-R2012a/bin/glnxa64/libhdf5_hl.so.6.0.5
7fd7f400a000-7fd7f4209000 ---p 0001b000 00:37 5814319                    /l/local/lang/matlab-R2012a/bin/glnxa64/libhdf5_hl.so.6.0.5
7fd7f4209000-7fd7f420a000 rw-p 0001a000 00:37 5814319                    /l/local/lang/matlab-R2012a/bin/glnxa64/libhdf5_hl.so.6.0.5
7fd7f420a000-7fd7f421d000 rw-p 00000000 00:00 0 
7fd7f421d000-7fd7f449e000 r-xp 00000000 00:37 5913612                    /l/local/lang/matlab-R2012a/sys/os/glnxa64/libXm.so.3.0.2
7fd7f449e000-7fd7f469e000 ---p 00281000 00:37 5913612                    /l/local/lang/matlab-R2012a/sys/os/glnxa64/libXm.so.3.0.2
7fd7f469e000-7fd7f46c8000 rw-p 00281000 00:37 5913612                    /l/local/lang/matlab-R2012a/sys/os/glnxa64/libXm.so.3.0.2
7fd7f46c8000-7fd7f46c9000 rw-p 00000000 00:00 0 
7fd7f46c9000-7fd7f46d6000 r-xp 00000000 00:37 5814399                    /l/local/lang/matlab-R2012a/bin/glnxa64/libmwgbt.so
7fd7f46d6000-7fd7f48d6000 ---p 0000d000 00:37 5814399                    /l/local/lang/matlab-R2012a/bin/glnxa64/libmwgbt.so
7fd7f48d6000-7fd7f48d7000 rw-p 0000d000 00:37 5814399                    /l/local/lang/matlab-R2012a/bin/glnxa64/libmwgbt.so
7fd7f48d7000-7fd7f48d8000 rw-p 00000000 00:00 0 
7fd7f48d8000-7fd7f4909000 r-xp 00000000 00:37 5814373                    /l/local/lang/matlab-R2012a/bin/glnxa64/libmwgbtutils.so
7fd7f4909000-7fd7f4b08000 ---p 00031000 00:37 5814373                    /l/local/lang/matlab-R2012a/bin/glnxa64/libmwgbtutils.so
7fd7f4b08000-7fd7f4b0e000 rw-p 00030000 00:37 5814373                    /l/local/lang/matlab-R2012a/bin/glnxa64/libmwgbtutils.so
7fd7f4b0e000-7fd7f4bbf000 r-xp 00000000 00:37 5814390                    /l/local/lang/matlab-R2012a/bin/glnxa64/libmwlapack.so
7fd7f4bbf000-7fd7f4dbe000 ---p 000b1000 00:37 5814390                    /l/local/lang/matlab-R2012a/bin/glnxa64/libmwlapack.so
7fd7f4dbe000-7fd7f4dc8000 rw-p 000b0000 00:37 5814390                    /l/local/lang/matlab-R2012a/bin/glnxa64/libmwlapack.so
7fd7f4dc8000-7fd7f5018000 r-xp 00000000 00:37 5814380                    /l/local/lang/matlab-R2012a/bin/glnxa64/libmwhgdatatypes.so
7fd7f5018000-7fd7f5217000 ---p 00250000 00:37 5814380                    /l/local/lang/matlab-R2012a/bin/glnxa64/libmwhgdatatypes.so
7fd7f5217000-7fd7f5234000 rw-p 0024f000 00:37 5814380                    /l/local/lang/matlab-R2012a/bin/glnxa64/libmwhgdatatypes.so
7fd7f5234000-7fd7f5236000 rw-p 00000000 00:00 0 
7fd7f5236000-7fd7f5267000 r-xp 00000000 00:37 5814426                    /l/local/lang/matlab-R2012a/bin/glnxa64/libmwhardcopy.so
7fd7f5267000-7fd7f5466000 ---p 00031000 00:37 5814426                    /l/local/lang/matlab-R2012a/bin/glnxa64/libmwhardcopy.so
7fd7f5466000-7fd7f5469000 rw-p 00030000 00:37 5814426                    /l/local/lang/matlab-R2012a/bin/glnxa64/libmwhardcopy.so
7fd7f5469000-7fd7f5479000 r-xp 00000000 00:37 5814403                    /l/local/lang/matlab-R2012a/bin/glnxa64/libmwgraphics_util.so
7fd7f5479000-7fd7f5678000 ---p 00010000 00:37 5814403                    /l/local/lang/matlab-R2012a/bin/glnxa64/libmwgraphics_util.so
7fd7f5678000-7fd7f567a000 rw-p 0000f000 00:37 5814403                    /l/local/lang/matlab-R2012a/bin/glnxa64/libmwgraphics_util.so
7fd7f567a000-7fd7f567b000 rw-p 00000000 00:00 0 
7fd7f567b000-7fd7f5690000 r-xp 00000000 00:37 5814395                    /l/local/lang/matlab-R2012a/bin/glnxa64/libmwir_xfmr.so
7fd7f5690000-7fd7f5890000 ---p 00015000 00:37 5814395                    /l/local/lang/matlab-R2012a/bin/glnxa64/libmwir_xfmr.so
7fd7f5890000-7fd7f5891000 rw-p 00015000 00:37 5814395                    /l/local/lang/matlab-R2012a/bin/glnxa64/libmwir_xfmr.so
7fd7f5891000-7fd7f5893000 rw-p 00000000 00:00 0 
7fd7f5893000-7fd7f58fe000 r-xp 00000000 00:37 5814381                    /l/local/lang/matlab-R2012a/bin/glnxa64/libmwspmatrix.so
7fd7f58fe000-7fd7f5afe000 ---p 0006b000 00:37 5814381                    /l/local/lang/matlab-R2012a/bin/glnxa64/libmwspmatrix.so
7fd7f5afe000-7fd7f5aff000 rw-p 0006b000 00:37 5814381                    /l/local/lang/matlab-R2012a/bin/glnxa64/libmwspmatrix.so
7fd7f5aff000-7fd7f5b00000 rw-p 00000000 00:00 0 
7fd7f5b00000-7fd7f5b25000 r-xp 00000000 00:37 5814392                    /l/local/lang/matlab-R2012a/bin/glnxa64/libmwm_pcodegen.so
7fd7f5b25000-7fd7f5d25000 ---p 00025000 00:37 5814392                    /l/local/lang/matlab-R2012a/bin/glnxa64/libmwm_pcodegen.so
7fd7f5d25000-7fd7f5d27000 rw-p 00025000 00:37 5814392                    /l/local/lang/matlab-R2012a/bin/glnxa64/libmwm_pcodegen.so
7fd7f5d27000-7fd7f5d40000 r-xp 00000000 00:37 5814417                    /l/local/lang/matlab-R2012a/bin/glnxa64/libmwm_pcodeio.so
7fd7f5d40000-7fd7f5f3f000 ---p 00019000 00:37 5814417                    /l/local/lang/matlab-R2012a/bin/glnxa64/libmwm_pcodeio.so
7fd7f5f3f000-7fd7f5f41000 rw-p 00018000 00:37 5814417                    /l/local/lang/matlab-R2012a/bin/glnxa64/libmwm_pcodeio.so
7fd7f5f41000-7fd7f5f51000 r-xp 00000000 00:37 5814367                    /l/local/lang/matlab-R2012a/bin/glnxa64/libmwmlib.so
7fd7f5f51000-7fd7f6151000 ---p 00010000 00:37 5814367                    /l/local/lang/matlab-R2012a/bin/glnxa64/libmwmlib.so
7fd7f6151000-7fd7f6153000 rw-p 00010000 00:37 5814367                    /l/local/lang/matlab-R2012a/bin/glnxa64/libmwmlib.so
7fd7f6153000-7fd7f6154000 rw-p 00000000 00:00 0 
7fd7f6154000-7fd7f617d000 r-xp 00000000 00:37 5814411                    /l/local/lang/matlab-R2012a/bin/glnxa64/libmwmathrng.so
7fd7f617d000-7fd7f637c000 ---p 00029000 00:37 5814411                    /l/local/lang/matlab-R2012a/bin/glnxa64/libmwmathrng.so
7fd7f637c000-7fd7f637e000 rw-p 00028000 00:37 5814411                    /l/local/lang/matlab-R2012a/bin/glnxa64/libmwmathrng.so
7fd7f637e000-7fd7f6380000 rw-p 00000000 00:00 0 
7fd7f6380000-7fd7f6435000 r-xp 00000000 00:37 5814382                    /l/local/lang/matlab-R2012a/bin/glnxa64/libmwmathutil.so
7fd7f6435000-7fd7f6634000 ---p 000b5000 00:37 5814382                    /l/local/lang/matlab-R2012a/bin/glnxa64/libmwmathutil.so
7fd7f6634000-7fd7f6635000 rw-p 000b4000 00:37 5814382                    /l/local/lang/matlab-R2012a/bin/glnxa64/libmwmathutil.so
7fd7f6635000-7fd7f6671000 r-xp 00000000 00:37 5814424                    /l/local/lang/matlab-R2012a/bin/glnxa64/libmwprofiler.so
7fd7f6671000-7fd7f6870000 ---p 0003c000 00:37 5814424                    /l/local/lang/matlab-R2012a/bin/glnxa64/libmwprofiler.so
7fd7f6870000-7fd7f6873000 rw-p 0003b000 00:37 5814424                    /l/local/lang/matlab-R2012a/bin/glnxa64/libmwprofiler.so
7fd7f6873000-7fd7f6874000 rw-p 00000000 00:00 0 
7fd7f6874000-7fd7f68be000 r-xp 00000000 00:37 5814328                    /l/local/lang/matlab-R2012a/bin/glnxa64/libmat.so
7fd7f68be000-7fd7f6abe000 ---p 0004a000 00:37 5814328                    /l/local/lang/matlab-R2012a/bin/glnxa64/libmat.so
7fd7f6abe000-7fd7f6ac2000 rw-p 0004a000 00:37 5814328                    /l/local/lang/matlab-R2012a/bin/glnxa64/libmat.so
7fd7f6ac2000-7fd7f6e7a000 r-xp 00000000 00:37 5814364                    /l/local/lang/matlab-R2012a/bin/glnxa64/libxerces-c.so.27.0
7fd7f6e7a000-7fd7f7079000 ---p 003b8000 00:37 5814364                    /l/local/lang/matlab-R2012a/bin/glnxa64/libxerces-c.so.27.0
7fd7f7079000-7fd7f70bd000 rw-p 003b7000 00:37 5814364                    /l/local/lang/matlab-R2012a/bin/glnxa64/libxerces-c.so.27.0
7fd7f70bd000-7fd7f70bf000 rw-p 00000000 00:00 0 
7fd7f70bf000-7fd7f7131000 r-xp 00000000 00:37 5814391                    /l/local/lang/matlab-R2012a/bin/glnxa64/libmwxmlcore.so
7fd7f7131000-7fd7f7330000 ---p 00072000 00:37 5814391                    /l/local/lang/matlab-R2012a/bin/glnxa64/libmwxmlcore.so
7fd7f7330000-7fd7f7338000 rw-p 00071000 00:37 5814391                    /l/local/lang/matlab-R2012a/bin/glnxa64/libmwxmlcore.so
7fd7f7338000-7fd7f7339000 rw-p 00000000 00:00 0 
7fd7f7339000-7fd7f734e000 r-xp 00000000 00:37 5814304                    /l/local/lang/matlab-R2012a/bin/glnxa64/libboost_iostreams.so.1.44.0
7fd7f734e000-7fd7f754e000 ---p 00015000 00:37 5814304                    /l/local/lang/matlab-R2012a/bin/glnxa64/libboost_iostreams.so.1.44.0
7fd7f754e000-7fd7f7550000 rw-p 00015000 00:37 5814304                    /l/local/lang/matlab-R2012a/bin/glnxa64/libboost_iostreams.so.1.44.0
7fd7f7550000-7fd7f7551000 rw-p 00000000 00:00 0 
7fd7f7551000-7fd7f76c7000 r-xp 00000000 00:37 5814422                    /l/local/lang/matlab-R2012a/bin/glnxa64/libmwuix.so
7fd7f76c7000-7fd7f78c7000 ---p 00176000 00:37 5814422                    /l/local/lang/matlab-R2012a/bin/glnxa64/libmwuix.so
7fd7f78c7000-7fd7f78dc000 rw-p 00176000 00:37 5814422                    /l/local/lang/matlab-R2012a/bin/glnxa64/libmwuix.so
7fd7f78dc000-7fd7f78e1000 rw-p 00000000 00:00 0 
7fd7f78e1000-7fd7f7941000 r-xp 00000000 00:37 5814402                    /l/local/lang/matlab-R2012a/bin/glnxa64/libmwm_ir.so
7fd7f7941000-7fd7f7b40000 ---p 00060000 00:37 5814402                    /l/local/lang/matlab-R2012a/bin/glnxa64/libmwm_ir.so
7fd7f7b40000-7fd7f7b49000 rw-p 0005f000 00:37 5814402                    /l/local/lang/matlab-R2012a/bin/glnxa64/libmwm_ir.so
7fd7f7b49000-7fd7f7b4e000 r-xp 00000000 00:37 5814423                    /l/local/lang/matlab-R2012a/bin/glnxa64/libmwuinone.so
7fd7f7b4e000-7fd7f7d4e000 ---p 00005000 00:37 5814423                    /l/local/lang/matlab-R2012a/bin/glnxa64/libmwuinone.so
7fd7f7d4e000-7fd7f7d4f000 rw-p 00005000 00:37 5814423                    /l/local/lang/matlab-R2012a/bin/glnxa64/libmwuinone.so
7fd7f7d4f000-7fd7f7d50000 rw-p 00000000 00:00 0 
7fd7f7d50000-7fd7f7df9000 r-xp 00000000 00:37 5814428                    /l/local/lang/matlab-R2012a/bin/glnxa64/libmwudd_mi.so
7fd7f7df9000-7fd7f7ff9000 ---p 000a9000 00:37 5814428                    /l/local/lang/matlab-R2012a/bin/glnxa64/libmwudd_mi.so
7fd7f7ff9000-7fd7f8005000 rw-p 000a9000 00:37 5814428                    /l/local/lang/matlab-R2012a/bin/glnxa64/libmwudd_mi.so
7fd7f8005000-7fd7f8006000 rw-p 00000000 00:00 0 
7fd7f8006000-7fd7f804b000 r-xp 00000000 00:37 5814398                    /l/local/lang/matlab-R2012a/bin/glnxa64/libuij.so
7fd7f804b000-7fd7f824b000 ---p 00045000 00:37 5814398                    /l/local/lang/matlab-R2012a/bin/glnxa64/libuij.so
7fd7f824b000-7fd7f824e000 rw-p 00045000 00:37 5814398                    /l/local/lang/matlab-R2012a/bin/glnxa64/libuij.so
7fd7f824e000-7fd7f8367000 r-xp 00000000 00:37 5814407                    /l/local/lang/matlab-R2012a/bin/glnxa64/libmwhgutils.so
7fd7f8367000-7fd7f8566000 ---p 00119000 00:37 5814407                    /l/local/lang/matlab-R2012a/bin/glnxa64/libmwhgutils.so
7fd7f8566000-7fd7f857c000 rw-p 00118000 00:37 5814407                    /l/local/lang/matlab-R2012a/bin/glnxa64/libmwhgutils.so
7fd7f857c000-7fd7f857d000 rw-p 00000000 00:00 0 
7fd7f857d000-7fd7f92dc000 r-xp 00000000 00:37 5814366                    /l/local/lang/matlab-R2012a/bin/glnxa64/libmwhg.so
7fd7f92dc000-7fd7f94db000 ---p 00d5f000 00:37 5814366                    /l/local/lang/matlab-R2012a/bin/glnxa64/libmwhg.so
7fd7f94db000-7fd7f95f1000 rw-p 00d5e000 00:37 5814366                    /l/local/lang/matlab-R2012a/bin/glnxa64/libmwhg.so
7fd7f95f1000-7fd7f95fe000 rw-p 00000000 00:00 0 
7fd7f95fe000-7fd7f9710000 r-xp 00000000 00:37 5814386                    /l/local/lang/matlab-R2012a/bin/glnxa64/libmwgui.so
7fd7f9710000-7fd7f990f000 ---p 00112000 00:37 5814386                    /l/local/lang/matlab-R2012a/bin/glnxa64/libmwgui.so
7fd7f990f000-7fd7f994b000 rw-p 00111000 00:37 5814386                    /l/local/lang/matlab-R2012a/bin/glnxa64/libmwgui.so
7fd7f994b000-7fd7f994c000 rw-p 00000000 00:00 0 
7fd7f994c000-7fd7f9bbb000 r-xp 00000000 00:37 5814408                    /l/local/lang/matlab-R2012a/bin/glnxa64/libmwmcos.so
7fd7f9bbb000-7fd7f9dbb000 ---p 0026f000 00:37 5814408                    /l/local/lang/matlab-R2012a/bin/glnxa64/libmwmcos.so
7fd7f9dbb000-7fd7f9de5000 rw-p 0026f000 00:37 5814408                    /l/local/lang/matlab-R2012a/bin/glnxa64/libmwmcos.so
7fd7f9de5000-7fd7f9de6000 rw-p 00000000 00:00 0 
7fd7f9de6000-7fd7f9ded000 r-xp 00000000 00:37 5814393                    /l/local/lang/matlab-R2012a/bin/glnxa64/libmwmtok.so
7fd7f9ded000-7fd7f9fed000 ---p 00007000 00:37 5814393                    /l/local/lang/matlab-R2012a/bin/glnxa64/libmwmtok.so
7fd7f9fed000-7fd7f9fee000 rw-p 00007000 00:37 5814393                    /l/local/lang/matlab-R2012a/bin/glnxa64/libmwmtok.so
7fd7f9fee000-7fd7fa073000 r-xp 00000000 00:37 5814371                    /l/local/lang/matlab-R2012a/bin/glnxa64/libmwmlint.so
7fd7fa073000-7fd7fa272000 ---p 00085000 00:37 5814371                    /l/local/lang/matlab-R2012a/bin/glnxa64/libmwmlint.so
7fd7fa272000-7fd7fa27a000 rw-p 00084000 00:37 5814371                    /l/local/lang/matlab-R2012a/bin/glnxa64/libmwmlint.so
7fd7fa27a000-7fd7fa27c000 rw-p 00000000 00:00 0 
7fd7fa27c000-7fd7fa360000 r-xp 00000000 00:37 5814383                    /l/local/lang/matlab-R2012a/bin/glnxa64/libmwudd.so
7fd7fa360000-7fd7fa560000 ---p 000e4000 00:37 5814383                    /l/local/lang/matlab-R2012a/bin/glnxa64/libmwudd.so
7fd7fa560000-7fd7fa577000 rw-p 000e4000 00:37 5814383                    /l/local/lang/matlab-R2012a/bin/glnxa64/libmwudd.so
7fd7fa577000-7fd7fa57a000 rw-p 00000000 00:00 0 
7fd7fa57a000-7fd7fa7e6000 r-xp 00000000 00:37 5814387                    /l/local/lang/matlab-R2012a/bin/glnxa64/libmwm_parser.so
7fd7fa7e6000-7fd7fa9e6000 ---p 0026c000 00:37 5814387                    /l/local/lang/matlab-R2012a/bin/glnxa64/libmwm_parser.so
7fd7fa9e6000-7fd7fae88000 rw-p 0026c000 00:37 5814387                    /l/local/lang/matlab-R2012a/bin/glnxa64/libmwm_parser.so
7fd7fae88000-7fd7faea8000 r-xp 00000000 00:37 5814415                    /l/local/lang/matlab-R2012a/bin/glnxa64/libmex.so
7fd7faea8000-7fd7fb0a8000 ---p 00020000 00:37 5814415                    /l/local/lang/matlab-R2012a/bin/glnxa64/libmex.so
7fd7fb0a8000-7fd7fb0aa000 rw-p 00020000 00:37 5814415                    /l/local/lang/matlab-R2012a/bin/glnxa64/libmex.so
7fd7fb0aa000-7fd7fb0ab000 rw-p 00000000 00:00 0 
7fd7fb0ab000-7fd7fb0ac000 r-xp 00000000 00:37 5814333                    /l/local/lang/matlab-R2012a/bin/glnxa64/libmwnativejava_services.so
7fd7fb0ac000-7fd7fb2ac000 ---p 00001000 00:37 5814333                    /l/local/lang/matlab-R2012a/bin/glnxa64/libmwnativejava_services.so
7fd7fb2ac000-7fd7fb2ad000 rw-p 00001000 00:37 5814333                    /l/local/lang/matlab-R2012a/bin/glnxa64/libmwnativejava_services.so
7fd7fb2ad000-7fd7fb5fa000 r-xp 00000000 00:37 5814369                    /l/local/lang/matlab-R2012a/bin/glnxa64/libmwiqm.so
7fd7fb5fa000-7fd7fb7f9000 ---p 0034d000 00:37 5814369                    /l/local/lang/matlab-R2012a/bin/glnxa64/libmwiqm.so
7fd7fb7f9000-7fd7fb81f000 rw-p 0034c000 00:37 5814369                    /l/local/lang/matlab-R2012a/bin/glnxa64/libmwiqm.so
7fd7fb81f000-7fd7fb826000 rw-p 00000000 00:00 0 
7fd7fb826000-7fd7fb895000 r-xp 00000000 00:37 5814294                    /l/local/lang/matlab-R2012a/bin/glnxa64/libboost_serialization.so.1.44.0
7fd7fb895000-7fd7fba95000 ---p 0006f000 00:37 5814294                    /l/local/lang/matlab-R2012a/bin/glnxa64/libboost_serialization.so.1.44.0
7fd7fba95000-7fd7fba99000 rw-p 0006f000 00:37 5814294                    /l/local/lang/matlab-R2012a/bin/glnxa64/libboost_serialization.so.1.44.0
7fd7fba99000-7fd7fbaac000 r-xp 00000000 00:37 5814341                    /l/local/lang/matlab-R2012a/bin/glnxa64/libmwMATLAB_settings_res.so
7fd7fbaac000-7fd7fbcab000 ---p 00013000 00:37 5814341                    /l/local/lang/matlab-R2012a/bin/glnxa64/libmwMATLAB_settings_res.so
7fd7fbcab000-7fd7fbcac000 rw-p 00012000 00:37 5814341                    /l/local/lang/matlab-R2012a/bin/glnxa64/libmwMATLAB_settings_res.so
7fd7fbcac000-7fd7fbcad000 rw-p 00000000 00:00 0 
7fd7fbcad000-7fd7fbcbe000 r-xp 00000000 00:37 5814340                    /l/local/lang/matlab-R2012a/bin/glnxa64/libmwmfl_scalar.so
7fd7fbcbe000-7fd7fbebd000 ---p 00011000 00:37 5814340                    /l/local/lang/matlab-R2012a/bin/glnxa64/libmwmfl_scalar.so
7fd7fbebd000-7fd7fbebe000 rw-p 00010000 00:37 5814340                    /l/local/lang/matlab-R2012a/bin/glnxa64/libmwmfl_scalar.so
7fd7fbebe000-7fd7fc344000 r-xp 00000000 00:37 5814376                    /l/local/lang/matlab-R2012a/bin/glnxa64/libmwmlutil.so
7fd7fc344000-7fd7fc543000 ---p 00486000 00:37 5814376                    /l/local/lang/matlab-R2012a/bin/glnxa64/libmwmlutil.so
7fd7fc543000-7fd7fc570000 rw-p 00485000 00:37 5814376                    /l/local/lang/matlab-R2012a/bin/glnxa64/libmwmlutil.so
7fd7fc570000-7fd7fc57e000 rw-p 00000000 00:00 0 
7fd7fc57e000-7fd7fc591000 r-xp 00000000 00:37 5814296                    /l/local/lang/matlab-R2012a/bin/glnxa64/libboost_signals.so.1.44.0
7fd7fc591000-7fd7fc790000 ---p 00013000 00:37 5814296                    /l/local/lang/matlab-R2012a/bin/glnxa64/libboost_signals.so.1.44.0
7fd7fc790000-7fd7fc791000 rw-p 00012000 00:37 5814296                    /l/local/lang/matlab-R2012a/bin/glnxa64/libboost_signals.so.1.44.0
7fd7fc791000-7fd7fc897000 r-xp 00000000 00:37 5814295                    /l/local/lang/matlab-R2012a/bin/glnxa64/libboost_regex.so.1.44.0
7fd7fc897000-7fd7fca97000 ---p 00106000 00:37 5814295                    /l/local/lang/matlab-R2012a/bin/glnxa64/libboost_regex.so.1.44.0
7fd7fca97000-7fd7fca9e000 rw-p 00106000 00:37 5814295                    /l/local/lang/matlab-R2012a/bin/glnxa64/libboost_regex.so.1.44.0
7fd7fca9e000-7fd7fcabf000 r-xp 00000000 00:37 5814297                    /l/local/lang/matlab-R2012a/bin/glnxa64/libboost_filesystem.so.1.44.0
7fd7fcabf000-7fd7fccbe000 ---p 00021000 00:37 5814297                    /l/local/lang/matlab-R2012a/bin/glnxa64/libboost_filesystem.so.1.44.0
7fd7fccbe000-7fd7fccc0000 rw-p 00020000 00:37 5814297                    /l/local/lang/matlab-R2012a/bin/glnxa64/libboost_filesystem.so.1.44.0
7fd7fccc0000-7fd7fccc1000 rw-p 00000000 00:00 0 
7fd7fccc1000-7fd7fcfb1000 r-xp 00000000 00:37 5814324                    /l/local/lang/matlab-R2012a/bin/glnxa64/libmwMATLAB_res.so
7fd7fcfb1000-7fd7fd1b0000 ---p 002f0000 00:37 5814324                    /l/local/lang/matlab-R2012a/bin/glnxa64/libmwMATLAB_res.so
7fd7fd1b0000-7fd7fd1b2000 rw-p 002ef000 00:37 5814324                    /l/local/lang/matlab-R2012a/bin/glnxa64/libmwMATLAB_res.so
7fd7fd1b2000-7fd7fd1bd000 rw-p 00000000 00:00 0 
7fd7fd1bd000-7fd7fd1bf000 r-xp 00000000 00:37 5814323                    /l/local/lang/matlab-R2012a/bin/glnxa64/libmwresource_core.so
7fd7fd1bf000-7fd7fd3be000 ---p 00002000 00:37 5814323                    /l/local/lang/matlab-R2012a/bin/glnxa64/libmwresource_core.so
7fd7fd3be000-7fd7fd3bf000 rw-p 00001000 00:37 5814323                    /l/local/lang/matlab-R2012a/bin/glnxa64/libmwresource_core.so
7fd7fd3bf000-7fd7fd3c0000 rw-p 00000000 00:00 0 
7fd7fd3c0000-7fd7fd3da000 r-xp 00000000 00:37 5814322                    /l/local/lang/matlab-R2012a/bin/glnxa64/libtbbmalloc.so.2
7fd7fd3da000-7fd7fd4d9000 ---p 0001a000 00:37 5814322                    /l/local/lang/matlab-R2012a/bin/glnxa64/libtbbmalloc.so.2
7fd7fd4d9000-7fd7fd4dc000 rw-p 00019000 00:37 5814322                    /l/local/lang/matlab-R2012a/bin/glnxa64/libtbbmalloc.so.2
7fd7fd4dc000-7fd7fd4e9000 rw-p 00000000 00:00 0 
7fd7fd4e9000-7fd7fd523000 r-xp 00000000 00:37 5814321                    /l/local/lang/matlab-R2012a/bin/glnxa64/libtbb.so.2
7fd7fd523000-7fd7fd623000 ---p 0003a000 00:37 5814321                    /l/local/lang/matlab-R2012a/bin/glnxa64/libtbb.so.2
7fd7fd623000-7fd7fd627000 rw-p 0003a000 00:37 5814321                    /l/local/lang/matlab-R2012a/bin/glnxa64/libtbb.so.2
7fd7fd627000-7fd7fd628000 rw-p 00000000 00:00 0 
7fd7fd628000-7fd7fd633000 r-xp 00000000 00:37 5814292                    /l/local/lang/matlab-R2012a/bin/glnxa64/libicuio.so.44.2
7fd7fd633000-7fd7fd833000 ---p 0000b000 00:37 5814292                    /l/local/lang/matlab-R2012a/bin/glnxa64/libicuio.so.44.2
7fd7fd833000-7fd7fd835000 rw-p 0000b000 00:37 5814292                    /l/local/lang/matlab-R2012a/bin/glnxa64/libicuio.so.44.2
7fd7fd835000-7fd7fd836000 rw-p 00000000 00:00 0 
7fd7fd836000-7fd7fda28000 r-xp 00000000 00:37 5814288                    /l/local/lang/matlab-R2012a/bin/glnxa64/libicui18n.so.44.2
7fd7fda28000-7fd7fdc27000 ---p 001f2000 00:37 5814288                    /l/local/lang/matlab-R2012a/bin/glnxa64/libicui18n.so.44.2
7fd7fdc27000-7fd7fdc33000 rw-p 001f1000 00:37 5814288                    /l/local/lang/matlab-R2012a/bin/glnxa64/libicui18n.so.44.2
7fd7fdc33000-7fd7fdd84000 r-xp 00000000 00:37 5814286                    /l/local/lang/matlab-R2012a/bin/glnxa64/libicuuc.so.44.2
7fd7fdd84000-7fd7fdf84000 ---p 00151000 00:37 5814286                    /l/local/lang/matlab-R2012a/bin/glnxa64/libicuuc.so.44.2
7fd7fdf84000-7fd7fdf94000 rw-p 00151000 00:37 5814286                    /l/local/lang/matlab-R2012a/bin/glnxa64/libicuuc.so.44.2
7fd7fdf94000-7fd7fdf97000 rw-p 00000000 00:00 0 
7fd7fdf97000-7fd7fedd7000 r--p 00000000 00:37 5814287                    /l/local/lang/matlab-R2012a/bin/glnxa64/libicudata.so.44.2
7fd7fedd7000-7fd7fefd6000 ---p 00e40000 00:37 5814287                    /l/local/lang/matlab-R2012a/bin/glnxa64/libicudata.so.44.2
7fd7fefd6000-7fd7fefd7000 rw-p 00e3f000 00:37 5814287                    /l/local/lang/matlab-R2012a/bin/glnxa64/libicudata.so.44.2
7fd7fefd7000-7fd7fefd8000 rw-p 00000000 00:00 0 
7fd7fefd8000-7fd7feffe000 r-xp 00000000 00:37 5814315                    /l/local/lang/matlab-R2012a/bin/glnxa64/libexpat.so.1.5.0
7fd7feffe000-7fd7ff1fd000 ---p 00026000 00:37 5814315                    /l/local/lang/matlab-R2012a/bin/glnxa64/libexpat.so.1.5.0
7fd7ff1fd000-7fd7ff200000 rw-p 00025000 00:37 5814315                    /l/local/lang/matlab-R2012a/bin/glnxa64/libexpat.so.1.5.0
7fd7ff200000-7fd7ff216000 r-xp 00000000 00:37 5814299                    /l/local/lang/matlab-R2012a/bin/glnxa64/libboost_thread.so.1.44.0
7fd7ff216000-7fd7ff415000 ---p 00016000 00:37 5814299                    /l/local/lang/matlab-R2012a/bin/glnxa64/libboost_thread.so.1.44.0
7fd7ff415000-7fd7ff417000 rw-p 00015000 00:37 5814299                    /l/local/lang/matlab-R2012a/bin/glnxa64/libboost_thread.so.1.44.0
7fd7ff417000-7fd7ff419000 r-xp 00000000 00:37 5814303                    /l/local/lang/matlab-R2012a/bin/glnxa64/libboost_system.so.1.44.0
7fd7ff419000-7fd7ff619000 ---p 00002000 00:37 5814303                    /l/local/lang/matlab-R2012a/bin/glnxa64/libboost_system.so.1.44.0
7fd7ff619000-7fd7ff61a000 rw-p 00002000 00:37 5814303                    /l/local/lang/matlab-R2012a/bin/glnxa64/libboost_system.so.1.44.0
7fd7ff61a000-7fd7ff61b000 rw-p 00000000 00:00 0 
7fd7ff61b000-7fd7ff62c000 r-xp 00000000 00:37 5814306                    /l/local/lang/matlab-R2012a/bin/glnxa64/libboost_date_time.so.1.44.0
7fd7ff62c000-7fd7ff82b000 ---p 00011000 00:37 5814306                    /l/local/lang/matlab-R2012a/bin/glnxa64/libboost_date_time.so.1.44.0
7fd7ff82b000-7fd7ff82d000 rw-p 00010000 00:37 5814306                    /l/local/lang/matlab-R2012a/bin/glnxa64/libboost_date_time.so.1.44.0
7fd7ff82d000-7fd7ff82e000 rw-p 00000000 00:00 0 
7fd7ff82e000-7fd7ff844000 r-xp 00000000 00:37 5815003                    /l/local/lang/matlab-R2012a/bin/glnxa64/libgcc_s.so.1
7fd7ff844000-7fd7ffa43000 ---p 00016000 00:37 5815003                    /l/local/lang/matlab-R2012a/bin/glnxa64/libgcc_s.so.1
7fd7ffa43000-7fd7ffa44000 rw-p 00015000 00:37 5815003                    /l/local/lang/matlab-R2012a/bin/glnxa64/libgcc_s.so.1
7fd7ffa44000-7fd7ffa45000 rw-p 00000000 00:00 0 
7fd7ffa4a000-7fd7ffa4b000 rw-p 00000000 00:00 0 
7fd7ffa4b000-7fd7ffa4c000 r--p 00000000 00:00 0 
7fd7ffa4c000-7fd7ffa6c000 rw-p 00000000 00:00 0 
7fd7ffa6c000-7fd7ffa73000 r--s 00000000 08:01 997420                     /usr/lib64/gconv/gconv-modules.cache
7fd7ffa73000-7fd7ffb64000 r-xp 00000000 00:37 5815004                    /l/local/lang/matlab-R2012a/bin/glnxa64/libstdc++.so.6.0.13
7fd7ffb64000-7fd7ffd64000 ---p 000f1000 00:37 5815004                    /l/local/lang/matlab-R2012a/bin/glnxa64/libstdc++.so.6.0.13
7fd7ffd64000-7fd7ffd6b000 r--p 000f1000 00:37 5815004                    /l/local/lang/matlab-R2012a/bin/glnxa64/libstdc++.so.6.0.13
7fd7ffd6b000-7fd7ffd6d000 rw-p 000f8000 00:37 5815004                    /l/local/lang/matlab-R2012a/bin/glnxa64/libstdc++.so.6.0.13
7fd7ffd6d000-7fd7ffd82000 rw-p 00000000 00:00 0 
7fd7ffd82000-7fd7ffe11000 r-xp 00000000 00:37 5814330                    /l/local/lang/matlab-R2012a/bin/glnxa64/libmwi18n.so
7fd7ffe11000-7fd800010000 ---p 0008f000 00:37 5814330                    /l/local/lang/matlab-R2012a/bin/glnxa64/libmwi18n.so
7fd800010000-7fd800016000 rw-p 0008e000 00:37 5814330                    /l/local/lang/matlab-R2012a/bin/glnxa64/libmwi18n.so
7fd800016000-7fd800017000 rw-p 00000000 00:00 0 
7fd800017000-7fd80054b000 r-xp 00000000 00:37 5814419                    /l/local/lang/matlab-R2012a/bin/glnxa64/libmwm_interpreter.so
7fd80054b000-7fd80074a000 ---p 00534000 00:37 5814419                    /l/local/lang/matlab-R2012a/bin/glnxa64/libmwm_interpreter.so
7fd80074a000-7fd800827000 rw-p 00533000 00:37 5814419                    /l/local/lang/matlab-R2012a/bin/glnxa64/libmwm_interpreter.so
7fd800827000-7fd8008c1000 rw-p 00000000 00:00 0 
7fd8008c1000-7fd800956000 r-xp 00000000 00:37 5814416                    /l/local/lang/matlab-R2012a/bin/glnxa64/libmwm_dispatcher.so
7fd800956000-7fd800b55000 ---p 00095000 00:37 5814416                    /l/local/lang/matlab-R2012a/bin/glnxa64/libmwm_dispatcher.so
7fd800b55000-7fd800b5c000 rw-p 00094000 00:37 5814416                    /l/local/lang/matlab-R2012a/bin/glnxa64/libmwm_dispatcher.so
7fd800b5c000-7fd800cc6000 r-xp 00000000 00:37 5814378                    /l/local/lang/matlab-R2012a/bin/glnxa64/libmwmcr.so
7fd800cc6000-7fd800ec6000 ---p 0016a000 00:37 5814378                    /l/local/lang/matlab-R2012a/bin/glnxa64/libmwmcr.so
7fd800ec6000-7fd800ed8000 rw-p 0016a000 00:37 5814378                    /l/local/lang/matlab-R2012a/bin/glnxa64/libmwmcr.so
7fd800ed8000-7fd800edc000 rw-p 00000000 00:00 0 
7fd800edc000-7fd800f0e000 r-xp 00000000 00:37 5814385                    /l/local/lang/matlab-R2012a/bin/glnxa64/libmwbridge.so
7fd800f0e000-7fd80110e000 ---p 00032000 00:37 5814385                    /l/local/lang/matlab-R2012a/bin/glnxa64/libmwbridge.so
7fd80110e000-7fd801111000 rw-p 00032000 00:37 5814385                    /l/local/lang/matlab-R2012a/bin/glnxa64/libmwbridge.so
7fd801111000-7fd801117000 rw-p 00000000 00:00 0 
7fd801117000-7fd8011b7000 r-xp 00000000 00:37 5814370                    /l/local/lang/matlab-R2012a/bin/glnxa64/libmwjmi.so
7fd8011b7000-7fd8013b6000 ---p 000a0000 00:37 5814370                    /l/local/lang/matlab-R2012a/bin/glnxa64/libmwjmi.so
7fd8013b6000-7fd8013be000 rw-p 0009f000 00:37 5814370                    /l/local/lang/matlab-R2012a/bin/glnxa64/libmwjmi.so
7fd8013be000-7fd8013bf000 rw-p 00000000 00:00 0 
7fd8013bf000-7fd80162d000 r-xp 00000000 00:37 5814410                    /l/local/lang/matlab-R2012a/bin/glnxa64/libmwservices.so
7fd80162d000-7fd80182c000 ---p 0026e000 00:37 5814410                    /l/local/lang/matlab-R2012a/bin/glnxa64/libmwservices.so
7fd80182c000-7fd801843000 rw-p 0026d000 00:37 5814410                    /l/local/lang/matlab-R2012a/bin/glnxa64/libmwservices.so
7fd801843000-7fd801852000 rw-p 00000000 00:00 0 
7fd801852000-7fd80188f000 r-xp 00000000 00:37 5814374                    /l/local/lang/matlab-R2012a/bin/glnxa64/libmwmpath.so
7fd80188f000-7fd801a8f000 ---p 0003d000 00:37 5814374                    /l/local/lang/matlab-R2012a/bin/glnxa64/libmwmpath.so
7fd801a8f000-7fd801a92000 rw-p 0003d000 00:37 5814374                    /l/local/lang/matlab-R2012a/bin/glnxa64/libmwmpath.so
7fd801a92000-7fd801a95000 rw-p 00000000 00:00 0 
7fd801a95000-7fd801b4b000 r-xp 00000000 00:37 5814326                    /l/local/lang/matlab-R2012a/bin/glnxa64/libmx.so
7fd801b4b000-7fd801d4a000 ---p 000b6000 00:37 5814326                    /l/local/lang/matlab-R2012a/bin/glnxa64/libmx.so
7fd801d4a000-7fd801d4f000 rw-p 000b5000 00:37 5814326                    /l/local/lang/matlab-R2012a/bin/glnxa64/libmx.so
7fd801d4f000-7fd801e2d000 r-xp 00000000 00:37 5814331                    /l/local/lang/matlab-R2012a/bin/glnxa64/libmwfl.so
7fd801e2d000-7fd80202c000 ---p 000de000 00:37 5814331                    /l/local/lang/matlab-R2012a/bin/glnxa64/libmwfl.so
7fd80202c000-7fd802036000 rw-p 000dd000 00:37 5814331                    /l/local/lang/matlab-R2012a/bin/glnxa64/libmwfl.so
7fd802036000-7fd802047000 rw-p 00000000 00:00 0 
7fd802047000-7fd80211d000 r-xp 00000000 00:37 5814325                    /l/local/lang/matlab-R2012a/bin/glnxa64/libut.so
7fd80211d000-7fd80231d000 ---p 000d6000 00:37 5814325                    /l/local/lang/matlab-R2012a/bin/glnxa64/libut.so
7fd80231d000-7fd802329000 rw-p 000d6000 00:37 5814325                    /l/local/lang/matlab-R2012a/bin/glnxa64/libut.so
7fd802329000-7fd80233c000 rw-p 00000000 00:00 0 
7fffdaa2f000-7fffdaa43000 rwxp 00000000 00:00 0                          [stack]
7fffdaa43000-7fffdaa45000 rw-p 00000000 00:00 0 
7fffdaa4b000-7fffdaa4c000 r-xp 00000000 00:00 0                          [vdso]
ffffffffff600000-ffffffffff601000 r-xp 00000000 00:00 0                  [vsyscall]

VM Arguments:
jvm_args: -Xms64m -XX:NewRatio=3 -XX:MaxPermSize=128m -Xmx196m -XX:MaxDirectMemorySize=2147400000 -XX:+AllowUserSignalHandlers -Xrs -Dsun.awt.disableMixing=true -Djava.library.path=/l/local/lang/matlab-R2012a/bin/glnxa64 vfprintf abort -Djava.awt.headless=true -Duser.language=en -Duser.country=US -Dfile.encoding=UTF-8 
java_command: <unknown>
Launcher Type: generic

Environment Variables:
PATH=/n/shokuji/dc/edg/bin:/usr/local/bin:/usr/bin:/bin:/u/metanet/clustering/treetagger/cmd:/u/metanet/clustering/treetagger/bin
LD_LIBRARY_PATH=/l/local/lang/matlab-R2012a/sys/os/glnxa64:/l/local/lang/matlab-R2012a/bin/glnxa64:/l/local/lang/matlab-R2012a/extern/lib/glnxa64:/l/local/lang/matlab-R2012a/runtime/glnxa64:/l/local/lang/matlab-R2012a/sys/java/jre/glnxa64/jre/lib/amd64/native_threads:/l/local/lang/matlab-R2012a/sys/java/jre/glnxa64/jre/lib/amd64/server:/l/local/lang/matlab-R2012a/sys/java/jre/glnxa64/jre/lib/amd64
SHELL=/bin/tcsh
DISPLAY=
HOSTTYPE=x86_64-linux
OSTYPE=linux
ARCH=glnxa64
MACHTYPE=x86_64

Signal Handlers:
SIGSEGV: [libjvm.so+0x6bddc0], sa_mask[0]=0x7ffbfeff, sa_flags=0x10000004
SIGBUS: [libjvm.so+0x6bddc0], sa_mask[0]=0x7ffbfeff, sa_flags=0x10000004
SIGFPE: [libjvm.so+0x594f90], sa_mask[0]=0x7ffbfeff, sa_flags=0x10000004
SIGPIPE: [libjvm.so+0x594f90], sa_mask[0]=0x7ffbfeff, sa_flags=0x10000004
SIGXFSZ: [libjvm.so+0x594f90], sa_mask[0]=0x7ffbfeff, sa_flags=0x10000004
SIGILL: [libjvm.so+0x594f90], sa_mask[0]=0x7ffbfeff, sa_flags=0x10000004
SIGUSR1: SIG_DFL, sa_mask[0]=0x00000000, sa_flags=0x00000000
SIGUSR2: [libjvm.so+0x597750], sa_mask[0]=0x08080002, sa_flags=0x10000004
SIGHUP: SIG_DFL, sa_mask[0]=0x00000000, sa_flags=0x00000000
SIGINT: SIG_DFL, sa_mask[0]=0x00000000, sa_flags=0x00000000
SIGTERM: SIG_DFL, sa_mask[0]=0x00000000, sa_flags=0x00000000
SIGQUIT: [libmwmcr.so+0x131430], sa_mask[0]=0x08080002, sa_flags=0x00000004


---------------  S Y S T E M  ---------------

OS:Red Hat Enterprise Linux Workstation release 6.6 (Santiago)

uname:Linux 2.6.32-504.el6.x86_64 #1 SMP Tue Sep 16 01:56:35 EDT 2014 x86_64
libc:glibc 2.12 NPTL 2.12 
rlimit: STACK 10240k, CORE 0k, NPROC 1024, NOFILE 4096, AS infinity
load average:2.85 0.60 0.19

CPU:total 48 (16 cores per cpu, 2 threads per core) family 6 model 62 stepping 4, cmov, cx8, fxsr, mmx, sse, sse2, sse3, ssse3, sse4.1, sse4.2, ht

Memory: 4k page, physical 198306240k(188423280k free), swap 16777212k(16777212k free)

vm_info: Java HotSpot(TM) 64-Bit Server VM (14.3-b01) for linux-amd64 JRE (1.6.0_17-b04), built on Oct 11 2009 01:08:48 by "java_re" with gcc 3.2.2 (SuSE Linux)

time: Sat Feb  7 12:25:03 2015
elapsed time: 0 seconds

