#
# A fatal error has been detected by the Java Runtime Environment:
#
# java.lang.OutOfMemoryError: Cannot create GC thread. Out of system resources.
#
#  Internal Error (gcTaskThread.cpp:38), pid=43210, tid=139932262496000
#  Error: Cannot create GC thread. Out of system resources.
#
# JRE version: 6.0_17-b04
# Java VM: Java HotSpot(TM) 64-Bit Server VM (14.3-b01 mixed mode linux-amd64 )
# If you would like to submit a bug report, please visit:
#   http://java.sun.com/webapps/bugreport/crash.jsp
#

---------------  T H R E A D  ---------------

Current thread (0x00007f44784a3000):  JavaThread "Unknown thread" [_thread_in_vm, id=44009, stack(0x00007f44842c7000,0x00007f4484cc8000)]

Stack: [0x00007f44842c7000,0x00007f4484cc8000],  sp=0x00007f4484cc5cd0,  free space=10235k
Native frames: (J=compiled Java code, j=interpreted, Vv=VM code, C=native code)
V  [libjvm.so+0x6bd1ef]
V  [libjvm.so+0x2be6c8]
V  [libjvm.so+0x33a2fd]
V  [libjvm.so+0x338e3e]
V  [libjvm.so+0x338bd3]
V  [libjvm.so+0x5a87c7]
V  [libjvm.so+0x697695]
V  [libjvm.so+0x69732a]
V  [libjvm.so+0x377cd0]
V  [libjvm.so+0x67f5af]
V  [libjvm.so+0x3def30]
C  [libmwjmi.so+0x6e029]  _Z9InitSunVMN5boost8optionalIKSt6vectorISsSaISsEEEE+0x1129
C  [libmwjmi.so+0x6eb5f]
C  [libmwjmi.so+0x6eca9]
C  [libmwjmi.so+0x5ceb1]  _Z7mljInitv+0x21
C  [libmwmcr.so+0x106205]
C  [libmwmcr.so+0xf8bf4]
C  [libmwmcr.so+0xf8d97]


---------------  P R O C E S S  ---------------

Java Threads: ( => current thread )

Other Threads:

=>0x00007f44784a3000 (exited) JavaThread "Unknown thread" [_thread_in_vm, id=44009, stack(0x00007f44842c7000,0x00007f4484cc8000)]

VM state:not at safepoint (not fully initialized)

VM Mutex/Monitor currently owned by a thread: None

Dynamic libraries:
00400000-00406000 r-xp 00000000 00:37 5814541                            /l/local/lang/matlab-R2012a/bin/glnxa64/MATLAB
00606000-00607000 rw-p 00006000 00:37 5814541                            /l/local/lang/matlab-R2012a/bin/glnxa64/MATLAB
01ab8000-01c26000 rw-p 00000000 00:00 0                                  [heap]
393bc00000-393bc20000 r-xp 00000000 08:01 786466                         /lib64/ld-2.12.so
393be1f000-393be20000 r--p 0001f000 08:01 786466                         /lib64/ld-2.12.so
393be20000-393be21000 rw-p 00020000 08:01 786466                         /lib64/ld-2.12.so
393be21000-393be22000 rw-p 00000000 00:00 0 
393c000000-393c18a000 r-xp 00000000 08:01 809581                         /lib64/libc-2.12.so
393c18a000-393c38a000 ---p 0018a000 08:01 809581                         /lib64/libc-2.12.so
393c38a000-393c38e000 r--p 0018a000 08:01 809581                         /lib64/libc-2.12.so
393c38e000-393c38f000 rw-p 0018e000 08:01 809581                         /lib64/libc-2.12.so
393c38f000-393c394000 rw-p 00000000 00:00 0 
393c400000-393c417000 r-xp 00000000 08:01 809586                         /lib64/libpthread-2.12.so
393c417000-393c617000 ---p 00017000 08:01 809586                         /lib64/libpthread-2.12.so
393c617000-393c618000 r--p 00017000 08:01 809586                         /lib64/libpthread-2.12.so
393c618000-393c619000 rw-p 00018000 08:01 809586                         /lib64/libpthread-2.12.so
393c619000-393c61d000 rw-p 00000000 00:00 0 
393c800000-393c883000 r-xp 00000000 08:01 809582                         /lib64/libm-2.12.so
393c883000-393ca82000 ---p 00083000 08:01 809582                         /lib64/libm-2.12.so
393ca82000-393ca83000 r--p 00082000 08:01 809582                         /lib64/libm-2.12.so
393ca83000-393ca84000 rw-p 00083000 08:01 809582                         /lib64/libm-2.12.so
393cc00000-393cc02000 r-xp 00000000 08:01 809588                         /lib64/libdl-2.12.so
393cc02000-393ce02000 ---p 00002000 08:01 809588                         /lib64/libdl-2.12.so
393ce02000-393ce03000 r--p 00002000 08:01 809588                         /lib64/libdl-2.12.so
393ce03000-393ce04000 rw-p 00003000 08:01 809588                         /lib64/libdl-2.12.so
393d000000-393d015000 r-xp 00000000 08:01 809583                         /lib64/libz.so.1.2.3
393d015000-393d214000 ---p 00015000 08:01 809583                         /lib64/libz.so.1.2.3
393d214000-393d215000 r--p 00014000 08:01 809583                         /lib64/libz.so.1.2.3
393d215000-393d216000 rw-p 00015000 08:01 809583                         /lib64/libz.so.1.2.3
393d400000-393d407000 r-xp 00000000 08:01 809600                         /lib64/librt-2.12.so
393d407000-393d606000 ---p 00007000 08:01 809600                         /lib64/librt-2.12.so
393d606000-393d607000 r--p 00006000 08:01 809600                         /lib64/librt-2.12.so
393d607000-393d608000 rw-p 00007000 08:01 809600                         /lib64/librt-2.12.so
393e400000-393e402000 r-xp 00000000 08:01 918911                         /usr/lib64/libXau.so.6.0.0
393e402000-393e602000 ---p 00002000 08:01 918911                         /usr/lib64/libXau.so.6.0.0
393e602000-393e603000 rw-p 00002000 08:01 918911                         /usr/lib64/libXau.so.6.0.0
393ec00000-393ec1d000 r-xp 00000000 08:01 933788                         /usr/lib64/libxcb.so.1.1.0
393ec1d000-393ee1d000 ---p 0001d000 08:01 933788                         /usr/lib64/libxcb.so.1.1.0
393ee1d000-393ee1e000 rw-p 0001d000 08:01 933788                         /usr/lib64/libxcb.so.1.1.0
393f000000-393f137000 r-xp 00000000 08:01 919430                         /usr/lib64/libX11.so.6.3.0
393f137000-393f337000 ---p 00137000 08:01 919430                         /usr/lib64/libX11.so.6.3.0
393f337000-393f33d000 rw-p 00137000 08:01 919430                         /usr/lib64/libX11.so.6.3.0
393fc00000-393fc11000 r-xp 00000000 08:01 920573                         /usr/lib64/libXext.so.6.4.0
393fc11000-393fe11000 ---p 00011000 08:01 920573                         /usr/lib64/libXext.so.6.4.0
393fe11000-393fe12000 rw-p 00011000 08:01 920573                         /usr/lib64/libXext.so.6.4.0
3943000000-3943004000 r-xp 00000000 08:01 809593                         /lib64/libuuid.so.1.3.0
3943004000-3943203000 ---p 00004000 08:01 809593                         /lib64/libuuid.so.1.3.0
3943203000-3943204000 rw-p 00003000 08:01 809593                         /lib64/libuuid.so.1.3.0
3943800000-3943817000 r-xp 00000000 08:01 920577                         /usr/lib64/libICE.so.6.3.0
3943817000-3943a17000 ---p 00017000 08:01 920577                         /usr/lib64/libICE.so.6.3.0
3943a17000-3943a18000 rw-p 00017000 08:01 920577                         /usr/lib64/libICE.so.6.3.0
3943a18000-3943a1c000 rw-p 00000000 00:00 0 
3943c00000-3943c07000 r-xp 00000000 08:01 920644                         /usr/lib64/libSM.so.6.0.1
3943c07000-3943e07000 ---p 00007000 08:01 920644                         /usr/lib64/libSM.so.6.0.1
3943e07000-3943e08000 rw-p 00007000 08:01 920644                         /usr/lib64/libSM.so.6.0.1
3946000000-3946018000 r-xp 00000000 08:01 919461                         /usr/lib64/libXmu.so.6.2.0
3946018000-3946218000 ---p 00018000 08:01 919461                         /usr/lib64/libXmu.so.6.2.0
3946218000-394621a000 rw-p 00018000 08:01 919461                         /usr/lib64/libXmu.so.6.2.0
394ac00000-394ac1d000 r-xp 00000000 08:01 809594                         /lib64/libtinfo.so.5.7
394ac1d000-394ae1d000 ---p 0001d000 08:01 809594                         /lib64/libtinfo.so.5.7
394ae1d000-394ae21000 rw-p 0001d000 08:01 809594                         /lib64/libtinfo.so.5.7
394c200000-394c207000 r-xp 00000000 08:01 809615                         /lib64/libcrypt-2.12.so
394c207000-394c407000 ---p 00007000 08:01 809615                         /lib64/libcrypt-2.12.so
394c407000-394c408000 r--p 00007000 08:01 809615                         /lib64/libcrypt-2.12.so
394c408000-394c409000 rw-p 00008000 08:01 809615                         /lib64/libcrypt-2.12.so
394c409000-394c437000 rw-p 00000000 00:00 0 
394c600000-394c673000 r-xp 00000000 08:01 809614                         /lib64/libfreebl3.so
394c673000-394c872000 ---p 00073000 08:01 809614                         /lib64/libfreebl3.so
394c872000-394c874000 r--p 00072000 08:01 809614                         /lib64/libfreebl3.so
394c874000-394c875000 rw-p 00074000 08:01 809614                         /lib64/libfreebl3.so
394c875000-394c879000 rw-p 00000000 00:00 0 
394ce00000-394ce16000 r-xp 00000000 08:01 809621                         /lib64/libnsl-2.12.so
394ce16000-394d015000 ---p 00016000 08:01 809621                         /lib64/libnsl-2.12.so
394d015000-394d016000 r--p 00015000 08:01 809621                         /lib64/libnsl-2.12.so
394d016000-394d017000 rw-p 00016000 08:01 809621                         /lib64/libnsl-2.12.so
394d017000-394d019000 rw-p 00000000 00:00 0 
394d200000-394d222000 r-xp 00000000 08:01 809595                         /lib64/libncurses.so.5.7
394d222000-394d421000 ---p 00022000 08:01 809595                         /lib64/libncurses.so.5.7
394d421000-394d422000 rw-p 00021000 08:01 809595                         /lib64/libncurses.so.5.7
3950800000-395085f000 r-xp 00000000 08:01 919305                         /usr/lib64/libXt.so.6.0.0
395085f000-3950a5e000 ---p 0005f000 08:01 919305                         /usr/lib64/libXt.so.6.0.0
3950a5e000-3950a64000 rw-p 0005e000 08:01 919305                         /usr/lib64/libXt.so.6.0.0
3950a64000-3950a65000 rw-p 00000000 00:00 0 
7f43f8000000-7f43f8021000 rw-p 00000000 00:00 0 
7f43f8021000-7f43fc000000 ---p 00000000 00:00 0 
7f4400000000-7f4400021000 rw-p 00000000 00:00 0 
7f4400021000-7f4404000000 ---p 00000000 00:00 0 
7f4404000000-7f4404021000 rw-p 00000000 00:00 0 
7f4404021000-7f4408000000 ---p 00000000 00:00 0 
7f4408000000-7f4408021000 rw-p 00000000 00:00 0 
7f4408021000-7f440c000000 ---p 00000000 00:00 0 
7f440c000000-7f440c021000 rw-p 00000000 00:00 0 
7f440c021000-7f4410000000 ---p 00000000 00:00 0 
7f4410000000-7f4410021000 rw-p 00000000 00:00 0 
7f4410021000-7f4414000000 ---p 00000000 00:00 0 
7f4414000000-7f4414021000 rw-p 00000000 00:00 0 
7f4414021000-7f4418000000 ---p 00000000 00:00 0 
7f4418000000-7f4418021000 rw-p 00000000 00:00 0 
7f4418021000-7f441c000000 ---p 00000000 00:00 0 
7f441c000000-7f441c021000 rw-p 00000000 00:00 0 
7f441c021000-7f4420000000 ---p 00000000 00:00 0 
7f4420000000-7f4420021000 rw-p 00000000 00:00 0 
7f4420021000-7f4424000000 ---p 00000000 00:00 0 
7f4424000000-7f4424021000 rw-p 00000000 00:00 0 
7f4424021000-7f4428000000 ---p 00000000 00:00 0 
7f4428000000-7f4428021000 rw-p 00000000 00:00 0 
7f4428021000-7f442c000000 ---p 00000000 00:00 0 
7f442c000000-7f442c021000 rw-p 00000000 00:00 0 
7f442c021000-7f4430000000 ---p 00000000 00:00 0 
7f4430000000-7f4430021000 rw-p 00000000 00:00 0 
7f4430021000-7f4434000000 ---p 00000000 00:00 0 
7f4434000000-7f4434021000 rw-p 00000000 00:00 0 
7f4434021000-7f4438000000 ---p 00000000 00:00 0 
7f4438000000-7f4438021000 rw-p 00000000 00:00 0 
7f4438021000-7f443c000000 ---p 00000000 00:00 0 
7f443c000000-7f443c021000 rw-p 00000000 00:00 0 
7f443c021000-7f4440000000 ---p 00000000 00:00 0 
7f4440000000-7f4440021000 rw-p 00000000 00:00 0 
7f4440021000-7f4444000000 ---p 00000000 00:00 0 
7f4444000000-7f4444021000 rw-p 00000000 00:00 0 
7f4444021000-7f4448000000 ---p 00000000 00:00 0 
7f4448000000-7f4448021000 rw-p 00000000 00:00 0 
7f4448021000-7f444c000000 ---p 00000000 00:00 0 
7f444c000000-7f444c021000 rw-p 00000000 00:00 0 
7f444c021000-7f4450000000 ---p 00000000 00:00 0 
7f4450000000-7f4450021000 rw-p 00000000 00:00 0 
7f4450021000-7f4454000000 ---p 00000000 00:00 0 
7f4457c00000-7f44590c0000 rwxp 00000000 00:00 0 
7f44590c0000-7f445fc00000 rwxp 00000000 00:00 0 
7f445fc00000-7f4462c00000 rwxp 00000000 00:00 0 
7f4462c00000-7f4468f00000 rwxp 00000000 00:00 0 
7f4468f00000-7f4469f00000 rwxp 00000000 00:00 0 
7f4469f00000-7f446c000000 rwxp 00000000 00:00 0 
7f446c000000-7f446c021000 rw-p 00000000 00:00 0 
7f446c021000-7f4470000000 ---p 00000000 00:00 0 
7f44706f7000-7f44706f8000 ---p 00000000 00:00 0 
7f44706f8000-7f44707f8000 rwxp 00000000 00:00 0 
7f44707f8000-7f44707f9000 ---p 00000000 00:00 0 
7f44707f9000-7f44708f9000 rwxp 00000000 00:00 0 
7f44708f9000-7f44708fa000 ---p 00000000 00:00 0 
7f44708fa000-7f44709fa000 rwxp 00000000 00:00 0 
7f44709fa000-7f44709fb000 ---p 00000000 00:00 0 
7f44709fb000-7f4470afb000 rwxp 00000000 00:00 0 
7f4470afb000-7f4470afc000 ---p 00000000 00:00 0 
7f4470afc000-7f4470bfc000 rwxp 00000000 00:00 0 
7f4470bfc000-7f4470bfd000 ---p 00000000 00:00 0 
7f4470bfd000-7f4470cfd000 rwxp 00000000 00:00 0 
7f4470cfd000-7f4470cfe000 ---p 00000000 00:00 0 
7f4470cfe000-7f4470dfe000 rwxp 00000000 00:00 0 
7f4470dfe000-7f4470dff000 ---p 00000000 00:00 0 
7f4470dff000-7f4470eff000 rwxp 00000000 00:00 0 
7f4470eff000-7f4470f00000 ---p 00000000 00:00 0 
7f4470f00000-7f4471270000 rwxp 00000000 00:00 0 
7f4471270000-7f4474000000 rwxp 00000000 00:00 0 
7f4474000000-7f4474021000 rw-p 00000000 00:00 0 
7f4474021000-7f4478000000 ---p 00000000 00:00 0 
7f4478000000-7f4478557000 rw-p 00000000 00:00 0 
7f4478557000-7f447c000000 ---p 00000000 00:00 0 
7f447c0d2000-7f447c0d3000 ---p 00000000 00:00 0 
7f447c0d3000-7f447c1d3000 rwxp 00000000 00:00 0 
7f447c1d3000-7f447c1d4000 ---p 00000000 00:00 0 
7f447c1d4000-7f447c2d4000 rwxp 00000000 00:00 0 
7f447c2d4000-7f447c2d5000 ---p 00000000 00:00 0 
7f447c2d5000-7f447c3d5000 rwxp 00000000 00:00 0 
7f447c3d5000-7f447c3d6000 ---p 00000000 00:00 0 
7f447c3d6000-7f447c4d6000 rwxp 00000000 00:00 0 
7f447c4d6000-7f447c4d7000 ---p 00000000 00:00 0 
7f447c4d7000-7f447c5d7000 rwxp 00000000 00:00 0 
7f447c5d7000-7f447c5d8000 ---p 00000000 00:00 0 
7f447c5d8000-7f447c6d8000 rwxp 00000000 00:00 0 
7f447c6d8000-7f447c6d9000 ---p 00000000 00:00 0 
7f447c6d9000-7f447c7d9000 rwxp 00000000 00:00 0 
7f447c7d9000-7f447c7da000 ---p 00000000 00:00 0 
7f447c7da000-7f447c8da000 rwxp 00000000 00:00 0 
7f447c8da000-7f447c8db000 ---p 00000000 00:00 0 
7f447c8db000-7f447c9db000 rwxp 00000000 00:00 0 
7f447c9db000-7f447c9dc000 ---p 00000000 00:00 0 
7f447c9dc000-7f447cadc000 rwxp 00000000 00:00 0 
7f447cadc000-7f447cadd000 ---p 00000000 00:00 0 
7f447cadd000-7f447cbdd000 rwxp 00000000 00:00 0 
7f447cbdd000-7f447cbde000 ---p 00000000 00:00 0 
7f447cbde000-7f447ccde000 rwxp 00000000 00:00 0 
7f447ccde000-7f447ccdf000 ---p 00000000 00:00 0 
7f447ccdf000-7f447cddf000 rwxp 00000000 00:00 0 
7f447cddf000-7f447cde0000 ---p 00000000 00:00 0 
7f447cde0000-7f447cee0000 rwxp 00000000 00:00 0 
7f447cee0000-7f447cee1000 ---p 00000000 00:00 0 
7f447cee1000-7f447cfec000 rwxp 00000000 00:00 0 
7f447cfec000-7f447d021000 rwxp 00000000 00:00 0 
7f447d021000-7f447d02c000 rwxp 00000000 00:00 0 
7f447d02c000-7f447d061000 rwxp 00000000 00:00 0 
7f447d061000-7f447d079000 rwxp 00000000 00:00 0 
7f447d079000-7f447d0aa000 rwxp 00000000 00:00 0 
7f447d0aa000-7f447d0b3000 rwxp 00000000 00:00 0 
7f447d0b3000-7f447d0c3000 rwxp 00000000 00:00 0 
7f447d0c3000-7f447d0ce000 rwxp 00000000 00:00 0 
7f447d0ce000-7f447d184000 rwxp 00000000 00:00 0 
7f447d184000-7f447d192000 r-xp 00000000 00:37 5919882                    /l/local/lang/matlab-R2012a/sys/java/jre/glnxa64/jre/lib/amd64/libzip.so
7f447d192000-7f447d294000 ---p 0000e000 00:37 5919882                    /l/local/lang/matlab-R2012a/sys/java/jre/glnxa64/jre/lib/amd64/libzip.so
7f447d294000-7f447d297000 rw-p 00010000 00:37 5919882                    /l/local/lang/matlab-R2012a/sys/java/jre/glnxa64/jre/lib/amd64/libzip.so
7f447d297000-7f447d298000 rw-p 00000000 00:00 0 
7f447d298000-7f447d29f000 r-xp 00000000 00:37 5919894                    /l/local/lang/matlab-R2012a/sys/java/jre/glnxa64/jre/lib/amd64/native_threads/libhpi.so
7f447d29f000-7f447d3a0000 ---p 00007000 00:37 5919894                    /l/local/lang/matlab-R2012a/sys/java/jre/glnxa64/jre/lib/amd64/native_threads/libhpi.so
7f447d3a0000-7f447d3a2000 rw-p 00008000 00:37 5919894                    /l/local/lang/matlab-R2012a/sys/java/jre/glnxa64/jre/lib/amd64/native_threads/libhpi.so
7f447d3a2000-7f447d3a3000 rw-p 00000000 00:00 0 
7f447d3a3000-7f447d3a4000 ---p 00000000 00:00 0 
7f447d3a4000-7f447dda4000 rwxp 00000000 00:00 0 
7f447dda4000-7f447dda5000 ---p 00000000 00:00 0 
7f447dda5000-7f447e7a5000 rwxp 00000000 00:00 0 
7f447e7a5000-7f447e7af000 r-xp 00000000 08:01 786465                     /lib64/libnss_nis-2.12.so
7f447e7af000-7f447e9ae000 ---p 0000a000 08:01 786465                     /lib64/libnss_nis-2.12.so
7f447e9ae000-7f447e9af000 r--p 00009000 08:01 786465                     /lib64/libnss_nis-2.12.so
7f447e9af000-7f447e9b0000 rw-p 0000a000 08:01 786465                     /lib64/libnss_nis-2.12.so
7f447e9b0000-7f447e9bc000 r-xp 00000000 08:01 786461                     /lib64/libnss_files-2.12.so
7f447e9bc000-7f447ebbc000 ---p 0000c000 08:01 786461                     /lib64/libnss_files-2.12.so
7f447ebbc000-7f447ebbd000 r--p 0000c000 08:01 786461                     /lib64/libnss_files-2.12.so
7f447ebbd000-7f447ebbe000 rw-p 0000d000 08:01 786461                     /lib64/libnss_files-2.12.so
7f447ebec000-7f447f34a000 r-xp 00000000 00:37 5919876                    /l/local/lang/matlab-R2012a/sys/java/jre/glnxa64/jre/lib/amd64/server/libjvm.so
7f447f34a000-7f447f449000 ---p 0075e000 00:37 5919876                    /l/local/lang/matlab-R2012a/sys/java/jre/glnxa64/jre/lib/amd64/server/libjvm.so
7f447f449000-7f447f5c1000 rw-p 0075d000 00:37 5919876                    /l/local/lang/matlab-R2012a/sys/java/jre/glnxa64/jre/lib/amd64/server/libjvm.so
7f447f5c1000-7f447f5ff000 rw-p 00000000 00:00 0 
7f447f5ff000-7f447f600000 ---p 00000000 00:00 0 
7f447f600000-7f4480000000 rwxp 00000000 00:00 0 
7f4480000000-7f4480021000 rw-p 00000000 00:00 0 
7f4480021000-7f4484000000 ---p 00000000 00:00 0 
7f4484037000-7f448404f000 rwxp 00000000 00:00 0 
7f448404f000-7f4484081000 rwxp 00000000 00:00 0 
7f4484081000-7f4484089000 rw-s 00000000 08:03 258577                     /tmp/hsperfdata_edg/43210
7f4484089000-7f4484096000 r-xp 00000000 00:37 5919895                    /l/local/lang/matlab-R2012a/sys/java/jre/glnxa64/jre/lib/amd64/libverify.so
7f4484096000-7f4484195000 ---p 0000d000 00:37 5919895                    /l/local/lang/matlab-R2012a/sys/java/jre/glnxa64/jre/lib/amd64/libverify.so
7f4484195000-7f4484198000 rw-p 0000c000 00:37 5919895                    /l/local/lang/matlab-R2012a/sys/java/jre/glnxa64/jre/lib/amd64/libverify.so
7f4484198000-7f44841c1000 r-xp 00000000 00:37 5919885                    /l/local/lang/matlab-R2012a/sys/java/jre/glnxa64/jre/lib/amd64/libjava.so
7f44841c1000-7f44842c0000 ---p 00029000 00:37 5919885                    /l/local/lang/matlab-R2012a/sys/java/jre/glnxa64/jre/lib/amd64/libjava.so
7f44842c0000-7f44842c7000 rw-p 00028000 00:37 5919885                    /l/local/lang/matlab-R2012a/sys/java/jre/glnxa64/jre/lib/amd64/libjava.so
7f44842c7000-7f44842ca000 ---p 00000000 00:00 0 
7f44842ca000-7f4484cc8000 rwxp 00000000 00:00 0 
7f4484cc8000-7f4484dc8000 rw-p 00000000 00:00 0 
7f4484dc8000-7f4484dc9000 ---p 00000000 00:00 0 
7f4484dc9000-7f4485599000 rwxp 00000000 00:00 0 
7f4485599000-7f448559b000 r-xp 00000000 00:37 5814388                    /l/local/lang/matlab-R2012a/bin/glnxa64/mklcompat.so
7f448559b000-7f448579a000 ---p 00002000 00:37 5814388                    /l/local/lang/matlab-R2012a/bin/glnxa64/mklcompat.so
7f448579a000-7f448579b000 rw-p 00001000 00:37 5814388                    /l/local/lang/matlab-R2012a/bin/glnxa64/mklcompat.so
7f448579b000-7f448585a000 r-xp 00000000 00:37 5913616                    /l/local/lang/matlab-R2012a/sys/os/glnxa64/libiomp5.so
7f448585a000-7f4485a59000 ---p 000bf000 00:37 5913616                    /l/local/lang/matlab-R2012a/sys/os/glnxa64/libiomp5.so
7f4485a59000-7f4485a62000 rw-p 000be000 00:37 5913616                    /l/local/lang/matlab-R2012a/sys/os/glnxa64/libiomp5.so
7f4485a62000-7f4485a69000 rw-p 00000000 00:00 0 
7f4485a69000-7f44878f4000 r-xp 00000000 00:37 5814355                    /l/local/lang/matlab-R2012a/bin/glnxa64/mkl.so
7f44878f4000-7f4487af4000 ---p 01e8b000 00:37 5814355                    /l/local/lang/matlab-R2012a/bin/glnxa64/mkl.so
7f4487af4000-7f4487b36000 rw-p 01e8b000 00:37 5814355                    /l/local/lang/matlab-R2012a/bin/glnxa64/mkl.so
7f4487b36000-7f4487b3b000 rw-p 00000000 00:00 0 
7f4487b3b000-7f448d9cb000 r--p 00000000 08:01 997894                     /usr/lib/locale/locale-archive
7f448d9cb000-7f448d9d3000 rw-p 00000000 00:00 0 
7f448d9d3000-7f448d9d9000 r-xp 00000000 00:37 5814345                    /l/local/lang/matlab-R2012a/bin/glnxa64/libmwcolamd.so
7f448d9d9000-7f448dbd8000 ---p 00006000 00:37 5814345                    /l/local/lang/matlab-R2012a/bin/glnxa64/libmwcolamd.so
7f448dbd8000-7f448dbd9000 rw-p 00005000 00:37 5814345                    /l/local/lang/matlab-R2012a/bin/glnxa64/libmwcolamd.so
7f448dbd9000-7f448dbe1000 r-xp 00000000 00:37 5814332                    /l/local/lang/matlab-R2012a/bin/glnxa64/libmwamd.so
7f448dbe1000-7f448dde0000 ---p 00008000 00:37 5814332                    /l/local/lang/matlab-R2012a/bin/glnxa64/libmwamd.so
7f448dde0000-7f448dde1000 rw-p 00007000 00:37 5814332                    /l/local/lang/matlab-R2012a/bin/glnxa64/libmwamd.so
7f448dde1000-7f448dde2000 rw-p 00000000 00:00 0 
7f448dde2000-7f448de24000 r-xp 00000000 00:37 5814346                    /l/local/lang/matlab-R2012a/bin/glnxa64/libmwcholmod.so
7f448de24000-7f448e024000 ---p 00042000 00:37 5814346                    /l/local/lang/matlab-R2012a/bin/glnxa64/libmwcholmod.so
7f448e024000-7f448e025000 rw-p 00042000 00:37 5814346                    /l/local/lang/matlab-R2012a/bin/glnxa64/libmwcholmod.so
7f448e025000-7f448e026000 rw-p 00000000 00:00 0 
7f448e026000-7f448e038000 r-xp 00000000 00:37 5814397                    /l/local/lang/matlab-R2012a/bin/glnxa64/libmwblas.so
7f448e038000-7f448e237000 ---p 00012000 00:37 5814397                    /l/local/lang/matlab-R2012a/bin/glnxa64/libmwblas.so
7f448e237000-7f448e239000 rw-p 00011000 00:37 5814397                    /l/local/lang/matlab-R2012a/bin/glnxa64/libmwblas.so
7f448e239000-7f448e23b000 rw-p 00000000 00:00 0 
7f448e23b000-7f448e23f000 r-xp 00000000 00:37 5814372                    /l/local/lang/matlab-R2012a/bin/glnxa64/libmwompwrapper.so
7f448e23f000-7f448e43e000 ---p 00004000 00:37 5814372                    /l/local/lang/matlab-R2012a/bin/glnxa64/libmwompwrapper.so
7f448e43e000-7f448e43f000 rw-p 00003000 00:37 5814372                    /l/local/lang/matlab-R2012a/bin/glnxa64/libmwompwrapper.so
7f448e43f000-7f448e448000 r-xp 00000000 00:37 5814365                    /l/local/lang/matlab-R2012a/bin/glnxa64/libmwbinder.so
7f448e448000-7f448e647000 ---p 00009000 00:37 5814365                    /l/local/lang/matlab-R2012a/bin/glnxa64/libmwbinder.so
7f448e647000-7f448e648000 rw-p 00008000 00:37 5814365                    /l/local/lang/matlab-R2012a/bin/glnxa64/libmwbinder.so
7f448e648000-7f448e649000 rw-p 00000000 00:00 0 
7f448e649000-7f448e70c000 r-xp 00000000 00:37 5814406                    /l/local/lang/matlab-R2012a/bin/glnxa64/libmwmathcore.so
7f448e70c000-7f448e90b000 ---p 000c3000 00:37 5814406                    /l/local/lang/matlab-R2012a/bin/glnxa64/libmwmathcore.so
7f448e90b000-7f448e910000 rw-p 000c2000 00:37 5814406                    /l/local/lang/matlab-R2012a/bin/glnxa64/libmwmathcore.so
7f448e910000-7f448e911000 rw-p 00000000 00:00 0 
7f448e911000-7f448eb96000 r-xp 00000000 00:37 5814318                    /l/local/lang/matlab-R2012a/bin/glnxa64/libhdf5.so.6.0.5
7f448eb96000-7f448ed96000 ---p 00285000 00:37 5814318                    /l/local/lang/matlab-R2012a/bin/glnxa64/libhdf5.so.6.0.5
7f448ed96000-7f448eda1000 rw-p 00285000 00:37 5814318                    /l/local/lang/matlab-R2012a/bin/glnxa64/libhdf5.so.6.0.5
7f448eda1000-7f448eda2000 rw-p 00000000 00:00 0 
7f448eda2000-7f448edbd000 r-xp 00000000 00:37 5814319                    /l/local/lang/matlab-R2012a/bin/glnxa64/libhdf5_hl.so.6.0.5
7f448edbd000-7f448efbc000 ---p 0001b000 00:37 5814319                    /l/local/lang/matlab-R2012a/bin/glnxa64/libhdf5_hl.so.6.0.5
7f448efbc000-7f448efbd000 rw-p 0001a000 00:37 5814319                    /l/local/lang/matlab-R2012a/bin/glnxa64/libhdf5_hl.so.6.0.5
7f448efbd000-7f448efd0000 rw-p 00000000 00:00 0 
7f448efd0000-7f448f251000 r-xp 00000000 00:37 5913612                    /l/local/lang/matlab-R2012a/sys/os/glnxa64/libXm.so.3.0.2
7f448f251000-7f448f451000 ---p 00281000 00:37 5913612                    /l/local/lang/matlab-R2012a/sys/os/glnxa64/libXm.so.3.0.2
7f448f451000-7f448f47b000 rw-p 00281000 00:37 5913612                    /l/local/lang/matlab-R2012a/sys/os/glnxa64/libXm.so.3.0.2
7f448f47b000-7f448f47c000 rw-p 00000000 00:00 0 
7f448f47c000-7f448f489000 r-xp 00000000 00:37 5814399                    /l/local/lang/matlab-R2012a/bin/glnxa64/libmwgbt.so
7f448f489000-7f448f689000 ---p 0000d000 00:37 5814399                    /l/local/lang/matlab-R2012a/bin/glnxa64/libmwgbt.so
7f448f689000-7f448f68a000 rw-p 0000d000 00:37 5814399                    /l/local/lang/matlab-R2012a/bin/glnxa64/libmwgbt.so
7f448f68a000-7f448f68b000 rw-p 00000000 00:00 0 
7f448f68b000-7f448f6bc000 r-xp 00000000 00:37 5814373                    /l/local/lang/matlab-R2012a/bin/glnxa64/libmwgbtutils.so
7f448f6bc000-7f448f8bb000 ---p 00031000 00:37 5814373                    /l/local/lang/matlab-R2012a/bin/glnxa64/libmwgbtutils.so
7f448f8bb000-7f448f8c1000 rw-p 00030000 00:37 5814373                    /l/local/lang/matlab-R2012a/bin/glnxa64/libmwgbtutils.so
7f448f8c1000-7f448f972000 r-xp 00000000 00:37 5814390                    /l/local/lang/matlab-R2012a/bin/glnxa64/libmwlapack.so
7f448f972000-7f448fb71000 ---p 000b1000 00:37 5814390                    /l/local/lang/matlab-R2012a/bin/glnxa64/libmwlapack.so
7f448fb71000-7f448fb7b000 rw-p 000b0000 00:37 5814390                    /l/local/lang/matlab-R2012a/bin/glnxa64/libmwlapack.so
7f448fb7b000-7f448fdcb000 r-xp 00000000 00:37 5814380                    /l/local/lang/matlab-R2012a/bin/glnxa64/libmwhgdatatypes.so
7f448fdcb000-7f448ffca000 ---p 00250000 00:37 5814380                    /l/local/lang/matlab-R2012a/bin/glnxa64/libmwhgdatatypes.so
7f448ffca000-7f448ffe7000 rw-p 0024f000 00:37 5814380                    /l/local/lang/matlab-R2012a/bin/glnxa64/libmwhgdatatypes.so
7f448ffe7000-7f448ffe9000 rw-p 00000000 00:00 0 
7f448ffe9000-7f449001a000 r-xp 00000000 00:37 5814426                    /l/local/lang/matlab-R2012a/bin/glnxa64/libmwhardcopy.so
7f449001a000-7f4490219000 ---p 00031000 00:37 5814426                    /l/local/lang/matlab-R2012a/bin/glnxa64/libmwhardcopy.so
7f4490219000-7f449021c000 rw-p 00030000 00:37 5814426                    /l/local/lang/matlab-R2012a/bin/glnxa64/libmwhardcopy.so
7f449021c000-7f449022c000 r-xp 00000000 00:37 5814403                    /l/local/lang/matlab-R2012a/bin/glnxa64/libmwgraphics_util.so
7f449022c000-7f449042b000 ---p 00010000 00:37 5814403                    /l/local/lang/matlab-R2012a/bin/glnxa64/libmwgraphics_util.so
7f449042b000-7f449042d000 rw-p 0000f000 00:37 5814403                    /l/local/lang/matlab-R2012a/bin/glnxa64/libmwgraphics_util.so
7f449042d000-7f449042e000 rw-p 00000000 00:00 0 
7f449042e000-7f4490443000 r-xp 00000000 00:37 5814395                    /l/local/lang/matlab-R2012a/bin/glnxa64/libmwir_xfmr.so
7f4490443000-7f4490643000 ---p 00015000 00:37 5814395                    /l/local/lang/matlab-R2012a/bin/glnxa64/libmwir_xfmr.so
7f4490643000-7f4490644000 rw-p 00015000 00:37 5814395                    /l/local/lang/matlab-R2012a/bin/glnxa64/libmwir_xfmr.so
7f4490644000-7f4490646000 rw-p 00000000 00:00 0 
7f4490646000-7f44906b1000 r-xp 00000000 00:37 5814381                    /l/local/lang/matlab-R2012a/bin/glnxa64/libmwspmatrix.so
7f44906b1000-7f44908b1000 ---p 0006b000 00:37 5814381                    /l/local/lang/matlab-R2012a/bin/glnxa64/libmwspmatrix.so
7f44908b1000-7f44908b2000 rw-p 0006b000 00:37 5814381                    /l/local/lang/matlab-R2012a/bin/glnxa64/libmwspmatrix.so
7f44908b2000-7f44908b3000 rw-p 00000000 00:00 0 
7f44908b3000-7f44908d8000 r-xp 00000000 00:37 5814392                    /l/local/lang/matlab-R2012a/bin/glnxa64/libmwm_pcodegen.so
7f44908d8000-7f4490ad8000 ---p 00025000 00:37 5814392                    /l/local/lang/matlab-R2012a/bin/glnxa64/libmwm_pcodegen.so
7f4490ad8000-7f4490ada000 rw-p 00025000 00:37 5814392                    /l/local/lang/matlab-R2012a/bin/glnxa64/libmwm_pcodegen.so
7f4490ada000-7f4490af3000 r-xp 00000000 00:37 5814417                    /l/local/lang/matlab-R2012a/bin/glnxa64/libmwm_pcodeio.so
7f4490af3000-7f4490cf2000 ---p 00019000 00:37 5814417                    /l/local/lang/matlab-R2012a/bin/glnxa64/libmwm_pcodeio.so
7f4490cf2000-7f4490cf4000 rw-p 00018000 00:37 5814417                    /l/local/lang/matlab-R2012a/bin/glnxa64/libmwm_pcodeio.so
7f4490cf4000-7f4490d04000 r-xp 00000000 00:37 5814367                    /l/local/lang/matlab-R2012a/bin/glnxa64/libmwmlib.so
7f4490d04000-7f4490f04000 ---p 00010000 00:37 5814367                    /l/local/lang/matlab-R2012a/bin/glnxa64/libmwmlib.so
7f4490f04000-7f4490f06000 rw-p 00010000 00:37 5814367                    /l/local/lang/matlab-R2012a/bin/glnxa64/libmwmlib.so
7f4490f06000-7f4490f07000 rw-p 00000000 00:00 0 
7f4490f07000-7f4490f30000 r-xp 00000000 00:37 5814411                    /l/local/lang/matlab-R2012a/bin/glnxa64/libmwmathrng.so
7f4490f30000-7f449112f000 ---p 00029000 00:37 5814411                    /l/local/lang/matlab-R2012a/bin/glnxa64/libmwmathrng.so
7f449112f000-7f4491131000 rw-p 00028000 00:37 5814411                    /l/local/lang/matlab-R2012a/bin/glnxa64/libmwmathrng.so
7f4491131000-7f4491133000 rw-p 00000000 00:00 0 
7f4491133000-7f44911e8000 r-xp 00000000 00:37 5814382                    /l/local/lang/matlab-R2012a/bin/glnxa64/libmwmathutil.so
7f44911e8000-7f44913e7000 ---p 000b5000 00:37 5814382                    /l/local/lang/matlab-R2012a/bin/glnxa64/libmwmathutil.so
7f44913e7000-7f44913e8000 rw-p 000b4000 00:37 5814382                    /l/local/lang/matlab-R2012a/bin/glnxa64/libmwmathutil.so
7f44913e8000-7f4491424000 r-xp 00000000 00:37 5814424                    /l/local/lang/matlab-R2012a/bin/glnxa64/libmwprofiler.so
7f4491424000-7f4491623000 ---p 0003c000 00:37 5814424                    /l/local/lang/matlab-R2012a/bin/glnxa64/libmwprofiler.so
7f4491623000-7f4491626000 rw-p 0003b000 00:37 5814424                    /l/local/lang/matlab-R2012a/bin/glnxa64/libmwprofiler.so
7f4491626000-7f4491627000 rw-p 00000000 00:00 0 
7f4491627000-7f4491671000 r-xp 00000000 00:37 5814328                    /l/local/lang/matlab-R2012a/bin/glnxa64/libmat.so
7f4491671000-7f4491871000 ---p 0004a000 00:37 5814328                    /l/local/lang/matlab-R2012a/bin/glnxa64/libmat.so
7f4491871000-7f4491875000 rw-p 0004a000 00:37 5814328                    /l/local/lang/matlab-R2012a/bin/glnxa64/libmat.so
7f4491875000-7f4491c2d000 r-xp 00000000 00:37 5814364                    /l/local/lang/matlab-R2012a/bin/glnxa64/libxerces-c.so.27.0
7f4491c2d000-7f4491e2c000 ---p 003b8000 00:37 5814364                    /l/local/lang/matlab-R2012a/bin/glnxa64/libxerces-c.so.27.0
7f4491e2c000-7f4491e70000 rw-p 003b7000 00:37 5814364                    /l/local/lang/matlab-R2012a/bin/glnxa64/libxerces-c.so.27.0
7f4491e70000-7f4491e72000 rw-p 00000000 00:00 0 
7f4491e72000-7f4491ee4000 r-xp 00000000 00:37 5814391                    /l/local/lang/matlab-R2012a/bin/glnxa64/libmwxmlcore.so
7f4491ee4000-7f44920e3000 ---p 00072000 00:37 5814391                    /l/local/lang/matlab-R2012a/bin/glnxa64/libmwxmlcore.so
7f44920e3000-7f44920eb000 rw-p 00071000 00:37 5814391                    /l/local/lang/matlab-R2012a/bin/glnxa64/libmwxmlcore.so
7f44920eb000-7f44920ec000 rw-p 00000000 00:00 0 
7f44920ec000-7f4492101000 r-xp 00000000 00:37 5814304                    /l/local/lang/matlab-R2012a/bin/glnxa64/libboost_iostreams.so.1.44.0
7f4492101000-7f4492301000 ---p 00015000 00:37 5814304                    /l/local/lang/matlab-R2012a/bin/glnxa64/libboost_iostreams.so.1.44.0
7f4492301000-7f4492303000 rw-p 00015000 00:37 5814304                    /l/local/lang/matlab-R2012a/bin/glnxa64/libboost_iostreams.so.1.44.0
7f4492303000-7f4492304000 rw-p 00000000 00:00 0 
7f4492304000-7f449247a000 r-xp 00000000 00:37 5814422                    /l/local/lang/matlab-R2012a/bin/glnxa64/libmwuix.so
7f449247a000-7f449267a000 ---p 00176000 00:37 5814422                    /l/local/lang/matlab-R2012a/bin/glnxa64/libmwuix.so
7f449267a000-7f449268f000 rw-p 00176000 00:37 5814422                    /l/local/lang/matlab-R2012a/bin/glnxa64/libmwuix.so
7f449268f000-7f4492694000 rw-p 00000000 00:00 0 
7f4492694000-7f44926f4000 r-xp 00000000 00:37 5814402                    /l/local/lang/matlab-R2012a/bin/glnxa64/libmwm_ir.so
7f44926f4000-7f44928f3000 ---p 00060000 00:37 5814402                    /l/local/lang/matlab-R2012a/bin/glnxa64/libmwm_ir.so
7f44928f3000-7f44928fc000 rw-p 0005f000 00:37 5814402                    /l/local/lang/matlab-R2012a/bin/glnxa64/libmwm_ir.so
7f44928fc000-7f4492901000 r-xp 00000000 00:37 5814423                    /l/local/lang/matlab-R2012a/bin/glnxa64/libmwuinone.so
7f4492901000-7f4492b01000 ---p 00005000 00:37 5814423                    /l/local/lang/matlab-R2012a/bin/glnxa64/libmwuinone.so
7f4492b01000-7f4492b02000 rw-p 00005000 00:37 5814423                    /l/local/lang/matlab-R2012a/bin/glnxa64/libmwuinone.so
7f4492b02000-7f4492b03000 rw-p 00000000 00:00 0 
7f4492b03000-7f4492bac000 r-xp 00000000 00:37 5814428                    /l/local/lang/matlab-R2012a/bin/glnxa64/libmwudd_mi.so
7f4492bac000-7f4492dac000 ---p 000a9000 00:37 5814428                    /l/local/lang/matlab-R2012a/bin/glnxa64/libmwudd_mi.so
7f4492dac000-7f4492db8000 rw-p 000a9000 00:37 5814428                    /l/local/lang/matlab-R2012a/bin/glnxa64/libmwudd_mi.so
7f4492db8000-7f4492db9000 rw-p 00000000 00:00 0 
7f4492db9000-7f4492dfe000 r-xp 00000000 00:37 5814398                    /l/local/lang/matlab-R2012a/bin/glnxa64/libuij.so
7f4492dfe000-7f4492ffe000 ---p 00045000 00:37 5814398                    /l/local/lang/matlab-R2012a/bin/glnxa64/libuij.so
7f4492ffe000-7f4493001000 rw-p 00045000 00:37 5814398                    /l/local/lang/matlab-R2012a/bin/glnxa64/libuij.so
7f4493001000-7f449311a000 r-xp 00000000 00:37 5814407                    /l/local/lang/matlab-R2012a/bin/glnxa64/libmwhgutils.so
7f449311a000-7f4493319000 ---p 00119000 00:37 5814407                    /l/local/lang/matlab-R2012a/bin/glnxa64/libmwhgutils.so
7f4493319000-7f449332f000 rw-p 00118000 00:37 5814407                    /l/local/lang/matlab-R2012a/bin/glnxa64/libmwhgutils.so
7f449332f000-7f4493330000 rw-p 00000000 00:00 0 
7f4493330000-7f449408f000 r-xp 00000000 00:37 5814366                    /l/local/lang/matlab-R2012a/bin/glnxa64/libmwhg.so
7f449408f000-7f449428e000 ---p 00d5f000 00:37 5814366                    /l/local/lang/matlab-R2012a/bin/glnxa64/libmwhg.so
7f449428e000-7f44943a4000 rw-p 00d5e000 00:37 5814366                    /l/local/lang/matlab-R2012a/bin/glnxa64/libmwhg.so
7f44943a4000-7f44943b1000 rw-p 00000000 00:00 0 
7f44943b1000-7f44944c3000 r-xp 00000000 00:37 5814386                    /l/local/lang/matlab-R2012a/bin/glnxa64/libmwgui.so
7f44944c3000-7f44946c2000 ---p 00112000 00:37 5814386                    /l/local/lang/matlab-R2012a/bin/glnxa64/libmwgui.so
7f44946c2000-7f44946fe000 rw-p 00111000 00:37 5814386                    /l/local/lang/matlab-R2012a/bin/glnxa64/libmwgui.so
7f44946fe000-7f44946ff000 rw-p 00000000 00:00 0 
7f44946ff000-7f449496e000 r-xp 00000000 00:37 5814408                    /l/local/lang/matlab-R2012a/bin/glnxa64/libmwmcos.so
7f449496e000-7f4494b6e000 ---p 0026f000 00:37 5814408                    /l/local/lang/matlab-R2012a/bin/glnxa64/libmwmcos.so
7f4494b6e000-7f4494b98000 rw-p 0026f000 00:37 5814408                    /l/local/lang/matlab-R2012a/bin/glnxa64/libmwmcos.so
7f4494b98000-7f4494b99000 rw-p 00000000 00:00 0 
7f4494b99000-7f4494ba0000 r-xp 00000000 00:37 5814393                    /l/local/lang/matlab-R2012a/bin/glnxa64/libmwmtok.so
7f4494ba0000-7f4494da0000 ---p 00007000 00:37 5814393                    /l/local/lang/matlab-R2012a/bin/glnxa64/libmwmtok.so
7f4494da0000-7f4494da1000 rw-p 00007000 00:37 5814393                    /l/local/lang/matlab-R2012a/bin/glnxa64/libmwmtok.so
7f4494da1000-7f4494e26000 r-xp 00000000 00:37 5814371                    /l/local/lang/matlab-R2012a/bin/glnxa64/libmwmlint.so
7f4494e26000-7f4495025000 ---p 00085000 00:37 5814371                    /l/local/lang/matlab-R2012a/bin/glnxa64/libmwmlint.so
7f4495025000-7f449502d000 rw-p 00084000 00:37 5814371                    /l/local/lang/matlab-R2012a/bin/glnxa64/libmwmlint.so
7f449502d000-7f449502f000 rw-p 00000000 00:00 0 
7f449502f000-7f4495113000 r-xp 00000000 00:37 5814383                    /l/local/lang/matlab-R2012a/bin/glnxa64/libmwudd.so
7f4495113000-7f4495313000 ---p 000e4000 00:37 5814383                    /l/local/lang/matlab-R2012a/bin/glnxa64/libmwudd.so
7f4495313000-7f449532a000 rw-p 000e4000 00:37 5814383                    /l/local/lang/matlab-R2012a/bin/glnxa64/libmwudd.so
7f449532a000-7f449532d000 rw-p 00000000 00:00 0 
7f449532d000-7f4495599000 r-xp 00000000 00:37 5814387                    /l/local/lang/matlab-R2012a/bin/glnxa64/libmwm_parser.so
7f4495599000-7f4495799000 ---p 0026c000 00:37 5814387                    /l/local/lang/matlab-R2012a/bin/glnxa64/libmwm_parser.so
7f4495799000-7f4495c3b000 rw-p 0026c000 00:37 5814387                    /l/local/lang/matlab-R2012a/bin/glnxa64/libmwm_parser.so
7f4495c3b000-7f4495c5b000 r-xp 00000000 00:37 5814415                    /l/local/lang/matlab-R2012a/bin/glnxa64/libmex.so
7f4495c5b000-7f4495e5b000 ---p 00020000 00:37 5814415                    /l/local/lang/matlab-R2012a/bin/glnxa64/libmex.so
7f4495e5b000-7f4495e5d000 rw-p 00020000 00:37 5814415                    /l/local/lang/matlab-R2012a/bin/glnxa64/libmex.so
7f4495e5d000-7f4495e5e000 rw-p 00000000 00:00 0 
7f4495e5e000-7f4495e5f000 r-xp 00000000 00:37 5814333                    /l/local/lang/matlab-R2012a/bin/glnxa64/libmwnativejava_services.so
7f4495e5f000-7f449605f000 ---p 00001000 00:37 5814333                    /l/local/lang/matlab-R2012a/bin/glnxa64/libmwnativejava_services.so
7f449605f000-7f4496060000 rw-p 00001000 00:37 5814333                    /l/local/lang/matlab-R2012a/bin/glnxa64/libmwnativejava_services.so
7f4496060000-7f44963ad000 r-xp 00000000 00:37 5814369                    /l/local/lang/matlab-R2012a/bin/glnxa64/libmwiqm.so
7f44963ad000-7f44965ac000 ---p 0034d000 00:37 5814369                    /l/local/lang/matlab-R2012a/bin/glnxa64/libmwiqm.so
7f44965ac000-7f44965d2000 rw-p 0034c000 00:37 5814369                    /l/local/lang/matlab-R2012a/bin/glnxa64/libmwiqm.so
7f44965d2000-7f44965d9000 rw-p 00000000 00:00 0 
7f44965d9000-7f4496648000 r-xp 00000000 00:37 5814294                    /l/local/lang/matlab-R2012a/bin/glnxa64/libboost_serialization.so.1.44.0
7f4496648000-7f4496848000 ---p 0006f000 00:37 5814294                    /l/local/lang/matlab-R2012a/bin/glnxa64/libboost_serialization.so.1.44.0
7f4496848000-7f449684c000 rw-p 0006f000 00:37 5814294                    /l/local/lang/matlab-R2012a/bin/glnxa64/libboost_serialization.so.1.44.0
7f449684c000-7f449685f000 r-xp 00000000 00:37 5814341                    /l/local/lang/matlab-R2012a/bin/glnxa64/libmwMATLAB_settings_res.so
7f449685f000-7f4496a5e000 ---p 00013000 00:37 5814341                    /l/local/lang/matlab-R2012a/bin/glnxa64/libmwMATLAB_settings_res.so
7f4496a5e000-7f4496a5f000 rw-p 00012000 00:37 5814341                    /l/local/lang/matlab-R2012a/bin/glnxa64/libmwMATLAB_settings_res.so
7f4496a5f000-7f4496a60000 rw-p 00000000 00:00 0 
7f4496a60000-7f4496a71000 r-xp 00000000 00:37 5814340                    /l/local/lang/matlab-R2012a/bin/glnxa64/libmwmfl_scalar.so
7f4496a71000-7f4496c70000 ---p 00011000 00:37 5814340                    /l/local/lang/matlab-R2012a/bin/glnxa64/libmwmfl_scalar.so
7f4496c70000-7f4496c71000 rw-p 00010000 00:37 5814340                    /l/local/lang/matlab-R2012a/bin/glnxa64/libmwmfl_scalar.so
7f4496c71000-7f44970f7000 r-xp 00000000 00:37 5814376                    /l/local/lang/matlab-R2012a/bin/glnxa64/libmwmlutil.so
7f44970f7000-7f44972f6000 ---p 00486000 00:37 5814376                    /l/local/lang/matlab-R2012a/bin/glnxa64/libmwmlutil.so
7f44972f6000-7f4497323000 rw-p 00485000 00:37 5814376                    /l/local/lang/matlab-R2012a/bin/glnxa64/libmwmlutil.so
7f4497323000-7f4497331000 rw-p 00000000 00:00 0 
7f4497331000-7f4497344000 r-xp 00000000 00:37 5814296                    /l/local/lang/matlab-R2012a/bin/glnxa64/libboost_signals.so.1.44.0
7f4497344000-7f4497543000 ---p 00013000 00:37 5814296                    /l/local/lang/matlab-R2012a/bin/glnxa64/libboost_signals.so.1.44.0
7f4497543000-7f4497544000 rw-p 00012000 00:37 5814296                    /l/local/lang/matlab-R2012a/bin/glnxa64/libboost_signals.so.1.44.0
7f4497544000-7f449764a000 r-xp 00000000 00:37 5814295                    /l/local/lang/matlab-R2012a/bin/glnxa64/libboost_regex.so.1.44.0
7f449764a000-7f449784a000 ---p 00106000 00:37 5814295                    /l/local/lang/matlab-R2012a/bin/glnxa64/libboost_regex.so.1.44.0
7f449784a000-7f4497851000 rw-p 00106000 00:37 5814295                    /l/local/lang/matlab-R2012a/bin/glnxa64/libboost_regex.so.1.44.0
7f4497851000-7f4497872000 r-xp 00000000 00:37 5814297                    /l/local/lang/matlab-R2012a/bin/glnxa64/libboost_filesystem.so.1.44.0
7f4497872000-7f4497a71000 ---p 00021000 00:37 5814297                    /l/local/lang/matlab-R2012a/bin/glnxa64/libboost_filesystem.so.1.44.0
7f4497a71000-7f4497a73000 rw-p 00020000 00:37 5814297                    /l/local/lang/matlab-R2012a/bin/glnxa64/libboost_filesystem.so.1.44.0
7f4497a73000-7f4497a74000 rw-p 00000000 00:00 0 
7f4497a74000-7f4497d64000 r-xp 00000000 00:37 5814324                    /l/local/lang/matlab-R2012a/bin/glnxa64/libmwMATLAB_res.so
7f4497d64000-7f4497f63000 ---p 002f0000 00:37 5814324                    /l/local/lang/matlab-R2012a/bin/glnxa64/libmwMATLAB_res.so
7f4497f63000-7f4497f65000 rw-p 002ef000 00:37 5814324                    /l/local/lang/matlab-R2012a/bin/glnxa64/libmwMATLAB_res.so
7f4497f65000-7f4497f70000 rw-p 00000000 00:00 0 
7f4497f70000-7f4497f72000 r-xp 00000000 00:37 5814323                    /l/local/lang/matlab-R2012a/bin/glnxa64/libmwresource_core.so
7f4497f72000-7f4498171000 ---p 00002000 00:37 5814323                    /l/local/lang/matlab-R2012a/bin/glnxa64/libmwresource_core.so
7f4498171000-7f4498172000 rw-p 00001000 00:37 5814323                    /l/local/lang/matlab-R2012a/bin/glnxa64/libmwresource_core.so
7f4498172000-7f4498173000 rw-p 00000000 00:00 0 
7f4498173000-7f449818d000 r-xp 00000000 00:37 5814322                    /l/local/lang/matlab-R2012a/bin/glnxa64/libtbbmalloc.so.2
7f449818d000-7f449828c000 ---p 0001a000 00:37 5814322                    /l/local/lang/matlab-R2012a/bin/glnxa64/libtbbmalloc.so.2
7f449828c000-7f449828f000 rw-p 00019000 00:37 5814322                    /l/local/lang/matlab-R2012a/bin/glnxa64/libtbbmalloc.so.2
7f449828f000-7f449829c000 rw-p 00000000 00:00 0 
7f449829c000-7f44982d6000 r-xp 00000000 00:37 5814321                    /l/local/lang/matlab-R2012a/bin/glnxa64/libtbb.so.2
7f44982d6000-7f44983d6000 ---p 0003a000 00:37 5814321                    /l/local/lang/matlab-R2012a/bin/glnxa64/libtbb.so.2
7f44983d6000-7f44983da000 rw-p 0003a000 00:37 5814321                    /l/local/lang/matlab-R2012a/bin/glnxa64/libtbb.so.2
7f44983da000-7f44983db000 rw-p 00000000 00:00 0 
7f44983db000-7f44983e6000 r-xp 00000000 00:37 5814292                    /l/local/lang/matlab-R2012a/bin/glnxa64/libicuio.so.44.2
7f44983e6000-7f44985e6000 ---p 0000b000 00:37 5814292                    /l/local/lang/matlab-R2012a/bin/glnxa64/libicuio.so.44.2
7f44985e6000-7f44985e8000 rw-p 0000b000 00:37 5814292                    /l/local/lang/matlab-R2012a/bin/glnxa64/libicuio.so.44.2
7f44985e8000-7f44985e9000 rw-p 00000000 00:00 0 
7f44985e9000-7f44987db000 r-xp 00000000 00:37 5814288                    /l/local/lang/matlab-R2012a/bin/glnxa64/libicui18n.so.44.2
7f44987db000-7f44989da000 ---p 001f2000 00:37 5814288                    /l/local/lang/matlab-R2012a/bin/glnxa64/libicui18n.so.44.2
7f44989da000-7f44989e6000 rw-p 001f1000 00:37 5814288                    /l/local/lang/matlab-R2012a/bin/glnxa64/libicui18n.so.44.2
7f44989e6000-7f4498b37000 r-xp 00000000 00:37 5814286                    /l/local/lang/matlab-R2012a/bin/glnxa64/libicuuc.so.44.2
7f4498b37000-7f4498d37000 ---p 00151000 00:37 5814286                    /l/local/lang/matlab-R2012a/bin/glnxa64/libicuuc.so.44.2
7f4498d37000-7f4498d47000 rw-p 00151000 00:37 5814286                    /l/local/lang/matlab-R2012a/bin/glnxa64/libicuuc.so.44.2
7f4498d47000-7f4498d4a000 rw-p 00000000 00:00 0 
7f4498d4a000-7f4499b8a000 r--p 00000000 00:37 5814287                    /l/local/lang/matlab-R2012a/bin/glnxa64/libicudata.so.44.2
7f4499b8a000-7f4499d89000 ---p 00e40000 00:37 5814287                    /l/local/lang/matlab-R2012a/bin/glnxa64/libicudata.so.44.2
7f4499d89000-7f4499d8a000 rw-p 00e3f000 00:37 5814287                    /l/local/lang/matlab-R2012a/bin/glnxa64/libicudata.so.44.2
7f4499d8a000-7f4499d8b000 rw-p 00000000 00:00 0 
7f4499d8b000-7f4499db1000 r-xp 00000000 00:37 5814315                    /l/local/lang/matlab-R2012a/bin/glnxa64/libexpat.so.1.5.0
7f4499db1000-7f4499fb0000 ---p 00026000 00:37 5814315                    /l/local/lang/matlab-R2012a/bin/glnxa64/libexpat.so.1.5.0
7f4499fb0000-7f4499fb3000 rw-p 00025000 00:37 5814315                    /l/local/lang/matlab-R2012a/bin/glnxa64/libexpat.so.1.5.0
7f4499fb3000-7f4499fc9000 r-xp 00000000 00:37 5814299                    /l/local/lang/matlab-R2012a/bin/glnxa64/libboost_thread.so.1.44.0
7f4499fc9000-7f449a1c8000 ---p 00016000 00:37 5814299                    /l/local/lang/matlab-R2012a/bin/glnxa64/libboost_thread.so.1.44.0
7f449a1c8000-7f449a1ca000 rw-p 00015000 00:37 5814299                    /l/local/lang/matlab-R2012a/bin/glnxa64/libboost_thread.so.1.44.0
7f449a1ca000-7f449a1cc000 r-xp 00000000 00:37 5814303                    /l/local/lang/matlab-R2012a/bin/glnxa64/libboost_system.so.1.44.0
7f449a1cc000-7f449a3cc000 ---p 00002000 00:37 5814303                    /l/local/lang/matlab-R2012a/bin/glnxa64/libboost_system.so.1.44.0
7f449a3cc000-7f449a3cd000 rw-p 00002000 00:37 5814303                    /l/local/lang/matlab-R2012a/bin/glnxa64/libboost_system.so.1.44.0
7f449a3cd000-7f449a3ce000 rw-p 00000000 00:00 0 
7f449a3ce000-7f449a3df000 r-xp 00000000 00:37 5814306                    /l/local/lang/matlab-R2012a/bin/glnxa64/libboost_date_time.so.1.44.0
7f449a3df000-7f449a5de000 ---p 00011000 00:37 5814306                    /l/local/lang/matlab-R2012a/bin/glnxa64/libboost_date_time.so.1.44.0
7f449a5de000-7f449a5e0000 rw-p 00010000 00:37 5814306                    /l/local/lang/matlab-R2012a/bin/glnxa64/libboost_date_time.so.1.44.0
7f449a5e0000-7f449a5e1000 rw-p 00000000 00:00 0 
7f449a5e1000-7f449a5f7000 r-xp 00000000 00:37 5815003                    /l/local/lang/matlab-R2012a/bin/glnxa64/libgcc_s.so.1
7f449a5f7000-7f449a7f6000 ---p 00016000 00:37 5815003                    /l/local/lang/matlab-R2012a/bin/glnxa64/libgcc_s.so.1
7f449a7f6000-7f449a7f7000 rw-p 00015000 00:37 5815003                    /l/local/lang/matlab-R2012a/bin/glnxa64/libgcc_s.so.1
7f449a7f7000-7f449a7f8000 rw-p 00000000 00:00 0 
7f449a7fd000-7f449a7fe000 rw-p 00000000 00:00 0 
7f449a7fe000-7f449a7ff000 r--p 00000000 00:00 0 
7f449a7ff000-7f449a81f000 rw-p 00000000 00:00 0 
7f449a81f000-7f449a826000 r--s 00000000 08:01 997420                     /usr/lib64/gconv/gconv-modules.cache
7f449a826000-7f449a917000 r-xp 00000000 00:37 5815004                    /l/local/lang/matlab-R2012a/bin/glnxa64/libstdc++.so.6.0.13
7f449a917000-7f449ab17000 ---p 000f1000 00:37 5815004                    /l/local/lang/matlab-R2012a/bin/glnxa64/libstdc++.so.6.0.13
7f449ab17000-7f449ab1e000 r--p 000f1000 00:37 5815004                    /l/local/lang/matlab-R2012a/bin/glnxa64/libstdc++.so.6.0.13
7f449ab1e000-7f449ab20000 rw-p 000f8000 00:37 5815004                    /l/local/lang/matlab-R2012a/bin/glnxa64/libstdc++.so.6.0.13
7f449ab20000-7f449ab35000 rw-p 00000000 00:00 0 
7f449ab35000-7f449abc4000 r-xp 00000000 00:37 5814330                    /l/local/lang/matlab-R2012a/bin/glnxa64/libmwi18n.so
7f449abc4000-7f449adc3000 ---p 0008f000 00:37 5814330                    /l/local/lang/matlab-R2012a/bin/glnxa64/libmwi18n.so
7f449adc3000-7f449adc9000 rw-p 0008e000 00:37 5814330                    /l/local/lang/matlab-R2012a/bin/glnxa64/libmwi18n.so
7f449adc9000-7f449adca000 rw-p 00000000 00:00 0 
7f449adca000-7f449b2fe000 r-xp 00000000 00:37 5814419                    /l/local/lang/matlab-R2012a/bin/glnxa64/libmwm_interpreter.so
7f449b2fe000-7f449b4fd000 ---p 00534000 00:37 5814419                    /l/local/lang/matlab-R2012a/bin/glnxa64/libmwm_interpreter.so
7f449b4fd000-7f449b5da000 rw-p 00533000 00:37 5814419                    /l/local/lang/matlab-R2012a/bin/glnxa64/libmwm_interpreter.so
7f449b5da000-7f449b674000 rw-p 00000000 00:00 0 
7f449b674000-7f449b709000 r-xp 00000000 00:37 5814416                    /l/local/lang/matlab-R2012a/bin/glnxa64/libmwm_dispatcher.so
7f449b709000-7f449b908000 ---p 00095000 00:37 5814416                    /l/local/lang/matlab-R2012a/bin/glnxa64/libmwm_dispatcher.so
7f449b908000-7f449b90f000 rw-p 00094000 00:37 5814416                    /l/local/lang/matlab-R2012a/bin/glnxa64/libmwm_dispatcher.so
7f449b90f000-7f449ba79000 r-xp 00000000 00:37 5814378                    /l/local/lang/matlab-R2012a/bin/glnxa64/libmwmcr.so
7f449ba79000-7f449bc79000 ---p 0016a000 00:37 5814378                    /l/local/lang/matlab-R2012a/bin/glnxa64/libmwmcr.so
7f449bc79000-7f449bc8b000 rw-p 0016a000 00:37 5814378                    /l/local/lang/matlab-R2012a/bin/glnxa64/libmwmcr.so
7f449bc8b000-7f449bc8f000 rw-p 00000000 00:00 0 
7f449bc8f000-7f449bcc1000 r-xp 00000000 00:37 5814385                    /l/local/lang/matlab-R2012a/bin/glnxa64/libmwbridge.so
7f449bcc1000-7f449bec1000 ---p 00032000 00:37 5814385                    /l/local/lang/matlab-R2012a/bin/glnxa64/libmwbridge.so
7f449bec1000-7f449bec4000 rw-p 00032000 00:37 5814385                    /l/local/lang/matlab-R2012a/bin/glnxa64/libmwbridge.so
7f449bec4000-7f449beca000 rw-p 00000000 00:00 0 
7f449beca000-7f449bf6a000 r-xp 00000000 00:37 5814370                    /l/local/lang/matlab-R2012a/bin/glnxa64/libmwjmi.so
7f449bf6a000-7f449c169000 ---p 000a0000 00:37 5814370                    /l/local/lang/matlab-R2012a/bin/glnxa64/libmwjmi.so
7f449c169000-7f449c171000 rw-p 0009f000 00:37 5814370                    /l/local/lang/matlab-R2012a/bin/glnxa64/libmwjmi.so
7f449c171000-7f449c172000 rw-p 00000000 00:00 0 
7f449c172000-7f449c3e0000 r-xp 00000000 00:37 5814410                    /l/local/lang/matlab-R2012a/bin/glnxa64/libmwservices.so
7f449c3e0000-7f449c5df000 ---p 0026e000 00:37 5814410                    /l/local/lang/matlab-R2012a/bin/glnxa64/libmwservices.so
7f449c5df000-7f449c5f6000 rw-p 0026d000 00:37 5814410                    /l/local/lang/matlab-R2012a/bin/glnxa64/libmwservices.so
7f449c5f6000-7f449c605000 rw-p 00000000 00:00 0 
7f449c605000-7f449c642000 r-xp 00000000 00:37 5814374                    /l/local/lang/matlab-R2012a/bin/glnxa64/libmwmpath.so
7f449c642000-7f449c842000 ---p 0003d000 00:37 5814374                    /l/local/lang/matlab-R2012a/bin/glnxa64/libmwmpath.so
7f449c842000-7f449c845000 rw-p 0003d000 00:37 5814374                    /l/local/lang/matlab-R2012a/bin/glnxa64/libmwmpath.so
7f449c845000-7f449c848000 rw-p 00000000 00:00 0 
7f449c848000-7f449c8fe000 r-xp 00000000 00:37 5814326                    /l/local/lang/matlab-R2012a/bin/glnxa64/libmx.so
7f449c8fe000-7f449cafd000 ---p 000b6000 00:37 5814326                    /l/local/lang/matlab-R2012a/bin/glnxa64/libmx.so
7f449cafd000-7f449cb02000 rw-p 000b5000 00:37 5814326                    /l/local/lang/matlab-R2012a/bin/glnxa64/libmx.so
7f449cb02000-7f449cbe0000 r-xp 00000000 00:37 5814331                    /l/local/lang/matlab-R2012a/bin/glnxa64/libmwfl.so
7f449cbe0000-7f449cddf000 ---p 000de000 00:37 5814331                    /l/local/lang/matlab-R2012a/bin/glnxa64/libmwfl.so
7f449cddf000-7f449cde9000 rw-p 000dd000 00:37 5814331                    /l/local/lang/matlab-R2012a/bin/glnxa64/libmwfl.so
7f449cde9000-7f449cdfa000 rw-p 00000000 00:00 0 
7f449cdfa000-7f449ced0000 r-xp 00000000 00:37 5814325                    /l/local/lang/matlab-R2012a/bin/glnxa64/libut.so
7f449ced0000-7f449d0d0000 ---p 000d6000 00:37 5814325                    /l/local/lang/matlab-R2012a/bin/glnxa64/libut.so
7f449d0d0000-7f449d0dc000 rw-p 000d6000 00:37 5814325                    /l/local/lang/matlab-R2012a/bin/glnxa64/libut.so
7f449d0dc000-7f449d0ef000 rw-p 00000000 00:00 0 
7fffc8615000-7fffc8629000 rwxp 00000000 00:00 0                          [stack]
7fffc8629000-7fffc862b000 rw-p 00000000 00:00 0 
7fffc86b4000-7fffc86b5000 r-xp 00000000 00:00 0                          [vdso]
ffffffffff600000-ffffffffff601000 r-xp 00000000 00:00 0                  [vsyscall]

VM Arguments:
jvm_args: -Xms64m -XX:NewRatio=3 -XX:MaxPermSize=128m -Xmx196m -XX:MaxDirectMemorySize=2147400000 -XX:+AllowUserSignalHandlers -Xrs -Dsun.awt.disableMixing=true -Djava.library.path=/l/local/lang/matlab-R2012a/bin/glnxa64 vfprintf abort -Djava.awt.headless=true -Duser.language=en -Duser.country=US -Dfile.encoding=UTF-8 
java_command: <unknown>
Launcher Type: generic

Environment Variables:
PATH=/n/shokuji/dc/edg/bin:/usr/local/bin:/usr/bin:/bin:/u/metanet/clustering/treetagger/cmd:/u/metanet/clustering/treetagger/bin
LD_LIBRARY_PATH=/l/local/lang/matlab-R2012a/sys/os/glnxa64:/l/local/lang/matlab-R2012a/bin/glnxa64:/l/local/lang/matlab-R2012a/extern/lib/glnxa64:/l/local/lang/matlab-R2012a/runtime/glnxa64:/l/local/lang/matlab-R2012a/sys/java/jre/glnxa64/jre/lib/amd64/native_threads:/l/local/lang/matlab-R2012a/sys/java/jre/glnxa64/jre/lib/amd64/server:/l/local/lang/matlab-R2012a/sys/java/jre/glnxa64/jre/lib/amd64
SHELL=/bin/tcsh
DISPLAY=
HOSTTYPE=x86_64-linux
OSTYPE=linux
ARCH=glnxa64
MACHTYPE=x86_64

Signal Handlers:
SIGSEGV: [libjvm.so+0x6bddc0], sa_mask[0]=0x7ffbfeff, sa_flags=0x10000004
SIGBUS: [libjvm.so+0x6bddc0], sa_mask[0]=0x7ffbfeff, sa_flags=0x10000004
SIGFPE: [libjvm.so+0x594f90], sa_mask[0]=0x7ffbfeff, sa_flags=0x10000004
SIGPIPE: [libjvm.so+0x594f90], sa_mask[0]=0x7ffbfeff, sa_flags=0x10000004
SIGXFSZ: [libjvm.so+0x594f90], sa_mask[0]=0x7ffbfeff, sa_flags=0x10000004
SIGILL: [libjvm.so+0x594f90], sa_mask[0]=0x7ffbfeff, sa_flags=0x10000004
SIGUSR1: SIG_DFL, sa_mask[0]=0x00000000, sa_flags=0x00000000
SIGUSR2: [libjvm.so+0x597750], sa_mask[0]=0x08080002, sa_flags=0x10000004
SIGHUP: SIG_DFL, sa_mask[0]=0x00000000, sa_flags=0x00000000
SIGINT: SIG_DFL, sa_mask[0]=0x00000000, sa_flags=0x00000000
SIGTERM: SIG_DFL, sa_mask[0]=0x00000000, sa_flags=0x00000000
SIGQUIT: [libmwmcr.so+0x131430], sa_mask[0]=0x08080002, sa_flags=0x00000004


---------------  S Y S T E M  ---------------

OS:Red Hat Enterprise Linux Workstation release 6.6 (Santiago)

uname:Linux 2.6.32-504.el6.x86_64 #1 SMP Tue Sep 16 01:56:35 EDT 2014 x86_64
libc:glibc 2.12 NPTL 2.12 
rlimit: STACK 10240k, CORE 0k, NPROC 1024, NOFILE 4096, AS infinity
load average:2.85 0.60 0.19

CPU:total 48 (16 cores per cpu, 2 threads per core) family 6 model 62 stepping 4, cmov, cx8, fxsr, mmx, sse, sse2, sse3, ssse3, sse4.1, sse4.2, ht

Memory: 4k page, physical 198306240k(188421100k free), swap 16777212k(16777212k free)

vm_info: Java HotSpot(TM) 64-Bit Server VM (14.3-b01) for linux-amd64 JRE (1.6.0_17-b04), built on Oct 11 2009 01:08:48 by "java_re" with gcc 3.2.2 (SuSE Linux)

time: Sat Feb  7 12:25:03 2015
elapsed time: 0 seconds

