#
# A fatal error has been detected by the Java Runtime Environment:
#
# java.lang.OutOfMemoryError: Cannot create GC thread. Out of system resources.
#
#  Internal Error (gcTaskThread.cpp:38), pid=43776, tid=139814551869184
#  Error: Cannot create GC thread. Out of system resources.
#
# JRE version: 6.0_17-b04
# Java VM: Java HotSpot(TM) 64-Bit Server VM (14.3-b01 mixed mode linux-amd64 )
# If you would like to submit a bug report, please visit:
#   http://java.sun.com/webapps/bugreport/crash.jsp
#

---------------  T H R E A D  ---------------

Current thread (0x00007f29104a3000):  JavaThread "Unknown thread" [_thread_in_vm, id=44012, stack(0x00007f291c12d000,0x00007f291cb2e000)]

Stack: [0x00007f291c12d000,0x00007f291cb2e000],  sp=0x00007f291cb2bcd0,  free space=10235k
Native frames: (J=compiled Java code, j=interpreted, Vv=VM code, C=native code)
V  [libjvm.so+0x6bd1ef]
V  [libjvm.so+0x2be6c8]
V  [libjvm.so+0x33a2fd]
V  [libjvm.so+0x338e3e]
V  [libjvm.so+0x338bd3]
V  [libjvm.so+0x5a87c7]
V  [libjvm.so+0x697695]
V  [libjvm.so+0x69732a]
V  [libjvm.so+0x377cd0]
V  [libjvm.so+0x67f5af]
V  [libjvm.so+0x3def30]
C  [libmwjmi.so+0x6e029]  _Z9InitSunVMN5boost8optionalIKSt6vectorISsSaISsEEEE+0x1129
C  [libmwjmi.so+0x6eb5f]
C  [libmwjmi.so+0x6eca9]
C  [libmwjmi.so+0x5ceb1]  _Z7mljInitv+0x21
C  [libmwmcr.so+0x106205]
C  [libmwmcr.so+0xf8bf4]
C  [libmwmcr.so+0xf8d97]


---------------  P R O C E S S  ---------------

Java Threads: ( => current thread )

Other Threads:

=>0x00007f29104a3000 (exited) JavaThread "Unknown thread" [_thread_in_vm, id=44012, stack(0x00007f291c12d000,0x00007f291cb2e000)]

VM state:not at safepoint (not fully initialized)

VM Mutex/Monitor currently owned by a thread: None

Dynamic libraries:
00400000-00406000 r-xp 00000000 00:37 5814541                            /l/local/lang/matlab-R2012a/bin/glnxa64/MATLAB
00606000-00607000 rw-p 00006000 00:37 5814541                            /l/local/lang/matlab-R2012a/bin/glnxa64/MATLAB
016dd000-0184b000 rw-p 00000000 00:00 0                                  [heap]
393bc00000-393bc20000 r-xp 00000000 08:01 786466                         /lib64/ld-2.12.so
393be1f000-393be20000 r--p 0001f000 08:01 786466                         /lib64/ld-2.12.so
393be20000-393be21000 rw-p 00020000 08:01 786466                         /lib64/ld-2.12.so
393be21000-393be22000 rw-p 00000000 00:00 0 
393c000000-393c18a000 r-xp 00000000 08:01 809581                         /lib64/libc-2.12.so
393c18a000-393c38a000 ---p 0018a000 08:01 809581                         /lib64/libc-2.12.so
393c38a000-393c38e000 r--p 0018a000 08:01 809581                         /lib64/libc-2.12.so
393c38e000-393c38f000 rw-p 0018e000 08:01 809581                         /lib64/libc-2.12.so
393c38f000-393c394000 rw-p 00000000 00:00 0 
393c400000-393c417000 r-xp 00000000 08:01 809586                         /lib64/libpthread-2.12.so
393c417000-393c617000 ---p 00017000 08:01 809586                         /lib64/libpthread-2.12.so
393c617000-393c618000 r--p 00017000 08:01 809586                         /lib64/libpthread-2.12.so
393c618000-393c619000 rw-p 00018000 08:01 809586                         /lib64/libpthread-2.12.so
393c619000-393c61d000 rw-p 00000000 00:00 0 
393c800000-393c883000 r-xp 00000000 08:01 809582                         /lib64/libm-2.12.so
393c883000-393ca82000 ---p 00083000 08:01 809582                         /lib64/libm-2.12.so
393ca82000-393ca83000 r--p 00082000 08:01 809582                         /lib64/libm-2.12.so
393ca83000-393ca84000 rw-p 00083000 08:01 809582                         /lib64/libm-2.12.so
393cc00000-393cc02000 r-xp 00000000 08:01 809588                         /lib64/libdl-2.12.so
393cc02000-393ce02000 ---p 00002000 08:01 809588                         /lib64/libdl-2.12.so
393ce02000-393ce03000 r--p 00002000 08:01 809588                         /lib64/libdl-2.12.so
393ce03000-393ce04000 rw-p 00003000 08:01 809588                         /lib64/libdl-2.12.so
393d000000-393d015000 r-xp 00000000 08:01 809583                         /lib64/libz.so.1.2.3
393d015000-393d214000 ---p 00015000 08:01 809583                         /lib64/libz.so.1.2.3
393d214000-393d215000 r--p 00014000 08:01 809583                         /lib64/libz.so.1.2.3
393d215000-393d216000 rw-p 00015000 08:01 809583                         /lib64/libz.so.1.2.3
393d400000-393d407000 r-xp 00000000 08:01 809600                         /lib64/librt-2.12.so
393d407000-393d606000 ---p 00007000 08:01 809600                         /lib64/librt-2.12.so
393d606000-393d607000 r--p 00006000 08:01 809600                         /lib64/librt-2.12.so
393d607000-393d608000 rw-p 00007000 08:01 809600                         /lib64/librt-2.12.so
393e400000-393e402000 r-xp 00000000 08:01 918911                         /usr/lib64/libXau.so.6.0.0
393e402000-393e602000 ---p 00002000 08:01 918911                         /usr/lib64/libXau.so.6.0.0
393e602000-393e603000 rw-p 00002000 08:01 918911                         /usr/lib64/libXau.so.6.0.0
393ec00000-393ec1d000 r-xp 00000000 08:01 933788                         /usr/lib64/libxcb.so.1.1.0
393ec1d000-393ee1d000 ---p 0001d000 08:01 933788                         /usr/lib64/libxcb.so.1.1.0
393ee1d000-393ee1e000 rw-p 0001d000 08:01 933788                         /usr/lib64/libxcb.so.1.1.0
393f000000-393f137000 r-xp 00000000 08:01 919430                         /usr/lib64/libX11.so.6.3.0
393f137000-393f337000 ---p 00137000 08:01 919430                         /usr/lib64/libX11.so.6.3.0
393f337000-393f33d000 rw-p 00137000 08:01 919430                         /usr/lib64/libX11.so.6.3.0
393fc00000-393fc11000 r-xp 00000000 08:01 920573                         /usr/lib64/libXext.so.6.4.0
393fc11000-393fe11000 ---p 00011000 08:01 920573                         /usr/lib64/libXext.so.6.4.0
393fe11000-393fe12000 rw-p 00011000 08:01 920573                         /usr/lib64/libXext.so.6.4.0
3943000000-3943004000 r-xp 00000000 08:01 809593                         /lib64/libuuid.so.1.3.0
3943004000-3943203000 ---p 00004000 08:01 809593                         /lib64/libuuid.so.1.3.0
3943203000-3943204000 rw-p 00003000 08:01 809593                         /lib64/libuuid.so.1.3.0
3943800000-3943817000 r-xp 00000000 08:01 920577                         /usr/lib64/libICE.so.6.3.0
3943817000-3943a17000 ---p 00017000 08:01 920577                         /usr/lib64/libICE.so.6.3.0
3943a17000-3943a18000 rw-p 00017000 08:01 920577                         /usr/lib64/libICE.so.6.3.0
3943a18000-3943a1c000 rw-p 00000000 00:00 0 
3943c00000-3943c07000 r-xp 00000000 08:01 920644                         /usr/lib64/libSM.so.6.0.1
3943c07000-3943e07000 ---p 00007000 08:01 920644                         /usr/lib64/libSM.so.6.0.1
3943e07000-3943e08000 rw-p 00007000 08:01 920644                         /usr/lib64/libSM.so.6.0.1
3946000000-3946018000 r-xp 00000000 08:01 919461                         /usr/lib64/libXmu.so.6.2.0
3946018000-3946218000 ---p 00018000 08:01 919461                         /usr/lib64/libXmu.so.6.2.0
3946218000-394621a000 rw-p 00018000 08:01 919461                         /usr/lib64/libXmu.so.6.2.0
394ac00000-394ac1d000 r-xp 00000000 08:01 809594                         /lib64/libtinfo.so.5.7
394ac1d000-394ae1d000 ---p 0001d000 08:01 809594                         /lib64/libtinfo.so.5.7
394ae1d000-394ae21000 rw-p 0001d000 08:01 809594                         /lib64/libtinfo.so.5.7
394c200000-394c207000 r-xp 00000000 08:01 809615                         /lib64/libcrypt-2.12.so
394c207000-394c407000 ---p 00007000 08:01 809615                         /lib64/libcrypt-2.12.so
394c407000-394c408000 r--p 00007000 08:01 809615                         /lib64/libcrypt-2.12.so
394c408000-394c409000 rw-p 00008000 08:01 809615                         /lib64/libcrypt-2.12.so
394c409000-394c437000 rw-p 00000000 00:00 0 
394c600000-394c673000 r-xp 00000000 08:01 809614                         /lib64/libfreebl3.so
394c673000-394c872000 ---p 00073000 08:01 809614                         /lib64/libfreebl3.so
394c872000-394c874000 r--p 00072000 08:01 809614                         /lib64/libfreebl3.so
394c874000-394c875000 rw-p 00074000 08:01 809614                         /lib64/libfreebl3.so
394c875000-394c879000 rw-p 00000000 00:00 0 
394ce00000-394ce16000 r-xp 00000000 08:01 809621                         /lib64/libnsl-2.12.so
394ce16000-394d015000 ---p 00016000 08:01 809621                         /lib64/libnsl-2.12.so
394d015000-394d016000 r--p 00015000 08:01 809621                         /lib64/libnsl-2.12.so
394d016000-394d017000 rw-p 00016000 08:01 809621                         /lib64/libnsl-2.12.so
394d017000-394d019000 rw-p 00000000 00:00 0 
394d200000-394d222000 r-xp 00000000 08:01 809595                         /lib64/libncurses.so.5.7
394d222000-394d421000 ---p 00022000 08:01 809595                         /lib64/libncurses.so.5.7
394d421000-394d422000 rw-p 00021000 08:01 809595                         /lib64/libncurses.so.5.7
3950800000-395085f000 r-xp 00000000 08:01 919305                         /usr/lib64/libXt.so.6.0.0
395085f000-3950a5e000 ---p 0005f000 08:01 919305                         /usr/lib64/libXt.so.6.0.0
3950a5e000-3950a64000 rw-p 0005e000 08:01 919305                         /usr/lib64/libXt.so.6.0.0
3950a64000-3950a65000 rw-p 00000000 00:00 0 
7f2890000000-7f2890021000 rw-p 00000000 00:00 0 
7f2890021000-7f2894000000 ---p 00000000 00:00 0 
7f2894000000-7f2894021000 rw-p 00000000 00:00 0 
7f2894021000-7f2898000000 ---p 00000000 00:00 0 
7f2898000000-7f2898021000 rw-p 00000000 00:00 0 
7f2898021000-7f289c000000 ---p 00000000 00:00 0 
7f289c000000-7f289c021000 rw-p 00000000 00:00 0 
7f289c021000-7f28a0000000 ---p 00000000 00:00 0 
7f28a0000000-7f28a0021000 rw-p 00000000 00:00 0 
7f28a0021000-7f28a4000000 ---p 00000000 00:00 0 
7f28a4000000-7f28a4021000 rw-p 00000000 00:00 0 
7f28a4021000-7f28a8000000 ---p 00000000 00:00 0 
7f28a8000000-7f28a8021000 rw-p 00000000 00:00 0 
7f28a8021000-7f28ac000000 ---p 00000000 00:00 0 
7f28ac000000-7f28ac021000 rw-p 00000000 00:00 0 
7f28ac021000-7f28b0000000 ---p 00000000 00:00 0 
7f28b0000000-7f28b0021000 rw-p 00000000 00:00 0 
7f28b0021000-7f28b4000000 ---p 00000000 00:00 0 
7f28b4000000-7f28b4021000 rw-p 00000000 00:00 0 
7f28b4021000-7f28b8000000 ---p 00000000 00:00 0 
7f28b8000000-7f28b8021000 rw-p 00000000 00:00 0 
7f28b8021000-7f28bc000000 ---p 00000000 00:00 0 
7f28bc000000-7f28bc021000 rw-p 00000000 00:00 0 
7f28bc021000-7f28c0000000 ---p 00000000 00:00 0 
7f28c0000000-7f28c0021000 rw-p 00000000 00:00 0 
7f28c0021000-7f28c4000000 ---p 00000000 00:00 0 
7f28c4000000-7f28c4021000 rw-p 00000000 00:00 0 
7f28c4021000-7f28c8000000 ---p 00000000 00:00 0 
7f28c8000000-7f28c8021000 rw-p 00000000 00:00 0 
7f28c8021000-7f28cc000000 ---p 00000000 00:00 0 
7f28cc000000-7f28cc021000 rw-p 00000000 00:00 0 
7f28cc021000-7f28d0000000 ---p 00000000 00:00 0 
7f28d0000000-7f28d0021000 rw-p 00000000 00:00 0 
7f28d0021000-7f28d4000000 ---p 00000000 00:00 0 
7f28d4000000-7f28d4021000 rw-p 00000000 00:00 0 
7f28d4021000-7f28d8000000 ---p 00000000 00:00 0 
7f28d8000000-7f28d8021000 rw-p 00000000 00:00 0 
7f28d8021000-7f28dc000000 ---p 00000000 00:00 0 
7f28dc000000-7f28dc021000 rw-p 00000000 00:00 0 
7f28dc021000-7f28e0000000 ---p 00000000 00:00 0 
7f28e0000000-7f28e0021000 rw-p 00000000 00:00 0 
7f28e0021000-7f28e4000000 ---p 00000000 00:00 0 
7f28e4000000-7f28e4021000 rw-p 00000000 00:00 0 
7f28e4021000-7f28e8000000 ---p 00000000 00:00 0 
7f28e8000000-7f28e8021000 rw-p 00000000 00:00 0 
7f28e8021000-7f28ec000000 ---p 00000000 00:00 0 
7f28efc00000-7f28f10c0000 rwxp 00000000 00:00 0 
7f28f10c0000-7f28f7c00000 rwxp 00000000 00:00 0 
7f28f7c00000-7f28fac00000 rwxp 00000000 00:00 0 
7f28fac00000-7f2900f00000 rwxp 00000000 00:00 0 
7f2900f00000-7f2901f00000 rwxp 00000000 00:00 0 
7f2901f00000-7f2904000000 rwxp 00000000 00:00 0 
7f2904000000-7f2904021000 rw-p 00000000 00:00 0 
7f2904021000-7f2908000000 ---p 00000000 00:00 0 
7f29084f5000-7f29084f6000 ---p 00000000 00:00 0 
7f29084f6000-7f29085f6000 rwxp 00000000 00:00 0 
7f29085f6000-7f29085f7000 ---p 00000000 00:00 0 
7f29085f7000-7f29086f7000 rwxp 00000000 00:00 0 
7f29086f7000-7f29086f8000 ---p 00000000 00:00 0 
7f29086f8000-7f29087f8000 rwxp 00000000 00:00 0 
7f29087f8000-7f29087f9000 ---p 00000000 00:00 0 
7f29087f9000-7f29088f9000 rwxp 00000000 00:00 0 
7f29088f9000-7f29088fa000 ---p 00000000 00:00 0 
7f29088fa000-7f29089fa000 rwxp 00000000 00:00 0 
7f29089fa000-7f29089fb000 ---p 00000000 00:00 0 
7f29089fb000-7f2908afb000 rwxp 00000000 00:00 0 
7f2908afb000-7f2908afc000 ---p 00000000 00:00 0 
7f2908afc000-7f2908bfc000 rwxp 00000000 00:00 0 
7f2908bfc000-7f2908bfd000 ---p 00000000 00:00 0 
7f2908bfd000-7f2908cfd000 rwxp 00000000 00:00 0 
7f2908cfd000-7f2908cfe000 ---p 00000000 00:00 0 
7f2908cfe000-7f2908dfe000 rwxp 00000000 00:00 0 
7f2908dfe000-7f2908dff000 ---p 00000000 00:00 0 
7f2908dff000-7f2908eff000 rwxp 00000000 00:00 0 
7f2908eff000-7f2908f00000 ---p 00000000 00:00 0 
7f2908f00000-7f2909270000 rwxp 00000000 00:00 0 
7f2909270000-7f290c000000 rwxp 00000000 00:00 0 
7f290c000000-7f290c021000 rw-p 00000000 00:00 0 
7f290c021000-7f2910000000 ---p 00000000 00:00 0 
7f2910000000-7f2910557000 rw-p 00000000 00:00 0 
7f2910557000-7f2914000000 ---p 00000000 00:00 0 
7f291405a000-7f291405b000 ---p 00000000 00:00 0 
7f291405b000-7f291415b000 rwxp 00000000 00:00 0 
7f291415b000-7f291415c000 ---p 00000000 00:00 0 
7f291415c000-7f291425c000 rwxp 00000000 00:00 0 
7f291425c000-7f291425d000 ---p 00000000 00:00 0 
7f291425d000-7f291435d000 rwxp 00000000 00:00 0 
7f291435d000-7f291435e000 ---p 00000000 00:00 0 
7f291435e000-7f291445e000 rwxp 00000000 00:00 0 
7f291445e000-7f291445f000 ---p 00000000 00:00 0 
7f291445f000-7f291455f000 rwxp 00000000 00:00 0 
7f291455f000-7f2914560000 ---p 00000000 00:00 0 
7f2914560000-7f2914660000 rwxp 00000000 00:00 0 
7f2914660000-7f2914661000 ---p 00000000 00:00 0 
7f2914661000-7f2914761000 rwxp 00000000 00:00 0 
7f2914761000-7f2914762000 ---p 00000000 00:00 0 
7f2914762000-7f2914862000 rwxp 00000000 00:00 0 
7f2914862000-7f2914863000 ---p 00000000 00:00 0 
7f2914863000-7f2914963000 rwxp 00000000 00:00 0 
7f2914963000-7f2914964000 ---p 00000000 00:00 0 
7f2914964000-7f2914a64000 rwxp 00000000 00:00 0 
7f2914a64000-7f2914a65000 ---p 00000000 00:00 0 
7f2914a65000-7f2914b65000 rwxp 00000000 00:00 0 
7f2914b65000-7f2914b66000 ---p 00000000 00:00 0 
7f2914b66000-7f2914c66000 rwxp 00000000 00:00 0 
7f2914c66000-7f2914c67000 ---p 00000000 00:00 0 
7f2914c67000-7f2914d67000 rwxp 00000000 00:00 0 
7f2914d67000-7f2914d68000 ---p 00000000 00:00 0 
7f2914d68000-7f2914e73000 rwxp 00000000 00:00 0 
7f2914e73000-7f2914ea8000 rwxp 00000000 00:00 0 
7f2914ea8000-7f2914ec0000 rwxp 00000000 00:00 0 
7f2914ec0000-7f2914ef2000 rwxp 00000000 00:00 0 
7f2914ef2000-7f2914efd000 rwxp 00000000 00:00 0 
7f2914efd000-7f2914f32000 rwxp 00000000 00:00 0 
7f2914f32000-7f2914f4a000 rwxp 00000000 00:00 0 
7f2914f4a000-7f2914f7b000 rwxp 00000000 00:00 0 
7f2914f7b000-7f2914f84000 rwxp 00000000 00:00 0 
7f2914f84000-7f2914f94000 rwxp 00000000 00:00 0 
7f2914f94000-7f2914f9f000 rwxp 00000000 00:00 0 
7f2914f9f000-7f2915055000 rwxp 00000000 00:00 0 
7f2915055000-7f2915063000 r-xp 00000000 00:37 5919882                    /l/local/lang/matlab-R2012a/sys/java/jre/glnxa64/jre/lib/amd64/libzip.so
7f2915063000-7f2915165000 ---p 0000e000 00:37 5919882                    /l/local/lang/matlab-R2012a/sys/java/jre/glnxa64/jre/lib/amd64/libzip.so
7f2915165000-7f2915168000 rw-p 00010000 00:37 5919882                    /l/local/lang/matlab-R2012a/sys/java/jre/glnxa64/jre/lib/amd64/libzip.so
7f2915168000-7f2915169000 rw-p 00000000 00:00 0 
7f2915169000-7f2915170000 r-xp 00000000 00:37 5919894                    /l/local/lang/matlab-R2012a/sys/java/jre/glnxa64/jre/lib/amd64/native_threads/libhpi.so
7f2915170000-7f2915271000 ---p 00007000 00:37 5919894                    /l/local/lang/matlab-R2012a/sys/java/jre/glnxa64/jre/lib/amd64/native_threads/libhpi.so
7f2915271000-7f2915273000 rw-p 00008000 00:37 5919894                    /l/local/lang/matlab-R2012a/sys/java/jre/glnxa64/jre/lib/amd64/native_threads/libhpi.so
7f2915273000-7f2915274000 rw-p 00000000 00:00 0 
7f2915274000-7f2915275000 ---p 00000000 00:00 0 
7f2915275000-7f2915c75000 rwxp 00000000 00:00 0 
7f2915c75000-7f2915c76000 ---p 00000000 00:00 0 
7f2915c76000-7f2916676000 rwxp 00000000 00:00 0 
7f2916676000-7f2916680000 r-xp 00000000 08:01 786465                     /lib64/libnss_nis-2.12.so
7f2916680000-7f291687f000 ---p 0000a000 08:01 786465                     /lib64/libnss_nis-2.12.so
7f291687f000-7f2916880000 r--p 00009000 08:01 786465                     /lib64/libnss_nis-2.12.so
7f2916880000-7f2916881000 rw-p 0000a000 08:01 786465                     /lib64/libnss_nis-2.12.so
7f2916881000-7f291688d000 r-xp 00000000 08:01 786461                     /lib64/libnss_files-2.12.so
7f291688d000-7f2916a8d000 ---p 0000c000 08:01 786461                     /lib64/libnss_files-2.12.so
7f2916a8d000-7f2916a8e000 r--p 0000c000 08:01 786461                     /lib64/libnss_files-2.12.so
7f2916a8e000-7f2916a8f000 rw-p 0000d000 08:01 786461                     /lib64/libnss_files-2.12.so
7f2916abd000-7f291721b000 r-xp 00000000 00:37 5919876                    /l/local/lang/matlab-R2012a/sys/java/jre/glnxa64/jre/lib/amd64/server/libjvm.so
7f291721b000-7f291731a000 ---p 0075e000 00:37 5919876                    /l/local/lang/matlab-R2012a/sys/java/jre/glnxa64/jre/lib/amd64/server/libjvm.so
7f291731a000-7f2917492000 rw-p 0075d000 00:37 5919876                    /l/local/lang/matlab-R2012a/sys/java/jre/glnxa64/jre/lib/amd64/server/libjvm.so
7f2917492000-7f29174d0000 rw-p 00000000 00:00 0 
7f29174d0000-7f29174f9000 r-xp 00000000 00:37 5919885                    /l/local/lang/matlab-R2012a/sys/java/jre/glnxa64/jre/lib/amd64/libjava.so
7f29174f9000-7f29175f8000 ---p 00029000 00:37 5919885                    /l/local/lang/matlab-R2012a/sys/java/jre/glnxa64/jre/lib/amd64/libjava.so
7f29175f8000-7f29175ff000 rw-p 00028000 00:37 5919885                    /l/local/lang/matlab-R2012a/sys/java/jre/glnxa64/jre/lib/amd64/libjava.so
7f29175ff000-7f2917600000 ---p 00000000 00:00 0 
7f2917600000-7f2918000000 rwxp 00000000 00:00 0 
7f2918000000-7f2918021000 rw-p 00000000 00:00 0 
7f2918021000-7f291c000000 ---p 00000000 00:00 0 
7f291c016000-7f291c01e000 rw-s 00000000 08:03 258566                     /tmp/hsperfdata_edg/43776
7f291c01e000-7f291c02b000 r-xp 00000000 00:37 5919895                    /l/local/lang/matlab-R2012a/sys/java/jre/glnxa64/jre/lib/amd64/libverify.so
7f291c02b000-7f291c12a000 ---p 0000d000 00:37 5919895                    /l/local/lang/matlab-R2012a/sys/java/jre/glnxa64/jre/lib/amd64/libverify.so
7f291c12a000-7f291c12d000 rw-p 0000c000 00:37 5919895                    /l/local/lang/matlab-R2012a/sys/java/jre/glnxa64/jre/lib/amd64/libverify.so
7f291c12d000-7f291c130000 ---p 00000000 00:00 0 
7f291c130000-7f291cb2e000 rwxp 00000000 00:00 0 
7f291cb2e000-7f291cc2e000 rw-p 00000000 00:00 0 
7f291cc2e000-7f291cc2f000 ---p 00000000 00:00 0 
7f291cc2f000-7f291d3ff000 rwxp 00000000 00:00 0 
7f291d3ff000-7f291d401000 r-xp 00000000 00:37 5814388                    /l/local/lang/matlab-R2012a/bin/glnxa64/mklcompat.so
7f291d401000-7f291d600000 ---p 00002000 00:37 5814388                    /l/local/lang/matlab-R2012a/bin/glnxa64/mklcompat.so
7f291d600000-7f291d601000 rw-p 00001000 00:37 5814388                    /l/local/lang/matlab-R2012a/bin/glnxa64/mklcompat.so
7f291d601000-7f291d6c0000 r-xp 00000000 00:37 5913616                    /l/local/lang/matlab-R2012a/sys/os/glnxa64/libiomp5.so
7f291d6c0000-7f291d8bf000 ---p 000bf000 00:37 5913616                    /l/local/lang/matlab-R2012a/sys/os/glnxa64/libiomp5.so
7f291d8bf000-7f291d8c8000 rw-p 000be000 00:37 5913616                    /l/local/lang/matlab-R2012a/sys/os/glnxa64/libiomp5.so
7f291d8c8000-7f291d8cf000 rw-p 00000000 00:00 0 
7f291d8cf000-7f291f75a000 r-xp 00000000 00:37 5814355                    /l/local/lang/matlab-R2012a/bin/glnxa64/mkl.so
7f291f75a000-7f291f95a000 ---p 01e8b000 00:37 5814355                    /l/local/lang/matlab-R2012a/bin/glnxa64/mkl.so
7f291f95a000-7f291f99c000 rw-p 01e8b000 00:37 5814355                    /l/local/lang/matlab-R2012a/bin/glnxa64/mkl.so
7f291f99c000-7f291f9a1000 rw-p 00000000 00:00 0 
7f291f9a1000-7f2925831000 r--p 00000000 08:01 997894                     /usr/lib/locale/locale-archive
7f2925831000-7f2925839000 rw-p 00000000 00:00 0 
7f2925839000-7f292583f000 r-xp 00000000 00:37 5814345                    /l/local/lang/matlab-R2012a/bin/glnxa64/libmwcolamd.so
7f292583f000-7f2925a3e000 ---p 00006000 00:37 5814345                    /l/local/lang/matlab-R2012a/bin/glnxa64/libmwcolamd.so
7f2925a3e000-7f2925a3f000 rw-p 00005000 00:37 5814345                    /l/local/lang/matlab-R2012a/bin/glnxa64/libmwcolamd.so
7f2925a3f000-7f2925a47000 r-xp 00000000 00:37 5814332                    /l/local/lang/matlab-R2012a/bin/glnxa64/libmwamd.so
7f2925a47000-7f2925c46000 ---p 00008000 00:37 5814332                    /l/local/lang/matlab-R2012a/bin/glnxa64/libmwamd.so
7f2925c46000-7f2925c47000 rw-p 00007000 00:37 5814332                    /l/local/lang/matlab-R2012a/bin/glnxa64/libmwamd.so
7f2925c47000-7f2925c48000 rw-p 00000000 00:00 0 
7f2925c48000-7f2925c8a000 r-xp 00000000 00:37 5814346                    /l/local/lang/matlab-R2012a/bin/glnxa64/libmwcholmod.so
7f2925c8a000-7f2925e8a000 ---p 00042000 00:37 5814346                    /l/local/lang/matlab-R2012a/bin/glnxa64/libmwcholmod.so
7f2925e8a000-7f2925e8b000 rw-p 00042000 00:37 5814346                    /l/local/lang/matlab-R2012a/bin/glnxa64/libmwcholmod.so
7f2925e8b000-7f2925e8c000 rw-p 00000000 00:00 0 
7f2925e8c000-7f2925e9e000 r-xp 00000000 00:37 5814397                    /l/local/lang/matlab-R2012a/bin/glnxa64/libmwblas.so
7f2925e9e000-7f292609d000 ---p 00012000 00:37 5814397                    /l/local/lang/matlab-R2012a/bin/glnxa64/libmwblas.so
7f292609d000-7f292609f000 rw-p 00011000 00:37 5814397                    /l/local/lang/matlab-R2012a/bin/glnxa64/libmwblas.so
7f292609f000-7f29260a1000 rw-p 00000000 00:00 0 
7f29260a1000-7f29260a5000 r-xp 00000000 00:37 5814372                    /l/local/lang/matlab-R2012a/bin/glnxa64/libmwompwrapper.so
7f29260a5000-7f29262a4000 ---p 00004000 00:37 5814372                    /l/local/lang/matlab-R2012a/bin/glnxa64/libmwompwrapper.so
7f29262a4000-7f29262a5000 rw-p 00003000 00:37 5814372                    /l/local/lang/matlab-R2012a/bin/glnxa64/libmwompwrapper.so
7f29262a5000-7f29262ae000 r-xp 00000000 00:37 5814365                    /l/local/lang/matlab-R2012a/bin/glnxa64/libmwbinder.so
7f29262ae000-7f29264ad000 ---p 00009000 00:37 5814365                    /l/local/lang/matlab-R2012a/bin/glnxa64/libmwbinder.so
7f29264ad000-7f29264ae000 rw-p 00008000 00:37 5814365                    /l/local/lang/matlab-R2012a/bin/glnxa64/libmwbinder.so
7f29264ae000-7f29264af000 rw-p 00000000 00:00 0 
7f29264af000-7f2926572000 r-xp 00000000 00:37 5814406                    /l/local/lang/matlab-R2012a/bin/glnxa64/libmwmathcore.so
7f2926572000-7f2926771000 ---p 000c3000 00:37 5814406                    /l/local/lang/matlab-R2012a/bin/glnxa64/libmwmathcore.so
7f2926771000-7f2926776000 rw-p 000c2000 00:37 5814406                    /l/local/lang/matlab-R2012a/bin/glnxa64/libmwmathcore.so
7f2926776000-7f2926777000 rw-p 00000000 00:00 0 
7f2926777000-7f29269fc000 r-xp 00000000 00:37 5814318                    /l/local/lang/matlab-R2012a/bin/glnxa64/libhdf5.so.6.0.5
7f29269fc000-7f2926bfc000 ---p 00285000 00:37 5814318                    /l/local/lang/matlab-R2012a/bin/glnxa64/libhdf5.so.6.0.5
7f2926bfc000-7f2926c07000 rw-p 00285000 00:37 5814318                    /l/local/lang/matlab-R2012a/bin/glnxa64/libhdf5.so.6.0.5
7f2926c07000-7f2926c08000 rw-p 00000000 00:00 0 
7f2926c08000-7f2926c23000 r-xp 00000000 00:37 5814319                    /l/local/lang/matlab-R2012a/bin/glnxa64/libhdf5_hl.so.6.0.5
7f2926c23000-7f2926e22000 ---p 0001b000 00:37 5814319                    /l/local/lang/matlab-R2012a/bin/glnxa64/libhdf5_hl.so.6.0.5
7f2926e22000-7f2926e23000 rw-p 0001a000 00:37 5814319                    /l/local/lang/matlab-R2012a/bin/glnxa64/libhdf5_hl.so.6.0.5
7f2926e23000-7f2926e36000 rw-p 00000000 00:00 0 
7f2926e36000-7f29270b7000 r-xp 00000000 00:37 5913612                    /l/local/lang/matlab-R2012a/sys/os/glnxa64/libXm.so.3.0.2
7f29270b7000-7f29272b7000 ---p 00281000 00:37 5913612                    /l/local/lang/matlab-R2012a/sys/os/glnxa64/libXm.so.3.0.2
7f29272b7000-7f29272e1000 rw-p 00281000 00:37 5913612                    /l/local/lang/matlab-R2012a/sys/os/glnxa64/libXm.so.3.0.2
7f29272e1000-7f29272e2000 rw-p 00000000 00:00 0 
7f29272e2000-7f29272ef000 r-xp 00000000 00:37 5814399                    /l/local/lang/matlab-R2012a/bin/glnxa64/libmwgbt.so
7f29272ef000-7f29274ef000 ---p 0000d000 00:37 5814399                    /l/local/lang/matlab-R2012a/bin/glnxa64/libmwgbt.so
7f29274ef000-7f29274f0000 rw-p 0000d000 00:37 5814399                    /l/local/lang/matlab-R2012a/bin/glnxa64/libmwgbt.so
7f29274f0000-7f29274f1000 rw-p 00000000 00:00 0 
7f29274f1000-7f2927522000 r-xp 00000000 00:37 5814373                    /l/local/lang/matlab-R2012a/bin/glnxa64/libmwgbtutils.so
7f2927522000-7f2927721000 ---p 00031000 00:37 5814373                    /l/local/lang/matlab-R2012a/bin/glnxa64/libmwgbtutils.so
7f2927721000-7f2927727000 rw-p 00030000 00:37 5814373                    /l/local/lang/matlab-R2012a/bin/glnxa64/libmwgbtutils.so
7f2927727000-7f29277d8000 r-xp 00000000 00:37 5814390                    /l/local/lang/matlab-R2012a/bin/glnxa64/libmwlapack.so
7f29277d8000-7f29279d7000 ---p 000b1000 00:37 5814390                    /l/local/lang/matlab-R2012a/bin/glnxa64/libmwlapack.so
7f29279d7000-7f29279e1000 rw-p 000b0000 00:37 5814390                    /l/local/lang/matlab-R2012a/bin/glnxa64/libmwlapack.so
7f29279e1000-7f2927c31000 r-xp 00000000 00:37 5814380                    /l/local/lang/matlab-R2012a/bin/glnxa64/libmwhgdatatypes.so
7f2927c31000-7f2927e30000 ---p 00250000 00:37 5814380                    /l/local/lang/matlab-R2012a/bin/glnxa64/libmwhgdatatypes.so
7f2927e30000-7f2927e4d000 rw-p 0024f000 00:37 5814380                    /l/local/lang/matlab-R2012a/bin/glnxa64/libmwhgdatatypes.so
7f2927e4d000-7f2927e4f000 rw-p 00000000 00:00 0 
7f2927e4f000-7f2927e80000 r-xp 00000000 00:37 5814426                    /l/local/lang/matlab-R2012a/bin/glnxa64/libmwhardcopy.so
7f2927e80000-7f292807f000 ---p 00031000 00:37 5814426                    /l/local/lang/matlab-R2012a/bin/glnxa64/libmwhardcopy.so
7f292807f000-7f2928082000 rw-p 00030000 00:37 5814426                    /l/local/lang/matlab-R2012a/bin/glnxa64/libmwhardcopy.so
7f2928082000-7f2928092000 r-xp 00000000 00:37 5814403                    /l/local/lang/matlab-R2012a/bin/glnxa64/libmwgraphics_util.so
7f2928092000-7f2928291000 ---p 00010000 00:37 5814403                    /l/local/lang/matlab-R2012a/bin/glnxa64/libmwgraphics_util.so
7f2928291000-7f2928293000 rw-p 0000f000 00:37 5814403                    /l/local/lang/matlab-R2012a/bin/glnxa64/libmwgraphics_util.so
7f2928293000-7f2928294000 rw-p 00000000 00:00 0 
7f2928294000-7f29282a9000 r-xp 00000000 00:37 5814395                    /l/local/lang/matlab-R2012a/bin/glnxa64/libmwir_xfmr.so
7f29282a9000-7f29284a9000 ---p 00015000 00:37 5814395                    /l/local/lang/matlab-R2012a/bin/glnxa64/libmwir_xfmr.so
7f29284a9000-7f29284aa000 rw-p 00015000 00:37 5814395                    /l/local/lang/matlab-R2012a/bin/glnxa64/libmwir_xfmr.so
7f29284aa000-7f29284ac000 rw-p 00000000 00:00 0 
7f29284ac000-7f2928517000 r-xp 00000000 00:37 5814381                    /l/local/lang/matlab-R2012a/bin/glnxa64/libmwspmatrix.so
7f2928517000-7f2928717000 ---p 0006b000 00:37 5814381                    /l/local/lang/matlab-R2012a/bin/glnxa64/libmwspmatrix.so
7f2928717000-7f2928718000 rw-p 0006b000 00:37 5814381                    /l/local/lang/matlab-R2012a/bin/glnxa64/libmwspmatrix.so
7f2928718000-7f2928719000 rw-p 00000000 00:00 0 
7f2928719000-7f292873e000 r-xp 00000000 00:37 5814392                    /l/local/lang/matlab-R2012a/bin/glnxa64/libmwm_pcodegen.so
7f292873e000-7f292893e000 ---p 00025000 00:37 5814392                    /l/local/lang/matlab-R2012a/bin/glnxa64/libmwm_pcodegen.so
7f292893e000-7f2928940000 rw-p 00025000 00:37 5814392                    /l/local/lang/matlab-R2012a/bin/glnxa64/libmwm_pcodegen.so
7f2928940000-7f2928959000 r-xp 00000000 00:37 5814417                    /l/local/lang/matlab-R2012a/bin/glnxa64/libmwm_pcodeio.so
7f2928959000-7f2928b58000 ---p 00019000 00:37 5814417                    /l/local/lang/matlab-R2012a/bin/glnxa64/libmwm_pcodeio.so
7f2928b58000-7f2928b5a000 rw-p 00018000 00:37 5814417                    /l/local/lang/matlab-R2012a/bin/glnxa64/libmwm_pcodeio.so
7f2928b5a000-7f2928b6a000 r-xp 00000000 00:37 5814367                    /l/local/lang/matlab-R2012a/bin/glnxa64/libmwmlib.so
7f2928b6a000-7f2928d6a000 ---p 00010000 00:37 5814367                    /l/local/lang/matlab-R2012a/bin/glnxa64/libmwmlib.so
7f2928d6a000-7f2928d6c000 rw-p 00010000 00:37 5814367                    /l/local/lang/matlab-R2012a/bin/glnxa64/libmwmlib.so
7f2928d6c000-7f2928d6d000 rw-p 00000000 00:00 0 
7f2928d6d000-7f2928d96000 r-xp 00000000 00:37 5814411                    /l/local/lang/matlab-R2012a/bin/glnxa64/libmwmathrng.so
7f2928d96000-7f2928f95000 ---p 00029000 00:37 5814411                    /l/local/lang/matlab-R2012a/bin/glnxa64/libmwmathrng.so
7f2928f95000-7f2928f97000 rw-p 00028000 00:37 5814411                    /l/local/lang/matlab-R2012a/bin/glnxa64/libmwmathrng.so
7f2928f97000-7f2928f99000 rw-p 00000000 00:00 0 
7f2928f99000-7f292904e000 r-xp 00000000 00:37 5814382                    /l/local/lang/matlab-R2012a/bin/glnxa64/libmwmathutil.so
7f292904e000-7f292924d000 ---p 000b5000 00:37 5814382                    /l/local/lang/matlab-R2012a/bin/glnxa64/libmwmathutil.so
7f292924d000-7f292924e000 rw-p 000b4000 00:37 5814382                    /l/local/lang/matlab-R2012a/bin/glnxa64/libmwmathutil.so
7f292924e000-7f292928a000 r-xp 00000000 00:37 5814424                    /l/local/lang/matlab-R2012a/bin/glnxa64/libmwprofiler.so
7f292928a000-7f2929489000 ---p 0003c000 00:37 5814424                    /l/local/lang/matlab-R2012a/bin/glnxa64/libmwprofiler.so
7f2929489000-7f292948c000 rw-p 0003b000 00:37 5814424                    /l/local/lang/matlab-R2012a/bin/glnxa64/libmwprofiler.so
7f292948c000-7f292948d000 rw-p 00000000 00:00 0 
7f292948d000-7f29294d7000 r-xp 00000000 00:37 5814328                    /l/local/lang/matlab-R2012a/bin/glnxa64/libmat.so
7f29294d7000-7f29296d7000 ---p 0004a000 00:37 5814328                    /l/local/lang/matlab-R2012a/bin/glnxa64/libmat.so
7f29296d7000-7f29296db000 rw-p 0004a000 00:37 5814328                    /l/local/lang/matlab-R2012a/bin/glnxa64/libmat.so
7f29296db000-7f2929a93000 r-xp 00000000 00:37 5814364                    /l/local/lang/matlab-R2012a/bin/glnxa64/libxerces-c.so.27.0
7f2929a93000-7f2929c92000 ---p 003b8000 00:37 5814364                    /l/local/lang/matlab-R2012a/bin/glnxa64/libxerces-c.so.27.0
7f2929c92000-7f2929cd6000 rw-p 003b7000 00:37 5814364                    /l/local/lang/matlab-R2012a/bin/glnxa64/libxerces-c.so.27.0
7f2929cd6000-7f2929cd8000 rw-p 00000000 00:00 0 
7f2929cd8000-7f2929d4a000 r-xp 00000000 00:37 5814391                    /l/local/lang/matlab-R2012a/bin/glnxa64/libmwxmlcore.so
7f2929d4a000-7f2929f49000 ---p 00072000 00:37 5814391                    /l/local/lang/matlab-R2012a/bin/glnxa64/libmwxmlcore.so
7f2929f49000-7f2929f51000 rw-p 00071000 00:37 5814391                    /l/local/lang/matlab-R2012a/bin/glnxa64/libmwxmlcore.so
7f2929f51000-7f2929f52000 rw-p 00000000 00:00 0 
7f2929f52000-7f2929f67000 r-xp 00000000 00:37 5814304                    /l/local/lang/matlab-R2012a/bin/glnxa64/libboost_iostreams.so.1.44.0
7f2929f67000-7f292a167000 ---p 00015000 00:37 5814304                    /l/local/lang/matlab-R2012a/bin/glnxa64/libboost_iostreams.so.1.44.0
7f292a167000-7f292a169000 rw-p 00015000 00:37 5814304                    /l/local/lang/matlab-R2012a/bin/glnxa64/libboost_iostreams.so.1.44.0
7f292a169000-7f292a16a000 rw-p 00000000 00:00 0 
7f292a16a000-7f292a2e0000 r-xp 00000000 00:37 5814422                    /l/local/lang/matlab-R2012a/bin/glnxa64/libmwuix.so
7f292a2e0000-7f292a4e0000 ---p 00176000 00:37 5814422                    /l/local/lang/matlab-R2012a/bin/glnxa64/libmwuix.so
7f292a4e0000-7f292a4f5000 rw-p 00176000 00:37 5814422                    /l/local/lang/matlab-R2012a/bin/glnxa64/libmwuix.so
7f292a4f5000-7f292a4fa000 rw-p 00000000 00:00 0 
7f292a4fa000-7f292a55a000 r-xp 00000000 00:37 5814402                    /l/local/lang/matlab-R2012a/bin/glnxa64/libmwm_ir.so
7f292a55a000-7f292a759000 ---p 00060000 00:37 5814402                    /l/local/lang/matlab-R2012a/bin/glnxa64/libmwm_ir.so
7f292a759000-7f292a762000 rw-p 0005f000 00:37 5814402                    /l/local/lang/matlab-R2012a/bin/glnxa64/libmwm_ir.so
7f292a762000-7f292a767000 r-xp 00000000 00:37 5814423                    /l/local/lang/matlab-R2012a/bin/glnxa64/libmwuinone.so
7f292a767000-7f292a967000 ---p 00005000 00:37 5814423                    /l/local/lang/matlab-R2012a/bin/glnxa64/libmwuinone.so
7f292a967000-7f292a968000 rw-p 00005000 00:37 5814423                    /l/local/lang/matlab-R2012a/bin/glnxa64/libmwuinone.so
7f292a968000-7f292a969000 rw-p 00000000 00:00 0 
7f292a969000-7f292aa12000 r-xp 00000000 00:37 5814428                    /l/local/lang/matlab-R2012a/bin/glnxa64/libmwudd_mi.so
7f292aa12000-7f292ac12000 ---p 000a9000 00:37 5814428                    /l/local/lang/matlab-R2012a/bin/glnxa64/libmwudd_mi.so
7f292ac12000-7f292ac1e000 rw-p 000a9000 00:37 5814428                    /l/local/lang/matlab-R2012a/bin/glnxa64/libmwudd_mi.so
7f292ac1e000-7f292ac1f000 rw-p 00000000 00:00 0 
7f292ac1f000-7f292ac64000 r-xp 00000000 00:37 5814398                    /l/local/lang/matlab-R2012a/bin/glnxa64/libuij.so
7f292ac64000-7f292ae64000 ---p 00045000 00:37 5814398                    /l/local/lang/matlab-R2012a/bin/glnxa64/libuij.so
7f292ae64000-7f292ae67000 rw-p 00045000 00:37 5814398                    /l/local/lang/matlab-R2012a/bin/glnxa64/libuij.so
7f292ae67000-7f292af80000 r-xp 00000000 00:37 5814407                    /l/local/lang/matlab-R2012a/bin/glnxa64/libmwhgutils.so
7f292af80000-7f292b17f000 ---p 00119000 00:37 5814407                    /l/local/lang/matlab-R2012a/bin/glnxa64/libmwhgutils.so
7f292b17f000-7f292b195000 rw-p 00118000 00:37 5814407                    /l/local/lang/matlab-R2012a/bin/glnxa64/libmwhgutils.so
7f292b195000-7f292b196000 rw-p 00000000 00:00 0 
7f292b196000-7f292bef5000 r-xp 00000000 00:37 5814366                    /l/local/lang/matlab-R2012a/bin/glnxa64/libmwhg.so
7f292bef5000-7f292c0f4000 ---p 00d5f000 00:37 5814366                    /l/local/lang/matlab-R2012a/bin/glnxa64/libmwhg.so
7f292c0f4000-7f292c20a000 rw-p 00d5e000 00:37 5814366                    /l/local/lang/matlab-R2012a/bin/glnxa64/libmwhg.so
7f292c20a000-7f292c217000 rw-p 00000000 00:00 0 
7f292c217000-7f292c329000 r-xp 00000000 00:37 5814386                    /l/local/lang/matlab-R2012a/bin/glnxa64/libmwgui.so
7f292c329000-7f292c528000 ---p 00112000 00:37 5814386                    /l/local/lang/matlab-R2012a/bin/glnxa64/libmwgui.so
7f292c528000-7f292c564000 rw-p 00111000 00:37 5814386                    /l/local/lang/matlab-R2012a/bin/glnxa64/libmwgui.so
7f292c564000-7f292c565000 rw-p 00000000 00:00 0 
7f292c565000-7f292c7d4000 r-xp 00000000 00:37 5814408                    /l/local/lang/matlab-R2012a/bin/glnxa64/libmwmcos.so
7f292c7d4000-7f292c9d4000 ---p 0026f000 00:37 5814408                    /l/local/lang/matlab-R2012a/bin/glnxa64/libmwmcos.so
7f292c9d4000-7f292c9fe000 rw-p 0026f000 00:37 5814408                    /l/local/lang/matlab-R2012a/bin/glnxa64/libmwmcos.so
7f292c9fe000-7f292c9ff000 rw-p 00000000 00:00 0 
7f292c9ff000-7f292ca06000 r-xp 00000000 00:37 5814393                    /l/local/lang/matlab-R2012a/bin/glnxa64/libmwmtok.so
7f292ca06000-7f292cc06000 ---p 00007000 00:37 5814393                    /l/local/lang/matlab-R2012a/bin/glnxa64/libmwmtok.so
7f292cc06000-7f292cc07000 rw-p 00007000 00:37 5814393                    /l/local/lang/matlab-R2012a/bin/glnxa64/libmwmtok.so
7f292cc07000-7f292cc8c000 r-xp 00000000 00:37 5814371                    /l/local/lang/matlab-R2012a/bin/glnxa64/libmwmlint.so
7f292cc8c000-7f292ce8b000 ---p 00085000 00:37 5814371                    /l/local/lang/matlab-R2012a/bin/glnxa64/libmwmlint.so
7f292ce8b000-7f292ce93000 rw-p 00084000 00:37 5814371                    /l/local/lang/matlab-R2012a/bin/glnxa64/libmwmlint.so
7f292ce93000-7f292ce95000 rw-p 00000000 00:00 0 
7f292ce95000-7f292cf79000 r-xp 00000000 00:37 5814383                    /l/local/lang/matlab-R2012a/bin/glnxa64/libmwudd.so
7f292cf79000-7f292d179000 ---p 000e4000 00:37 5814383                    /l/local/lang/matlab-R2012a/bin/glnxa64/libmwudd.so
7f292d179000-7f292d190000 rw-p 000e4000 00:37 5814383                    /l/local/lang/matlab-R2012a/bin/glnxa64/libmwudd.so
7f292d190000-7f292d193000 rw-p 00000000 00:00 0 
7f292d193000-7f292d3ff000 r-xp 00000000 00:37 5814387                    /l/local/lang/matlab-R2012a/bin/glnxa64/libmwm_parser.so
7f292d3ff000-7f292d5ff000 ---p 0026c000 00:37 5814387                    /l/local/lang/matlab-R2012a/bin/glnxa64/libmwm_parser.so
7f292d5ff000-7f292daa1000 rw-p 0026c000 00:37 5814387                    /l/local/lang/matlab-R2012a/bin/glnxa64/libmwm_parser.so
7f292daa1000-7f292dac1000 r-xp 00000000 00:37 5814415                    /l/local/lang/matlab-R2012a/bin/glnxa64/libmex.so
7f292dac1000-7f292dcc1000 ---p 00020000 00:37 5814415                    /l/local/lang/matlab-R2012a/bin/glnxa64/libmex.so
7f292dcc1000-7f292dcc3000 rw-p 00020000 00:37 5814415                    /l/local/lang/matlab-R2012a/bin/glnxa64/libmex.so
7f292dcc3000-7f292dcc4000 rw-p 00000000 00:00 0 
7f292dcc4000-7f292dcc5000 r-xp 00000000 00:37 5814333                    /l/local/lang/matlab-R2012a/bin/glnxa64/libmwnativejava_services.so
7f292dcc5000-7f292dec5000 ---p 00001000 00:37 5814333                    /l/local/lang/matlab-R2012a/bin/glnxa64/libmwnativejava_services.so
7f292dec5000-7f292dec6000 rw-p 00001000 00:37 5814333                    /l/local/lang/matlab-R2012a/bin/glnxa64/libmwnativejava_services.so
7f292dec6000-7f292e213000 r-xp 00000000 00:37 5814369                    /l/local/lang/matlab-R2012a/bin/glnxa64/libmwiqm.so
7f292e213000-7f292e412000 ---p 0034d000 00:37 5814369                    /l/local/lang/matlab-R2012a/bin/glnxa64/libmwiqm.so
7f292e412000-7f292e438000 rw-p 0034c000 00:37 5814369                    /l/local/lang/matlab-R2012a/bin/glnxa64/libmwiqm.so
7f292e438000-7f292e43f000 rw-p 00000000 00:00 0 
7f292e43f000-7f292e4ae000 r-xp 00000000 00:37 5814294                    /l/local/lang/matlab-R2012a/bin/glnxa64/libboost_serialization.so.1.44.0
7f292e4ae000-7f292e6ae000 ---p 0006f000 00:37 5814294                    /l/local/lang/matlab-R2012a/bin/glnxa64/libboost_serialization.so.1.44.0
7f292e6ae000-7f292e6b2000 rw-p 0006f000 00:37 5814294                    /l/local/lang/matlab-R2012a/bin/glnxa64/libboost_serialization.so.1.44.0
7f292e6b2000-7f292e6c5000 r-xp 00000000 00:37 5814341                    /l/local/lang/matlab-R2012a/bin/glnxa64/libmwMATLAB_settings_res.so
7f292e6c5000-7f292e8c4000 ---p 00013000 00:37 5814341                    /l/local/lang/matlab-R2012a/bin/glnxa64/libmwMATLAB_settings_res.so
7f292e8c4000-7f292e8c5000 rw-p 00012000 00:37 5814341                    /l/local/lang/matlab-R2012a/bin/glnxa64/libmwMATLAB_settings_res.so
7f292e8c5000-7f292e8c6000 rw-p 00000000 00:00 0 
7f292e8c6000-7f292e8d7000 r-xp 00000000 00:37 5814340                    /l/local/lang/matlab-R2012a/bin/glnxa64/libmwmfl_scalar.so
7f292e8d7000-7f292ead6000 ---p 00011000 00:37 5814340                    /l/local/lang/matlab-R2012a/bin/glnxa64/libmwmfl_scalar.so
7f292ead6000-7f292ead7000 rw-p 00010000 00:37 5814340                    /l/local/lang/matlab-R2012a/bin/glnxa64/libmwmfl_scalar.so
7f292ead7000-7f292ef5d000 r-xp 00000000 00:37 5814376                    /l/local/lang/matlab-R2012a/bin/glnxa64/libmwmlutil.so
7f292ef5d000-7f292f15c000 ---p 00486000 00:37 5814376                    /l/local/lang/matlab-R2012a/bin/glnxa64/libmwmlutil.so
7f292f15c000-7f292f189000 rw-p 00485000 00:37 5814376                    /l/local/lang/matlab-R2012a/bin/glnxa64/libmwmlutil.so
7f292f189000-7f292f197000 rw-p 00000000 00:00 0 
7f292f197000-7f292f1aa000 r-xp 00000000 00:37 5814296                    /l/local/lang/matlab-R2012a/bin/glnxa64/libboost_signals.so.1.44.0
7f292f1aa000-7f292f3a9000 ---p 00013000 00:37 5814296                    /l/local/lang/matlab-R2012a/bin/glnxa64/libboost_signals.so.1.44.0
7f292f3a9000-7f292f3aa000 rw-p 00012000 00:37 5814296                    /l/local/lang/matlab-R2012a/bin/glnxa64/libboost_signals.so.1.44.0
7f292f3aa000-7f292f4b0000 r-xp 00000000 00:37 5814295                    /l/local/lang/matlab-R2012a/bin/glnxa64/libboost_regex.so.1.44.0
7f292f4b0000-7f292f6b0000 ---p 00106000 00:37 5814295                    /l/local/lang/matlab-R2012a/bin/glnxa64/libboost_regex.so.1.44.0
7f292f6b0000-7f292f6b7000 rw-p 00106000 00:37 5814295                    /l/local/lang/matlab-R2012a/bin/glnxa64/libboost_regex.so.1.44.0
7f292f6b7000-7f292f6d8000 r-xp 00000000 00:37 5814297                    /l/local/lang/matlab-R2012a/bin/glnxa64/libboost_filesystem.so.1.44.0
7f292f6d8000-7f292f8d7000 ---p 00021000 00:37 5814297                    /l/local/lang/matlab-R2012a/bin/glnxa64/libboost_filesystem.so.1.44.0
7f292f8d7000-7f292f8d9000 rw-p 00020000 00:37 5814297                    /l/local/lang/matlab-R2012a/bin/glnxa64/libboost_filesystem.so.1.44.0
7f292f8d9000-7f292f8da000 rw-p 00000000 00:00 0 
7f292f8da000-7f292fbca000 r-xp 00000000 00:37 5814324                    /l/local/lang/matlab-R2012a/bin/glnxa64/libmwMATLAB_res.so
7f292fbca000-7f292fdc9000 ---p 002f0000 00:37 5814324                    /l/local/lang/matlab-R2012a/bin/glnxa64/libmwMATLAB_res.so
7f292fdc9000-7f292fdcb000 rw-p 002ef000 00:37 5814324                    /l/local/lang/matlab-R2012a/bin/glnxa64/libmwMATLAB_res.so
7f292fdcb000-7f292fdd6000 rw-p 00000000 00:00 0 
7f292fdd6000-7f292fdd8000 r-xp 00000000 00:37 5814323                    /l/local/lang/matlab-R2012a/bin/glnxa64/libmwresource_core.so
7f292fdd8000-7f292ffd7000 ---p 00002000 00:37 5814323                    /l/local/lang/matlab-R2012a/bin/glnxa64/libmwresource_core.so
7f292ffd7000-7f292ffd8000 rw-p 00001000 00:37 5814323                    /l/local/lang/matlab-R2012a/bin/glnxa64/libmwresource_core.so
7f292ffd8000-7f292ffd9000 rw-p 00000000 00:00 0 
7f292ffd9000-7f292fff3000 r-xp 00000000 00:37 5814322                    /l/local/lang/matlab-R2012a/bin/glnxa64/libtbbmalloc.so.2
7f292fff3000-7f29300f2000 ---p 0001a000 00:37 5814322                    /l/local/lang/matlab-R2012a/bin/glnxa64/libtbbmalloc.so.2
7f29300f2000-7f29300f5000 rw-p 00019000 00:37 5814322                    /l/local/lang/matlab-R2012a/bin/glnxa64/libtbbmalloc.so.2
7f29300f5000-7f2930102000 rw-p 00000000 00:00 0 
7f2930102000-7f293013c000 r-xp 00000000 00:37 5814321                    /l/local/lang/matlab-R2012a/bin/glnxa64/libtbb.so.2
7f293013c000-7f293023c000 ---p 0003a000 00:37 5814321                    /l/local/lang/matlab-R2012a/bin/glnxa64/libtbb.so.2
7f293023c000-7f2930240000 rw-p 0003a000 00:37 5814321                    /l/local/lang/matlab-R2012a/bin/glnxa64/libtbb.so.2
7f2930240000-7f2930241000 rw-p 00000000 00:00 0 
7f2930241000-7f293024c000 r-xp 00000000 00:37 5814292                    /l/local/lang/matlab-R2012a/bin/glnxa64/libicuio.so.44.2
7f293024c000-7f293044c000 ---p 0000b000 00:37 5814292                    /l/local/lang/matlab-R2012a/bin/glnxa64/libicuio.so.44.2
7f293044c000-7f293044e000 rw-p 0000b000 00:37 5814292                    /l/local/lang/matlab-R2012a/bin/glnxa64/libicuio.so.44.2
7f293044e000-7f293044f000 rw-p 00000000 00:00 0 
7f293044f000-7f2930641000 r-xp 00000000 00:37 5814288                    /l/local/lang/matlab-R2012a/bin/glnxa64/libicui18n.so.44.2
7f2930641000-7f2930840000 ---p 001f2000 00:37 5814288                    /l/local/lang/matlab-R2012a/bin/glnxa64/libicui18n.so.44.2
7f2930840000-7f293084c000 rw-p 001f1000 00:37 5814288                    /l/local/lang/matlab-R2012a/bin/glnxa64/libicui18n.so.44.2
7f293084c000-7f293099d000 r-xp 00000000 00:37 5814286                    /l/local/lang/matlab-R2012a/bin/glnxa64/libicuuc.so.44.2
7f293099d000-7f2930b9d000 ---p 00151000 00:37 5814286                    /l/local/lang/matlab-R2012a/bin/glnxa64/libicuuc.so.44.2
7f2930b9d000-7f2930bad000 rw-p 00151000 00:37 5814286                    /l/local/lang/matlab-R2012a/bin/glnxa64/libicuuc.so.44.2
7f2930bad000-7f2930bb0000 rw-p 00000000 00:00 0 
7f2930bb0000-7f29319f0000 r--p 00000000 00:37 5814287                    /l/local/lang/matlab-R2012a/bin/glnxa64/libicudata.so.44.2
7f29319f0000-7f2931bef000 ---p 00e40000 00:37 5814287                    /l/local/lang/matlab-R2012a/bin/glnxa64/libicudata.so.44.2
7f2931bef000-7f2931bf0000 rw-p 00e3f000 00:37 5814287                    /l/local/lang/matlab-R2012a/bin/glnxa64/libicudata.so.44.2
7f2931bf0000-7f2931bf1000 rw-p 00000000 00:00 0 
7f2931bf1000-7f2931c17000 r-xp 00000000 00:37 5814315                    /l/local/lang/matlab-R2012a/bin/glnxa64/libexpat.so.1.5.0
7f2931c17000-7f2931e16000 ---p 00026000 00:37 5814315                    /l/local/lang/matlab-R2012a/bin/glnxa64/libexpat.so.1.5.0
7f2931e16000-7f2931e19000 rw-p 00025000 00:37 5814315                    /l/local/lang/matlab-R2012a/bin/glnxa64/libexpat.so.1.5.0
7f2931e19000-7f2931e2f000 r-xp 00000000 00:37 5814299                    /l/local/lang/matlab-R2012a/bin/glnxa64/libboost_thread.so.1.44.0
7f2931e2f000-7f293202e000 ---p 00016000 00:37 5814299                    /l/local/lang/matlab-R2012a/bin/glnxa64/libboost_thread.so.1.44.0
7f293202e000-7f2932030000 rw-p 00015000 00:37 5814299                    /l/local/lang/matlab-R2012a/bin/glnxa64/libboost_thread.so.1.44.0
7f2932030000-7f2932032000 r-xp 00000000 00:37 5814303                    /l/local/lang/matlab-R2012a/bin/glnxa64/libboost_system.so.1.44.0
7f2932032000-7f2932232000 ---p 00002000 00:37 5814303                    /l/local/lang/matlab-R2012a/bin/glnxa64/libboost_system.so.1.44.0
7f2932232000-7f2932233000 rw-p 00002000 00:37 5814303                    /l/local/lang/matlab-R2012a/bin/glnxa64/libboost_system.so.1.44.0
7f2932233000-7f2932234000 rw-p 00000000 00:00 0 
7f2932234000-7f2932245000 r-xp 00000000 00:37 5814306                    /l/local/lang/matlab-R2012a/bin/glnxa64/libboost_date_time.so.1.44.0
7f2932245000-7f2932444000 ---p 00011000 00:37 5814306                    /l/local/lang/matlab-R2012a/bin/glnxa64/libboost_date_time.so.1.44.0
7f2932444000-7f2932446000 rw-p 00010000 00:37 5814306                    /l/local/lang/matlab-R2012a/bin/glnxa64/libboost_date_time.so.1.44.0
7f2932446000-7f2932447000 rw-p 00000000 00:00 0 
7f2932447000-7f293245d000 r-xp 00000000 00:37 5815003                    /l/local/lang/matlab-R2012a/bin/glnxa64/libgcc_s.so.1
7f293245d000-7f293265c000 ---p 00016000 00:37 5815003                    /l/local/lang/matlab-R2012a/bin/glnxa64/libgcc_s.so.1
7f293265c000-7f293265d000 rw-p 00015000 00:37 5815003                    /l/local/lang/matlab-R2012a/bin/glnxa64/libgcc_s.so.1
7f293265d000-7f293265e000 rw-p 00000000 00:00 0 
7f2932663000-7f2932664000 rw-p 00000000 00:00 0 
7f2932664000-7f2932665000 r--p 00000000 00:00 0 
7f2932665000-7f2932685000 rw-p 00000000 00:00 0 
7f2932685000-7f293268c000 r--s 00000000 08:01 997420                     /usr/lib64/gconv/gconv-modules.cache
7f293268c000-7f293277d000 r-xp 00000000 00:37 5815004                    /l/local/lang/matlab-R2012a/bin/glnxa64/libstdc++.so.6.0.13
7f293277d000-7f293297d000 ---p 000f1000 00:37 5815004                    /l/local/lang/matlab-R2012a/bin/glnxa64/libstdc++.so.6.0.13
7f293297d000-7f2932984000 r--p 000f1000 00:37 5815004                    /l/local/lang/matlab-R2012a/bin/glnxa64/libstdc++.so.6.0.13
7f2932984000-7f2932986000 rw-p 000f8000 00:37 5815004                    /l/local/lang/matlab-R2012a/bin/glnxa64/libstdc++.so.6.0.13
7f2932986000-7f293299b000 rw-p 00000000 00:00 0 
7f293299b000-7f2932a2a000 r-xp 00000000 00:37 5814330                    /l/local/lang/matlab-R2012a/bin/glnxa64/libmwi18n.so
7f2932a2a000-7f2932c29000 ---p 0008f000 00:37 5814330                    /l/local/lang/matlab-R2012a/bin/glnxa64/libmwi18n.so
7f2932c29000-7f2932c2f000 rw-p 0008e000 00:37 5814330                    /l/local/lang/matlab-R2012a/bin/glnxa64/libmwi18n.so
7f2932c2f000-7f2932c30000 rw-p 00000000 00:00 0 
7f2932c30000-7f2933164000 r-xp 00000000 00:37 5814419                    /l/local/lang/matlab-R2012a/bin/glnxa64/libmwm_interpreter.so
7f2933164000-7f2933363000 ---p 00534000 00:37 5814419                    /l/local/lang/matlab-R2012a/bin/glnxa64/libmwm_interpreter.so
7f2933363000-7f2933440000 rw-p 00533000 00:37 5814419                    /l/local/lang/matlab-R2012a/bin/glnxa64/libmwm_interpreter.so
7f2933440000-7f29334da000 rw-p 00000000 00:00 0 
7f29334da000-7f293356f000 r-xp 00000000 00:37 5814416                    /l/local/lang/matlab-R2012a/bin/glnxa64/libmwm_dispatcher.so
7f293356f000-7f293376e000 ---p 00095000 00:37 5814416                    /l/local/lang/matlab-R2012a/bin/glnxa64/libmwm_dispatcher.so
7f293376e000-7f2933775000 rw-p 00094000 00:37 5814416                    /l/local/lang/matlab-R2012a/bin/glnxa64/libmwm_dispatcher.so
7f2933775000-7f29338df000 r-xp 00000000 00:37 5814378                    /l/local/lang/matlab-R2012a/bin/glnxa64/libmwmcr.so
7f29338df000-7f2933adf000 ---p 0016a000 00:37 5814378                    /l/local/lang/matlab-R2012a/bin/glnxa64/libmwmcr.so
7f2933adf000-7f2933af1000 rw-p 0016a000 00:37 5814378                    /l/local/lang/matlab-R2012a/bin/glnxa64/libmwmcr.so
7f2933af1000-7f2933af5000 rw-p 00000000 00:00 0 
7f2933af5000-7f2933b27000 r-xp 00000000 00:37 5814385                    /l/local/lang/matlab-R2012a/bin/glnxa64/libmwbridge.so
7f2933b27000-7f2933d27000 ---p 00032000 00:37 5814385                    /l/local/lang/matlab-R2012a/bin/glnxa64/libmwbridge.so
7f2933d27000-7f2933d2a000 rw-p 00032000 00:37 5814385                    /l/local/lang/matlab-R2012a/bin/glnxa64/libmwbridge.so
7f2933d2a000-7f2933d30000 rw-p 00000000 00:00 0 
7f2933d30000-7f2933dd0000 r-xp 00000000 00:37 5814370                    /l/local/lang/matlab-R2012a/bin/glnxa64/libmwjmi.so
7f2933dd0000-7f2933fcf000 ---p 000a0000 00:37 5814370                    /l/local/lang/matlab-R2012a/bin/glnxa64/libmwjmi.so
7f2933fcf000-7f2933fd7000 rw-p 0009f000 00:37 5814370                    /l/local/lang/matlab-R2012a/bin/glnxa64/libmwjmi.so
7f2933fd7000-7f2933fd8000 rw-p 00000000 00:00 0 
7f2933fd8000-7f2934246000 r-xp 00000000 00:37 5814410                    /l/local/lang/matlab-R2012a/bin/glnxa64/libmwservices.so
7f2934246000-7f2934445000 ---p 0026e000 00:37 5814410                    /l/local/lang/matlab-R2012a/bin/glnxa64/libmwservices.so
7f2934445000-7f293445c000 rw-p 0026d000 00:37 5814410                    /l/local/lang/matlab-R2012a/bin/glnxa64/libmwservices.so
7f293445c000-7f293446b000 rw-p 00000000 00:00 0 
7f293446b000-7f29344a8000 r-xp 00000000 00:37 5814374                    /l/local/lang/matlab-R2012a/bin/glnxa64/libmwmpath.so
7f29344a8000-7f29346a8000 ---p 0003d000 00:37 5814374                    /l/local/lang/matlab-R2012a/bin/glnxa64/libmwmpath.so
7f29346a8000-7f29346ab000 rw-p 0003d000 00:37 5814374                    /l/local/lang/matlab-R2012a/bin/glnxa64/libmwmpath.so
7f29346ab000-7f29346ae000 rw-p 00000000 00:00 0 
7f29346ae000-7f2934764000 r-xp 00000000 00:37 5814326                    /l/local/lang/matlab-R2012a/bin/glnxa64/libmx.so
7f2934764000-7f2934963000 ---p 000b6000 00:37 5814326                    /l/local/lang/matlab-R2012a/bin/glnxa64/libmx.so
7f2934963000-7f2934968000 rw-p 000b5000 00:37 5814326                    /l/local/lang/matlab-R2012a/bin/glnxa64/libmx.so
7f2934968000-7f2934a46000 r-xp 00000000 00:37 5814331                    /l/local/lang/matlab-R2012a/bin/glnxa64/libmwfl.so
7f2934a46000-7f2934c45000 ---p 000de000 00:37 5814331                    /l/local/lang/matlab-R2012a/bin/glnxa64/libmwfl.so
7f2934c45000-7f2934c4f000 rw-p 000dd000 00:37 5814331                    /l/local/lang/matlab-R2012a/bin/glnxa64/libmwfl.so
7f2934c4f000-7f2934c60000 rw-p 00000000 00:00 0 
7f2934c60000-7f2934d36000 r-xp 00000000 00:37 5814325                    /l/local/lang/matlab-R2012a/bin/glnxa64/libut.so
7f2934d36000-7f2934f36000 ---p 000d6000 00:37 5814325                    /l/local/lang/matlab-R2012a/bin/glnxa64/libut.so
7f2934f36000-7f2934f42000 rw-p 000d6000 00:37 5814325                    /l/local/lang/matlab-R2012a/bin/glnxa64/libut.so
7f2934f42000-7f2934f55000 rw-p 00000000 00:00 0 
7fffa2535000-7fffa254a000 rwxp 00000000 00:00 0                          [stack]
7fffa254a000-7fffa254b000 rw-p 00000000 00:00 0 
7fffa25ff000-7fffa2600000 r-xp 00000000 00:00 0                          [vdso]
ffffffffff600000-ffffffffff601000 r-xp 00000000 00:00 0                  [vsyscall]

VM Arguments:
jvm_args: -Xms64m -XX:NewRatio=3 -XX:MaxPermSize=128m -Xmx196m -XX:MaxDirectMemorySize=2147400000 -XX:+AllowUserSignalHandlers -Xrs -Dsun.awt.disableMixing=true -Djava.library.path=/l/local/lang/matlab-R2012a/bin/glnxa64 vfprintf abort -Djava.awt.headless=true -Duser.language=en -Duser.country=US -Dfile.encoding=UTF-8 
java_command: <unknown>
Launcher Type: generic

Environment Variables:
PATH=/n/shokuji/dc/edg/bin:/usr/local/bin:/usr/bin:/bin:/u/metanet/clustering/treetagger/cmd:/u/metanet/clustering/treetagger/bin
LD_LIBRARY_PATH=/l/local/lang/matlab-R2012a/sys/os/glnxa64:/l/local/lang/matlab-R2012a/bin/glnxa64:/l/local/lang/matlab-R2012a/extern/lib/glnxa64:/l/local/lang/matlab-R2012a/runtime/glnxa64:/l/local/lang/matlab-R2012a/sys/java/jre/glnxa64/jre/lib/amd64/native_threads:/l/local/lang/matlab-R2012a/sys/java/jre/glnxa64/jre/lib/amd64/server:/l/local/lang/matlab-R2012a/sys/java/jre/glnxa64/jre/lib/amd64
SHELL=/bin/tcsh
DISPLAY=
HOSTTYPE=x86_64-linux
OSTYPE=linux
ARCH=glnxa64
MACHTYPE=x86_64

Signal Handlers:
SIGSEGV: [libjvm.so+0x6bddc0], sa_mask[0]=0x7ffbfeff, sa_flags=0x10000004
SIGBUS: [libjvm.so+0x6bddc0], sa_mask[0]=0x7ffbfeff, sa_flags=0x10000004
SIGFPE: [libjvm.so+0x594f90], sa_mask[0]=0x7ffbfeff, sa_flags=0x10000004
SIGPIPE: [libjvm.so+0x594f90], sa_mask[0]=0x7ffbfeff, sa_flags=0x10000004
SIGXFSZ: [libjvm.so+0x594f90], sa_mask[0]=0x7ffbfeff, sa_flags=0x10000004
SIGILL: [libjvm.so+0x594f90], sa_mask[0]=0x7ffbfeff, sa_flags=0x10000004
SIGUSR1: SIG_DFL, sa_mask[0]=0x00000000, sa_flags=0x00000000
SIGUSR2: [libjvm.so+0x597750], sa_mask[0]=0x08080002, sa_flags=0x10000004
SIGHUP: SIG_DFL, sa_mask[0]=0x00000000, sa_flags=0x00000000
SIGINT: SIG_DFL, sa_mask[0]=0x00000000, sa_flags=0x00000000
SIGTERM: SIG_DFL, sa_mask[0]=0x00000000, sa_flags=0x00000000
SIGQUIT: [libmwmcr.so+0x131430], sa_mask[0]=0x08080002, sa_flags=0x00000004


---------------  S Y S T E M  ---------------

OS:Red Hat Enterprise Linux Workstation release 6.6 (Santiago)

uname:Linux 2.6.32-504.el6.x86_64 #1 SMP Tue Sep 16 01:56:35 EDT 2014 x86_64
libc:glibc 2.12 NPTL 2.12 
rlimit: STACK 10240k, CORE 0k, NPROC 1024, NOFILE 4096, AS infinity
load average:2.85 0.60 0.19

CPU:total 48 (16 cores per cpu, 2 threads per core) family 6 model 62 stepping 4, cmov, cx8, fxsr, mmx, sse, sse2, sse3, ssse3, sse4.1, sse4.2, ht

Memory: 4k page, physical 198306240k(188422776k free), swap 16777212k(16777212k free)

vm_info: Java HotSpot(TM) 64-Bit Server VM (14.3-b01) for linux-amd64 JRE (1.6.0_17-b04), built on Oct 11 2009 01:08:48 by "java_re" with gcc 3.2.2 (SuSE Linux)

time: Sat Feb  7 12:25:03 2015
elapsed time: 0 seconds

