#
# A fatal error has been detected by the Java Runtime Environment:
#
# java.lang.OutOfMemoryError: Cannot create GC thread. Out of system resources.
#
#  Internal Error (gcTaskThread.cpp:38), pid=43755, tid=140497632376576
#  Error: Cannot create GC thread. Out of system resources.
#
# JRE version: 6.0_17-b04
# Java VM: Java HotSpot(TM) 64-Bit Server VM (14.3-b01 mixed mode linux-amd64 )
# If you would like to submit a bug report, please visit:
#   http://java.sun.com/webapps/bugreport/crash.jsp
#

---------------  T H R E A D  ---------------

Current thread (0x00007fc8184a3000):  JavaThread "Unknown thread" [_thread_in_vm, id=44022, stack(0x00007fc826d83000,0x00007fc827784000)]

Stack: [0x00007fc826d83000,0x00007fc827784000],  sp=0x00007fc827781cd0,  free space=10235k
Native frames: (J=compiled Java code, j=interpreted, Vv=VM code, C=native code)
V  [libjvm.so+0x6bd1ef]
V  [libjvm.so+0x2be6c8]
V  [libjvm.so+0x33a2fd]
V  [libjvm.so+0x338e3e]
V  [libjvm.so+0x338bd3]
V  [libjvm.so+0x5a87c7]
V  [libjvm.so+0x697695]
V  [libjvm.so+0x69732a]
V  [libjvm.so+0x377cd0]
V  [libjvm.so+0x67f5af]
V  [libjvm.so+0x3def30]
C  [libmwjmi.so+0x6e029]  _Z9InitSunVMN5boost8optionalIKSt6vectorISsSaISsEEEE+0x1129
C  [libmwjmi.so+0x6eb5f]
C  [libmwjmi.so+0x6eca9]
C  [libmwjmi.so+0x5ceb1]  _Z7mljInitv+0x21
C  [libmwmcr.so+0x106205]
C  [libmwmcr.so+0xf8bf4]
C  [libmwmcr.so+0xf8d97]


---------------  P R O C E S S  ---------------

Java Threads: ( => current thread )

Other Threads:

=>0x00007fc8184a3000 (exited) JavaThread "Unknown thread" [_thread_in_vm, id=44022, stack(0x00007fc826d83000,0x00007fc827784000)]

VM state:not at safepoint (not fully initialized)

VM Mutex/Monitor currently owned by a thread: None

Dynamic libraries:
00400000-00406000 r-xp 00000000 00:37 5814541                            /l/local/lang/matlab-R2012a/bin/glnxa64/MATLAB
00606000-00607000 rw-p 00006000 00:37 5814541                            /l/local/lang/matlab-R2012a/bin/glnxa64/MATLAB
00b34000-00ca2000 rw-p 00000000 00:00 0                                  [heap]
393bc00000-393bc20000 r-xp 00000000 08:01 786466                         /lib64/ld-2.12.so
393be1f000-393be20000 r--p 0001f000 08:01 786466                         /lib64/ld-2.12.so
393be20000-393be21000 rw-p 00020000 08:01 786466                         /lib64/ld-2.12.so
393be21000-393be22000 rw-p 00000000 00:00 0 
393c000000-393c18a000 r-xp 00000000 08:01 809581                         /lib64/libc-2.12.so
393c18a000-393c38a000 ---p 0018a000 08:01 809581                         /lib64/libc-2.12.so
393c38a000-393c38e000 r--p 0018a000 08:01 809581                         /lib64/libc-2.12.so
393c38e000-393c38f000 rw-p 0018e000 08:01 809581                         /lib64/libc-2.12.so
393c38f000-393c394000 rw-p 00000000 00:00 0 
393c400000-393c417000 r-xp 00000000 08:01 809586                         /lib64/libpthread-2.12.so
393c417000-393c617000 ---p 00017000 08:01 809586                         /lib64/libpthread-2.12.so
393c617000-393c618000 r--p 00017000 08:01 809586                         /lib64/libpthread-2.12.so
393c618000-393c619000 rw-p 00018000 08:01 809586                         /lib64/libpthread-2.12.so
393c619000-393c61d000 rw-p 00000000 00:00 0 
393c800000-393c883000 r-xp 00000000 08:01 809582                         /lib64/libm-2.12.so
393c883000-393ca82000 ---p 00083000 08:01 809582                         /lib64/libm-2.12.so
393ca82000-393ca83000 r--p 00082000 08:01 809582                         /lib64/libm-2.12.so
393ca83000-393ca84000 rw-p 00083000 08:01 809582                         /lib64/libm-2.12.so
393cc00000-393cc02000 r-xp 00000000 08:01 809588                         /lib64/libdl-2.12.so
393cc02000-393ce02000 ---p 00002000 08:01 809588                         /lib64/libdl-2.12.so
393ce02000-393ce03000 r--p 00002000 08:01 809588                         /lib64/libdl-2.12.so
393ce03000-393ce04000 rw-p 00003000 08:01 809588                         /lib64/libdl-2.12.so
393d000000-393d015000 r-xp 00000000 08:01 809583                         /lib64/libz.so.1.2.3
393d015000-393d214000 ---p 00015000 08:01 809583                         /lib64/libz.so.1.2.3
393d214000-393d215000 r--p 00014000 08:01 809583                         /lib64/libz.so.1.2.3
393d215000-393d216000 rw-p 00015000 08:01 809583                         /lib64/libz.so.1.2.3
393d400000-393d407000 r-xp 00000000 08:01 809600                         /lib64/librt-2.12.so
393d407000-393d606000 ---p 00007000 08:01 809600                         /lib64/librt-2.12.so
393d606000-393d607000 r--p 00006000 08:01 809600                         /lib64/librt-2.12.so
393d607000-393d608000 rw-p 00007000 08:01 809600                         /lib64/librt-2.12.so
393e400000-393e402000 r-xp 00000000 08:01 918911                         /usr/lib64/libXau.so.6.0.0
393e402000-393e602000 ---p 00002000 08:01 918911                         /usr/lib64/libXau.so.6.0.0
393e602000-393e603000 rw-p 00002000 08:01 918911                         /usr/lib64/libXau.so.6.0.0
393ec00000-393ec1d000 r-xp 00000000 08:01 933788                         /usr/lib64/libxcb.so.1.1.0
393ec1d000-393ee1d000 ---p 0001d000 08:01 933788                         /usr/lib64/libxcb.so.1.1.0
393ee1d000-393ee1e000 rw-p 0001d000 08:01 933788                         /usr/lib64/libxcb.so.1.1.0
393f000000-393f137000 r-xp 00000000 08:01 919430                         /usr/lib64/libX11.so.6.3.0
393f137000-393f337000 ---p 00137000 08:01 919430                         /usr/lib64/libX11.so.6.3.0
393f337000-393f33d000 rw-p 00137000 08:01 919430                         /usr/lib64/libX11.so.6.3.0
393fc00000-393fc11000 r-xp 00000000 08:01 920573                         /usr/lib64/libXext.so.6.4.0
393fc11000-393fe11000 ---p 00011000 08:01 920573                         /usr/lib64/libXext.so.6.4.0
393fe11000-393fe12000 rw-p 00011000 08:01 920573                         /usr/lib64/libXext.so.6.4.0
3943000000-3943004000 r-xp 00000000 08:01 809593                         /lib64/libuuid.so.1.3.0
3943004000-3943203000 ---p 00004000 08:01 809593                         /lib64/libuuid.so.1.3.0
3943203000-3943204000 rw-p 00003000 08:01 809593                         /lib64/libuuid.so.1.3.0
3943800000-3943817000 r-xp 00000000 08:01 920577                         /usr/lib64/libICE.so.6.3.0
3943817000-3943a17000 ---p 00017000 08:01 920577                         /usr/lib64/libICE.so.6.3.0
3943a17000-3943a18000 rw-p 00017000 08:01 920577                         /usr/lib64/libICE.so.6.3.0
3943a18000-3943a1c000 rw-p 00000000 00:00 0 
3943c00000-3943c07000 r-xp 00000000 08:01 920644                         /usr/lib64/libSM.so.6.0.1
3943c07000-3943e07000 ---p 00007000 08:01 920644                         /usr/lib64/libSM.so.6.0.1
3943e07000-3943e08000 rw-p 00007000 08:01 920644                         /usr/lib64/libSM.so.6.0.1
3946000000-3946018000 r-xp 00000000 08:01 919461                         /usr/lib64/libXmu.so.6.2.0
3946018000-3946218000 ---p 00018000 08:01 919461                         /usr/lib64/libXmu.so.6.2.0
3946218000-394621a000 rw-p 00018000 08:01 919461                         /usr/lib64/libXmu.so.6.2.0
394ac00000-394ac1d000 r-xp 00000000 08:01 809594                         /lib64/libtinfo.so.5.7
394ac1d000-394ae1d000 ---p 0001d000 08:01 809594                         /lib64/libtinfo.so.5.7
394ae1d000-394ae21000 rw-p 0001d000 08:01 809594                         /lib64/libtinfo.so.5.7
394c200000-394c207000 r-xp 00000000 08:01 809615                         /lib64/libcrypt-2.12.so
394c207000-394c407000 ---p 00007000 08:01 809615                         /lib64/libcrypt-2.12.so
394c407000-394c408000 r--p 00007000 08:01 809615                         /lib64/libcrypt-2.12.so
394c408000-394c409000 rw-p 00008000 08:01 809615                         /lib64/libcrypt-2.12.so
394c409000-394c437000 rw-p 00000000 00:00 0 
394c600000-394c673000 r-xp 00000000 08:01 809614                         /lib64/libfreebl3.so
394c673000-394c872000 ---p 00073000 08:01 809614                         /lib64/libfreebl3.so
394c872000-394c874000 r--p 00072000 08:01 809614                         /lib64/libfreebl3.so
394c874000-394c875000 rw-p 00074000 08:01 809614                         /lib64/libfreebl3.so
394c875000-394c879000 rw-p 00000000 00:00 0 
394ce00000-394ce16000 r-xp 00000000 08:01 809621                         /lib64/libnsl-2.12.so
394ce16000-394d015000 ---p 00016000 08:01 809621                         /lib64/libnsl-2.12.so
394d015000-394d016000 r--p 00015000 08:01 809621                         /lib64/libnsl-2.12.so
394d016000-394d017000 rw-p 00016000 08:01 809621                         /lib64/libnsl-2.12.so
394d017000-394d019000 rw-p 00000000 00:00 0 
394d200000-394d222000 r-xp 00000000 08:01 809595                         /lib64/libncurses.so.5.7
394d222000-394d421000 ---p 00022000 08:01 809595                         /lib64/libncurses.so.5.7
394d421000-394d422000 rw-p 00021000 08:01 809595                         /lib64/libncurses.so.5.7
3950800000-395085f000 r-xp 00000000 08:01 919305                         /usr/lib64/libXt.so.6.0.0
395085f000-3950a5e000 ---p 0005f000 08:01 919305                         /usr/lib64/libXt.so.6.0.0
3950a5e000-3950a64000 rw-p 0005e000 08:01 919305                         /usr/lib64/libXt.so.6.0.0
3950a64000-3950a65000 rw-p 00000000 00:00 0 
7fc784000000-7fc784021000 rw-p 00000000 00:00 0 
7fc784021000-7fc788000000 ---p 00000000 00:00 0 
7fc78c000000-7fc78c021000 rw-p 00000000 00:00 0 
7fc78c021000-7fc790000000 ---p 00000000 00:00 0 
7fc790000000-7fc790021000 rw-p 00000000 00:00 0 
7fc790021000-7fc794000000 ---p 00000000 00:00 0 
7fc794000000-7fc794021000 rw-p 00000000 00:00 0 
7fc794021000-7fc798000000 ---p 00000000 00:00 0 
7fc798000000-7fc798021000 rw-p 00000000 00:00 0 
7fc798021000-7fc79c000000 ---p 00000000 00:00 0 
7fc79c000000-7fc79c021000 rw-p 00000000 00:00 0 
7fc79c021000-7fc7a0000000 ---p 00000000 00:00 0 
7fc7a0000000-7fc7a0021000 rw-p 00000000 00:00 0 
7fc7a0021000-7fc7a4000000 ---p 00000000 00:00 0 
7fc7a4000000-7fc7a4021000 rw-p 00000000 00:00 0 
7fc7a4021000-7fc7a8000000 ---p 00000000 00:00 0 
7fc7a8000000-7fc7a8021000 rw-p 00000000 00:00 0 
7fc7a8021000-7fc7ac000000 ---p 00000000 00:00 0 
7fc7ac000000-7fc7ac021000 rw-p 00000000 00:00 0 
7fc7ac021000-7fc7b0000000 ---p 00000000 00:00 0 
7fc7b0000000-7fc7b0021000 rw-p 00000000 00:00 0 
7fc7b0021000-7fc7b4000000 ---p 00000000 00:00 0 
7fc7b4000000-7fc7b4021000 rw-p 00000000 00:00 0 
7fc7b4021000-7fc7b8000000 ---p 00000000 00:00 0 
7fc7b8000000-7fc7b8021000 rw-p 00000000 00:00 0 
7fc7b8021000-7fc7bc000000 ---p 00000000 00:00 0 
7fc7bc000000-7fc7bc021000 rw-p 00000000 00:00 0 
7fc7bc021000-7fc7c0000000 ---p 00000000 00:00 0 
7fc7c0000000-7fc7c0021000 rw-p 00000000 00:00 0 
7fc7c0021000-7fc7c4000000 ---p 00000000 00:00 0 
7fc7c4000000-7fc7c4021000 rw-p 00000000 00:00 0 
7fc7c4021000-7fc7c8000000 ---p 00000000 00:00 0 
7fc7c8000000-7fc7c8021000 rw-p 00000000 00:00 0 
7fc7c8021000-7fc7cc000000 ---p 00000000 00:00 0 
7fc7cc000000-7fc7cc021000 rw-p 00000000 00:00 0 
7fc7cc021000-7fc7d0000000 ---p 00000000 00:00 0 
7fc7d0000000-7fc7d0021000 rw-p 00000000 00:00 0 
7fc7d0021000-7fc7d4000000 ---p 00000000 00:00 0 
7fc7d4000000-7fc7d4021000 rw-p 00000000 00:00 0 
7fc7d4021000-7fc7d8000000 ---p 00000000 00:00 0 
7fc7d8000000-7fc7d8021000 rw-p 00000000 00:00 0 
7fc7d8021000-7fc7dc000000 ---p 00000000 00:00 0 
7fc7dc000000-7fc7dc021000 rw-p 00000000 00:00 0 
7fc7dc021000-7fc7e0000000 ---p 00000000 00:00 0 
7fc7e0000000-7fc7e0021000 rw-p 00000000 00:00 0 
7fc7e0021000-7fc7e4000000 ---p 00000000 00:00 0 
7fc7e4000000-7fc7e4021000 rw-p 00000000 00:00 0 
7fc7e4021000-7fc7e8000000 ---p 00000000 00:00 0 
7fc7e8000000-7fc7e8021000 rw-p 00000000 00:00 0 
7fc7e8021000-7fc7ec000000 ---p 00000000 00:00 0 
7fc7ec000000-7fc7ec021000 rw-p 00000000 00:00 0 
7fc7ec021000-7fc7f0000000 ---p 00000000 00:00 0 
7fc7f0000000-7fc7f0021000 rw-p 00000000 00:00 0 
7fc7f0021000-7fc7f4000000 ---p 00000000 00:00 0 
7fc7f4000000-7fc7f4021000 rw-p 00000000 00:00 0 
7fc7f4021000-7fc7f8000000 ---p 00000000 00:00 0 
7fc7fa6eb000-7fc7fa6ec000 ---p 00000000 00:00 0 
7fc7fa6ec000-7fc7fa7ec000 rwxp 00000000 00:00 0 
7fc7fa7ec000-7fc7fa7ed000 ---p 00000000 00:00 0 
7fc7fa7ed000-7fc7fa8ed000 rwxp 00000000 00:00 0 
7fc7fa8ed000-7fc7fa8ee000 ---p 00000000 00:00 0 
7fc7fa8ee000-7fc7fa9ee000 rwxp 00000000 00:00 0 
7fc7fa9ee000-7fc7fa9ef000 ---p 00000000 00:00 0 
7fc7fa9ef000-7fc7faaef000 rwxp 00000000 00:00 0 
7fc7faaef000-7fc7faaf0000 ---p 00000000 00:00 0 
7fc7faaf0000-7fc7fabf0000 rwxp 00000000 00:00 0 
7fc7fabf0000-7fc7fabf1000 ---p 00000000 00:00 0 
7fc7fabf1000-7fc7facf1000 rwxp 00000000 00:00 0 
7fc7facf1000-7fc7facf2000 ---p 00000000 00:00 0 
7fc7facf2000-7fc7fadf2000 rwxp 00000000 00:00 0 
7fc7fadf2000-7fc7fadf3000 ---p 00000000 00:00 0 
7fc7fadf3000-7fc7faef3000 rwxp 00000000 00:00 0 
7fc7faef3000-7fc7faef4000 ---p 00000000 00:00 0 
7fc7faef4000-7fc7faff4000 rwxp 00000000 00:00 0 
7fc7faff4000-7fc7faff5000 ---p 00000000 00:00 0 
7fc7faff5000-7fc7fb0f5000 rwxp 00000000 00:00 0 
7fc7fb0f5000-7fc7fb0f6000 ---p 00000000 00:00 0 
7fc7fb0f6000-7fc7fb1f6000 rwxp 00000000 00:00 0 
7fc7fb1f6000-7fc7fb1f7000 ---p 00000000 00:00 0 
7fc7fb1f7000-7fc7fb2f7000 rwxp 00000000 00:00 0 
7fc7fb2f7000-7fc7fb2f8000 ---p 00000000 00:00 0 
7fc7fb2f8000-7fc7fb3f8000 rwxp 00000000 00:00 0 
7fc7fb3f8000-7fc7fb3f9000 ---p 00000000 00:00 0 
7fc7fb3f9000-7fc7fb4f9000 rwxp 00000000 00:00 0 
7fc7fb4f9000-7fc7fb4fa000 ---p 00000000 00:00 0 
7fc7fb4fa000-7fc7fb5fa000 rwxp 00000000 00:00 0 
7fc7fb5fa000-7fc7fb5fb000 ---p 00000000 00:00 0 
7fc7fb5fb000-7fc7fb6fb000 rwxp 00000000 00:00 0 
7fc7fb6fb000-7fc7fb6fc000 ---p 00000000 00:00 0 
7fc7fb6fc000-7fc7fb7fc000 rwxp 00000000 00:00 0 
7fc7fb7fc000-7fc7fb7fd000 ---p 00000000 00:00 0 
7fc7fb7fd000-7fc7fb8fd000 rwxp 00000000 00:00 0 
7fc7fb8fd000-7fc7fb8fe000 ---p 00000000 00:00 0 
7fc7fb8fe000-7fc7fb9fe000 rwxp 00000000 00:00 0 
7fc7fb9fe000-7fc7fb9ff000 ---p 00000000 00:00 0 
7fc7fb9ff000-7fc7fbaff000 rwxp 00000000 00:00 0 
7fc7fbaff000-7fc7fbb00000 ---p 00000000 00:00 0 
7fc7fbb00000-7fc7fd0c0000 rwxp 00000000 00:00 0 
7fc7fd0c0000-7fc803c00000 rwxp 00000000 00:00 0 
7fc803c00000-7fc806c00000 rwxp 00000000 00:00 0 
7fc806c00000-7fc80cf00000 rwxp 00000000 00:00 0 
7fc80cf00000-7fc80df00000 rwxp 00000000 00:00 0 
7fc80df00000-7fc810000000 rwxp 00000000 00:00 0 
7fc810000000-7fc810021000 rw-p 00000000 00:00 0 
7fc810021000-7fc814000000 ---p 00000000 00:00 0 
7fc8140fa000-7fc8140fb000 ---p 00000000 00:00 0 
7fc8140fb000-7fc8141fb000 rwxp 00000000 00:00 0 
7fc8141fb000-7fc8141fc000 ---p 00000000 00:00 0 
7fc8141fc000-7fc8142fc000 rwxp 00000000 00:00 0 
7fc8142fc000-7fc8142fd000 ---p 00000000 00:00 0 
7fc8142fd000-7fc8143fd000 rwxp 00000000 00:00 0 
7fc8143fd000-7fc8143fe000 ---p 00000000 00:00 0 
7fc8143fe000-7fc8144fe000 rwxp 00000000 00:00 0 
7fc8144fe000-7fc8144ff000 ---p 00000000 00:00 0 
7fc8144ff000-7fc81486f000 rwxp 00000000 00:00 0 
7fc81486f000-7fc8175ff000 rwxp 00000000 00:00 0 
7fc8175ff000-7fc817600000 ---p 00000000 00:00 0 
7fc817600000-7fc818000000 rwxp 00000000 00:00 0 
7fc818000000-7fc818557000 rw-p 00000000 00:00 0 
7fc818557000-7fc81c000000 ---p 00000000 00:00 0 
7fc81c000000-7fc81c021000 rw-p 00000000 00:00 0 
7fc81c021000-7fc820000000 ---p 00000000 00:00 0 
7fc820000000-7fc820021000 rw-p 00000000 00:00 0 
7fc820021000-7fc824000000 ---p 00000000 00:00 0 
7fc8240d9000-7fc8240da000 ---p 00000000 00:00 0 
7fc8240da000-7fc8241da000 rwxp 00000000 00:00 0 
7fc8241da000-7fc8241db000 ---p 00000000 00:00 0 
7fc8241db000-7fc8242db000 rwxp 00000000 00:00 0 
7fc8242db000-7fc8242dc000 ---p 00000000 00:00 0 
7fc8242dc000-7fc8243dc000 rwxp 00000000 00:00 0 
7fc8243dc000-7fc8243dd000 ---p 00000000 00:00 0 
7fc8243dd000-7fc8244e8000 rwxp 00000000 00:00 0 
7fc8244e8000-7fc82451d000 rwxp 00000000 00:00 0 
7fc82451d000-7fc824535000 rwxp 00000000 00:00 0 
7fc824535000-7fc824567000 rwxp 00000000 00:00 0 
7fc824567000-7fc824572000 rwxp 00000000 00:00 0 
7fc824572000-7fc8245a7000 rwxp 00000000 00:00 0 
7fc8245a7000-7fc8245bf000 rwxp 00000000 00:00 0 
7fc8245bf000-7fc8245f0000 rwxp 00000000 00:00 0 
7fc8245f0000-7fc8245f9000 rwxp 00000000 00:00 0 
7fc8245f9000-7fc824609000 rwxp 00000000 00:00 0 
7fc824609000-7fc824614000 rwxp 00000000 00:00 0 
7fc824614000-7fc8246ca000 rwxp 00000000 00:00 0 
7fc8246ca000-7fc8246d8000 r-xp 00000000 00:37 5919882                    /l/local/lang/matlab-R2012a/sys/java/jre/glnxa64/jre/lib/amd64/libzip.so
7fc8246d8000-7fc8247da000 ---p 0000e000 00:37 5919882                    /l/local/lang/matlab-R2012a/sys/java/jre/glnxa64/jre/lib/amd64/libzip.so
7fc8247da000-7fc8247dd000 rw-p 00010000 00:37 5919882                    /l/local/lang/matlab-R2012a/sys/java/jre/glnxa64/jre/lib/amd64/libzip.so
7fc8247dd000-7fc8247de000 rw-p 00000000 00:00 0 
7fc8247de000-7fc8247e5000 r-xp 00000000 00:37 5919894                    /l/local/lang/matlab-R2012a/sys/java/jre/glnxa64/jre/lib/amd64/native_threads/libhpi.so
7fc8247e5000-7fc8248e6000 ---p 00007000 00:37 5919894                    /l/local/lang/matlab-R2012a/sys/java/jre/glnxa64/jre/lib/amd64/native_threads/libhpi.so
7fc8248e6000-7fc8248e8000 rw-p 00008000 00:37 5919894                    /l/local/lang/matlab-R2012a/sys/java/jre/glnxa64/jre/lib/amd64/native_threads/libhpi.so
7fc8248e8000-7fc8248e9000 rw-p 00000000 00:00 0 
7fc8248e9000-7fc8248ea000 ---p 00000000 00:00 0 
7fc8248ea000-7fc8252ea000 rwxp 00000000 00:00 0 
7fc8252ea000-7fc8252f4000 r-xp 00000000 08:01 786465                     /lib64/libnss_nis-2.12.so
7fc8252f4000-7fc8254f3000 ---p 0000a000 08:01 786465                     /lib64/libnss_nis-2.12.so
7fc8254f3000-7fc8254f4000 r--p 00009000 08:01 786465                     /lib64/libnss_nis-2.12.so
7fc8254f4000-7fc8254f5000 rw-p 0000a000 08:01 786465                     /lib64/libnss_nis-2.12.so
7fc8254f5000-7fc825501000 r-xp 00000000 08:01 786461                     /lib64/libnss_files-2.12.so
7fc825501000-7fc825701000 ---p 0000c000 08:01 786461                     /lib64/libnss_files-2.12.so
7fc825701000-7fc825702000 r--p 0000c000 08:01 786461                     /lib64/libnss_files-2.12.so
7fc825702000-7fc825703000 rw-p 0000d000 08:01 786461                     /lib64/libnss_files-2.12.so
7fc825729000-7fc825731000 rw-s 00000000 08:03 258588                     /tmp/hsperfdata_edg/43755
7fc825731000-7fc82573e000 r-xp 00000000 00:37 5919895                    /l/local/lang/matlab-R2012a/sys/java/jre/glnxa64/jre/lib/amd64/libverify.so
7fc82573e000-7fc82583d000 ---p 0000d000 00:37 5919895                    /l/local/lang/matlab-R2012a/sys/java/jre/glnxa64/jre/lib/amd64/libverify.so
7fc82583d000-7fc825840000 rw-p 0000c000 00:37 5919895                    /l/local/lang/matlab-R2012a/sys/java/jre/glnxa64/jre/lib/amd64/libverify.so
7fc825840000-7fc825f9e000 r-xp 00000000 00:37 5919876                    /l/local/lang/matlab-R2012a/sys/java/jre/glnxa64/jre/lib/amd64/server/libjvm.so
7fc825f9e000-7fc82609d000 ---p 0075e000 00:37 5919876                    /l/local/lang/matlab-R2012a/sys/java/jre/glnxa64/jre/lib/amd64/server/libjvm.so
7fc82609d000-7fc826215000 rw-p 0075d000 00:37 5919876                    /l/local/lang/matlab-R2012a/sys/java/jre/glnxa64/jre/lib/amd64/server/libjvm.so
7fc826215000-7fc826253000 rw-p 00000000 00:00 0 
7fc826253000-7fc82627c000 r-xp 00000000 00:37 5919885                    /l/local/lang/matlab-R2012a/sys/java/jre/glnxa64/jre/lib/amd64/libjava.so
7fc82627c000-7fc82637b000 ---p 00029000 00:37 5919885                    /l/local/lang/matlab-R2012a/sys/java/jre/glnxa64/jre/lib/amd64/libjava.so
7fc82637b000-7fc826382000 rw-p 00028000 00:37 5919885                    /l/local/lang/matlab-R2012a/sys/java/jre/glnxa64/jre/lib/amd64/libjava.so
7fc826382000-7fc826383000 ---p 00000000 00:00 0 
7fc826383000-7fc826d83000 rwxp 00000000 00:00 0 
7fc826d83000-7fc826d86000 ---p 00000000 00:00 0 
7fc826d86000-7fc827784000 rwxp 00000000 00:00 0 
7fc827784000-7fc827884000 rw-p 00000000 00:00 0 
7fc827884000-7fc827885000 ---p 00000000 00:00 0 
7fc827885000-7fc828055000 rwxp 00000000 00:00 0 
7fc828055000-7fc828057000 r-xp 00000000 00:37 5814388                    /l/local/lang/matlab-R2012a/bin/glnxa64/mklcompat.so
7fc828057000-7fc828256000 ---p 00002000 00:37 5814388                    /l/local/lang/matlab-R2012a/bin/glnxa64/mklcompat.so
7fc828256000-7fc828257000 rw-p 00001000 00:37 5814388                    /l/local/lang/matlab-R2012a/bin/glnxa64/mklcompat.so
7fc828257000-7fc828316000 r-xp 00000000 00:37 5913616                    /l/local/lang/matlab-R2012a/sys/os/glnxa64/libiomp5.so
7fc828316000-7fc828515000 ---p 000bf000 00:37 5913616                    /l/local/lang/matlab-R2012a/sys/os/glnxa64/libiomp5.so
7fc828515000-7fc82851e000 rw-p 000be000 00:37 5913616                    /l/local/lang/matlab-R2012a/sys/os/glnxa64/libiomp5.so
7fc82851e000-7fc828525000 rw-p 00000000 00:00 0 
7fc828525000-7fc82a3b0000 r-xp 00000000 00:37 5814355                    /l/local/lang/matlab-R2012a/bin/glnxa64/mkl.so
7fc82a3b0000-7fc82a5b0000 ---p 01e8b000 00:37 5814355                    /l/local/lang/matlab-R2012a/bin/glnxa64/mkl.so
7fc82a5b0000-7fc82a5f2000 rw-p 01e8b000 00:37 5814355                    /l/local/lang/matlab-R2012a/bin/glnxa64/mkl.so
7fc82a5f2000-7fc82a5f7000 rw-p 00000000 00:00 0 
7fc82a5f7000-7fc830487000 r--p 00000000 08:01 997894                     /usr/lib/locale/locale-archive
7fc830487000-7fc83048f000 rw-p 00000000 00:00 0 
7fc83048f000-7fc830495000 r-xp 00000000 00:37 5814345                    /l/local/lang/matlab-R2012a/bin/glnxa64/libmwcolamd.so
7fc830495000-7fc830694000 ---p 00006000 00:37 5814345                    /l/local/lang/matlab-R2012a/bin/glnxa64/libmwcolamd.so
7fc830694000-7fc830695000 rw-p 00005000 00:37 5814345                    /l/local/lang/matlab-R2012a/bin/glnxa64/libmwcolamd.so
7fc830695000-7fc83069d000 r-xp 00000000 00:37 5814332                    /l/local/lang/matlab-R2012a/bin/glnxa64/libmwamd.so
7fc83069d000-7fc83089c000 ---p 00008000 00:37 5814332                    /l/local/lang/matlab-R2012a/bin/glnxa64/libmwamd.so
7fc83089c000-7fc83089d000 rw-p 00007000 00:37 5814332                    /l/local/lang/matlab-R2012a/bin/glnxa64/libmwamd.so
7fc83089d000-7fc83089e000 rw-p 00000000 00:00 0 
7fc83089e000-7fc8308e0000 r-xp 00000000 00:37 5814346                    /l/local/lang/matlab-R2012a/bin/glnxa64/libmwcholmod.so
7fc8308e0000-7fc830ae0000 ---p 00042000 00:37 5814346                    /l/local/lang/matlab-R2012a/bin/glnxa64/libmwcholmod.so
7fc830ae0000-7fc830ae1000 rw-p 00042000 00:37 5814346                    /l/local/lang/matlab-R2012a/bin/glnxa64/libmwcholmod.so
7fc830ae1000-7fc830ae2000 rw-p 00000000 00:00 0 
7fc830ae2000-7fc830af4000 r-xp 00000000 00:37 5814397                    /l/local/lang/matlab-R2012a/bin/glnxa64/libmwblas.so
7fc830af4000-7fc830cf3000 ---p 00012000 00:37 5814397                    /l/local/lang/matlab-R2012a/bin/glnxa64/libmwblas.so
7fc830cf3000-7fc830cf5000 rw-p 00011000 00:37 5814397                    /l/local/lang/matlab-R2012a/bin/glnxa64/libmwblas.so
7fc830cf5000-7fc830cf7000 rw-p 00000000 00:00 0 
7fc830cf7000-7fc830cfb000 r-xp 00000000 00:37 5814372                    /l/local/lang/matlab-R2012a/bin/glnxa64/libmwompwrapper.so
7fc830cfb000-7fc830efa000 ---p 00004000 00:37 5814372                    /l/local/lang/matlab-R2012a/bin/glnxa64/libmwompwrapper.so
7fc830efa000-7fc830efb000 rw-p 00003000 00:37 5814372                    /l/local/lang/matlab-R2012a/bin/glnxa64/libmwompwrapper.so
7fc830efb000-7fc830f04000 r-xp 00000000 00:37 5814365                    /l/local/lang/matlab-R2012a/bin/glnxa64/libmwbinder.so
7fc830f04000-7fc831103000 ---p 00009000 00:37 5814365                    /l/local/lang/matlab-R2012a/bin/glnxa64/libmwbinder.so
7fc831103000-7fc831104000 rw-p 00008000 00:37 5814365                    /l/local/lang/matlab-R2012a/bin/glnxa64/libmwbinder.so
7fc831104000-7fc831105000 rw-p 00000000 00:00 0 
7fc831105000-7fc8311c8000 r-xp 00000000 00:37 5814406                    /l/local/lang/matlab-R2012a/bin/glnxa64/libmwmathcore.so
7fc8311c8000-7fc8313c7000 ---p 000c3000 00:37 5814406                    /l/local/lang/matlab-R2012a/bin/glnxa64/libmwmathcore.so
7fc8313c7000-7fc8313cc000 rw-p 000c2000 00:37 5814406                    /l/local/lang/matlab-R2012a/bin/glnxa64/libmwmathcore.so
7fc8313cc000-7fc8313cd000 rw-p 00000000 00:00 0 
7fc8313cd000-7fc831652000 r-xp 00000000 00:37 5814318                    /l/local/lang/matlab-R2012a/bin/glnxa64/libhdf5.so.6.0.5
7fc831652000-7fc831852000 ---p 00285000 00:37 5814318                    /l/local/lang/matlab-R2012a/bin/glnxa64/libhdf5.so.6.0.5
7fc831852000-7fc83185d000 rw-p 00285000 00:37 5814318                    /l/local/lang/matlab-R2012a/bin/glnxa64/libhdf5.so.6.0.5
7fc83185d000-7fc83185e000 rw-p 00000000 00:00 0 
7fc83185e000-7fc831879000 r-xp 00000000 00:37 5814319                    /l/local/lang/matlab-R2012a/bin/glnxa64/libhdf5_hl.so.6.0.5
7fc831879000-7fc831a78000 ---p 0001b000 00:37 5814319                    /l/local/lang/matlab-R2012a/bin/glnxa64/libhdf5_hl.so.6.0.5
7fc831a78000-7fc831a79000 rw-p 0001a000 00:37 5814319                    /l/local/lang/matlab-R2012a/bin/glnxa64/libhdf5_hl.so.6.0.5
7fc831a79000-7fc831a8c000 rw-p 00000000 00:00 0 
7fc831a8c000-7fc831d0d000 r-xp 00000000 00:37 5913612                    /l/local/lang/matlab-R2012a/sys/os/glnxa64/libXm.so.3.0.2
7fc831d0d000-7fc831f0d000 ---p 00281000 00:37 5913612                    /l/local/lang/matlab-R2012a/sys/os/glnxa64/libXm.so.3.0.2
7fc831f0d000-7fc831f37000 rw-p 00281000 00:37 5913612                    /l/local/lang/matlab-R2012a/sys/os/glnxa64/libXm.so.3.0.2
7fc831f37000-7fc831f38000 rw-p 00000000 00:00 0 
7fc831f38000-7fc831f45000 r-xp 00000000 00:37 5814399                    /l/local/lang/matlab-R2012a/bin/glnxa64/libmwgbt.so
7fc831f45000-7fc832145000 ---p 0000d000 00:37 5814399                    /l/local/lang/matlab-R2012a/bin/glnxa64/libmwgbt.so
7fc832145000-7fc832146000 rw-p 0000d000 00:37 5814399                    /l/local/lang/matlab-R2012a/bin/glnxa64/libmwgbt.so
7fc832146000-7fc832147000 rw-p 00000000 00:00 0 
7fc832147000-7fc832178000 r-xp 00000000 00:37 5814373                    /l/local/lang/matlab-R2012a/bin/glnxa64/libmwgbtutils.so
7fc832178000-7fc832377000 ---p 00031000 00:37 5814373                    /l/local/lang/matlab-R2012a/bin/glnxa64/libmwgbtutils.so
7fc832377000-7fc83237d000 rw-p 00030000 00:37 5814373                    /l/local/lang/matlab-R2012a/bin/glnxa64/libmwgbtutils.so
7fc83237d000-7fc83242e000 r-xp 00000000 00:37 5814390                    /l/local/lang/matlab-R2012a/bin/glnxa64/libmwlapack.so
7fc83242e000-7fc83262d000 ---p 000b1000 00:37 5814390                    /l/local/lang/matlab-R2012a/bin/glnxa64/libmwlapack.so
7fc83262d000-7fc832637000 rw-p 000b0000 00:37 5814390                    /l/local/lang/matlab-R2012a/bin/glnxa64/libmwlapack.so
7fc832637000-7fc832887000 r-xp 00000000 00:37 5814380                    /l/local/lang/matlab-R2012a/bin/glnxa64/libmwhgdatatypes.so
7fc832887000-7fc832a86000 ---p 00250000 00:37 5814380                    /l/local/lang/matlab-R2012a/bin/glnxa64/libmwhgdatatypes.so
7fc832a86000-7fc832aa3000 rw-p 0024f000 00:37 5814380                    /l/local/lang/matlab-R2012a/bin/glnxa64/libmwhgdatatypes.so
7fc832aa3000-7fc832aa5000 rw-p 00000000 00:00 0 
7fc832aa5000-7fc832ad6000 r-xp 00000000 00:37 5814426                    /l/local/lang/matlab-R2012a/bin/glnxa64/libmwhardcopy.so
7fc832ad6000-7fc832cd5000 ---p 00031000 00:37 5814426                    /l/local/lang/matlab-R2012a/bin/glnxa64/libmwhardcopy.so
7fc832cd5000-7fc832cd8000 rw-p 00030000 00:37 5814426                    /l/local/lang/matlab-R2012a/bin/glnxa64/libmwhardcopy.so
7fc832cd8000-7fc832ce8000 r-xp 00000000 00:37 5814403                    /l/local/lang/matlab-R2012a/bin/glnxa64/libmwgraphics_util.so
7fc832ce8000-7fc832ee7000 ---p 00010000 00:37 5814403                    /l/local/lang/matlab-R2012a/bin/glnxa64/libmwgraphics_util.so
7fc832ee7000-7fc832ee9000 rw-p 0000f000 00:37 5814403                    /l/local/lang/matlab-R2012a/bin/glnxa64/libmwgraphics_util.so
7fc832ee9000-7fc832eea000 rw-p 00000000 00:00 0 
7fc832eea000-7fc832eff000 r-xp 00000000 00:37 5814395                    /l/local/lang/matlab-R2012a/bin/glnxa64/libmwir_xfmr.so
7fc832eff000-7fc8330ff000 ---p 00015000 00:37 5814395                    /l/local/lang/matlab-R2012a/bin/glnxa64/libmwir_xfmr.so
7fc8330ff000-7fc833100000 rw-p 00015000 00:37 5814395                    /l/local/lang/matlab-R2012a/bin/glnxa64/libmwir_xfmr.so
7fc833100000-7fc833102000 rw-p 00000000 00:00 0 
7fc833102000-7fc83316d000 r-xp 00000000 00:37 5814381                    /l/local/lang/matlab-R2012a/bin/glnxa64/libmwspmatrix.so
7fc83316d000-7fc83336d000 ---p 0006b000 00:37 5814381                    /l/local/lang/matlab-R2012a/bin/glnxa64/libmwspmatrix.so
7fc83336d000-7fc83336e000 rw-p 0006b000 00:37 5814381                    /l/local/lang/matlab-R2012a/bin/glnxa64/libmwspmatrix.so
7fc83336e000-7fc83336f000 rw-p 00000000 00:00 0 
7fc83336f000-7fc833394000 r-xp 00000000 00:37 5814392                    /l/local/lang/matlab-R2012a/bin/glnxa64/libmwm_pcodegen.so
7fc833394000-7fc833594000 ---p 00025000 00:37 5814392                    /l/local/lang/matlab-R2012a/bin/glnxa64/libmwm_pcodegen.so
7fc833594000-7fc833596000 rw-p 00025000 00:37 5814392                    /l/local/lang/matlab-R2012a/bin/glnxa64/libmwm_pcodegen.so
7fc833596000-7fc8335af000 r-xp 00000000 00:37 5814417                    /l/local/lang/matlab-R2012a/bin/glnxa64/libmwm_pcodeio.so
7fc8335af000-7fc8337ae000 ---p 00019000 00:37 5814417                    /l/local/lang/matlab-R2012a/bin/glnxa64/libmwm_pcodeio.so
7fc8337ae000-7fc8337b0000 rw-p 00018000 00:37 5814417                    /l/local/lang/matlab-R2012a/bin/glnxa64/libmwm_pcodeio.so
7fc8337b0000-7fc8337c0000 r-xp 00000000 00:37 5814367                    /l/local/lang/matlab-R2012a/bin/glnxa64/libmwmlib.so
7fc8337c0000-7fc8339c0000 ---p 00010000 00:37 5814367                    /l/local/lang/matlab-R2012a/bin/glnxa64/libmwmlib.so
7fc8339c0000-7fc8339c2000 rw-p 00010000 00:37 5814367                    /l/local/lang/matlab-R2012a/bin/glnxa64/libmwmlib.so
7fc8339c2000-7fc8339c3000 rw-p 00000000 00:00 0 
7fc8339c3000-7fc8339ec000 r-xp 00000000 00:37 5814411                    /l/local/lang/matlab-R2012a/bin/glnxa64/libmwmathrng.so
7fc8339ec000-7fc833beb000 ---p 00029000 00:37 5814411                    /l/local/lang/matlab-R2012a/bin/glnxa64/libmwmathrng.so
7fc833beb000-7fc833bed000 rw-p 00028000 00:37 5814411                    /l/local/lang/matlab-R2012a/bin/glnxa64/libmwmathrng.so
7fc833bed000-7fc833bef000 rw-p 00000000 00:00 0 
7fc833bef000-7fc833ca4000 r-xp 00000000 00:37 5814382                    /l/local/lang/matlab-R2012a/bin/glnxa64/libmwmathutil.so
7fc833ca4000-7fc833ea3000 ---p 000b5000 00:37 5814382                    /l/local/lang/matlab-R2012a/bin/glnxa64/libmwmathutil.so
7fc833ea3000-7fc833ea4000 rw-p 000b4000 00:37 5814382                    /l/local/lang/matlab-R2012a/bin/glnxa64/libmwmathutil.so
7fc833ea4000-7fc833ee0000 r-xp 00000000 00:37 5814424                    /l/local/lang/matlab-R2012a/bin/glnxa64/libmwprofiler.so
7fc833ee0000-7fc8340df000 ---p 0003c000 00:37 5814424                    /l/local/lang/matlab-R2012a/bin/glnxa64/libmwprofiler.so
7fc8340df000-7fc8340e2000 rw-p 0003b000 00:37 5814424                    /l/local/lang/matlab-R2012a/bin/glnxa64/libmwprofiler.so
7fc8340e2000-7fc8340e3000 rw-p 00000000 00:00 0 
7fc8340e3000-7fc83412d000 r-xp 00000000 00:37 5814328                    /l/local/lang/matlab-R2012a/bin/glnxa64/libmat.so
7fc83412d000-7fc83432d000 ---p 0004a000 00:37 5814328                    /l/local/lang/matlab-R2012a/bin/glnxa64/libmat.so
7fc83432d000-7fc834331000 rw-p 0004a000 00:37 5814328                    /l/local/lang/matlab-R2012a/bin/glnxa64/libmat.so
7fc834331000-7fc8346e9000 r-xp 00000000 00:37 5814364                    /l/local/lang/matlab-R2012a/bin/glnxa64/libxerces-c.so.27.0
7fc8346e9000-7fc8348e8000 ---p 003b8000 00:37 5814364                    /l/local/lang/matlab-R2012a/bin/glnxa64/libxerces-c.so.27.0
7fc8348e8000-7fc83492c000 rw-p 003b7000 00:37 5814364                    /l/local/lang/matlab-R2012a/bin/glnxa64/libxerces-c.so.27.0
7fc83492c000-7fc83492e000 rw-p 00000000 00:00 0 
7fc83492e000-7fc8349a0000 r-xp 00000000 00:37 5814391                    /l/local/lang/matlab-R2012a/bin/glnxa64/libmwxmlcore.so
7fc8349a0000-7fc834b9f000 ---p 00072000 00:37 5814391                    /l/local/lang/matlab-R2012a/bin/glnxa64/libmwxmlcore.so
7fc834b9f000-7fc834ba7000 rw-p 00071000 00:37 5814391                    /l/local/lang/matlab-R2012a/bin/glnxa64/libmwxmlcore.so
7fc834ba7000-7fc834ba8000 rw-p 00000000 00:00 0 
7fc834ba8000-7fc834bbd000 r-xp 00000000 00:37 5814304                    /l/local/lang/matlab-R2012a/bin/glnxa64/libboost_iostreams.so.1.44.0
7fc834bbd000-7fc834dbd000 ---p 00015000 00:37 5814304                    /l/local/lang/matlab-R2012a/bin/glnxa64/libboost_iostreams.so.1.44.0
7fc834dbd000-7fc834dbf000 rw-p 00015000 00:37 5814304                    /l/local/lang/matlab-R2012a/bin/glnxa64/libboost_iostreams.so.1.44.0
7fc834dbf000-7fc834dc0000 rw-p 00000000 00:00 0 
7fc834dc0000-7fc834f36000 r-xp 00000000 00:37 5814422                    /l/local/lang/matlab-R2012a/bin/glnxa64/libmwuix.so
7fc834f36000-7fc835136000 ---p 00176000 00:37 5814422                    /l/local/lang/matlab-R2012a/bin/glnxa64/libmwuix.so
7fc835136000-7fc83514b000 rw-p 00176000 00:37 5814422                    /l/local/lang/matlab-R2012a/bin/glnxa64/libmwuix.so
7fc83514b000-7fc835150000 rw-p 00000000 00:00 0 
7fc835150000-7fc8351b0000 r-xp 00000000 00:37 5814402                    /l/local/lang/matlab-R2012a/bin/glnxa64/libmwm_ir.so
7fc8351b0000-7fc8353af000 ---p 00060000 00:37 5814402                    /l/local/lang/matlab-R2012a/bin/glnxa64/libmwm_ir.so
7fc8353af000-7fc8353b8000 rw-p 0005f000 00:37 5814402                    /l/local/lang/matlab-R2012a/bin/glnxa64/libmwm_ir.so
7fc8353b8000-7fc8353bd000 r-xp 00000000 00:37 5814423                    /l/local/lang/matlab-R2012a/bin/glnxa64/libmwuinone.so
7fc8353bd000-7fc8355bd000 ---p 00005000 00:37 5814423                    /l/local/lang/matlab-R2012a/bin/glnxa64/libmwuinone.so
7fc8355bd000-7fc8355be000 rw-p 00005000 00:37 5814423                    /l/local/lang/matlab-R2012a/bin/glnxa64/libmwuinone.so
7fc8355be000-7fc8355bf000 rw-p 00000000 00:00 0 
7fc8355bf000-7fc835668000 r-xp 00000000 00:37 5814428                    /l/local/lang/matlab-R2012a/bin/glnxa64/libmwudd_mi.so
7fc835668000-7fc835868000 ---p 000a9000 00:37 5814428                    /l/local/lang/matlab-R2012a/bin/glnxa64/libmwudd_mi.so
7fc835868000-7fc835874000 rw-p 000a9000 00:37 5814428                    /l/local/lang/matlab-R2012a/bin/glnxa64/libmwudd_mi.so
7fc835874000-7fc835875000 rw-p 00000000 00:00 0 
7fc835875000-7fc8358ba000 r-xp 00000000 00:37 5814398                    /l/local/lang/matlab-R2012a/bin/glnxa64/libuij.so
7fc8358ba000-7fc835aba000 ---p 00045000 00:37 5814398                    /l/local/lang/matlab-R2012a/bin/glnxa64/libuij.so
7fc835aba000-7fc835abd000 rw-p 00045000 00:37 5814398                    /l/local/lang/matlab-R2012a/bin/glnxa64/libuij.so
7fc835abd000-7fc835bd6000 r-xp 00000000 00:37 5814407                    /l/local/lang/matlab-R2012a/bin/glnxa64/libmwhgutils.so
7fc835bd6000-7fc835dd5000 ---p 00119000 00:37 5814407                    /l/local/lang/matlab-R2012a/bin/glnxa64/libmwhgutils.so
7fc835dd5000-7fc835deb000 rw-p 00118000 00:37 5814407                    /l/local/lang/matlab-R2012a/bin/glnxa64/libmwhgutils.so
7fc835deb000-7fc835dec000 rw-p 00000000 00:00 0 
7fc835dec000-7fc836b4b000 r-xp 00000000 00:37 5814366                    /l/local/lang/matlab-R2012a/bin/glnxa64/libmwhg.so
7fc836b4b000-7fc836d4a000 ---p 00d5f000 00:37 5814366                    /l/local/lang/matlab-R2012a/bin/glnxa64/libmwhg.so
7fc836d4a000-7fc836e60000 rw-p 00d5e000 00:37 5814366                    /l/local/lang/matlab-R2012a/bin/glnxa64/libmwhg.so
7fc836e60000-7fc836e6d000 rw-p 00000000 00:00 0 
7fc836e6d000-7fc836f7f000 r-xp 00000000 00:37 5814386                    /l/local/lang/matlab-R2012a/bin/glnxa64/libmwgui.so
7fc836f7f000-7fc83717e000 ---p 00112000 00:37 5814386                    /l/local/lang/matlab-R2012a/bin/glnxa64/libmwgui.so
7fc83717e000-7fc8371ba000 rw-p 00111000 00:37 5814386                    /l/local/lang/matlab-R2012a/bin/glnxa64/libmwgui.so
7fc8371ba000-7fc8371bb000 rw-p 00000000 00:00 0 
7fc8371bb000-7fc83742a000 r-xp 00000000 00:37 5814408                    /l/local/lang/matlab-R2012a/bin/glnxa64/libmwmcos.so
7fc83742a000-7fc83762a000 ---p 0026f000 00:37 5814408                    /l/local/lang/matlab-R2012a/bin/glnxa64/libmwmcos.so
7fc83762a000-7fc837654000 rw-p 0026f000 00:37 5814408                    /l/local/lang/matlab-R2012a/bin/glnxa64/libmwmcos.so
7fc837654000-7fc837655000 rw-p 00000000 00:00 0 
7fc837655000-7fc83765c000 r-xp 00000000 00:37 5814393                    /l/local/lang/matlab-R2012a/bin/glnxa64/libmwmtok.so
7fc83765c000-7fc83785c000 ---p 00007000 00:37 5814393                    /l/local/lang/matlab-R2012a/bin/glnxa64/libmwmtok.so
7fc83785c000-7fc83785d000 rw-p 00007000 00:37 5814393                    /l/local/lang/matlab-R2012a/bin/glnxa64/libmwmtok.so
7fc83785d000-7fc8378e2000 r-xp 00000000 00:37 5814371                    /l/local/lang/matlab-R2012a/bin/glnxa64/libmwmlint.so
7fc8378e2000-7fc837ae1000 ---p 00085000 00:37 5814371                    /l/local/lang/matlab-R2012a/bin/glnxa64/libmwmlint.so
7fc837ae1000-7fc837ae9000 rw-p 00084000 00:37 5814371                    /l/local/lang/matlab-R2012a/bin/glnxa64/libmwmlint.so
7fc837ae9000-7fc837aeb000 rw-p 00000000 00:00 0 
7fc837aeb000-7fc837bcf000 r-xp 00000000 00:37 5814383                    /l/local/lang/matlab-R2012a/bin/glnxa64/libmwudd.so
7fc837bcf000-7fc837dcf000 ---p 000e4000 00:37 5814383                    /l/local/lang/matlab-R2012a/bin/glnxa64/libmwudd.so
7fc837dcf000-7fc837de6000 rw-p 000e4000 00:37 5814383                    /l/local/lang/matlab-R2012a/bin/glnxa64/libmwudd.so
7fc837de6000-7fc837de9000 rw-p 00000000 00:00 0 
7fc837de9000-7fc838055000 r-xp 00000000 00:37 5814387                    /l/local/lang/matlab-R2012a/bin/glnxa64/libmwm_parser.so
7fc838055000-7fc838255000 ---p 0026c000 00:37 5814387                    /l/local/lang/matlab-R2012a/bin/glnxa64/libmwm_parser.so
7fc838255000-7fc8386f7000 rw-p 0026c000 00:37 5814387                    /l/local/lang/matlab-R2012a/bin/glnxa64/libmwm_parser.so
7fc8386f7000-7fc838717000 r-xp 00000000 00:37 5814415                    /l/local/lang/matlab-R2012a/bin/glnxa64/libmex.so
7fc838717000-7fc838917000 ---p 00020000 00:37 5814415                    /l/local/lang/matlab-R2012a/bin/glnxa64/libmex.so
7fc838917000-7fc838919000 rw-p 00020000 00:37 5814415                    /l/local/lang/matlab-R2012a/bin/glnxa64/libmex.so
7fc838919000-7fc83891a000 rw-p 00000000 00:00 0 
7fc83891a000-7fc83891b000 r-xp 00000000 00:37 5814333                    /l/local/lang/matlab-R2012a/bin/glnxa64/libmwnativejava_services.so
7fc83891b000-7fc838b1b000 ---p 00001000 00:37 5814333                    /l/local/lang/matlab-R2012a/bin/glnxa64/libmwnativejava_services.so
7fc838b1b000-7fc838b1c000 rw-p 00001000 00:37 5814333                    /l/local/lang/matlab-R2012a/bin/glnxa64/libmwnativejava_services.so
7fc838b1c000-7fc838e69000 r-xp 00000000 00:37 5814369                    /l/local/lang/matlab-R2012a/bin/glnxa64/libmwiqm.so
7fc838e69000-7fc839068000 ---p 0034d000 00:37 5814369                    /l/local/lang/matlab-R2012a/bin/glnxa64/libmwiqm.so
7fc839068000-7fc83908e000 rw-p 0034c000 00:37 5814369                    /l/local/lang/matlab-R2012a/bin/glnxa64/libmwiqm.so
7fc83908e000-7fc839095000 rw-p 00000000 00:00 0 
7fc839095000-7fc839104000 r-xp 00000000 00:37 5814294                    /l/local/lang/matlab-R2012a/bin/glnxa64/libboost_serialization.so.1.44.0
7fc839104000-7fc839304000 ---p 0006f000 00:37 5814294                    /l/local/lang/matlab-R2012a/bin/glnxa64/libboost_serialization.so.1.44.0
7fc839304000-7fc839308000 rw-p 0006f000 00:37 5814294                    /l/local/lang/matlab-R2012a/bin/glnxa64/libboost_serialization.so.1.44.0
7fc839308000-7fc83931b000 r-xp 00000000 00:37 5814341                    /l/local/lang/matlab-R2012a/bin/glnxa64/libmwMATLAB_settings_res.so
7fc83931b000-7fc83951a000 ---p 00013000 00:37 5814341                    /l/local/lang/matlab-R2012a/bin/glnxa64/libmwMATLAB_settings_res.so
7fc83951a000-7fc83951b000 rw-p 00012000 00:37 5814341                    /l/local/lang/matlab-R2012a/bin/glnxa64/libmwMATLAB_settings_res.so
7fc83951b000-7fc83951c000 rw-p 00000000 00:00 0 
7fc83951c000-7fc83952d000 r-xp 00000000 00:37 5814340                    /l/local/lang/matlab-R2012a/bin/glnxa64/libmwmfl_scalar.so
7fc83952d000-7fc83972c000 ---p 00011000 00:37 5814340                    /l/local/lang/matlab-R2012a/bin/glnxa64/libmwmfl_scalar.so
7fc83972c000-7fc83972d000 rw-p 00010000 00:37 5814340                    /l/local/lang/matlab-R2012a/bin/glnxa64/libmwmfl_scalar.so
7fc83972d000-7fc839bb3000 r-xp 00000000 00:37 5814376                    /l/local/lang/matlab-R2012a/bin/glnxa64/libmwmlutil.so
7fc839bb3000-7fc839db2000 ---p 00486000 00:37 5814376                    /l/local/lang/matlab-R2012a/bin/glnxa64/libmwmlutil.so
7fc839db2000-7fc839ddf000 rw-p 00485000 00:37 5814376                    /l/local/lang/matlab-R2012a/bin/glnxa64/libmwmlutil.so
7fc839ddf000-7fc839ded000 rw-p 00000000 00:00 0 
7fc839ded000-7fc839e00000 r-xp 00000000 00:37 5814296                    /l/local/lang/matlab-R2012a/bin/glnxa64/libboost_signals.so.1.44.0
7fc839e00000-7fc839fff000 ---p 00013000 00:37 5814296                    /l/local/lang/matlab-R2012a/bin/glnxa64/libboost_signals.so.1.44.0
7fc839fff000-7fc83a000000 rw-p 00012000 00:37 5814296                    /l/local/lang/matlab-R2012a/bin/glnxa64/libboost_signals.so.1.44.0
7fc83a000000-7fc83a106000 r-xp 00000000 00:37 5814295                    /l/local/lang/matlab-R2012a/bin/glnxa64/libboost_regex.so.1.44.0
7fc83a106000-7fc83a306000 ---p 00106000 00:37 5814295                    /l/local/lang/matlab-R2012a/bin/glnxa64/libboost_regex.so.1.44.0
7fc83a306000-7fc83a30d000 rw-p 00106000 00:37 5814295                    /l/local/lang/matlab-R2012a/bin/glnxa64/libboost_regex.so.1.44.0
7fc83a30d000-7fc83a32e000 r-xp 00000000 00:37 5814297                    /l/local/lang/matlab-R2012a/bin/glnxa64/libboost_filesystem.so.1.44.0
7fc83a32e000-7fc83a52d000 ---p 00021000 00:37 5814297                    /l/local/lang/matlab-R2012a/bin/glnxa64/libboost_filesystem.so.1.44.0
7fc83a52d000-7fc83a52f000 rw-p 00020000 00:37 5814297                    /l/local/lang/matlab-R2012a/bin/glnxa64/libboost_filesystem.so.1.44.0
7fc83a52f000-7fc83a530000 rw-p 00000000 00:00 0 
7fc83a530000-7fc83a820000 r-xp 00000000 00:37 5814324                    /l/local/lang/matlab-R2012a/bin/glnxa64/libmwMATLAB_res.so
7fc83a820000-7fc83aa1f000 ---p 002f0000 00:37 5814324                    /l/local/lang/matlab-R2012a/bin/glnxa64/libmwMATLAB_res.so
7fc83aa1f000-7fc83aa21000 rw-p 002ef000 00:37 5814324                    /l/local/lang/matlab-R2012a/bin/glnxa64/libmwMATLAB_res.so
7fc83aa21000-7fc83aa2c000 rw-p 00000000 00:00 0 
7fc83aa2c000-7fc83aa2e000 r-xp 00000000 00:37 5814323                    /l/local/lang/matlab-R2012a/bin/glnxa64/libmwresource_core.so
7fc83aa2e000-7fc83ac2d000 ---p 00002000 00:37 5814323                    /l/local/lang/matlab-R2012a/bin/glnxa64/libmwresource_core.so
7fc83ac2d000-7fc83ac2e000 rw-p 00001000 00:37 5814323                    /l/local/lang/matlab-R2012a/bin/glnxa64/libmwresource_core.so
7fc83ac2e000-7fc83ac2f000 rw-p 00000000 00:00 0 
7fc83ac2f000-7fc83ac49000 r-xp 00000000 00:37 5814322                    /l/local/lang/matlab-R2012a/bin/glnxa64/libtbbmalloc.so.2
7fc83ac49000-7fc83ad48000 ---p 0001a000 00:37 5814322                    /l/local/lang/matlab-R2012a/bin/glnxa64/libtbbmalloc.so.2
7fc83ad48000-7fc83ad4b000 rw-p 00019000 00:37 5814322                    /l/local/lang/matlab-R2012a/bin/glnxa64/libtbbmalloc.so.2
7fc83ad4b000-7fc83ad58000 rw-p 00000000 00:00 0 
7fc83ad58000-7fc83ad92000 r-xp 00000000 00:37 5814321                    /l/local/lang/matlab-R2012a/bin/glnxa64/libtbb.so.2
7fc83ad92000-7fc83ae92000 ---p 0003a000 00:37 5814321                    /l/local/lang/matlab-R2012a/bin/glnxa64/libtbb.so.2
7fc83ae92000-7fc83ae96000 rw-p 0003a000 00:37 5814321                    /l/local/lang/matlab-R2012a/bin/glnxa64/libtbb.so.2
7fc83ae96000-7fc83ae97000 rw-p 00000000 00:00 0 
7fc83ae97000-7fc83aea2000 r-xp 00000000 00:37 5814292                    /l/local/lang/matlab-R2012a/bin/glnxa64/libicuio.so.44.2
7fc83aea2000-7fc83b0a2000 ---p 0000b000 00:37 5814292                    /l/local/lang/matlab-R2012a/bin/glnxa64/libicuio.so.44.2
7fc83b0a2000-7fc83b0a4000 rw-p 0000b000 00:37 5814292                    /l/local/lang/matlab-R2012a/bin/glnxa64/libicuio.so.44.2
7fc83b0a4000-7fc83b0a5000 rw-p 00000000 00:00 0 
7fc83b0a5000-7fc83b297000 r-xp 00000000 00:37 5814288                    /l/local/lang/matlab-R2012a/bin/glnxa64/libicui18n.so.44.2
7fc83b297000-7fc83b496000 ---p 001f2000 00:37 5814288                    /l/local/lang/matlab-R2012a/bin/glnxa64/libicui18n.so.44.2
7fc83b496000-7fc83b4a2000 rw-p 001f1000 00:37 5814288                    /l/local/lang/matlab-R2012a/bin/glnxa64/libicui18n.so.44.2
7fc83b4a2000-7fc83b5f3000 r-xp 00000000 00:37 5814286                    /l/local/lang/matlab-R2012a/bin/glnxa64/libicuuc.so.44.2
7fc83b5f3000-7fc83b7f3000 ---p 00151000 00:37 5814286                    /l/local/lang/matlab-R2012a/bin/glnxa64/libicuuc.so.44.2
7fc83b7f3000-7fc83b803000 rw-p 00151000 00:37 5814286                    /l/local/lang/matlab-R2012a/bin/glnxa64/libicuuc.so.44.2
7fc83b803000-7fc83b806000 rw-p 00000000 00:00 0 
7fc83b806000-7fc83c646000 r--p 00000000 00:37 5814287                    /l/local/lang/matlab-R2012a/bin/glnxa64/libicudata.so.44.2
7fc83c646000-7fc83c845000 ---p 00e40000 00:37 5814287                    /l/local/lang/matlab-R2012a/bin/glnxa64/libicudata.so.44.2
7fc83c845000-7fc83c846000 rw-p 00e3f000 00:37 5814287                    /l/local/lang/matlab-R2012a/bin/glnxa64/libicudata.so.44.2
7fc83c846000-7fc83c847000 rw-p 00000000 00:00 0 
7fc83c847000-7fc83c86d000 r-xp 00000000 00:37 5814315                    /l/local/lang/matlab-R2012a/bin/glnxa64/libexpat.so.1.5.0
7fc83c86d000-7fc83ca6c000 ---p 00026000 00:37 5814315                    /l/local/lang/matlab-R2012a/bin/glnxa64/libexpat.so.1.5.0
7fc83ca6c000-7fc83ca6f000 rw-p 00025000 00:37 5814315                    /l/local/lang/matlab-R2012a/bin/glnxa64/libexpat.so.1.5.0
7fc83ca6f000-7fc83ca85000 r-xp 00000000 00:37 5814299                    /l/local/lang/matlab-R2012a/bin/glnxa64/libboost_thread.so.1.44.0
7fc83ca85000-7fc83cc84000 ---p 00016000 00:37 5814299                    /l/local/lang/matlab-R2012a/bin/glnxa64/libboost_thread.so.1.44.0
7fc83cc84000-7fc83cc86000 rw-p 00015000 00:37 5814299                    /l/local/lang/matlab-R2012a/bin/glnxa64/libboost_thread.so.1.44.0
7fc83cc86000-7fc83cc88000 r-xp 00000000 00:37 5814303                    /l/local/lang/matlab-R2012a/bin/glnxa64/libboost_system.so.1.44.0
7fc83cc88000-7fc83ce88000 ---p 00002000 00:37 5814303                    /l/local/lang/matlab-R2012a/bin/glnxa64/libboost_system.so.1.44.0
7fc83ce88000-7fc83ce89000 rw-p 00002000 00:37 5814303                    /l/local/lang/matlab-R2012a/bin/glnxa64/libboost_system.so.1.44.0
7fc83ce89000-7fc83ce8a000 rw-p 00000000 00:00 0 
7fc83ce8a000-7fc83ce9b000 r-xp 00000000 00:37 5814306                    /l/local/lang/matlab-R2012a/bin/glnxa64/libboost_date_time.so.1.44.0
7fc83ce9b000-7fc83d09a000 ---p 00011000 00:37 5814306                    /l/local/lang/matlab-R2012a/bin/glnxa64/libboost_date_time.so.1.44.0
7fc83d09a000-7fc83d09c000 rw-p 00010000 00:37 5814306                    /l/local/lang/matlab-R2012a/bin/glnxa64/libboost_date_time.so.1.44.0
7fc83d09c000-7fc83d09d000 rw-p 00000000 00:00 0 
7fc83d09d000-7fc83d0b3000 r-xp 00000000 00:37 5815003                    /l/local/lang/matlab-R2012a/bin/glnxa64/libgcc_s.so.1
7fc83d0b3000-7fc83d2b2000 ---p 00016000 00:37 5815003                    /l/local/lang/matlab-R2012a/bin/glnxa64/libgcc_s.so.1
7fc83d2b2000-7fc83d2b3000 rw-p 00015000 00:37 5815003                    /l/local/lang/matlab-R2012a/bin/glnxa64/libgcc_s.so.1
7fc83d2b3000-7fc83d2b4000 rw-p 00000000 00:00 0 
7fc83d2b9000-7fc83d2ba000 rw-p 00000000 00:00 0 
7fc83d2ba000-7fc83d2bb000 r--p 00000000 00:00 0 
7fc83d2bb000-7fc83d2db000 rw-p 00000000 00:00 0 
7fc83d2db000-7fc83d2e2000 r--s 00000000 08:01 997420                     /usr/lib64/gconv/gconv-modules.cache
7fc83d2e2000-7fc83d3d3000 r-xp 00000000 00:37 5815004                    /l/local/lang/matlab-R2012a/bin/glnxa64/libstdc++.so.6.0.13
7fc83d3d3000-7fc83d5d3000 ---p 000f1000 00:37 5815004                    /l/local/lang/matlab-R2012a/bin/glnxa64/libstdc++.so.6.0.13
7fc83d5d3000-7fc83d5da000 r--p 000f1000 00:37 5815004                    /l/local/lang/matlab-R2012a/bin/glnxa64/libstdc++.so.6.0.13
7fc83d5da000-7fc83d5dc000 rw-p 000f8000 00:37 5815004                    /l/local/lang/matlab-R2012a/bin/glnxa64/libstdc++.so.6.0.13
7fc83d5dc000-7fc83d5f1000 rw-p 00000000 00:00 0 
7fc83d5f1000-7fc83d680000 r-xp 00000000 00:37 5814330                    /l/local/lang/matlab-R2012a/bin/glnxa64/libmwi18n.so
7fc83d680000-7fc83d87f000 ---p 0008f000 00:37 5814330                    /l/local/lang/matlab-R2012a/bin/glnxa64/libmwi18n.so
7fc83d87f000-7fc83d885000 rw-p 0008e000 00:37 5814330                    /l/local/lang/matlab-R2012a/bin/glnxa64/libmwi18n.so
7fc83d885000-7fc83d886000 rw-p 00000000 00:00 0 
7fc83d886000-7fc83ddba000 r-xp 00000000 00:37 5814419                    /l/local/lang/matlab-R2012a/bin/glnxa64/libmwm_interpreter.so
7fc83ddba000-7fc83dfb9000 ---p 00534000 00:37 5814419                    /l/local/lang/matlab-R2012a/bin/glnxa64/libmwm_interpreter.so
7fc83dfb9000-7fc83e096000 rw-p 00533000 00:37 5814419                    /l/local/lang/matlab-R2012a/bin/glnxa64/libmwm_interpreter.so
7fc83e096000-7fc83e130000 rw-p 00000000 00:00 0 
7fc83e130000-7fc83e1c5000 r-xp 00000000 00:37 5814416                    /l/local/lang/matlab-R2012a/bin/glnxa64/libmwm_dispatcher.so
7fc83e1c5000-7fc83e3c4000 ---p 00095000 00:37 5814416                    /l/local/lang/matlab-R2012a/bin/glnxa64/libmwm_dispatcher.so
7fc83e3c4000-7fc83e3cb000 rw-p 00094000 00:37 5814416                    /l/local/lang/matlab-R2012a/bin/glnxa64/libmwm_dispatcher.so
7fc83e3cb000-7fc83e535000 r-xp 00000000 00:37 5814378                    /l/local/lang/matlab-R2012a/bin/glnxa64/libmwmcr.so
7fc83e535000-7fc83e735000 ---p 0016a000 00:37 5814378                    /l/local/lang/matlab-R2012a/bin/glnxa64/libmwmcr.so
7fc83e735000-7fc83e747000 rw-p 0016a000 00:37 5814378                    /l/local/lang/matlab-R2012a/bin/glnxa64/libmwmcr.so
7fc83e747000-7fc83e74b000 rw-p 00000000 00:00 0 
7fc83e74b000-7fc83e77d000 r-xp 00000000 00:37 5814385                    /l/local/lang/matlab-R2012a/bin/glnxa64/libmwbridge.so
7fc83e77d000-7fc83e97d000 ---p 00032000 00:37 5814385                    /l/local/lang/matlab-R2012a/bin/glnxa64/libmwbridge.so
7fc83e97d000-7fc83e980000 rw-p 00032000 00:37 5814385                    /l/local/lang/matlab-R2012a/bin/glnxa64/libmwbridge.so
7fc83e980000-7fc83e986000 rw-p 00000000 00:00 0 
7fc83e986000-7fc83ea26000 r-xp 00000000 00:37 5814370                    /l/local/lang/matlab-R2012a/bin/glnxa64/libmwjmi.so
7fc83ea26000-7fc83ec25000 ---p 000a0000 00:37 5814370                    /l/local/lang/matlab-R2012a/bin/glnxa64/libmwjmi.so
7fc83ec25000-7fc83ec2d000 rw-p 0009f000 00:37 5814370                    /l/local/lang/matlab-R2012a/bin/glnxa64/libmwjmi.so
7fc83ec2d000-7fc83ec2e000 rw-p 00000000 00:00 0 
7fc83ec2e000-7fc83ee9c000 r-xp 00000000 00:37 5814410                    /l/local/lang/matlab-R2012a/bin/glnxa64/libmwservices.so
7fc83ee9c000-7fc83f09b000 ---p 0026e000 00:37 5814410                    /l/local/lang/matlab-R2012a/bin/glnxa64/libmwservices.so
7fc83f09b000-7fc83f0b2000 rw-p 0026d000 00:37 5814410                    /l/local/lang/matlab-R2012a/bin/glnxa64/libmwservices.so
7fc83f0b2000-7fc83f0c1000 rw-p 00000000 00:00 0 
7fc83f0c1000-7fc83f0fe000 r-xp 00000000 00:37 5814374                    /l/local/lang/matlab-R2012a/bin/glnxa64/libmwmpath.so
7fc83f0fe000-7fc83f2fe000 ---p 0003d000 00:37 5814374                    /l/local/lang/matlab-R2012a/bin/glnxa64/libmwmpath.so
7fc83f2fe000-7fc83f301000 rw-p 0003d000 00:37 5814374                    /l/local/lang/matlab-R2012a/bin/glnxa64/libmwmpath.so
7fc83f301000-7fc83f304000 rw-p 00000000 00:00 0 
7fc83f304000-7fc83f3ba000 r-xp 00000000 00:37 5814326                    /l/local/lang/matlab-R2012a/bin/glnxa64/libmx.so
7fc83f3ba000-7fc83f5b9000 ---p 000b6000 00:37 5814326                    /l/local/lang/matlab-R2012a/bin/glnxa64/libmx.so
7fc83f5b9000-7fc83f5be000 rw-p 000b5000 00:37 5814326                    /l/local/lang/matlab-R2012a/bin/glnxa64/libmx.so
7fc83f5be000-7fc83f69c000 r-xp 00000000 00:37 5814331                    /l/local/lang/matlab-R2012a/bin/glnxa64/libmwfl.so
7fc83f69c000-7fc83f89b000 ---p 000de000 00:37 5814331                    /l/local/lang/matlab-R2012a/bin/glnxa64/libmwfl.so
7fc83f89b000-7fc83f8a5000 rw-p 000dd000 00:37 5814331                    /l/local/lang/matlab-R2012a/bin/glnxa64/libmwfl.so
7fc83f8a5000-7fc83f8b6000 rw-p 00000000 00:00 0 
7fc83f8b6000-7fc83f98c000 r-xp 00000000 00:37 5814325                    /l/local/lang/matlab-R2012a/bin/glnxa64/libut.so
7fc83f98c000-7fc83fb8c000 ---p 000d6000 00:37 5814325                    /l/local/lang/matlab-R2012a/bin/glnxa64/libut.so
7fc83fb8c000-7fc83fb98000 rw-p 000d6000 00:37 5814325                    /l/local/lang/matlab-R2012a/bin/glnxa64/libut.so
7fc83fb98000-7fc83fbab000 rw-p 00000000 00:00 0 
7fff1af06000-7fff1af1a000 rwxp 00000000 00:00 0                          [stack]
7fff1af1a000-7fff1af1c000 rw-p 00000000 00:00 0 
7fff1af5d000-7fff1af5e000 r-xp 00000000 00:00 0                          [vdso]
ffffffffff600000-ffffffffff601000 r-xp 00000000 00:00 0                  [vsyscall]

VM Arguments:
jvm_args: -Xms64m -XX:NewRatio=3 -XX:MaxPermSize=128m -Xmx196m -XX:MaxDirectMemorySize=2147400000 -XX:+AllowUserSignalHandlers -Xrs -Dsun.awt.disableMixing=true -Djava.library.path=/l/local/lang/matlab-R2012a/bin/glnxa64 vfprintf abort -Djava.awt.headless=true -Duser.language=en -Duser.country=US -Dfile.encoding=UTF-8 
java_command: <unknown>
Launcher Type: generic

Environment Variables:
PATH=/n/shokuji/dc/edg/bin:/usr/local/bin:/usr/bin:/bin:/u/metanet/clustering/treetagger/cmd:/u/metanet/clustering/treetagger/bin
LD_LIBRARY_PATH=/l/local/lang/matlab-R2012a/sys/os/glnxa64:/l/local/lang/matlab-R2012a/bin/glnxa64:/l/local/lang/matlab-R2012a/extern/lib/glnxa64:/l/local/lang/matlab-R2012a/runtime/glnxa64:/l/local/lang/matlab-R2012a/sys/java/jre/glnxa64/jre/lib/amd64/native_threads:/l/local/lang/matlab-R2012a/sys/java/jre/glnxa64/jre/lib/amd64/server:/l/local/lang/matlab-R2012a/sys/java/jre/glnxa64/jre/lib/amd64
SHELL=/bin/tcsh
DISPLAY=
HOSTTYPE=x86_64-linux
OSTYPE=linux
ARCH=glnxa64
MACHTYPE=x86_64

Signal Handlers:
SIGSEGV: [libjvm.so+0x6bddc0], sa_mask[0]=0x7ffbfeff, sa_flags=0x10000004
SIGBUS: [libjvm.so+0x6bddc0], sa_mask[0]=0x7ffbfeff, sa_flags=0x10000004
SIGFPE: [libjvm.so+0x594f90], sa_mask[0]=0x7ffbfeff, sa_flags=0x10000004
SIGPIPE: [libjvm.so+0x594f90], sa_mask[0]=0x7ffbfeff, sa_flags=0x10000004
SIGXFSZ: [libjvm.so+0x594f90], sa_mask[0]=0x7ffbfeff, sa_flags=0x10000004
SIGILL: [libjvm.so+0x594f90], sa_mask[0]=0x7ffbfeff, sa_flags=0x10000004
SIGUSR1: SIG_DFL, sa_mask[0]=0x00000000, sa_flags=0x00000000
SIGUSR2: [libjvm.so+0x597750], sa_mask[0]=0x08080002, sa_flags=0x10000004
SIGHUP: SIG_DFL, sa_mask[0]=0x00000000, sa_flags=0x00000000
SIGINT: SIG_DFL, sa_mask[0]=0x00000000, sa_flags=0x00000000
SIGTERM: SIG_DFL, sa_mask[0]=0x00000000, sa_flags=0x00000000
SIGQUIT: [libmwmcr.so+0x131430], sa_mask[0]=0x08080002, sa_flags=0x00000004


---------------  S Y S T E M  ---------------

OS:Red Hat Enterprise Linux Workstation release 6.6 (Santiago)

uname:Linux 2.6.32-504.el6.x86_64 #1 SMP Tue Sep 16 01:56:35 EDT 2014 x86_64
libc:glibc 2.12 NPTL 2.12 
rlimit: STACK 10240k, CORE 0k, NPROC 1024, NOFILE 4096, AS infinity
load average:2.85 0.60 0.19

CPU:total 48 (16 cores per cpu, 2 threads per core) family 6 model 62 stepping 4, cmov, cx8, fxsr, mmx, sse, sse2, sse3, ssse3, sse4.1, sse4.2, ht

Memory: 4k page, physical 198306240k(188422684k free), swap 16777212k(16777212k free)

vm_info: Java HotSpot(TM) 64-Bit Server VM (14.3-b01) for linux-amd64 JRE (1.6.0_17-b04), built on Oct 11 2009 01:08:48 by "java_re" with gcc 3.2.2 (SuSE Linux)

time: Sat Feb  7 12:25:03 2015
elapsed time: 0 seconds

