#
# A fatal error has been detected by the Java Runtime Environment:
#
# java.lang.OutOfMemoryError: Cannot create GC thread. Out of system resources.
#
#  Internal Error (gcTaskThread.cpp:38), pid=41775, tid=139832188729088
#  Error: Cannot create GC thread. Out of system resources.
#
# JRE version: 6.0_17-b04
# Java VM: Java HotSpot(TM) 64-Bit Server VM (14.3-b01 mixed mode linux-amd64 )
# If you would like to submit a bug report, please visit:
#   http://java.sun.com/webapps/bugreport/crash.jsp
#

---------------  T H R E A D  ---------------

Current thread (0x00007f2d304a3000):  JavaThread "Unknown thread" [_thread_in_vm, id=44006, stack(0x00007f2d374ff000,0x00007f2d37f00000)]

Stack: [0x00007f2d374ff000,0x00007f2d37f00000],  sp=0x00007f2d37efdcd0,  free space=10235k
Native frames: (J=compiled Java code, j=interpreted, Vv=VM code, C=native code)
V  [libjvm.so+0x6bd1ef]
V  [libjvm.so+0x2be6c8]
V  [libjvm.so+0x33a2fd]
V  [libjvm.so+0x338e3e]
V  [libjvm.so+0x338bd3]
V  [libjvm.so+0x5a87c7]
V  [libjvm.so+0x697695]
V  [libjvm.so+0x69732a]
V  [libjvm.so+0x377cd0]
V  [libjvm.so+0x67f5af]
V  [libjvm.so+0x3def30]
C  [libmwjmi.so+0x6e029]  _Z9InitSunVMN5boost8optionalIKSt6vectorISsSaISsEEEE+0x1129
C  [libmwjmi.so+0x6eb5f]
C  [libmwjmi.so+0x6eca9]
C  [libmwjmi.so+0x5ceb1]  _Z7mljInitv+0x21
C  [libmwmcr.so+0x106205]
C  [libmwmcr.so+0xf8bf4]
C  [libmwmcr.so+0xf8d97]


---------------  P R O C E S S  ---------------

Java Threads: ( => current thread )

Other Threads:

=>0x00007f2d304a3000 (exited) JavaThread "Unknown thread" [_thread_in_vm, id=44006, stack(0x00007f2d374ff000,0x00007f2d37f00000)]

VM state:not at safepoint (not fully initialized)

VM Mutex/Monitor currently owned by a thread: None

Dynamic libraries:
00400000-00406000 r-xp 00000000 00:37 5814541                            /l/local/lang/matlab-R2012a/bin/glnxa64/MATLAB
00606000-00607000 rw-p 00006000 00:37 5814541                            /l/local/lang/matlab-R2012a/bin/glnxa64/MATLAB
01a82000-01bf0000 rw-p 00000000 00:00 0                                  [heap]
393bc00000-393bc20000 r-xp 00000000 08:01 786466                         /lib64/ld-2.12.so
393be1f000-393be20000 r--p 0001f000 08:01 786466                         /lib64/ld-2.12.so
393be20000-393be21000 rw-p 00020000 08:01 786466                         /lib64/ld-2.12.so
393be21000-393be22000 rw-p 00000000 00:00 0 
393c000000-393c18a000 r-xp 00000000 08:01 809581                         /lib64/libc-2.12.so
393c18a000-393c38a000 ---p 0018a000 08:01 809581                         /lib64/libc-2.12.so
393c38a000-393c38e000 r--p 0018a000 08:01 809581                         /lib64/libc-2.12.so
393c38e000-393c38f000 rw-p 0018e000 08:01 809581                         /lib64/libc-2.12.so
393c38f000-393c394000 rw-p 00000000 00:00 0 
393c400000-393c417000 r-xp 00000000 08:01 809586                         /lib64/libpthread-2.12.so
393c417000-393c617000 ---p 00017000 08:01 809586                         /lib64/libpthread-2.12.so
393c617000-393c618000 r--p 00017000 08:01 809586                         /lib64/libpthread-2.12.so
393c618000-393c619000 rw-p 00018000 08:01 809586                         /lib64/libpthread-2.12.so
393c619000-393c61d000 rw-p 00000000 00:00 0 
393c800000-393c883000 r-xp 00000000 08:01 809582                         /lib64/libm-2.12.so
393c883000-393ca82000 ---p 00083000 08:01 809582                         /lib64/libm-2.12.so
393ca82000-393ca83000 r--p 00082000 08:01 809582                         /lib64/libm-2.12.so
393ca83000-393ca84000 rw-p 00083000 08:01 809582                         /lib64/libm-2.12.so
393cc00000-393cc02000 r-xp 00000000 08:01 809588                         /lib64/libdl-2.12.so
393cc02000-393ce02000 ---p 00002000 08:01 809588                         /lib64/libdl-2.12.so
393ce02000-393ce03000 r--p 00002000 08:01 809588                         /lib64/libdl-2.12.so
393ce03000-393ce04000 rw-p 00003000 08:01 809588                         /lib64/libdl-2.12.so
393d000000-393d015000 r-xp 00000000 08:01 809583                         /lib64/libz.so.1.2.3
393d015000-393d214000 ---p 00015000 08:01 809583                         /lib64/libz.so.1.2.3
393d214000-393d215000 r--p 00014000 08:01 809583                         /lib64/libz.so.1.2.3
393d215000-393d216000 rw-p 00015000 08:01 809583                         /lib64/libz.so.1.2.3
393d400000-393d407000 r-xp 00000000 08:01 809600                         /lib64/librt-2.12.so
393d407000-393d606000 ---p 00007000 08:01 809600                         /lib64/librt-2.12.so
393d606000-393d607000 r--p 00006000 08:01 809600                         /lib64/librt-2.12.so
393d607000-393d608000 rw-p 00007000 08:01 809600                         /lib64/librt-2.12.so
393e400000-393e402000 r-xp 00000000 08:01 918911                         /usr/lib64/libXau.so.6.0.0
393e402000-393e602000 ---p 00002000 08:01 918911                         /usr/lib64/libXau.so.6.0.0
393e602000-393e603000 rw-p 00002000 08:01 918911                         /usr/lib64/libXau.so.6.0.0
393ec00000-393ec1d000 r-xp 00000000 08:01 933788                         /usr/lib64/libxcb.so.1.1.0
393ec1d000-393ee1d000 ---p 0001d000 08:01 933788                         /usr/lib64/libxcb.so.1.1.0
393ee1d000-393ee1e000 rw-p 0001d000 08:01 933788                         /usr/lib64/libxcb.so.1.1.0
393f000000-393f137000 r-xp 00000000 08:01 919430                         /usr/lib64/libX11.so.6.3.0
393f137000-393f337000 ---p 00137000 08:01 919430                         /usr/lib64/libX11.so.6.3.0
393f337000-393f33d000 rw-p 00137000 08:01 919430                         /usr/lib64/libX11.so.6.3.0
393fc00000-393fc11000 r-xp 00000000 08:01 920573                         /usr/lib64/libXext.so.6.4.0
393fc11000-393fe11000 ---p 00011000 08:01 920573                         /usr/lib64/libXext.so.6.4.0
393fe11000-393fe12000 rw-p 00011000 08:01 920573                         /usr/lib64/libXext.so.6.4.0
3943000000-3943004000 r-xp 00000000 08:01 809593                         /lib64/libuuid.so.1.3.0
3943004000-3943203000 ---p 00004000 08:01 809593                         /lib64/libuuid.so.1.3.0
3943203000-3943204000 rw-p 00003000 08:01 809593                         /lib64/libuuid.so.1.3.0
3943800000-3943817000 r-xp 00000000 08:01 920577                         /usr/lib64/libICE.so.6.3.0
3943817000-3943a17000 ---p 00017000 08:01 920577                         /usr/lib64/libICE.so.6.3.0
3943a17000-3943a18000 rw-p 00017000 08:01 920577                         /usr/lib64/libICE.so.6.3.0
3943a18000-3943a1c000 rw-p 00000000 00:00 0 
3943c00000-3943c07000 r-xp 00000000 08:01 920644                         /usr/lib64/libSM.so.6.0.1
3943c07000-3943e07000 ---p 00007000 08:01 920644                         /usr/lib64/libSM.so.6.0.1
3943e07000-3943e08000 rw-p 00007000 08:01 920644                         /usr/lib64/libSM.so.6.0.1
3946000000-3946018000 r-xp 00000000 08:01 919461                         /usr/lib64/libXmu.so.6.2.0
3946018000-3946218000 ---p 00018000 08:01 919461                         /usr/lib64/libXmu.so.6.2.0
3946218000-394621a000 rw-p 00018000 08:01 919461                         /usr/lib64/libXmu.so.6.2.0
394ac00000-394ac1d000 r-xp 00000000 08:01 809594                         /lib64/libtinfo.so.5.7
394ac1d000-394ae1d000 ---p 0001d000 08:01 809594                         /lib64/libtinfo.so.5.7
394ae1d000-394ae21000 rw-p 0001d000 08:01 809594                         /lib64/libtinfo.so.5.7
394c200000-394c207000 r-xp 00000000 08:01 809615                         /lib64/libcrypt-2.12.so
394c207000-394c407000 ---p 00007000 08:01 809615                         /lib64/libcrypt-2.12.so
394c407000-394c408000 r--p 00007000 08:01 809615                         /lib64/libcrypt-2.12.so
394c408000-394c409000 rw-p 00008000 08:01 809615                         /lib64/libcrypt-2.12.so
394c409000-394c437000 rw-p 00000000 00:00 0 
394c600000-394c673000 r-xp 00000000 08:01 809614                         /lib64/libfreebl3.so
394c673000-394c872000 ---p 00073000 08:01 809614                         /lib64/libfreebl3.so
394c872000-394c874000 r--p 00072000 08:01 809614                         /lib64/libfreebl3.so
394c874000-394c875000 rw-p 00074000 08:01 809614                         /lib64/libfreebl3.so
394c875000-394c879000 rw-p 00000000 00:00 0 
394ce00000-394ce16000 r-xp 00000000 08:01 809621                         /lib64/libnsl-2.12.so
394ce16000-394d015000 ---p 00016000 08:01 809621                         /lib64/libnsl-2.12.so
394d015000-394d016000 r--p 00015000 08:01 809621                         /lib64/libnsl-2.12.so
394d016000-394d017000 rw-p 00016000 08:01 809621                         /lib64/libnsl-2.12.so
394d017000-394d019000 rw-p 00000000 00:00 0 
394d200000-394d222000 r-xp 00000000 08:01 809595                         /lib64/libncurses.so.5.7
394d222000-394d421000 ---p 00022000 08:01 809595                         /lib64/libncurses.so.5.7
394d421000-394d422000 rw-p 00021000 08:01 809595                         /lib64/libncurses.so.5.7
3950800000-395085f000 r-xp 00000000 08:01 919305                         /usr/lib64/libXt.so.6.0.0
395085f000-3950a5e000 ---p 0005f000 08:01 919305                         /usr/lib64/libXt.so.6.0.0
3950a5e000-3950a64000 rw-p 0005e000 08:01 919305                         /usr/lib64/libXt.so.6.0.0
3950a64000-3950a65000 rw-p 00000000 00:00 0 
7f2c90000000-7f2c90021000 rw-p 00000000 00:00 0 
7f2c90021000-7f2c94000000 ---p 00000000 00:00 0 
7f2c98000000-7f2c98021000 rw-p 00000000 00:00 0 
7f2c98021000-7f2c9c000000 ---p 00000000 00:00 0 
7f2c9c000000-7f2c9c021000 rw-p 00000000 00:00 0 
7f2c9c021000-7f2ca0000000 ---p 00000000 00:00 0 
7f2ca0000000-7f2ca0021000 rw-p 00000000 00:00 0 
7f2ca0021000-7f2ca4000000 ---p 00000000 00:00 0 
7f2ca4000000-7f2ca4021000 rw-p 00000000 00:00 0 
7f2ca4021000-7f2ca8000000 ---p 00000000 00:00 0 
7f2ca8000000-7f2ca8021000 rw-p 00000000 00:00 0 
7f2ca8021000-7f2cac000000 ---p 00000000 00:00 0 
7f2cac000000-7f2cac021000 rw-p 00000000 00:00 0 
7f2cac021000-7f2cb0000000 ---p 00000000 00:00 0 
7f2cb0000000-7f2cb0021000 rw-p 00000000 00:00 0 
7f2cb0021000-7f2cb4000000 ---p 00000000 00:00 0 
7f2cb4000000-7f2cb4021000 rw-p 00000000 00:00 0 
7f2cb4021000-7f2cb8000000 ---p 00000000 00:00 0 
7f2cb8000000-7f2cb8021000 rw-p 00000000 00:00 0 
7f2cb8021000-7f2cbc000000 ---p 00000000 00:00 0 
7f2cbc000000-7f2cbc021000 rw-p 00000000 00:00 0 
7f2cbc021000-7f2cc0000000 ---p 00000000 00:00 0 
7f2cc0000000-7f2cc0021000 rw-p 00000000 00:00 0 
7f2cc0021000-7f2cc4000000 ---p 00000000 00:00 0 
7f2cc4000000-7f2cc4021000 rw-p 00000000 00:00 0 
7f2cc4021000-7f2cc8000000 ---p 00000000 00:00 0 
7f2cc8000000-7f2cc8021000 rw-p 00000000 00:00 0 
7f2cc8021000-7f2ccc000000 ---p 00000000 00:00 0 
7f2ccc000000-7f2ccc021000 rw-p 00000000 00:00 0 
7f2ccc021000-7f2cd0000000 ---p 00000000 00:00 0 
7f2cd0000000-7f2cd0021000 rw-p 00000000 00:00 0 
7f2cd0021000-7f2cd4000000 ---p 00000000 00:00 0 
7f2cd4000000-7f2cd4021000 rw-p 00000000 00:00 0 
7f2cd4021000-7f2cd8000000 ---p 00000000 00:00 0 
7f2cd8000000-7f2cd8021000 rw-p 00000000 00:00 0 
7f2cd8021000-7f2cdc000000 ---p 00000000 00:00 0 
7f2cdc000000-7f2cdc021000 rw-p 00000000 00:00 0 
7f2cdc021000-7f2ce0000000 ---p 00000000 00:00 0 
7f2ce2ced000-7f2ce2cee000 ---p 00000000 00:00 0 
7f2ce2cee000-7f2ce2dee000 rwxp 00000000 00:00 0 
7f2ce2dee000-7f2ce2def000 ---p 00000000 00:00 0 
7f2ce2def000-7f2ce2eef000 rwxp 00000000 00:00 0 
7f2ce2eef000-7f2ce2ef0000 ---p 00000000 00:00 0 
7f2ce2ef0000-7f2ce2ff0000 rwxp 00000000 00:00 0 
7f2ce2ff0000-7f2ce2ff1000 ---p 00000000 00:00 0 
7f2ce2ff1000-7f2ce30f1000 rwxp 00000000 00:00 0 
7f2ce30f1000-7f2ce30f2000 ---p 00000000 00:00 0 
7f2ce30f2000-7f2ce31f2000 rwxp 00000000 00:00 0 
7f2ce31f2000-7f2ce31f3000 ---p 00000000 00:00 0 
7f2ce31f3000-7f2ce32f3000 rwxp 00000000 00:00 0 
7f2ce32f3000-7f2ce32f4000 ---p 00000000 00:00 0 
7f2ce32f4000-7f2ce33f4000 rwxp 00000000 00:00 0 
7f2ce33f4000-7f2ce33f5000 ---p 00000000 00:00 0 
7f2ce33f5000-7f2ce34f5000 rwxp 00000000 00:00 0 
7f2ce34f5000-7f2ce34f6000 ---p 00000000 00:00 0 
7f2ce34f6000-7f2ce35f6000 rwxp 00000000 00:00 0 
7f2ce35f6000-7f2ce35f7000 ---p 00000000 00:00 0 
7f2ce35f7000-7f2ce36f7000 rwxp 00000000 00:00 0 
7f2ce36f7000-7f2ce36f8000 ---p 00000000 00:00 0 
7f2ce36f8000-7f2ce37f8000 rwxp 00000000 00:00 0 
7f2ce37f8000-7f2ce37f9000 ---p 00000000 00:00 0 
7f2ce37f9000-7f2ce38f9000 rwxp 00000000 00:00 0 
7f2ce38f9000-7f2ce38fa000 ---p 00000000 00:00 0 
7f2ce38fa000-7f2ce39fa000 rwxp 00000000 00:00 0 
7f2ce39fa000-7f2ce39fb000 ---p 00000000 00:00 0 
7f2ce39fb000-7f2ce3afb000 rwxp 00000000 00:00 0 
7f2ce3afb000-7f2ce3afc000 ---p 00000000 00:00 0 
7f2ce3afc000-7f2ce3bfc000 rwxp 00000000 00:00 0 
7f2ce3bfc000-7f2ce3bfd000 ---p 00000000 00:00 0 
7f2ce3bfd000-7f2ce3cfd000 rwxp 00000000 00:00 0 
7f2ce3cfd000-7f2ce3cfe000 ---p 00000000 00:00 0 
7f2ce3cfe000-7f2ce3dfe000 rwxp 00000000 00:00 0 
7f2ce3dfe000-7f2ce3dff000 ---p 00000000 00:00 0 
7f2ce3dff000-7f2ce3eff000 rwxp 00000000 00:00 0 
7f2ce3eff000-7f2ce3f00000 ---p 00000000 00:00 0 
7f2ce3f00000-7f2ce4000000 rwxp 00000000 00:00 0 
7f2ce4000000-7f2ce4021000 rw-p 00000000 00:00 0 
7f2ce4021000-7f2ce8000000 ---p 00000000 00:00 0 
7f2ce8000000-7f2ce8021000 rw-p 00000000 00:00 0 
7f2ce8021000-7f2cec000000 ---p 00000000 00:00 0 
7f2cec000000-7f2cec021000 rw-p 00000000 00:00 0 
7f2cec021000-7f2cf0000000 ---p 00000000 00:00 0 
7f2cf0000000-7f2cf0021000 rw-p 00000000 00:00 0 
7f2cf0021000-7f2cf4000000 ---p 00000000 00:00 0 
7f2cf4000000-7f2cf4021000 rw-p 00000000 00:00 0 
7f2cf4021000-7f2cf8000000 ---p 00000000 00:00 0 
7f2cf8000000-7f2cf8021000 rw-p 00000000 00:00 0 
7f2cf8021000-7f2cfc000000 ---p 00000000 00:00 0 
7f2cfc000000-7f2cfc021000 rw-p 00000000 00:00 0 
7f2cfc021000-7f2d00000000 ---p 00000000 00:00 0 
7f2d00000000-7f2d00021000 rw-p 00000000 00:00 0 
7f2d00021000-7f2d04000000 ---p 00000000 00:00 0 
7f2d04000000-7f2d04021000 rw-p 00000000 00:00 0 
7f2d04021000-7f2d08000000 ---p 00000000 00:00 0 
7f2d08000000-7f2d08021000 rw-p 00000000 00:00 0 
7f2d08021000-7f2d0c000000 ---p 00000000 00:00 0 
7f2d0c000000-7f2d0c021000 rw-p 00000000 00:00 0 
7f2d0c021000-7f2d10000000 ---p 00000000 00:00 0 
7f2d100f5000-7f2d100f6000 ---p 00000000 00:00 0 
7f2d100f6000-7f2d101f6000 rwxp 00000000 00:00 0 
7f2d101f6000-7f2d101f7000 ---p 00000000 00:00 0 
7f2d101f7000-7f2d102f7000 rwxp 00000000 00:00 0 
7f2d102f7000-7f2d102f8000 ---p 00000000 00:00 0 
7f2d102f8000-7f2d103f8000 rwxp 00000000 00:00 0 
7f2d103f8000-7f2d103f9000 ---p 00000000 00:00 0 
7f2d103f9000-7f2d104f9000 rwxp 00000000 00:00 0 
7f2d104f9000-7f2d104fa000 ---p 00000000 00:00 0 
7f2d104fa000-7f2d105fa000 rwxp 00000000 00:00 0 
7f2d105fa000-7f2d105fb000 ---p 00000000 00:00 0 
7f2d105fb000-7f2d106fb000 rwxp 00000000 00:00 0 
7f2d106fb000-7f2d106fc000 ---p 00000000 00:00 0 
7f2d106fc000-7f2d107fc000 rwxp 00000000 00:00 0 
7f2d107fc000-7f2d107fd000 ---p 00000000 00:00 0 
7f2d107fd000-7f2d108fd000 rwxp 00000000 00:00 0 
7f2d108fd000-7f2d108fe000 ---p 00000000 00:00 0 
7f2d108fe000-7f2d109fe000 rwxp 00000000 00:00 0 
7f2d109fe000-7f2d109ff000 ---p 00000000 00:00 0 
7f2d109ff000-7f2d10aff000 rwxp 00000000 00:00 0 
7f2d10aff000-7f2d10b00000 ---p 00000000 00:00 0 
7f2d10b00000-7f2d120c0000 rwxp 00000000 00:00 0 
7f2d120c0000-7f2d18c00000 rwxp 00000000 00:00 0 
7f2d18c00000-7f2d1bc00000 rwxp 00000000 00:00 0 
7f2d1bc00000-7f2d21f00000 rwxp 00000000 00:00 0 
7f2d21f00000-7f2d22f00000 rwxp 00000000 00:00 0 
7f2d22f00000-7f2d25000000 rwxp 00000000 00:00 0 
7f2d25000000-7f2d25270000 rwxp 00000000 00:00 0 
7f2d25270000-7f2d28000000 rwxp 00000000 00:00 0 
7f2d28000000-7f2d28021000 rw-p 00000000 00:00 0 
7f2d28021000-7f2d2c000000 ---p 00000000 00:00 0 
7f2d2c000000-7f2d2c021000 rw-p 00000000 00:00 0 
7f2d2c021000-7f2d30000000 ---p 00000000 00:00 0 
7f2d30000000-7f2d30557000 rw-p 00000000 00:00 0 
7f2d30557000-7f2d34000000 ---p 00000000 00:00 0 
7f2d34056000-7f2d34057000 ---p 00000000 00:00 0 
7f2d34057000-7f2d34157000 rwxp 00000000 00:00 0 
7f2d34157000-7f2d34158000 ---p 00000000 00:00 0 
7f2d34158000-7f2d34263000 rwxp 00000000 00:00 0 
7f2d34263000-7f2d34298000 rwxp 00000000 00:00 0 
7f2d34298000-7f2d342b0000 rwxp 00000000 00:00 0 
7f2d342b0000-7f2d342e2000 rwxp 00000000 00:00 0 
7f2d342e2000-7f2d342ed000 rwxp 00000000 00:00 0 
7f2d342ed000-7f2d34322000 rwxp 00000000 00:00 0 
7f2d34322000-7f2d3433a000 rwxp 00000000 00:00 0 
7f2d3433a000-7f2d3436b000 rwxp 00000000 00:00 0 
7f2d3436b000-7f2d34374000 rwxp 00000000 00:00 0 
7f2d34374000-7f2d34384000 rwxp 00000000 00:00 0 
7f2d34384000-7f2d3438f000 rwxp 00000000 00:00 0 
7f2d3438f000-7f2d34445000 rwxp 00000000 00:00 0 
7f2d34445000-7f2d34453000 r-xp 00000000 00:37 5919882                    /l/local/lang/matlab-R2012a/sys/java/jre/glnxa64/jre/lib/amd64/libzip.so
7f2d34453000-7f2d34555000 ---p 0000e000 00:37 5919882                    /l/local/lang/matlab-R2012a/sys/java/jre/glnxa64/jre/lib/amd64/libzip.so
7f2d34555000-7f2d34558000 rw-p 00010000 00:37 5919882                    /l/local/lang/matlab-R2012a/sys/java/jre/glnxa64/jre/lib/amd64/libzip.so
7f2d34558000-7f2d34559000 rw-p 00000000 00:00 0 
7f2d34559000-7f2d34560000 r-xp 00000000 00:37 5919894                    /l/local/lang/matlab-R2012a/sys/java/jre/glnxa64/jre/lib/amd64/native_threads/libhpi.so
7f2d34560000-7f2d34661000 ---p 00007000 00:37 5919894                    /l/local/lang/matlab-R2012a/sys/java/jre/glnxa64/jre/lib/amd64/native_threads/libhpi.so
7f2d34661000-7f2d34663000 rw-p 00008000 00:37 5919894                    /l/local/lang/matlab-R2012a/sys/java/jre/glnxa64/jre/lib/amd64/native_threads/libhpi.so
7f2d34663000-7f2d34664000 rw-p 00000000 00:00 0 
7f2d34664000-7f2d34665000 ---p 00000000 00:00 0 
7f2d34665000-7f2d35065000 rwxp 00000000 00:00 0 
7f2d35065000-7f2d35066000 ---p 00000000 00:00 0 
7f2d35066000-7f2d35a66000 rwxp 00000000 00:00 0 
7f2d35a66000-7f2d35a70000 r-xp 00000000 08:01 786465                     /lib64/libnss_nis-2.12.so
7f2d35a70000-7f2d35c6f000 ---p 0000a000 08:01 786465                     /lib64/libnss_nis-2.12.so
7f2d35c6f000-7f2d35c70000 r--p 00009000 08:01 786465                     /lib64/libnss_nis-2.12.so
7f2d35c70000-7f2d35c71000 rw-p 0000a000 08:01 786465                     /lib64/libnss_nis-2.12.so
7f2d35c71000-7f2d35c7d000 r-xp 00000000 08:01 786461                     /lib64/libnss_files-2.12.so
7f2d35c7d000-7f2d35e7d000 ---p 0000c000 08:01 786461                     /lib64/libnss_files-2.12.so
7f2d35e7d000-7f2d35e7e000 r--p 0000c000 08:01 786461                     /lib64/libnss_files-2.12.so
7f2d35e7e000-7f2d35e7f000 rw-p 0000d000 08:01 786461                     /lib64/libnss_files-2.12.so
7f2d35ead000-7f2d35eba000 r-xp 00000000 00:37 5919895                    /l/local/lang/matlab-R2012a/sys/java/jre/glnxa64/jre/lib/amd64/libverify.so
7f2d35eba000-7f2d35fb9000 ---p 0000d000 00:37 5919895                    /l/local/lang/matlab-R2012a/sys/java/jre/glnxa64/jre/lib/amd64/libverify.so
7f2d35fb9000-7f2d35fbc000 rw-p 0000c000 00:37 5919895                    /l/local/lang/matlab-R2012a/sys/java/jre/glnxa64/jre/lib/amd64/libverify.so
7f2d35fbc000-7f2d3671a000 r-xp 00000000 00:37 5919876                    /l/local/lang/matlab-R2012a/sys/java/jre/glnxa64/jre/lib/amd64/server/libjvm.so
7f2d3671a000-7f2d36819000 ---p 0075e000 00:37 5919876                    /l/local/lang/matlab-R2012a/sys/java/jre/glnxa64/jre/lib/amd64/server/libjvm.so
7f2d36819000-7f2d36991000 rw-p 0075d000 00:37 5919876                    /l/local/lang/matlab-R2012a/sys/java/jre/glnxa64/jre/lib/amd64/server/libjvm.so
7f2d36991000-7f2d369cf000 rw-p 00000000 00:00 0 
7f2d369cf000-7f2d369f8000 r-xp 00000000 00:37 5919885                    /l/local/lang/matlab-R2012a/sys/java/jre/glnxa64/jre/lib/amd64/libjava.so
7f2d369f8000-7f2d36af7000 ---p 00029000 00:37 5919885                    /l/local/lang/matlab-R2012a/sys/java/jre/glnxa64/jre/lib/amd64/libjava.so
7f2d36af7000-7f2d36afe000 rw-p 00028000 00:37 5919885                    /l/local/lang/matlab-R2012a/sys/java/jre/glnxa64/jre/lib/amd64/libjava.so
7f2d36afe000-7f2d36aff000 ---p 00000000 00:00 0 
7f2d36aff000-7f2d374ff000 rwxp 00000000 00:00 0 
7f2d374ff000-7f2d37502000 ---p 00000000 00:00 0 
7f2d37502000-7f2d37f00000 rwxp 00000000 00:00 0 
7f2d37f00000-7f2d38000000 rw-p 00000000 00:00 0 
7f2d38000000-7f2d38021000 rw-p 00000000 00:00 0 
7f2d38021000-7f2d3c000000 ---p 00000000 00:00 0 
7f2d3c017000-7f2d3c01f000 rw-s 00000000 08:03 258574                     /tmp/hsperfdata_edg/41775
7f2d3c01f000-7f2d3c020000 ---p 00000000 00:00 0 
7f2d3c020000-7f2d3c7f0000 rwxp 00000000 00:00 0 
7f2d3c7f0000-7f2d3c7f2000 r-xp 00000000 00:37 5814388                    /l/local/lang/matlab-R2012a/bin/glnxa64/mklcompat.so
7f2d3c7f2000-7f2d3c9f1000 ---p 00002000 00:37 5814388                    /l/local/lang/matlab-R2012a/bin/glnxa64/mklcompat.so
7f2d3c9f1000-7f2d3c9f2000 rw-p 00001000 00:37 5814388                    /l/local/lang/matlab-R2012a/bin/glnxa64/mklcompat.so
7f2d3c9f2000-7f2d3cab1000 r-xp 00000000 00:37 5913616                    /l/local/lang/matlab-R2012a/sys/os/glnxa64/libiomp5.so
7f2d3cab1000-7f2d3ccb0000 ---p 000bf000 00:37 5913616                    /l/local/lang/matlab-R2012a/sys/os/glnxa64/libiomp5.so
7f2d3ccb0000-7f2d3ccb9000 rw-p 000be000 00:37 5913616                    /l/local/lang/matlab-R2012a/sys/os/glnxa64/libiomp5.so
7f2d3ccb9000-7f2d3ccc0000 rw-p 00000000 00:00 0 
7f2d3ccc0000-7f2d3eb4b000 r-xp 00000000 00:37 5814355                    /l/local/lang/matlab-R2012a/bin/glnxa64/mkl.so
7f2d3eb4b000-7f2d3ed4b000 ---p 01e8b000 00:37 5814355                    /l/local/lang/matlab-R2012a/bin/glnxa64/mkl.so
7f2d3ed4b000-7f2d3ed8d000 rw-p 01e8b000 00:37 5814355                    /l/local/lang/matlab-R2012a/bin/glnxa64/mkl.so
7f2d3ed8d000-7f2d3ed92000 rw-p 00000000 00:00 0 
7f2d3ed92000-7f2d44c22000 r--p 00000000 08:01 997894                     /usr/lib/locale/locale-archive
7f2d44c22000-7f2d44c2a000 rw-p 00000000 00:00 0 
7f2d44c2a000-7f2d44c30000 r-xp 00000000 00:37 5814345                    /l/local/lang/matlab-R2012a/bin/glnxa64/libmwcolamd.so
7f2d44c30000-7f2d44e2f000 ---p 00006000 00:37 5814345                    /l/local/lang/matlab-R2012a/bin/glnxa64/libmwcolamd.so
7f2d44e2f000-7f2d44e30000 rw-p 00005000 00:37 5814345                    /l/local/lang/matlab-R2012a/bin/glnxa64/libmwcolamd.so
7f2d44e30000-7f2d44e38000 r-xp 00000000 00:37 5814332                    /l/local/lang/matlab-R2012a/bin/glnxa64/libmwamd.so
7f2d44e38000-7f2d45037000 ---p 00008000 00:37 5814332                    /l/local/lang/matlab-R2012a/bin/glnxa64/libmwamd.so
7f2d45037000-7f2d45038000 rw-p 00007000 00:37 5814332                    /l/local/lang/matlab-R2012a/bin/glnxa64/libmwamd.so
7f2d45038000-7f2d45039000 rw-p 00000000 00:00 0 
7f2d45039000-7f2d4507b000 r-xp 00000000 00:37 5814346                    /l/local/lang/matlab-R2012a/bin/glnxa64/libmwcholmod.so
7f2d4507b000-7f2d4527b000 ---p 00042000 00:37 5814346                    /l/local/lang/matlab-R2012a/bin/glnxa64/libmwcholmod.so
7f2d4527b000-7f2d4527c000 rw-p 00042000 00:37 5814346                    /l/local/lang/matlab-R2012a/bin/glnxa64/libmwcholmod.so
7f2d4527c000-7f2d4527d000 rw-p 00000000 00:00 0 
7f2d4527d000-7f2d4528f000 r-xp 00000000 00:37 5814397                    /l/local/lang/matlab-R2012a/bin/glnxa64/libmwblas.so
7f2d4528f000-7f2d4548e000 ---p 00012000 00:37 5814397                    /l/local/lang/matlab-R2012a/bin/glnxa64/libmwblas.so
7f2d4548e000-7f2d45490000 rw-p 00011000 00:37 5814397                    /l/local/lang/matlab-R2012a/bin/glnxa64/libmwblas.so
7f2d45490000-7f2d45492000 rw-p 00000000 00:00 0 
7f2d45492000-7f2d45496000 r-xp 00000000 00:37 5814372                    /l/local/lang/matlab-R2012a/bin/glnxa64/libmwompwrapper.so
7f2d45496000-7f2d45695000 ---p 00004000 00:37 5814372                    /l/local/lang/matlab-R2012a/bin/glnxa64/libmwompwrapper.so
7f2d45695000-7f2d45696000 rw-p 00003000 00:37 5814372                    /l/local/lang/matlab-R2012a/bin/glnxa64/libmwompwrapper.so
7f2d45696000-7f2d4569f000 r-xp 00000000 00:37 5814365                    /l/local/lang/matlab-R2012a/bin/glnxa64/libmwbinder.so
7f2d4569f000-7f2d4589e000 ---p 00009000 00:37 5814365                    /l/local/lang/matlab-R2012a/bin/glnxa64/libmwbinder.so
7f2d4589e000-7f2d4589f000 rw-p 00008000 00:37 5814365                    /l/local/lang/matlab-R2012a/bin/glnxa64/libmwbinder.so
7f2d4589f000-7f2d458a0000 rw-p 00000000 00:00 0 
7f2d458a0000-7f2d45963000 r-xp 00000000 00:37 5814406                    /l/local/lang/matlab-R2012a/bin/glnxa64/libmwmathcore.so
7f2d45963000-7f2d45b62000 ---p 000c3000 00:37 5814406                    /l/local/lang/matlab-R2012a/bin/glnxa64/libmwmathcore.so
7f2d45b62000-7f2d45b67000 rw-p 000c2000 00:37 5814406                    /l/local/lang/matlab-R2012a/bin/glnxa64/libmwmathcore.so
7f2d45b67000-7f2d45b68000 rw-p 00000000 00:00 0 
7f2d45b68000-7f2d45ded000 r-xp 00000000 00:37 5814318                    /l/local/lang/matlab-R2012a/bin/glnxa64/libhdf5.so.6.0.5
7f2d45ded000-7f2d45fed000 ---p 00285000 00:37 5814318                    /l/local/lang/matlab-R2012a/bin/glnxa64/libhdf5.so.6.0.5
7f2d45fed000-7f2d45ff8000 rw-p 00285000 00:37 5814318                    /l/local/lang/matlab-R2012a/bin/glnxa64/libhdf5.so.6.0.5
7f2d45ff8000-7f2d45ff9000 rw-p 00000000 00:00 0 
7f2d45ff9000-7f2d46014000 r-xp 00000000 00:37 5814319                    /l/local/lang/matlab-R2012a/bin/glnxa64/libhdf5_hl.so.6.0.5
7f2d46014000-7f2d46213000 ---p 0001b000 00:37 5814319                    /l/local/lang/matlab-R2012a/bin/glnxa64/libhdf5_hl.so.6.0.5
7f2d46213000-7f2d46214000 rw-p 0001a000 00:37 5814319                    /l/local/lang/matlab-R2012a/bin/glnxa64/libhdf5_hl.so.6.0.5
7f2d46214000-7f2d46227000 rw-p 00000000 00:00 0 
7f2d46227000-7f2d464a8000 r-xp 00000000 00:37 5913612                    /l/local/lang/matlab-R2012a/sys/os/glnxa64/libXm.so.3.0.2
7f2d464a8000-7f2d466a8000 ---p 00281000 00:37 5913612                    /l/local/lang/matlab-R2012a/sys/os/glnxa64/libXm.so.3.0.2
7f2d466a8000-7f2d466d2000 rw-p 00281000 00:37 5913612                    /l/local/lang/matlab-R2012a/sys/os/glnxa64/libXm.so.3.0.2
7f2d466d2000-7f2d466d3000 rw-p 00000000 00:00 0 
7f2d466d3000-7f2d466e0000 r-xp 00000000 00:37 5814399                    /l/local/lang/matlab-R2012a/bin/glnxa64/libmwgbt.so
7f2d466e0000-7f2d468e0000 ---p 0000d000 00:37 5814399                    /l/local/lang/matlab-R2012a/bin/glnxa64/libmwgbt.so
7f2d468e0000-7f2d468e1000 rw-p 0000d000 00:37 5814399                    /l/local/lang/matlab-R2012a/bin/glnxa64/libmwgbt.so
7f2d468e1000-7f2d468e2000 rw-p 00000000 00:00 0 
7f2d468e2000-7f2d46913000 r-xp 00000000 00:37 5814373                    /l/local/lang/matlab-R2012a/bin/glnxa64/libmwgbtutils.so
7f2d46913000-7f2d46b12000 ---p 00031000 00:37 5814373                    /l/local/lang/matlab-R2012a/bin/glnxa64/libmwgbtutils.so
7f2d46b12000-7f2d46b18000 rw-p 00030000 00:37 5814373                    /l/local/lang/matlab-R2012a/bin/glnxa64/libmwgbtutils.so
7f2d46b18000-7f2d46bc9000 r-xp 00000000 00:37 5814390                    /l/local/lang/matlab-R2012a/bin/glnxa64/libmwlapack.so
7f2d46bc9000-7f2d46dc8000 ---p 000b1000 00:37 5814390                    /l/local/lang/matlab-R2012a/bin/glnxa64/libmwlapack.so
7f2d46dc8000-7f2d46dd2000 rw-p 000b0000 00:37 5814390                    /l/local/lang/matlab-R2012a/bin/glnxa64/libmwlapack.so
7f2d46dd2000-7f2d47022000 r-xp 00000000 00:37 5814380                    /l/local/lang/matlab-R2012a/bin/glnxa64/libmwhgdatatypes.so
7f2d47022000-7f2d47221000 ---p 00250000 00:37 5814380                    /l/local/lang/matlab-R2012a/bin/glnxa64/libmwhgdatatypes.so
7f2d47221000-7f2d4723e000 rw-p 0024f000 00:37 5814380                    /l/local/lang/matlab-R2012a/bin/glnxa64/libmwhgdatatypes.so
7f2d4723e000-7f2d47240000 rw-p 00000000 00:00 0 
7f2d47240000-7f2d47271000 r-xp 00000000 00:37 5814426                    /l/local/lang/matlab-R2012a/bin/glnxa64/libmwhardcopy.so
7f2d47271000-7f2d47470000 ---p 00031000 00:37 5814426                    /l/local/lang/matlab-R2012a/bin/glnxa64/libmwhardcopy.so
7f2d47470000-7f2d47473000 rw-p 00030000 00:37 5814426                    /l/local/lang/matlab-R2012a/bin/glnxa64/libmwhardcopy.so
7f2d47473000-7f2d47483000 r-xp 00000000 00:37 5814403                    /l/local/lang/matlab-R2012a/bin/glnxa64/libmwgraphics_util.so
7f2d47483000-7f2d47682000 ---p 00010000 00:37 5814403                    /l/local/lang/matlab-R2012a/bin/glnxa64/libmwgraphics_util.so
7f2d47682000-7f2d47684000 rw-p 0000f000 00:37 5814403                    /l/local/lang/matlab-R2012a/bin/glnxa64/libmwgraphics_util.so
7f2d47684000-7f2d47685000 rw-p 00000000 00:00 0 
7f2d47685000-7f2d4769a000 r-xp 00000000 00:37 5814395                    /l/local/lang/matlab-R2012a/bin/glnxa64/libmwir_xfmr.so
7f2d4769a000-7f2d4789a000 ---p 00015000 00:37 5814395                    /l/local/lang/matlab-R2012a/bin/glnxa64/libmwir_xfmr.so
7f2d4789a000-7f2d4789b000 rw-p 00015000 00:37 5814395                    /l/local/lang/matlab-R2012a/bin/glnxa64/libmwir_xfmr.so
7f2d4789b000-7f2d4789d000 rw-p 00000000 00:00 0 
7f2d4789d000-7f2d47908000 r-xp 00000000 00:37 5814381                    /l/local/lang/matlab-R2012a/bin/glnxa64/libmwspmatrix.so
7f2d47908000-7f2d47b08000 ---p 0006b000 00:37 5814381                    /l/local/lang/matlab-R2012a/bin/glnxa64/libmwspmatrix.so
7f2d47b08000-7f2d47b09000 rw-p 0006b000 00:37 5814381                    /l/local/lang/matlab-R2012a/bin/glnxa64/libmwspmatrix.so
7f2d47b09000-7f2d47b0a000 rw-p 00000000 00:00 0 
7f2d47b0a000-7f2d47b2f000 r-xp 00000000 00:37 5814392                    /l/local/lang/matlab-R2012a/bin/glnxa64/libmwm_pcodegen.so
7f2d47b2f000-7f2d47d2f000 ---p 00025000 00:37 5814392                    /l/local/lang/matlab-R2012a/bin/glnxa64/libmwm_pcodegen.so
7f2d47d2f000-7f2d47d31000 rw-p 00025000 00:37 5814392                    /l/local/lang/matlab-R2012a/bin/glnxa64/libmwm_pcodegen.so
7f2d47d31000-7f2d47d4a000 r-xp 00000000 00:37 5814417                    /l/local/lang/matlab-R2012a/bin/glnxa64/libmwm_pcodeio.so
7f2d47d4a000-7f2d47f49000 ---p 00019000 00:37 5814417                    /l/local/lang/matlab-R2012a/bin/glnxa64/libmwm_pcodeio.so
7f2d47f49000-7f2d47f4b000 rw-p 00018000 00:37 5814417                    /l/local/lang/matlab-R2012a/bin/glnxa64/libmwm_pcodeio.so
7f2d47f4b000-7f2d47f5b000 r-xp 00000000 00:37 5814367                    /l/local/lang/matlab-R2012a/bin/glnxa64/libmwmlib.so
7f2d47f5b000-7f2d4815b000 ---p 00010000 00:37 5814367                    /l/local/lang/matlab-R2012a/bin/glnxa64/libmwmlib.so
7f2d4815b000-7f2d4815d000 rw-p 00010000 00:37 5814367                    /l/local/lang/matlab-R2012a/bin/glnxa64/libmwmlib.so
7f2d4815d000-7f2d4815e000 rw-p 00000000 00:00 0 
7f2d4815e000-7f2d48187000 r-xp 00000000 00:37 5814411                    /l/local/lang/matlab-R2012a/bin/glnxa64/libmwmathrng.so
7f2d48187000-7f2d48386000 ---p 00029000 00:37 5814411                    /l/local/lang/matlab-R2012a/bin/glnxa64/libmwmathrng.so
7f2d48386000-7f2d48388000 rw-p 00028000 00:37 5814411                    /l/local/lang/matlab-R2012a/bin/glnxa64/libmwmathrng.so
7f2d48388000-7f2d4838a000 rw-p 00000000 00:00 0 
7f2d4838a000-7f2d4843f000 r-xp 00000000 00:37 5814382                    /l/local/lang/matlab-R2012a/bin/glnxa64/libmwmathutil.so
7f2d4843f000-7f2d4863e000 ---p 000b5000 00:37 5814382                    /l/local/lang/matlab-R2012a/bin/glnxa64/libmwmathutil.so
7f2d4863e000-7f2d4863f000 rw-p 000b4000 00:37 5814382                    /l/local/lang/matlab-R2012a/bin/glnxa64/libmwmathutil.so
7f2d4863f000-7f2d4867b000 r-xp 00000000 00:37 5814424                    /l/local/lang/matlab-R2012a/bin/glnxa64/libmwprofiler.so
7f2d4867b000-7f2d4887a000 ---p 0003c000 00:37 5814424                    /l/local/lang/matlab-R2012a/bin/glnxa64/libmwprofiler.so
7f2d4887a000-7f2d4887d000 rw-p 0003b000 00:37 5814424                    /l/local/lang/matlab-R2012a/bin/glnxa64/libmwprofiler.so
7f2d4887d000-7f2d4887e000 rw-p 00000000 00:00 0 
7f2d4887e000-7f2d488c8000 r-xp 00000000 00:37 5814328                    /l/local/lang/matlab-R2012a/bin/glnxa64/libmat.so
7f2d488c8000-7f2d48ac8000 ---p 0004a000 00:37 5814328                    /l/local/lang/matlab-R2012a/bin/glnxa64/libmat.so
7f2d48ac8000-7f2d48acc000 rw-p 0004a000 00:37 5814328                    /l/local/lang/matlab-R2012a/bin/glnxa64/libmat.so
7f2d48acc000-7f2d48e84000 r-xp 00000000 00:37 5814364                    /l/local/lang/matlab-R2012a/bin/glnxa64/libxerces-c.so.27.0
7f2d48e84000-7f2d49083000 ---p 003b8000 00:37 5814364                    /l/local/lang/matlab-R2012a/bin/glnxa64/libxerces-c.so.27.0
7f2d49083000-7f2d490c7000 rw-p 003b7000 00:37 5814364                    /l/local/lang/matlab-R2012a/bin/glnxa64/libxerces-c.so.27.0
7f2d490c7000-7f2d490c9000 rw-p 00000000 00:00 0 
7f2d490c9000-7f2d4913b000 r-xp 00000000 00:37 5814391                    /l/local/lang/matlab-R2012a/bin/glnxa64/libmwxmlcore.so
7f2d4913b000-7f2d4933a000 ---p 00072000 00:37 5814391                    /l/local/lang/matlab-R2012a/bin/glnxa64/libmwxmlcore.so
7f2d4933a000-7f2d49342000 rw-p 00071000 00:37 5814391                    /l/local/lang/matlab-R2012a/bin/glnxa64/libmwxmlcore.so
7f2d49342000-7f2d49343000 rw-p 00000000 00:00 0 
7f2d49343000-7f2d49358000 r-xp 00000000 00:37 5814304                    /l/local/lang/matlab-R2012a/bin/glnxa64/libboost_iostreams.so.1.44.0
7f2d49358000-7f2d49558000 ---p 00015000 00:37 5814304                    /l/local/lang/matlab-R2012a/bin/glnxa64/libboost_iostreams.so.1.44.0
7f2d49558000-7f2d4955a000 rw-p 00015000 00:37 5814304                    /l/local/lang/matlab-R2012a/bin/glnxa64/libboost_iostreams.so.1.44.0
7f2d4955a000-7f2d4955b000 rw-p 00000000 00:00 0 
7f2d4955b000-7f2d496d1000 r-xp 00000000 00:37 5814422                    /l/local/lang/matlab-R2012a/bin/glnxa64/libmwuix.so
7f2d496d1000-7f2d498d1000 ---p 00176000 00:37 5814422                    /l/local/lang/matlab-R2012a/bin/glnxa64/libmwuix.so
7f2d498d1000-7f2d498e6000 rw-p 00176000 00:37 5814422                    /l/local/lang/matlab-R2012a/bin/glnxa64/libmwuix.so
7f2d498e6000-7f2d498eb000 rw-p 00000000 00:00 0 
7f2d498eb000-7f2d4994b000 r-xp 00000000 00:37 5814402                    /l/local/lang/matlab-R2012a/bin/glnxa64/libmwm_ir.so
7f2d4994b000-7f2d49b4a000 ---p 00060000 00:37 5814402                    /l/local/lang/matlab-R2012a/bin/glnxa64/libmwm_ir.so
7f2d49b4a000-7f2d49b53000 rw-p 0005f000 00:37 5814402                    /l/local/lang/matlab-R2012a/bin/glnxa64/libmwm_ir.so
7f2d49b53000-7f2d49b58000 r-xp 00000000 00:37 5814423                    /l/local/lang/matlab-R2012a/bin/glnxa64/libmwuinone.so
7f2d49b58000-7f2d49d58000 ---p 00005000 00:37 5814423                    /l/local/lang/matlab-R2012a/bin/glnxa64/libmwuinone.so
7f2d49d58000-7f2d49d59000 rw-p 00005000 00:37 5814423                    /l/local/lang/matlab-R2012a/bin/glnxa64/libmwuinone.so
7f2d49d59000-7f2d49d5a000 rw-p 00000000 00:00 0 
7f2d49d5a000-7f2d49e03000 r-xp 00000000 00:37 5814428                    /l/local/lang/matlab-R2012a/bin/glnxa64/libmwudd_mi.so
7f2d49e03000-7f2d4a003000 ---p 000a9000 00:37 5814428                    /l/local/lang/matlab-R2012a/bin/glnxa64/libmwudd_mi.so
7f2d4a003000-7f2d4a00f000 rw-p 000a9000 00:37 5814428                    /l/local/lang/matlab-R2012a/bin/glnxa64/libmwudd_mi.so
7f2d4a00f000-7f2d4a010000 rw-p 00000000 00:00 0 
7f2d4a010000-7f2d4a055000 r-xp 00000000 00:37 5814398                    /l/local/lang/matlab-R2012a/bin/glnxa64/libuij.so
7f2d4a055000-7f2d4a255000 ---p 00045000 00:37 5814398                    /l/local/lang/matlab-R2012a/bin/glnxa64/libuij.so
7f2d4a255000-7f2d4a258000 rw-p 00045000 00:37 5814398                    /l/local/lang/matlab-R2012a/bin/glnxa64/libuij.so
7f2d4a258000-7f2d4a371000 r-xp 00000000 00:37 5814407                    /l/local/lang/matlab-R2012a/bin/glnxa64/libmwhgutils.so
7f2d4a371000-7f2d4a570000 ---p 00119000 00:37 5814407                    /l/local/lang/matlab-R2012a/bin/glnxa64/libmwhgutils.so
7f2d4a570000-7f2d4a586000 rw-p 00118000 00:37 5814407                    /l/local/lang/matlab-R2012a/bin/glnxa64/libmwhgutils.so
7f2d4a586000-7f2d4a587000 rw-p 00000000 00:00 0 
7f2d4a587000-7f2d4b2e6000 r-xp 00000000 00:37 5814366                    /l/local/lang/matlab-R2012a/bin/glnxa64/libmwhg.so
7f2d4b2e6000-7f2d4b4e5000 ---p 00d5f000 00:37 5814366                    /l/local/lang/matlab-R2012a/bin/glnxa64/libmwhg.so
7f2d4b4e5000-7f2d4b5fb000 rw-p 00d5e000 00:37 5814366                    /l/local/lang/matlab-R2012a/bin/glnxa64/libmwhg.so
7f2d4b5fb000-7f2d4b608000 rw-p 00000000 00:00 0 
7f2d4b608000-7f2d4b71a000 r-xp 00000000 00:37 5814386                    /l/local/lang/matlab-R2012a/bin/glnxa64/libmwgui.so
7f2d4b71a000-7f2d4b919000 ---p 00112000 00:37 5814386                    /l/local/lang/matlab-R2012a/bin/glnxa64/libmwgui.so
7f2d4b919000-7f2d4b955000 rw-p 00111000 00:37 5814386                    /l/local/lang/matlab-R2012a/bin/glnxa64/libmwgui.so
7f2d4b955000-7f2d4b956000 rw-p 00000000 00:00 0 
7f2d4b956000-7f2d4bbc5000 r-xp 00000000 00:37 5814408                    /l/local/lang/matlab-R2012a/bin/glnxa64/libmwmcos.so
7f2d4bbc5000-7f2d4bdc5000 ---p 0026f000 00:37 5814408                    /l/local/lang/matlab-R2012a/bin/glnxa64/libmwmcos.so
7f2d4bdc5000-7f2d4bdef000 rw-p 0026f000 00:37 5814408                    /l/local/lang/matlab-R2012a/bin/glnxa64/libmwmcos.so
7f2d4bdef000-7f2d4bdf0000 rw-p 00000000 00:00 0 
7f2d4bdf0000-7f2d4bdf7000 r-xp 00000000 00:37 5814393                    /l/local/lang/matlab-R2012a/bin/glnxa64/libmwmtok.so
7f2d4bdf7000-7f2d4bff7000 ---p 00007000 00:37 5814393                    /l/local/lang/matlab-R2012a/bin/glnxa64/libmwmtok.so
7f2d4bff7000-7f2d4bff8000 rw-p 00007000 00:37 5814393                    /l/local/lang/matlab-R2012a/bin/glnxa64/libmwmtok.so
7f2d4bff8000-7f2d4c07d000 r-xp 00000000 00:37 5814371                    /l/local/lang/matlab-R2012a/bin/glnxa64/libmwmlint.so
7f2d4c07d000-7f2d4c27c000 ---p 00085000 00:37 5814371                    /l/local/lang/matlab-R2012a/bin/glnxa64/libmwmlint.so
7f2d4c27c000-7f2d4c284000 rw-p 00084000 00:37 5814371                    /l/local/lang/matlab-R2012a/bin/glnxa64/libmwmlint.so
7f2d4c284000-7f2d4c286000 rw-p 00000000 00:00 0 
7f2d4c286000-7f2d4c36a000 r-xp 00000000 00:37 5814383                    /l/local/lang/matlab-R2012a/bin/glnxa64/libmwudd.so
7f2d4c36a000-7f2d4c56a000 ---p 000e4000 00:37 5814383                    /l/local/lang/matlab-R2012a/bin/glnxa64/libmwudd.so
7f2d4c56a000-7f2d4c581000 rw-p 000e4000 00:37 5814383                    /l/local/lang/matlab-R2012a/bin/glnxa64/libmwudd.so
7f2d4c581000-7f2d4c584000 rw-p 00000000 00:00 0 
7f2d4c584000-7f2d4c7f0000 r-xp 00000000 00:37 5814387                    /l/local/lang/matlab-R2012a/bin/glnxa64/libmwm_parser.so
7f2d4c7f0000-7f2d4c9f0000 ---p 0026c000 00:37 5814387                    /l/local/lang/matlab-R2012a/bin/glnxa64/libmwm_parser.so
7f2d4c9f0000-7f2d4ce92000 rw-p 0026c000 00:37 5814387                    /l/local/lang/matlab-R2012a/bin/glnxa64/libmwm_parser.so
7f2d4ce92000-7f2d4ceb2000 r-xp 00000000 00:37 5814415                    /l/local/lang/matlab-R2012a/bin/glnxa64/libmex.so
7f2d4ceb2000-7f2d4d0b2000 ---p 00020000 00:37 5814415                    /l/local/lang/matlab-R2012a/bin/glnxa64/libmex.so
7f2d4d0b2000-7f2d4d0b4000 rw-p 00020000 00:37 5814415                    /l/local/lang/matlab-R2012a/bin/glnxa64/libmex.so
7f2d4d0b4000-7f2d4d0b5000 rw-p 00000000 00:00 0 
7f2d4d0b5000-7f2d4d0b6000 r-xp 00000000 00:37 5814333                    /l/local/lang/matlab-R2012a/bin/glnxa64/libmwnativejava_services.so
7f2d4d0b6000-7f2d4d2b6000 ---p 00001000 00:37 5814333                    /l/local/lang/matlab-R2012a/bin/glnxa64/libmwnativejava_services.so
7f2d4d2b6000-7f2d4d2b7000 rw-p 00001000 00:37 5814333                    /l/local/lang/matlab-R2012a/bin/glnxa64/libmwnativejava_services.so
7f2d4d2b7000-7f2d4d604000 r-xp 00000000 00:37 5814369                    /l/local/lang/matlab-R2012a/bin/glnxa64/libmwiqm.so
7f2d4d604000-7f2d4d803000 ---p 0034d000 00:37 5814369                    /l/local/lang/matlab-R2012a/bin/glnxa64/libmwiqm.so
7f2d4d803000-7f2d4d829000 rw-p 0034c000 00:37 5814369                    /l/local/lang/matlab-R2012a/bin/glnxa64/libmwiqm.so
7f2d4d829000-7f2d4d830000 rw-p 00000000 00:00 0 
7f2d4d830000-7f2d4d89f000 r-xp 00000000 00:37 5814294                    /l/local/lang/matlab-R2012a/bin/glnxa64/libboost_serialization.so.1.44.0
7f2d4d89f000-7f2d4da9f000 ---p 0006f000 00:37 5814294                    /l/local/lang/matlab-R2012a/bin/glnxa64/libboost_serialization.so.1.44.0
7f2d4da9f000-7f2d4daa3000 rw-p 0006f000 00:37 5814294                    /l/local/lang/matlab-R2012a/bin/glnxa64/libboost_serialization.so.1.44.0
7f2d4daa3000-7f2d4dab6000 r-xp 00000000 00:37 5814341                    /l/local/lang/matlab-R2012a/bin/glnxa64/libmwMATLAB_settings_res.so
7f2d4dab6000-7f2d4dcb5000 ---p 00013000 00:37 5814341                    /l/local/lang/matlab-R2012a/bin/glnxa64/libmwMATLAB_settings_res.so
7f2d4dcb5000-7f2d4dcb6000 rw-p 00012000 00:37 5814341                    /l/local/lang/matlab-R2012a/bin/glnxa64/libmwMATLAB_settings_res.so
7f2d4dcb6000-7f2d4dcb7000 rw-p 00000000 00:00 0 
7f2d4dcb7000-7f2d4dcc8000 r-xp 00000000 00:37 5814340                    /l/local/lang/matlab-R2012a/bin/glnxa64/libmwmfl_scalar.so
7f2d4dcc8000-7f2d4dec7000 ---p 00011000 00:37 5814340                    /l/local/lang/matlab-R2012a/bin/glnxa64/libmwmfl_scalar.so
7f2d4dec7000-7f2d4dec8000 rw-p 00010000 00:37 5814340                    /l/local/lang/matlab-R2012a/bin/glnxa64/libmwmfl_scalar.so
7f2d4dec8000-7f2d4e34e000 r-xp 00000000 00:37 5814376                    /l/local/lang/matlab-R2012a/bin/glnxa64/libmwmlutil.so
7f2d4e34e000-7f2d4e54d000 ---p 00486000 00:37 5814376                    /l/local/lang/matlab-R2012a/bin/glnxa64/libmwmlutil.so
7f2d4e54d000-7f2d4e57a000 rw-p 00485000 00:37 5814376                    /l/local/lang/matlab-R2012a/bin/glnxa64/libmwmlutil.so
7f2d4e57a000-7f2d4e588000 rw-p 00000000 00:00 0 
7f2d4e588000-7f2d4e59b000 r-xp 00000000 00:37 5814296                    /l/local/lang/matlab-R2012a/bin/glnxa64/libboost_signals.so.1.44.0
7f2d4e59b000-7f2d4e79a000 ---p 00013000 00:37 5814296                    /l/local/lang/matlab-R2012a/bin/glnxa64/libboost_signals.so.1.44.0
7f2d4e79a000-7f2d4e79b000 rw-p 00012000 00:37 5814296                    /l/local/lang/matlab-R2012a/bin/glnxa64/libboost_signals.so.1.44.0
7f2d4e79b000-7f2d4e8a1000 r-xp 00000000 00:37 5814295                    /l/local/lang/matlab-R2012a/bin/glnxa64/libboost_regex.so.1.44.0
7f2d4e8a1000-7f2d4eaa1000 ---p 00106000 00:37 5814295                    /l/local/lang/matlab-R2012a/bin/glnxa64/libboost_regex.so.1.44.0
7f2d4eaa1000-7f2d4eaa8000 rw-p 00106000 00:37 5814295                    /l/local/lang/matlab-R2012a/bin/glnxa64/libboost_regex.so.1.44.0
7f2d4eaa8000-7f2d4eac9000 r-xp 00000000 00:37 5814297                    /l/local/lang/matlab-R2012a/bin/glnxa64/libboost_filesystem.so.1.44.0
7f2d4eac9000-7f2d4ecc8000 ---p 00021000 00:37 5814297                    /l/local/lang/matlab-R2012a/bin/glnxa64/libboost_filesystem.so.1.44.0
7f2d4ecc8000-7f2d4ecca000 rw-p 00020000 00:37 5814297                    /l/local/lang/matlab-R2012a/bin/glnxa64/libboost_filesystem.so.1.44.0
7f2d4ecca000-7f2d4eccb000 rw-p 00000000 00:00 0 
7f2d4eccb000-7f2d4efbb000 r-xp 00000000 00:37 5814324                    /l/local/lang/matlab-R2012a/bin/glnxa64/libmwMATLAB_res.so
7f2d4efbb000-7f2d4f1ba000 ---p 002f0000 00:37 5814324                    /l/local/lang/matlab-R2012a/bin/glnxa64/libmwMATLAB_res.so
7f2d4f1ba000-7f2d4f1bc000 rw-p 002ef000 00:37 5814324                    /l/local/lang/matlab-R2012a/bin/glnxa64/libmwMATLAB_res.so
7f2d4f1bc000-7f2d4f1c7000 rw-p 00000000 00:00 0 
7f2d4f1c7000-7f2d4f1c9000 r-xp 00000000 00:37 5814323                    /l/local/lang/matlab-R2012a/bin/glnxa64/libmwresource_core.so
7f2d4f1c9000-7f2d4f3c8000 ---p 00002000 00:37 5814323                    /l/local/lang/matlab-R2012a/bin/glnxa64/libmwresource_core.so
7f2d4f3c8000-7f2d4f3c9000 rw-p 00001000 00:37 5814323                    /l/local/lang/matlab-R2012a/bin/glnxa64/libmwresource_core.so
7f2d4f3c9000-7f2d4f3ca000 rw-p 00000000 00:00 0 
7f2d4f3ca000-7f2d4f3e4000 r-xp 00000000 00:37 5814322                    /l/local/lang/matlab-R2012a/bin/glnxa64/libtbbmalloc.so.2
7f2d4f3e4000-7f2d4f4e3000 ---p 0001a000 00:37 5814322                    /l/local/lang/matlab-R2012a/bin/glnxa64/libtbbmalloc.so.2
7f2d4f4e3000-7f2d4f4e6000 rw-p 00019000 00:37 5814322                    /l/local/lang/matlab-R2012a/bin/glnxa64/libtbbmalloc.so.2
7f2d4f4e6000-7f2d4f4f3000 rw-p 00000000 00:00 0 
7f2d4f4f3000-7f2d4f52d000 r-xp 00000000 00:37 5814321                    /l/local/lang/matlab-R2012a/bin/glnxa64/libtbb.so.2
7f2d4f52d000-7f2d4f62d000 ---p 0003a000 00:37 5814321                    /l/local/lang/matlab-R2012a/bin/glnxa64/libtbb.so.2
7f2d4f62d000-7f2d4f631000 rw-p 0003a000 00:37 5814321                    /l/local/lang/matlab-R2012a/bin/glnxa64/libtbb.so.2
7f2d4f631000-7f2d4f632000 rw-p 00000000 00:00 0 
7f2d4f632000-7f2d4f63d000 r-xp 00000000 00:37 5814292                    /l/local/lang/matlab-R2012a/bin/glnxa64/libicuio.so.44.2
7f2d4f63d000-7f2d4f83d000 ---p 0000b000 00:37 5814292                    /l/local/lang/matlab-R2012a/bin/glnxa64/libicuio.so.44.2
7f2d4f83d000-7f2d4f83f000 rw-p 0000b000 00:37 5814292                    /l/local/lang/matlab-R2012a/bin/glnxa64/libicuio.so.44.2
7f2d4f83f000-7f2d4f840000 rw-p 00000000 00:00 0 
7f2d4f840000-7f2d4fa32000 r-xp 00000000 00:37 5814288                    /l/local/lang/matlab-R2012a/bin/glnxa64/libicui18n.so.44.2
7f2d4fa32000-7f2d4fc31000 ---p 001f2000 00:37 5814288                    /l/local/lang/matlab-R2012a/bin/glnxa64/libicui18n.so.44.2
7f2d4fc31000-7f2d4fc3d000 rw-p 001f1000 00:37 5814288                    /l/local/lang/matlab-R2012a/bin/glnxa64/libicui18n.so.44.2
7f2d4fc3d000-7f2d4fd8e000 r-xp 00000000 00:37 5814286                    /l/local/lang/matlab-R2012a/bin/glnxa64/libicuuc.so.44.2
7f2d4fd8e000-7f2d4ff8e000 ---p 00151000 00:37 5814286                    /l/local/lang/matlab-R2012a/bin/glnxa64/libicuuc.so.44.2
7f2d4ff8e000-7f2d4ff9e000 rw-p 00151000 00:37 5814286                    /l/local/lang/matlab-R2012a/bin/glnxa64/libicuuc.so.44.2
7f2d4ff9e000-7f2d4ffa1000 rw-p 00000000 00:00 0 
7f2d4ffa1000-7f2d50de1000 r--p 00000000 00:37 5814287                    /l/local/lang/matlab-R2012a/bin/glnxa64/libicudata.so.44.2
7f2d50de1000-7f2d50fe0000 ---p 00e40000 00:37 5814287                    /l/local/lang/matlab-R2012a/bin/glnxa64/libicudata.so.44.2
7f2d50fe0000-7f2d50fe1000 rw-p 00e3f000 00:37 5814287                    /l/local/lang/matlab-R2012a/bin/glnxa64/libicudata.so.44.2
7f2d50fe1000-7f2d50fe2000 rw-p 00000000 00:00 0 
7f2d50fe2000-7f2d51008000 r-xp 00000000 00:37 5814315                    /l/local/lang/matlab-R2012a/bin/glnxa64/libexpat.so.1.5.0
7f2d51008000-7f2d51207000 ---p 00026000 00:37 5814315                    /l/local/lang/matlab-R2012a/bin/glnxa64/libexpat.so.1.5.0
7f2d51207000-7f2d5120a000 rw-p 00025000 00:37 5814315                    /l/local/lang/matlab-R2012a/bin/glnxa64/libexpat.so.1.5.0
7f2d5120a000-7f2d51220000 r-xp 00000000 00:37 5814299                    /l/local/lang/matlab-R2012a/bin/glnxa64/libboost_thread.so.1.44.0
7f2d51220000-7f2d5141f000 ---p 00016000 00:37 5814299                    /l/local/lang/matlab-R2012a/bin/glnxa64/libboost_thread.so.1.44.0
7f2d5141f000-7f2d51421000 rw-p 00015000 00:37 5814299                    /l/local/lang/matlab-R2012a/bin/glnxa64/libboost_thread.so.1.44.0
7f2d51421000-7f2d51423000 r-xp 00000000 00:37 5814303                    /l/local/lang/matlab-R2012a/bin/glnxa64/libboost_system.so.1.44.0
7f2d51423000-7f2d51623000 ---p 00002000 00:37 5814303                    /l/local/lang/matlab-R2012a/bin/glnxa64/libboost_system.so.1.44.0
7f2d51623000-7f2d51624000 rw-p 00002000 00:37 5814303                    /l/local/lang/matlab-R2012a/bin/glnxa64/libboost_system.so.1.44.0
7f2d51624000-7f2d51625000 rw-p 00000000 00:00 0 
7f2d51625000-7f2d51636000 r-xp 00000000 00:37 5814306                    /l/local/lang/matlab-R2012a/bin/glnxa64/libboost_date_time.so.1.44.0
7f2d51636000-7f2d51835000 ---p 00011000 00:37 5814306                    /l/local/lang/matlab-R2012a/bin/glnxa64/libboost_date_time.so.1.44.0
7f2d51835000-7f2d51837000 rw-p 00010000 00:37 5814306                    /l/local/lang/matlab-R2012a/bin/glnxa64/libboost_date_time.so.1.44.0
7f2d51837000-7f2d51838000 rw-p 00000000 00:00 0 
7f2d51838000-7f2d5184e000 r-xp 00000000 00:37 5815003                    /l/local/lang/matlab-R2012a/bin/glnxa64/libgcc_s.so.1
7f2d5184e000-7f2d51a4d000 ---p 00016000 00:37 5815003                    /l/local/lang/matlab-R2012a/bin/glnxa64/libgcc_s.so.1
7f2d51a4d000-7f2d51a4e000 rw-p 00015000 00:37 5815003                    /l/local/lang/matlab-R2012a/bin/glnxa64/libgcc_s.so.1
7f2d51a4e000-7f2d51a4f000 rw-p 00000000 00:00 0 
7f2d51a54000-7f2d51a55000 rw-p 00000000 00:00 0 
7f2d51a55000-7f2d51a56000 r--p 00000000 00:00 0 
7f2d51a56000-7f2d51a76000 rw-p 00000000 00:00 0 
7f2d51a76000-7f2d51a7d000 r--s 00000000 08:01 997420                     /usr/lib64/gconv/gconv-modules.cache
7f2d51a7d000-7f2d51b6e000 r-xp 00000000 00:37 5815004                    /l/local/lang/matlab-R2012a/bin/glnxa64/libstdc++.so.6.0.13
7f2d51b6e000-7f2d51d6e000 ---p 000f1000 00:37 5815004                    /l/local/lang/matlab-R2012a/bin/glnxa64/libstdc++.so.6.0.13
7f2d51d6e000-7f2d51d75000 r--p 000f1000 00:37 5815004                    /l/local/lang/matlab-R2012a/bin/glnxa64/libstdc++.so.6.0.13
7f2d51d75000-7f2d51d77000 rw-p 000f8000 00:37 5815004                    /l/local/lang/matlab-R2012a/bin/glnxa64/libstdc++.so.6.0.13
7f2d51d77000-7f2d51d8c000 rw-p 00000000 00:00 0 
7f2d51d8c000-7f2d51e1b000 r-xp 00000000 00:37 5814330                    /l/local/lang/matlab-R2012a/bin/glnxa64/libmwi18n.so
7f2d51e1b000-7f2d5201a000 ---p 0008f000 00:37 5814330                    /l/local/lang/matlab-R2012a/bin/glnxa64/libmwi18n.so
7f2d5201a000-7f2d52020000 rw-p 0008e000 00:37 5814330                    /l/local/lang/matlab-R2012a/bin/glnxa64/libmwi18n.so
7f2d52020000-7f2d52021000 rw-p 00000000 00:00 0 
7f2d52021000-7f2d52555000 r-xp 00000000 00:37 5814419                    /l/local/lang/matlab-R2012a/bin/glnxa64/libmwm_interpreter.so
7f2d52555000-7f2d52754000 ---p 00534000 00:37 5814419                    /l/local/lang/matlab-R2012a/bin/glnxa64/libmwm_interpreter.so
7f2d52754000-7f2d52831000 rw-p 00533000 00:37 5814419                    /l/local/lang/matlab-R2012a/bin/glnxa64/libmwm_interpreter.so
7f2d52831000-7f2d528cb000 rw-p 00000000 00:00 0 
7f2d528cb000-7f2d52960000 r-xp 00000000 00:37 5814416                    /l/local/lang/matlab-R2012a/bin/glnxa64/libmwm_dispatcher.so
7f2d52960000-7f2d52b5f000 ---p 00095000 00:37 5814416                    /l/local/lang/matlab-R2012a/bin/glnxa64/libmwm_dispatcher.so
7f2d52b5f000-7f2d52b66000 rw-p 00094000 00:37 5814416                    /l/local/lang/matlab-R2012a/bin/glnxa64/libmwm_dispatcher.so
7f2d52b66000-7f2d52cd0000 r-xp 00000000 00:37 5814378                    /l/local/lang/matlab-R2012a/bin/glnxa64/libmwmcr.so
7f2d52cd0000-7f2d52ed0000 ---p 0016a000 00:37 5814378                    /l/local/lang/matlab-R2012a/bin/glnxa64/libmwmcr.so
7f2d52ed0000-7f2d52ee2000 rw-p 0016a000 00:37 5814378                    /l/local/lang/matlab-R2012a/bin/glnxa64/libmwmcr.so
7f2d52ee2000-7f2d52ee6000 rw-p 00000000 00:00 0 
7f2d52ee6000-7f2d52f18000 r-xp 00000000 00:37 5814385                    /l/local/lang/matlab-R2012a/bin/glnxa64/libmwbridge.so
7f2d52f18000-7f2d53118000 ---p 00032000 00:37 5814385                    /l/local/lang/matlab-R2012a/bin/glnxa64/libmwbridge.so
7f2d53118000-7f2d5311b000 rw-p 00032000 00:37 5814385                    /l/local/lang/matlab-R2012a/bin/glnxa64/libmwbridge.so
7f2d5311b000-7f2d53121000 rw-p 00000000 00:00 0 
7f2d53121000-7f2d531c1000 r-xp 00000000 00:37 5814370                    /l/local/lang/matlab-R2012a/bin/glnxa64/libmwjmi.so
7f2d531c1000-7f2d533c0000 ---p 000a0000 00:37 5814370                    /l/local/lang/matlab-R2012a/bin/glnxa64/libmwjmi.so
7f2d533c0000-7f2d533c8000 rw-p 0009f000 00:37 5814370                    /l/local/lang/matlab-R2012a/bin/glnxa64/libmwjmi.so
7f2d533c8000-7f2d533c9000 rw-p 00000000 00:00 0 
7f2d533c9000-7f2d53637000 r-xp 00000000 00:37 5814410                    /l/local/lang/matlab-R2012a/bin/glnxa64/libmwservices.so
7f2d53637000-7f2d53836000 ---p 0026e000 00:37 5814410                    /l/local/lang/matlab-R2012a/bin/glnxa64/libmwservices.so
7f2d53836000-7f2d5384d000 rw-p 0026d000 00:37 5814410                    /l/local/lang/matlab-R2012a/bin/glnxa64/libmwservices.so
7f2d5384d000-7f2d5385c000 rw-p 00000000 00:00 0 
7f2d5385c000-7f2d53899000 r-xp 00000000 00:37 5814374                    /l/local/lang/matlab-R2012a/bin/glnxa64/libmwmpath.so
7f2d53899000-7f2d53a99000 ---p 0003d000 00:37 5814374                    /l/local/lang/matlab-R2012a/bin/glnxa64/libmwmpath.so
7f2d53a99000-7f2d53a9c000 rw-p 0003d000 00:37 5814374                    /l/local/lang/matlab-R2012a/bin/glnxa64/libmwmpath.so
7f2d53a9c000-7f2d53a9f000 rw-p 00000000 00:00 0 
7f2d53a9f000-7f2d53b55000 r-xp 00000000 00:37 5814326                    /l/local/lang/matlab-R2012a/bin/glnxa64/libmx.so
7f2d53b55000-7f2d53d54000 ---p 000b6000 00:37 5814326                    /l/local/lang/matlab-R2012a/bin/glnxa64/libmx.so
7f2d53d54000-7f2d53d59000 rw-p 000b5000 00:37 5814326                    /l/local/lang/matlab-R2012a/bin/glnxa64/libmx.so
7f2d53d59000-7f2d53e37000 r-xp 00000000 00:37 5814331                    /l/local/lang/matlab-R2012a/bin/glnxa64/libmwfl.so
7f2d53e37000-7f2d54036000 ---p 000de000 00:37 5814331                    /l/local/lang/matlab-R2012a/bin/glnxa64/libmwfl.so
7f2d54036000-7f2d54040000 rw-p 000dd000 00:37 5814331                    /l/local/lang/matlab-R2012a/bin/glnxa64/libmwfl.so
7f2d54040000-7f2d54051000 rw-p 00000000 00:00 0 
7f2d54051000-7f2d54127000 r-xp 00000000 00:37 5814325                    /l/local/lang/matlab-R2012a/bin/glnxa64/libut.so
7f2d54127000-7f2d54327000 ---p 000d6000 00:37 5814325                    /l/local/lang/matlab-R2012a/bin/glnxa64/libut.so
7f2d54327000-7f2d54333000 rw-p 000d6000 00:37 5814325                    /l/local/lang/matlab-R2012a/bin/glnxa64/libut.so
7f2d54333000-7f2d54346000 rw-p 00000000 00:00 0 
7fffe9e6c000-7fffe9e80000 rwxp 00000000 00:00 0                          [stack]
7fffe9e80000-7fffe9e82000 rw-p 00000000 00:00 0 
7fffe9e99000-7fffe9e9a000 r-xp 00000000 00:00 0                          [vdso]
ffffffffff600000-ffffffffff601000 r-xp 00000000 00:00 0                  [vsyscall]

VM Arguments:
jvm_args: -Xms64m -XX:NewRatio=3 -XX:MaxPermSize=128m -Xmx196m -XX:MaxDirectMemorySize=2147400000 -XX:+AllowUserSignalHandlers -Xrs -Dsun.awt.disableMixing=true -Djava.library.path=/l/local/lang/matlab-R2012a/bin/glnxa64 vfprintf abort -Djava.awt.headless=true -Duser.language=en -Duser.country=US -Dfile.encoding=UTF-8 
java_command: <unknown>
Launcher Type: generic

Environment Variables:
PATH=/n/shokuji/dc/edg/bin:/usr/local/bin:/usr/bin:/bin:/u/metanet/clustering/treetagger/cmd:/u/metanet/clustering/treetagger/bin
LD_LIBRARY_PATH=/l/local/lang/matlab-R2012a/sys/os/glnxa64:/l/local/lang/matlab-R2012a/bin/glnxa64:/l/local/lang/matlab-R2012a/extern/lib/glnxa64:/l/local/lang/matlab-R2012a/runtime/glnxa64:/l/local/lang/matlab-R2012a/sys/java/jre/glnxa64/jre/lib/amd64/native_threads:/l/local/lang/matlab-R2012a/sys/java/jre/glnxa64/jre/lib/amd64/server:/l/local/lang/matlab-R2012a/sys/java/jre/glnxa64/jre/lib/amd64
SHELL=/bin/tcsh
DISPLAY=
HOSTTYPE=x86_64-linux
OSTYPE=linux
ARCH=glnxa64
MACHTYPE=x86_64

Signal Handlers:
SIGSEGV: [libjvm.so+0x6bddc0], sa_mask[0]=0x7ffbfeff, sa_flags=0x10000004
SIGBUS: [libjvm.so+0x6bddc0], sa_mask[0]=0x7ffbfeff, sa_flags=0x10000004
SIGFPE: [libjvm.so+0x594f90], sa_mask[0]=0x7ffbfeff, sa_flags=0x10000004
SIGPIPE: [libjvm.so+0x594f90], sa_mask[0]=0x7ffbfeff, sa_flags=0x10000004
SIGXFSZ: [libjvm.so+0x594f90], sa_mask[0]=0x7ffbfeff, sa_flags=0x10000004
SIGILL: [libjvm.so+0x594f90], sa_mask[0]=0x7ffbfeff, sa_flags=0x10000004
SIGUSR1: SIG_DFL, sa_mask[0]=0x00000000, sa_flags=0x00000000
SIGUSR2: [libjvm.so+0x597750], sa_mask[0]=0x08080002, sa_flags=0x10000004
SIGHUP: SIG_DFL, sa_mask[0]=0x00000000, sa_flags=0x00000000
SIGINT: SIG_DFL, sa_mask[0]=0x00000000, sa_flags=0x00000000
SIGTERM: SIG_DFL, sa_mask[0]=0x00000000, sa_flags=0x00000000
SIGQUIT: [libmwmcr.so+0x131430], sa_mask[0]=0x08080002, sa_flags=0x00000004


---------------  S Y S T E M  ---------------

OS:Red Hat Enterprise Linux Workstation release 6.6 (Santiago)

uname:Linux 2.6.32-504.el6.x86_64 #1 SMP Tue Sep 16 01:56:35 EDT 2014 x86_64
libc:glibc 2.12 NPTL 2.12 
rlimit: STACK 10240k, CORE 0k, NPROC 1024, NOFILE 4096, AS infinity
load average:2.85 0.60 0.19

CPU:total 48 (16 cores per cpu, 2 threads per core) family 6 model 62 stepping 4, cmov, cx8, fxsr, mmx, sse, sse2, sse3, ssse3, sse4.1, sse4.2, ht

Memory: 4k page, physical 198306240k(188421100k free), swap 16777212k(16777212k free)

vm_info: Java HotSpot(TM) 64-Bit Server VM (14.3-b01) for linux-amd64 JRE (1.6.0_17-b04), built on Oct 11 2009 01:08:48 by "java_re" with gcc 3.2.2 (SuSE Linux)

time: Sat Feb  7 12:25:03 2015
elapsed time: 0 seconds

