#
# A fatal error has been detected by the Java Runtime Environment:
#
# java.lang.OutOfMemoryError: Cannot create GC thread. Out of system resources.
#
#  Internal Error (gcTaskThread.cpp:38), pid=43014, tid=139971611252480
#  Error: Cannot create GC thread. Out of system resources.
#
# JRE version: 6.0_17-b04
# Java VM: Java HotSpot(TM) 64-Bit Server VM (14.3-b01 mixed mode linux-amd64 )
# If you would like to submit a bug report, please visit:
#   http://java.sun.com/webapps/bugreport/crash.jsp
#

---------------  T H R E A D  ---------------

Current thread (0x00007f4da04a3000):  JavaThread "Unknown thread" [_thread_in_vm, id=44065, stack(0x00007f4dad8ad000,0x00007f4dae2ae000)]

Stack: [0x00007f4dad8ad000,0x00007f4dae2ae000],  sp=0x00007f4dae2abcd0,  free space=10235k
Native frames: (J=compiled Java code, j=interpreted, Vv=VM code, C=native code)
V  [libjvm.so+0x6bd1ef]
V  [libjvm.so+0x2be6c8]
V  [libjvm.so+0x33a2fd]
V  [libjvm.so+0x338e3e]
V  [libjvm.so+0x338bd3]
V  [libjvm.so+0x5a87c7]
V  [libjvm.so+0x697695]
V  [libjvm.so+0x69732a]
V  [libjvm.so+0x377cd0]
V  [libjvm.so+0x67f5af]
V  [libjvm.so+0x3def30]
C  [libmwjmi.so+0x6e029]  _Z9InitSunVMN5boost8optionalIKSt6vectorISsSaISsEEEE+0x1129
C  [libmwjmi.so+0x6eb5f]
C  [libmwjmi.so+0x6eca9]
C  [libmwjmi.so+0x5ceb1]  _Z7mljInitv+0x21
C  [libmwmcr.so+0x106205]
C  [libmwmcr.so+0xf8bf4]
C  [libmwmcr.so+0xf8d97]


---------------  P R O C E S S  ---------------

Java Threads: ( => current thread )

Other Threads:

=>0x00007f4da04a3000 (exited) JavaThread "Unknown thread" [_thread_in_vm, id=44065, stack(0x00007f4dad8ad000,0x00007f4dae2ae000)]

VM state:not at safepoint (not fully initialized)

VM Mutex/Monitor currently owned by a thread: None

Dynamic libraries:
00400000-00406000 r-xp 00000000 00:37 5814541                            /l/local/lang/matlab-R2012a/bin/glnxa64/MATLAB
00606000-00607000 rw-p 00006000 00:37 5814541                            /l/local/lang/matlab-R2012a/bin/glnxa64/MATLAB
020e5000-02253000 rw-p 00000000 00:00 0                                  [heap]
393bc00000-393bc20000 r-xp 00000000 08:01 786466                         /lib64/ld-2.12.so
393be1f000-393be20000 r--p 0001f000 08:01 786466                         /lib64/ld-2.12.so
393be20000-393be21000 rw-p 00020000 08:01 786466                         /lib64/ld-2.12.so
393be21000-393be22000 rw-p 00000000 00:00 0 
393c000000-393c18a000 r-xp 00000000 08:01 809581                         /lib64/libc-2.12.so
393c18a000-393c38a000 ---p 0018a000 08:01 809581                         /lib64/libc-2.12.so
393c38a000-393c38e000 r--p 0018a000 08:01 809581                         /lib64/libc-2.12.so
393c38e000-393c38f000 rw-p 0018e000 08:01 809581                         /lib64/libc-2.12.so
393c38f000-393c394000 rw-p 00000000 00:00 0 
393c400000-393c417000 r-xp 00000000 08:01 809586                         /lib64/libpthread-2.12.so
393c417000-393c617000 ---p 00017000 08:01 809586                         /lib64/libpthread-2.12.so
393c617000-393c618000 r--p 00017000 08:01 809586                         /lib64/libpthread-2.12.so
393c618000-393c619000 rw-p 00018000 08:01 809586                         /lib64/libpthread-2.12.so
393c619000-393c61d000 rw-p 00000000 00:00 0 
393c800000-393c883000 r-xp 00000000 08:01 809582                         /lib64/libm-2.12.so
393c883000-393ca82000 ---p 00083000 08:01 809582                         /lib64/libm-2.12.so
393ca82000-393ca83000 r--p 00082000 08:01 809582                         /lib64/libm-2.12.so
393ca83000-393ca84000 rw-p 00083000 08:01 809582                         /lib64/libm-2.12.so
393cc00000-393cc02000 r-xp 00000000 08:01 809588                         /lib64/libdl-2.12.so
393cc02000-393ce02000 ---p 00002000 08:01 809588                         /lib64/libdl-2.12.so
393ce02000-393ce03000 r--p 00002000 08:01 809588                         /lib64/libdl-2.12.so
393ce03000-393ce04000 rw-p 00003000 08:01 809588                         /lib64/libdl-2.12.so
393d000000-393d015000 r-xp 00000000 08:01 809583                         /lib64/libz.so.1.2.3
393d015000-393d214000 ---p 00015000 08:01 809583                         /lib64/libz.so.1.2.3
393d214000-393d215000 r--p 00014000 08:01 809583                         /lib64/libz.so.1.2.3
393d215000-393d216000 rw-p 00015000 08:01 809583                         /lib64/libz.so.1.2.3
393d400000-393d407000 r-xp 00000000 08:01 809600                         /lib64/librt-2.12.so
393d407000-393d606000 ---p 00007000 08:01 809600                         /lib64/librt-2.12.so
393d606000-393d607000 r--p 00006000 08:01 809600                         /lib64/librt-2.12.so
393d607000-393d608000 rw-p 00007000 08:01 809600                         /lib64/librt-2.12.so
393e400000-393e402000 r-xp 00000000 08:01 918911                         /usr/lib64/libXau.so.6.0.0
393e402000-393e602000 ---p 00002000 08:01 918911                         /usr/lib64/libXau.so.6.0.0
393e602000-393e603000 rw-p 00002000 08:01 918911                         /usr/lib64/libXau.so.6.0.0
393ec00000-393ec1d000 r-xp 00000000 08:01 933788                         /usr/lib64/libxcb.so.1.1.0
393ec1d000-393ee1d000 ---p 0001d000 08:01 933788                         /usr/lib64/libxcb.so.1.1.0
393ee1d000-393ee1e000 rw-p 0001d000 08:01 933788                         /usr/lib64/libxcb.so.1.1.0
393f000000-393f137000 r-xp 00000000 08:01 919430                         /usr/lib64/libX11.so.6.3.0
393f137000-393f337000 ---p 00137000 08:01 919430                         /usr/lib64/libX11.so.6.3.0
393f337000-393f33d000 rw-p 00137000 08:01 919430                         /usr/lib64/libX11.so.6.3.0
393fc00000-393fc11000 r-xp 00000000 08:01 920573                         /usr/lib64/libXext.so.6.4.0
393fc11000-393fe11000 ---p 00011000 08:01 920573                         /usr/lib64/libXext.so.6.4.0
393fe11000-393fe12000 rw-p 00011000 08:01 920573                         /usr/lib64/libXext.so.6.4.0
3943000000-3943004000 r-xp 00000000 08:01 809593                         /lib64/libuuid.so.1.3.0
3943004000-3943203000 ---p 00004000 08:01 809593                         /lib64/libuuid.so.1.3.0
3943203000-3943204000 rw-p 00003000 08:01 809593                         /lib64/libuuid.so.1.3.0
3943800000-3943817000 r-xp 00000000 08:01 920577                         /usr/lib64/libICE.so.6.3.0
3943817000-3943a17000 ---p 00017000 08:01 920577                         /usr/lib64/libICE.so.6.3.0
3943a17000-3943a18000 rw-p 00017000 08:01 920577                         /usr/lib64/libICE.so.6.3.0
3943a18000-3943a1c000 rw-p 00000000 00:00 0 
3943c00000-3943c07000 r-xp 00000000 08:01 920644                         /usr/lib64/libSM.so.6.0.1
3943c07000-3943e07000 ---p 00007000 08:01 920644                         /usr/lib64/libSM.so.6.0.1
3943e07000-3943e08000 rw-p 00007000 08:01 920644                         /usr/lib64/libSM.so.6.0.1
3946000000-3946018000 r-xp 00000000 08:01 919461                         /usr/lib64/libXmu.so.6.2.0
3946018000-3946218000 ---p 00018000 08:01 919461                         /usr/lib64/libXmu.so.6.2.0
3946218000-394621a000 rw-p 00018000 08:01 919461                         /usr/lib64/libXmu.so.6.2.0
394ac00000-394ac1d000 r-xp 00000000 08:01 809594                         /lib64/libtinfo.so.5.7
394ac1d000-394ae1d000 ---p 0001d000 08:01 809594                         /lib64/libtinfo.so.5.7
394ae1d000-394ae21000 rw-p 0001d000 08:01 809594                         /lib64/libtinfo.so.5.7
394c200000-394c207000 r-xp 00000000 08:01 809615                         /lib64/libcrypt-2.12.so
394c207000-394c407000 ---p 00007000 08:01 809615                         /lib64/libcrypt-2.12.so
394c407000-394c408000 r--p 00007000 08:01 809615                         /lib64/libcrypt-2.12.so
394c408000-394c409000 rw-p 00008000 08:01 809615                         /lib64/libcrypt-2.12.so
394c409000-394c437000 rw-p 00000000 00:00 0 
394c600000-394c673000 r-xp 00000000 08:01 809614                         /lib64/libfreebl3.so
394c673000-394c872000 ---p 00073000 08:01 809614                         /lib64/libfreebl3.so
394c872000-394c874000 r--p 00072000 08:01 809614                         /lib64/libfreebl3.so
394c874000-394c875000 rw-p 00074000 08:01 809614                         /lib64/libfreebl3.so
394c875000-394c879000 rw-p 00000000 00:00 0 
394ce00000-394ce16000 r-xp 00000000 08:01 809621                         /lib64/libnsl-2.12.so
394ce16000-394d015000 ---p 00016000 08:01 809621                         /lib64/libnsl-2.12.so
394d015000-394d016000 r--p 00015000 08:01 809621                         /lib64/libnsl-2.12.so
394d016000-394d017000 rw-p 00016000 08:01 809621                         /lib64/libnsl-2.12.so
394d017000-394d019000 rw-p 00000000 00:00 0 
394d200000-394d222000 r-xp 00000000 08:01 809595                         /lib64/libncurses.so.5.7
394d222000-394d421000 ---p 00022000 08:01 809595                         /lib64/libncurses.so.5.7
394d421000-394d422000 rw-p 00021000 08:01 809595                         /lib64/libncurses.so.5.7
3950800000-395085f000 r-xp 00000000 08:01 919305                         /usr/lib64/libXt.so.6.0.0
395085f000-3950a5e000 ---p 0005f000 08:01 919305                         /usr/lib64/libXt.so.6.0.0
3950a5e000-3950a64000 rw-p 0005e000 08:01 919305                         /usr/lib64/libXt.so.6.0.0
3950a64000-3950a65000 rw-p 00000000 00:00 0 
7f4d2c000000-7f4d2c021000 rw-p 00000000 00:00 0 
7f4d2c021000-7f4d30000000 ---p 00000000 00:00 0 
7f4d34000000-7f4d34021000 rw-p 00000000 00:00 0 
7f4d34021000-7f4d38000000 ---p 00000000 00:00 0 
7f4d38000000-7f4d38021000 rw-p 00000000 00:00 0 
7f4d38021000-7f4d3c000000 ---p 00000000 00:00 0 
7f4d3c000000-7f4d3c021000 rw-p 00000000 00:00 0 
7f4d3c021000-7f4d40000000 ---p 00000000 00:00 0 
7f4d40000000-7f4d40021000 rw-p 00000000 00:00 0 
7f4d40021000-7f4d44000000 ---p 00000000 00:00 0 
7f4d44000000-7f4d44021000 rw-p 00000000 00:00 0 
7f4d44021000-7f4d48000000 ---p 00000000 00:00 0 
7f4d48000000-7f4d48021000 rw-p 00000000 00:00 0 
7f4d48021000-7f4d4c000000 ---p 00000000 00:00 0 
7f4d4c000000-7f4d4c021000 rw-p 00000000 00:00 0 
7f4d4c021000-7f4d50000000 ---p 00000000 00:00 0 
7f4d50000000-7f4d50021000 rw-p 00000000 00:00 0 
7f4d50021000-7f4d54000000 ---p 00000000 00:00 0 
7f4d54000000-7f4d54021000 rw-p 00000000 00:00 0 
7f4d54021000-7f4d58000000 ---p 00000000 00:00 0 
7f4d58000000-7f4d58021000 rw-p 00000000 00:00 0 
7f4d58021000-7f4d5c000000 ---p 00000000 00:00 0 
7f4d5c000000-7f4d5c021000 rw-p 00000000 00:00 0 
7f4d5c021000-7f4d60000000 ---p 00000000 00:00 0 
7f4d60000000-7f4d60021000 rw-p 00000000 00:00 0 
7f4d60021000-7f4d64000000 ---p 00000000 00:00 0 
7f4d64000000-7f4d64021000 rw-p 00000000 00:00 0 
7f4d64021000-7f4d68000000 ---p 00000000 00:00 0 
7f4d68000000-7f4d68021000 rw-p 00000000 00:00 0 
7f4d68021000-7f4d6c000000 ---p 00000000 00:00 0 
7f4d6c000000-7f4d6c021000 rw-p 00000000 00:00 0 
7f4d6c021000-7f4d70000000 ---p 00000000 00:00 0 
7f4d70000000-7f4d70021000 rw-p 00000000 00:00 0 
7f4d70021000-7f4d74000000 ---p 00000000 00:00 0 
7f4d74000000-7f4d74021000 rw-p 00000000 00:00 0 
7f4d74021000-7f4d78000000 ---p 00000000 00:00 0 
7f4d78000000-7f4d78021000 rw-p 00000000 00:00 0 
7f4d78021000-7f4d7c000000 ---p 00000000 00:00 0 
7f4d7c000000-7f4d7c021000 rw-p 00000000 00:00 0 
7f4d7c021000-7f4d80000000 ---p 00000000 00:00 0 
7f4d80c00000-7f4d820c0000 rwxp 00000000 00:00 0 
7f4d820c0000-7f4d88c00000 rwxp 00000000 00:00 0 
7f4d88c00000-7f4d8bc00000 rwxp 00000000 00:00 0 
7f4d8bc00000-7f4d91f00000 rwxp 00000000 00:00 0 
7f4d91f00000-7f4d92f00000 rwxp 00000000 00:00 0 
7f4d92f00000-7f4d95000000 rwxp 00000000 00:00 0 
7f4d95000000-7f4d95270000 rwxp 00000000 00:00 0 
7f4d95270000-7f4d98000000 rwxp 00000000 00:00 0 
7f4d98000000-7f4d98021000 rw-p 00000000 00:00 0 
7f4d98021000-7f4d9c000000 ---p 00000000 00:00 0 
7f4d9cfd1000-7f4d9cfd2000 ---p 00000000 00:00 0 
7f4d9cfd2000-7f4d9d0d2000 rwxp 00000000 00:00 0 
7f4d9d0d2000-7f4d9d0d3000 ---p 00000000 00:00 0 
7f4d9d0d3000-7f4d9d1d3000 rwxp 00000000 00:00 0 
7f4d9d1d3000-7f4d9d1d4000 ---p 00000000 00:00 0 
7f4d9d1d4000-7f4d9d2d4000 rwxp 00000000 00:00 0 
7f4d9d2d4000-7f4d9d2d5000 ---p 00000000 00:00 0 
7f4d9d2d5000-7f4d9d3d5000 rwxp 00000000 00:00 0 
7f4d9d3d5000-7f4d9d3d6000 ---p 00000000 00:00 0 
7f4d9d3d6000-7f4d9d4d6000 rwxp 00000000 00:00 0 
7f4d9d4d6000-7f4d9d4d7000 ---p 00000000 00:00 0 
7f4d9d4d7000-7f4d9d5d7000 rwxp 00000000 00:00 0 
7f4d9d5d7000-7f4d9d5d8000 ---p 00000000 00:00 0 
7f4d9d5d8000-7f4d9d6d8000 rwxp 00000000 00:00 0 
7f4d9d6d8000-7f4d9d6d9000 ---p 00000000 00:00 0 
7f4d9d6d9000-7f4d9d7d9000 rwxp 00000000 00:00 0 
7f4d9d7d9000-7f4d9d7da000 ---p 00000000 00:00 0 
7f4d9d7da000-7f4d9d8da000 rwxp 00000000 00:00 0 
7f4d9d8da000-7f4d9d8db000 ---p 00000000 00:00 0 
7f4d9d8db000-7f4d9d9db000 rwxp 00000000 00:00 0 
7f4d9d9db000-7f4d9d9dc000 ---p 00000000 00:00 0 
7f4d9d9dc000-7f4d9dadc000 rwxp 00000000 00:00 0 
7f4d9dadc000-7f4d9dadd000 ---p 00000000 00:00 0 
7f4d9dadd000-7f4d9dbdd000 rwxp 00000000 00:00 0 
7f4d9dbdd000-7f4d9dbde000 ---p 00000000 00:00 0 
7f4d9dbde000-7f4d9dcde000 rwxp 00000000 00:00 0 
7f4d9dcde000-7f4d9dcdf000 ---p 00000000 00:00 0 
7f4d9dcdf000-7f4d9dddf000 rwxp 00000000 00:00 0 
7f4d9dddf000-7f4d9dde0000 ---p 00000000 00:00 0 
7f4d9dde0000-7f4d9dee0000 rwxp 00000000 00:00 0 
7f4d9dee0000-7f4d9dee1000 ---p 00000000 00:00 0 
7f4d9dee1000-7f4d9dfe1000 rwxp 00000000 00:00 0 
7f4d9dfe1000-7f4d9dfe2000 ---p 00000000 00:00 0 
7f4d9dfe2000-7f4d9e0e2000 rwxp 00000000 00:00 0 
7f4d9e0e2000-7f4d9e0e3000 ---p 00000000 00:00 0 
7f4d9e0e3000-7f4d9e1e3000 rwxp 00000000 00:00 0 
7f4d9e1e3000-7f4d9e1e4000 ---p 00000000 00:00 0 
7f4d9e1e4000-7f4d9e2e4000 rwxp 00000000 00:00 0 
7f4d9e2e4000-7f4d9e2e5000 ---p 00000000 00:00 0 
7f4d9e2e5000-7f4d9e3e5000 rwxp 00000000 00:00 0 
7f4d9e3e5000-7f4d9e3e6000 ---p 00000000 00:00 0 
7f4d9e3e6000-7f4d9e4e6000 rwxp 00000000 00:00 0 
7f4d9e4e6000-7f4d9e4e7000 ---p 00000000 00:00 0 
7f4d9e4e7000-7f4d9e5f2000 rwxp 00000000 00:00 0 
7f4d9e5f2000-7f4d9e627000 rwxp 00000000 00:00 0 
7f4d9e627000-7f4d9e63f000 rwxp 00000000 00:00 0 
7f4d9e63f000-7f4d9e671000 rwxp 00000000 00:00 0 
7f4d9e671000-7f4d9e67c000 rwxp 00000000 00:00 0 
7f4d9e67c000-7f4d9e6b1000 rwxp 00000000 00:00 0 
7f4d9e6b1000-7f4d9e6c9000 rwxp 00000000 00:00 0 
7f4d9e6c9000-7f4d9e6fa000 rwxp 00000000 00:00 0 
7f4d9e6fa000-7f4d9e703000 rwxp 00000000 00:00 0 
7f4d9e703000-7f4d9e713000 rwxp 00000000 00:00 0 
7f4d9e713000-7f4d9e71e000 rwxp 00000000 00:00 0 
7f4d9e71e000-7f4d9e7d4000 rwxp 00000000 00:00 0 
7f4d9e7d4000-7f4d9e7e2000 r-xp 00000000 00:37 5919882                    /l/local/lang/matlab-R2012a/sys/java/jre/glnxa64/jre/lib/amd64/libzip.so
7f4d9e7e2000-7f4d9e8e4000 ---p 0000e000 00:37 5919882                    /l/local/lang/matlab-R2012a/sys/java/jre/glnxa64/jre/lib/amd64/libzip.so
7f4d9e8e4000-7f4d9e8e7000 rw-p 00010000 00:37 5919882                    /l/local/lang/matlab-R2012a/sys/java/jre/glnxa64/jre/lib/amd64/libzip.so
7f4d9e8e7000-7f4d9e8e8000 rw-p 00000000 00:00 0 
7f4d9e8e8000-7f4d9e8ef000 r-xp 00000000 00:37 5919894                    /l/local/lang/matlab-R2012a/sys/java/jre/glnxa64/jre/lib/amd64/native_threads/libhpi.so
7f4d9e8ef000-7f4d9e9f0000 ---p 00007000 00:37 5919894                    /l/local/lang/matlab-R2012a/sys/java/jre/glnxa64/jre/lib/amd64/native_threads/libhpi.so
7f4d9e9f0000-7f4d9e9f2000 rw-p 00008000 00:37 5919894                    /l/local/lang/matlab-R2012a/sys/java/jre/glnxa64/jre/lib/amd64/native_threads/libhpi.so
7f4d9e9f2000-7f4d9e9f3000 rw-p 00000000 00:00 0 
7f4d9e9f3000-7f4d9e9f4000 ---p 00000000 00:00 0 
7f4d9e9f4000-7f4d9f3f4000 rwxp 00000000 00:00 0 
7f4d9f3f4000-7f4d9f3f5000 ---p 00000000 00:00 0 
7f4d9f3f5000-7f4d9fdf5000 rwxp 00000000 00:00 0 
7f4d9fdf5000-7f4d9fdff000 r-xp 00000000 08:01 786465                     /lib64/libnss_nis-2.12.so
7f4d9fdff000-7f4d9fffe000 ---p 0000a000 08:01 786465                     /lib64/libnss_nis-2.12.so
7f4d9fffe000-7f4d9ffff000 r--p 00009000 08:01 786465                     /lib64/libnss_nis-2.12.so
7f4d9ffff000-7f4da0000000 rw-p 0000a000 08:01 786465                     /lib64/libnss_nis-2.12.so
7f4da0000000-7f4da0557000 rw-p 00000000 00:00 0 
7f4da0557000-7f4da4000000 ---p 00000000 00:00 0 
7f4da4000000-7f4da4021000 rw-p 00000000 00:00 0 
7f4da4021000-7f4da8000000 ---p 00000000 00:00 0 
7f4da8000000-7f4da8021000 rw-p 00000000 00:00 0 
7f4da8021000-7f4dac000000 ---p 00000000 00:00 0 
7f4dac01f000-7f4dac02b000 r-xp 00000000 08:01 786461                     /lib64/libnss_files-2.12.so
7f4dac02b000-7f4dac22b000 ---p 0000c000 08:01 786461                     /lib64/libnss_files-2.12.so
7f4dac22b000-7f4dac22c000 r--p 0000c000 08:01 786461                     /lib64/libnss_files-2.12.so
7f4dac22c000-7f4dac22d000 rw-p 0000d000 08:01 786461                     /lib64/libnss_files-2.12.so
7f4dac253000-7f4dac25b000 rw-s 00000000 08:03 258587                     /tmp/hsperfdata_edg/43014
7f4dac25b000-7f4dac268000 r-xp 00000000 00:37 5919895                    /l/local/lang/matlab-R2012a/sys/java/jre/glnxa64/jre/lib/amd64/libverify.so
7f4dac268000-7f4dac367000 ---p 0000d000 00:37 5919895                    /l/local/lang/matlab-R2012a/sys/java/jre/glnxa64/jre/lib/amd64/libverify.so
7f4dac367000-7f4dac36a000 rw-p 0000c000 00:37 5919895                    /l/local/lang/matlab-R2012a/sys/java/jre/glnxa64/jre/lib/amd64/libverify.so
7f4dac36a000-7f4dacac8000 r-xp 00000000 00:37 5919876                    /l/local/lang/matlab-R2012a/sys/java/jre/glnxa64/jre/lib/amd64/server/libjvm.so
7f4dacac8000-7f4dacbc7000 ---p 0075e000 00:37 5919876                    /l/local/lang/matlab-R2012a/sys/java/jre/glnxa64/jre/lib/amd64/server/libjvm.so
7f4dacbc7000-7f4dacd3f000 rw-p 0075d000 00:37 5919876                    /l/local/lang/matlab-R2012a/sys/java/jre/glnxa64/jre/lib/amd64/server/libjvm.so
7f4dacd3f000-7f4dacd7d000 rw-p 00000000 00:00 0 
7f4dacd7d000-7f4dacda6000 r-xp 00000000 00:37 5919885                    /l/local/lang/matlab-R2012a/sys/java/jre/glnxa64/jre/lib/amd64/libjava.so
7f4dacda6000-7f4dacea5000 ---p 00029000 00:37 5919885                    /l/local/lang/matlab-R2012a/sys/java/jre/glnxa64/jre/lib/amd64/libjava.so
7f4dacea5000-7f4daceac000 rw-p 00028000 00:37 5919885                    /l/local/lang/matlab-R2012a/sys/java/jre/glnxa64/jre/lib/amd64/libjava.so
7f4daceac000-7f4dacead000 ---p 00000000 00:00 0 
7f4dacead000-7f4dad8ad000 rwxp 00000000 00:00 0 
7f4dad8ad000-7f4dad8b0000 ---p 00000000 00:00 0 
7f4dad8b0000-7f4dae2ae000 rwxp 00000000 00:00 0 
7f4dae2ae000-7f4dae3ae000 rw-p 00000000 00:00 0 
7f4dae3ae000-7f4dae3af000 ---p 00000000 00:00 0 
7f4dae3af000-7f4daeb7f000 rwxp 00000000 00:00 0 
7f4daeb7f000-7f4daeb81000 r-xp 00000000 00:37 5814388                    /l/local/lang/matlab-R2012a/bin/glnxa64/mklcompat.so
7f4daeb81000-7f4daed80000 ---p 00002000 00:37 5814388                    /l/local/lang/matlab-R2012a/bin/glnxa64/mklcompat.so
7f4daed80000-7f4daed81000 rw-p 00001000 00:37 5814388                    /l/local/lang/matlab-R2012a/bin/glnxa64/mklcompat.so
7f4daed81000-7f4daee40000 r-xp 00000000 00:37 5913616                    /l/local/lang/matlab-R2012a/sys/os/glnxa64/libiomp5.so
7f4daee40000-7f4daf03f000 ---p 000bf000 00:37 5913616                    /l/local/lang/matlab-R2012a/sys/os/glnxa64/libiomp5.so
7f4daf03f000-7f4daf048000 rw-p 000be000 00:37 5913616                    /l/local/lang/matlab-R2012a/sys/os/glnxa64/libiomp5.so
7f4daf048000-7f4daf04f000 rw-p 00000000 00:00 0 
7f4daf04f000-7f4db0eda000 r-xp 00000000 00:37 5814355                    /l/local/lang/matlab-R2012a/bin/glnxa64/mkl.so
7f4db0eda000-7f4db10da000 ---p 01e8b000 00:37 5814355                    /l/local/lang/matlab-R2012a/bin/glnxa64/mkl.so
7f4db10da000-7f4db111c000 rw-p 01e8b000 00:37 5814355                    /l/local/lang/matlab-R2012a/bin/glnxa64/mkl.so
7f4db111c000-7f4db1121000 rw-p 00000000 00:00 0 
7f4db1121000-7f4db6fb1000 r--p 00000000 08:01 997894                     /usr/lib/locale/locale-archive
7f4db6fb1000-7f4db6fb9000 rw-p 00000000 00:00 0 
7f4db6fb9000-7f4db6fbf000 r-xp 00000000 00:37 5814345                    /l/local/lang/matlab-R2012a/bin/glnxa64/libmwcolamd.so
7f4db6fbf000-7f4db71be000 ---p 00006000 00:37 5814345                    /l/local/lang/matlab-R2012a/bin/glnxa64/libmwcolamd.so
7f4db71be000-7f4db71bf000 rw-p 00005000 00:37 5814345                    /l/local/lang/matlab-R2012a/bin/glnxa64/libmwcolamd.so
7f4db71bf000-7f4db71c7000 r-xp 00000000 00:37 5814332                    /l/local/lang/matlab-R2012a/bin/glnxa64/libmwamd.so
7f4db71c7000-7f4db73c6000 ---p 00008000 00:37 5814332                    /l/local/lang/matlab-R2012a/bin/glnxa64/libmwamd.so
7f4db73c6000-7f4db73c7000 rw-p 00007000 00:37 5814332                    /l/local/lang/matlab-R2012a/bin/glnxa64/libmwamd.so
7f4db73c7000-7f4db73c8000 rw-p 00000000 00:00 0 
7f4db73c8000-7f4db740a000 r-xp 00000000 00:37 5814346                    /l/local/lang/matlab-R2012a/bin/glnxa64/libmwcholmod.so
7f4db740a000-7f4db760a000 ---p 00042000 00:37 5814346                    /l/local/lang/matlab-R2012a/bin/glnxa64/libmwcholmod.so
7f4db760a000-7f4db760b000 rw-p 00042000 00:37 5814346                    /l/local/lang/matlab-R2012a/bin/glnxa64/libmwcholmod.so
7f4db760b000-7f4db760c000 rw-p 00000000 00:00 0 
7f4db760c000-7f4db761e000 r-xp 00000000 00:37 5814397                    /l/local/lang/matlab-R2012a/bin/glnxa64/libmwblas.so
7f4db761e000-7f4db781d000 ---p 00012000 00:37 5814397                    /l/local/lang/matlab-R2012a/bin/glnxa64/libmwblas.so
7f4db781d000-7f4db781f000 rw-p 00011000 00:37 5814397                    /l/local/lang/matlab-R2012a/bin/glnxa64/libmwblas.so
7f4db781f000-7f4db7821000 rw-p 00000000 00:00 0 
7f4db7821000-7f4db7825000 r-xp 00000000 00:37 5814372                    /l/local/lang/matlab-R2012a/bin/glnxa64/libmwompwrapper.so
7f4db7825000-7f4db7a24000 ---p 00004000 00:37 5814372                    /l/local/lang/matlab-R2012a/bin/glnxa64/libmwompwrapper.so
7f4db7a24000-7f4db7a25000 rw-p 00003000 00:37 5814372                    /l/local/lang/matlab-R2012a/bin/glnxa64/libmwompwrapper.so
7f4db7a25000-7f4db7a2e000 r-xp 00000000 00:37 5814365                    /l/local/lang/matlab-R2012a/bin/glnxa64/libmwbinder.so
7f4db7a2e000-7f4db7c2d000 ---p 00009000 00:37 5814365                    /l/local/lang/matlab-R2012a/bin/glnxa64/libmwbinder.so
7f4db7c2d000-7f4db7c2e000 rw-p 00008000 00:37 5814365                    /l/local/lang/matlab-R2012a/bin/glnxa64/libmwbinder.so
7f4db7c2e000-7f4db7c2f000 rw-p 00000000 00:00 0 
7f4db7c2f000-7f4db7cf2000 r-xp 00000000 00:37 5814406                    /l/local/lang/matlab-R2012a/bin/glnxa64/libmwmathcore.so
7f4db7cf2000-7f4db7ef1000 ---p 000c3000 00:37 5814406                    /l/local/lang/matlab-R2012a/bin/glnxa64/libmwmathcore.so
7f4db7ef1000-7f4db7ef6000 rw-p 000c2000 00:37 5814406                    /l/local/lang/matlab-R2012a/bin/glnxa64/libmwmathcore.so
7f4db7ef6000-7f4db7ef7000 rw-p 00000000 00:00 0 
7f4db7ef7000-7f4db817c000 r-xp 00000000 00:37 5814318                    /l/local/lang/matlab-R2012a/bin/glnxa64/libhdf5.so.6.0.5
7f4db817c000-7f4db837c000 ---p 00285000 00:37 5814318                    /l/local/lang/matlab-R2012a/bin/glnxa64/libhdf5.so.6.0.5
7f4db837c000-7f4db8387000 rw-p 00285000 00:37 5814318                    /l/local/lang/matlab-R2012a/bin/glnxa64/libhdf5.so.6.0.5
7f4db8387000-7f4db8388000 rw-p 00000000 00:00 0 
7f4db8388000-7f4db83a3000 r-xp 00000000 00:37 5814319                    /l/local/lang/matlab-R2012a/bin/glnxa64/libhdf5_hl.so.6.0.5
7f4db83a3000-7f4db85a2000 ---p 0001b000 00:37 5814319                    /l/local/lang/matlab-R2012a/bin/glnxa64/libhdf5_hl.so.6.0.5
7f4db85a2000-7f4db85a3000 rw-p 0001a000 00:37 5814319                    /l/local/lang/matlab-R2012a/bin/glnxa64/libhdf5_hl.so.6.0.5
7f4db85a3000-7f4db85b6000 rw-p 00000000 00:00 0 
7f4db85b6000-7f4db8837000 r-xp 00000000 00:37 5913612                    /l/local/lang/matlab-R2012a/sys/os/glnxa64/libXm.so.3.0.2
7f4db8837000-7f4db8a37000 ---p 00281000 00:37 5913612                    /l/local/lang/matlab-R2012a/sys/os/glnxa64/libXm.so.3.0.2
7f4db8a37000-7f4db8a61000 rw-p 00281000 00:37 5913612                    /l/local/lang/matlab-R2012a/sys/os/glnxa64/libXm.so.3.0.2
7f4db8a61000-7f4db8a62000 rw-p 00000000 00:00 0 
7f4db8a62000-7f4db8a6f000 r-xp 00000000 00:37 5814399                    /l/local/lang/matlab-R2012a/bin/glnxa64/libmwgbt.so
7f4db8a6f000-7f4db8c6f000 ---p 0000d000 00:37 5814399                    /l/local/lang/matlab-R2012a/bin/glnxa64/libmwgbt.so
7f4db8c6f000-7f4db8c70000 rw-p 0000d000 00:37 5814399                    /l/local/lang/matlab-R2012a/bin/glnxa64/libmwgbt.so
7f4db8c70000-7f4db8c71000 rw-p 00000000 00:00 0 
7f4db8c71000-7f4db8ca2000 r-xp 00000000 00:37 5814373                    /l/local/lang/matlab-R2012a/bin/glnxa64/libmwgbtutils.so
7f4db8ca2000-7f4db8ea1000 ---p 00031000 00:37 5814373                    /l/local/lang/matlab-R2012a/bin/glnxa64/libmwgbtutils.so
7f4db8ea1000-7f4db8ea7000 rw-p 00030000 00:37 5814373                    /l/local/lang/matlab-R2012a/bin/glnxa64/libmwgbtutils.so
7f4db8ea7000-7f4db8f58000 r-xp 00000000 00:37 5814390                    /l/local/lang/matlab-R2012a/bin/glnxa64/libmwlapack.so
7f4db8f58000-7f4db9157000 ---p 000b1000 00:37 5814390                    /l/local/lang/matlab-R2012a/bin/glnxa64/libmwlapack.so
7f4db9157000-7f4db9161000 rw-p 000b0000 00:37 5814390                    /l/local/lang/matlab-R2012a/bin/glnxa64/libmwlapack.so
7f4db9161000-7f4db93b1000 r-xp 00000000 00:37 5814380                    /l/local/lang/matlab-R2012a/bin/glnxa64/libmwhgdatatypes.so
7f4db93b1000-7f4db95b0000 ---p 00250000 00:37 5814380                    /l/local/lang/matlab-R2012a/bin/glnxa64/libmwhgdatatypes.so
7f4db95b0000-7f4db95cd000 rw-p 0024f000 00:37 5814380                    /l/local/lang/matlab-R2012a/bin/glnxa64/libmwhgdatatypes.so
7f4db95cd000-7f4db95cf000 rw-p 00000000 00:00 0 
7f4db95cf000-7f4db9600000 r-xp 00000000 00:37 5814426                    /l/local/lang/matlab-R2012a/bin/glnxa64/libmwhardcopy.so
7f4db9600000-7f4db97ff000 ---p 00031000 00:37 5814426                    /l/local/lang/matlab-R2012a/bin/glnxa64/libmwhardcopy.so
7f4db97ff000-7f4db9802000 rw-p 00030000 00:37 5814426                    /l/local/lang/matlab-R2012a/bin/glnxa64/libmwhardcopy.so
7f4db9802000-7f4db9812000 r-xp 00000000 00:37 5814403                    /l/local/lang/matlab-R2012a/bin/glnxa64/libmwgraphics_util.so
7f4db9812000-7f4db9a11000 ---p 00010000 00:37 5814403                    /l/local/lang/matlab-R2012a/bin/glnxa64/libmwgraphics_util.so
7f4db9a11000-7f4db9a13000 rw-p 0000f000 00:37 5814403                    /l/local/lang/matlab-R2012a/bin/glnxa64/libmwgraphics_util.so
7f4db9a13000-7f4db9a14000 rw-p 00000000 00:00 0 
7f4db9a14000-7f4db9a29000 r-xp 00000000 00:37 5814395                    /l/local/lang/matlab-R2012a/bin/glnxa64/libmwir_xfmr.so
7f4db9a29000-7f4db9c29000 ---p 00015000 00:37 5814395                    /l/local/lang/matlab-R2012a/bin/glnxa64/libmwir_xfmr.so
7f4db9c29000-7f4db9c2a000 rw-p 00015000 00:37 5814395                    /l/local/lang/matlab-R2012a/bin/glnxa64/libmwir_xfmr.so
7f4db9c2a000-7f4db9c2c000 rw-p 00000000 00:00 0 
7f4db9c2c000-7f4db9c97000 r-xp 00000000 00:37 5814381                    /l/local/lang/matlab-R2012a/bin/glnxa64/libmwspmatrix.so
7f4db9c97000-7f4db9e97000 ---p 0006b000 00:37 5814381                    /l/local/lang/matlab-R2012a/bin/glnxa64/libmwspmatrix.so
7f4db9e97000-7f4db9e98000 rw-p 0006b000 00:37 5814381                    /l/local/lang/matlab-R2012a/bin/glnxa64/libmwspmatrix.so
7f4db9e98000-7f4db9e99000 rw-p 00000000 00:00 0 
7f4db9e99000-7f4db9ebe000 r-xp 00000000 00:37 5814392                    /l/local/lang/matlab-R2012a/bin/glnxa64/libmwm_pcodegen.so
7f4db9ebe000-7f4dba0be000 ---p 00025000 00:37 5814392                    /l/local/lang/matlab-R2012a/bin/glnxa64/libmwm_pcodegen.so
7f4dba0be000-7f4dba0c0000 rw-p 00025000 00:37 5814392                    /l/local/lang/matlab-R2012a/bin/glnxa64/libmwm_pcodegen.so
7f4dba0c0000-7f4dba0d9000 r-xp 00000000 00:37 5814417                    /l/local/lang/matlab-R2012a/bin/glnxa64/libmwm_pcodeio.so
7f4dba0d9000-7f4dba2d8000 ---p 00019000 00:37 5814417                    /l/local/lang/matlab-R2012a/bin/glnxa64/libmwm_pcodeio.so
7f4dba2d8000-7f4dba2da000 rw-p 00018000 00:37 5814417                    /l/local/lang/matlab-R2012a/bin/glnxa64/libmwm_pcodeio.so
7f4dba2da000-7f4dba2ea000 r-xp 00000000 00:37 5814367                    /l/local/lang/matlab-R2012a/bin/glnxa64/libmwmlib.so
7f4dba2ea000-7f4dba4ea000 ---p 00010000 00:37 5814367                    /l/local/lang/matlab-R2012a/bin/glnxa64/libmwmlib.so
7f4dba4ea000-7f4dba4ec000 rw-p 00010000 00:37 5814367                    /l/local/lang/matlab-R2012a/bin/glnxa64/libmwmlib.so
7f4dba4ec000-7f4dba4ed000 rw-p 00000000 00:00 0 
7f4dba4ed000-7f4dba516000 r-xp 00000000 00:37 5814411                    /l/local/lang/matlab-R2012a/bin/glnxa64/libmwmathrng.so
7f4dba516000-7f4dba715000 ---p 00029000 00:37 5814411                    /l/local/lang/matlab-R2012a/bin/glnxa64/libmwmathrng.so
7f4dba715000-7f4dba717000 rw-p 00028000 00:37 5814411                    /l/local/lang/matlab-R2012a/bin/glnxa64/libmwmathrng.so
7f4dba717000-7f4dba719000 rw-p 00000000 00:00 0 
7f4dba719000-7f4dba7ce000 r-xp 00000000 00:37 5814382                    /l/local/lang/matlab-R2012a/bin/glnxa64/libmwmathutil.so
7f4dba7ce000-7f4dba9cd000 ---p 000b5000 00:37 5814382                    /l/local/lang/matlab-R2012a/bin/glnxa64/libmwmathutil.so
7f4dba9cd000-7f4dba9ce000 rw-p 000b4000 00:37 5814382                    /l/local/lang/matlab-R2012a/bin/glnxa64/libmwmathutil.so
7f4dba9ce000-7f4dbaa0a000 r-xp 00000000 00:37 5814424                    /l/local/lang/matlab-R2012a/bin/glnxa64/libmwprofiler.so
7f4dbaa0a000-7f4dbac09000 ---p 0003c000 00:37 5814424                    /l/local/lang/matlab-R2012a/bin/glnxa64/libmwprofiler.so
7f4dbac09000-7f4dbac0c000 rw-p 0003b000 00:37 5814424                    /l/local/lang/matlab-R2012a/bin/glnxa64/libmwprofiler.so
7f4dbac0c000-7f4dbac0d000 rw-p 00000000 00:00 0 
7f4dbac0d000-7f4dbac57000 r-xp 00000000 00:37 5814328                    /l/local/lang/matlab-R2012a/bin/glnxa64/libmat.so
7f4dbac57000-7f4dbae57000 ---p 0004a000 00:37 5814328                    /l/local/lang/matlab-R2012a/bin/glnxa64/libmat.so
7f4dbae57000-7f4dbae5b000 rw-p 0004a000 00:37 5814328                    /l/local/lang/matlab-R2012a/bin/glnxa64/libmat.so
7f4dbae5b000-7f4dbb213000 r-xp 00000000 00:37 5814364                    /l/local/lang/matlab-R2012a/bin/glnxa64/libxerces-c.so.27.0
7f4dbb213000-7f4dbb412000 ---p 003b8000 00:37 5814364                    /l/local/lang/matlab-R2012a/bin/glnxa64/libxerces-c.so.27.0
7f4dbb412000-7f4dbb456000 rw-p 003b7000 00:37 5814364                    /l/local/lang/matlab-R2012a/bin/glnxa64/libxerces-c.so.27.0
7f4dbb456000-7f4dbb458000 rw-p 00000000 00:00 0 
7f4dbb458000-7f4dbb4ca000 r-xp 00000000 00:37 5814391                    /l/local/lang/matlab-R2012a/bin/glnxa64/libmwxmlcore.so
7f4dbb4ca000-7f4dbb6c9000 ---p 00072000 00:37 5814391                    /l/local/lang/matlab-R2012a/bin/glnxa64/libmwxmlcore.so
7f4dbb6c9000-7f4dbb6d1000 rw-p 00071000 00:37 5814391                    /l/local/lang/matlab-R2012a/bin/glnxa64/libmwxmlcore.so
7f4dbb6d1000-7f4dbb6d2000 rw-p 00000000 00:00 0 
7f4dbb6d2000-7f4dbb6e7000 r-xp 00000000 00:37 5814304                    /l/local/lang/matlab-R2012a/bin/glnxa64/libboost_iostreams.so.1.44.0
7f4dbb6e7000-7f4dbb8e7000 ---p 00015000 00:37 5814304                    /l/local/lang/matlab-R2012a/bin/glnxa64/libboost_iostreams.so.1.44.0
7f4dbb8e7000-7f4dbb8e9000 rw-p 00015000 00:37 5814304                    /l/local/lang/matlab-R2012a/bin/glnxa64/libboost_iostreams.so.1.44.0
7f4dbb8e9000-7f4dbb8ea000 rw-p 00000000 00:00 0 
7f4dbb8ea000-7f4dbba60000 r-xp 00000000 00:37 5814422                    /l/local/lang/matlab-R2012a/bin/glnxa64/libmwuix.so
7f4dbba60000-7f4dbbc60000 ---p 00176000 00:37 5814422                    /l/local/lang/matlab-R2012a/bin/glnxa64/libmwuix.so
7f4dbbc60000-7f4dbbc75000 rw-p 00176000 00:37 5814422                    /l/local/lang/matlab-R2012a/bin/glnxa64/libmwuix.so
7f4dbbc75000-7f4dbbc7a000 rw-p 00000000 00:00 0 
7f4dbbc7a000-7f4dbbcda000 r-xp 00000000 00:37 5814402                    /l/local/lang/matlab-R2012a/bin/glnxa64/libmwm_ir.so
7f4dbbcda000-7f4dbbed9000 ---p 00060000 00:37 5814402                    /l/local/lang/matlab-R2012a/bin/glnxa64/libmwm_ir.so
7f4dbbed9000-7f4dbbee2000 rw-p 0005f000 00:37 5814402                    /l/local/lang/matlab-R2012a/bin/glnxa64/libmwm_ir.so
7f4dbbee2000-7f4dbbee7000 r-xp 00000000 00:37 5814423                    /l/local/lang/matlab-R2012a/bin/glnxa64/libmwuinone.so
7f4dbbee7000-7f4dbc0e7000 ---p 00005000 00:37 5814423                    /l/local/lang/matlab-R2012a/bin/glnxa64/libmwuinone.so
7f4dbc0e7000-7f4dbc0e8000 rw-p 00005000 00:37 5814423                    /l/local/lang/matlab-R2012a/bin/glnxa64/libmwuinone.so
7f4dbc0e8000-7f4dbc0e9000 rw-p 00000000 00:00 0 
7f4dbc0e9000-7f4dbc192000 r-xp 00000000 00:37 5814428                    /l/local/lang/matlab-R2012a/bin/glnxa64/libmwudd_mi.so
7f4dbc192000-7f4dbc392000 ---p 000a9000 00:37 5814428                    /l/local/lang/matlab-R2012a/bin/glnxa64/libmwudd_mi.so
7f4dbc392000-7f4dbc39e000 rw-p 000a9000 00:37 5814428                    /l/local/lang/matlab-R2012a/bin/glnxa64/libmwudd_mi.so
7f4dbc39e000-7f4dbc39f000 rw-p 00000000 00:00 0 
7f4dbc39f000-7f4dbc3e4000 r-xp 00000000 00:37 5814398                    /l/local/lang/matlab-R2012a/bin/glnxa64/libuij.so
7f4dbc3e4000-7f4dbc5e4000 ---p 00045000 00:37 5814398                    /l/local/lang/matlab-R2012a/bin/glnxa64/libuij.so
7f4dbc5e4000-7f4dbc5e7000 rw-p 00045000 00:37 5814398                    /l/local/lang/matlab-R2012a/bin/glnxa64/libuij.so
7f4dbc5e7000-7f4dbc700000 r-xp 00000000 00:37 5814407                    /l/local/lang/matlab-R2012a/bin/glnxa64/libmwhgutils.so
7f4dbc700000-7f4dbc8ff000 ---p 00119000 00:37 5814407                    /l/local/lang/matlab-R2012a/bin/glnxa64/libmwhgutils.so
7f4dbc8ff000-7f4dbc915000 rw-p 00118000 00:37 5814407                    /l/local/lang/matlab-R2012a/bin/glnxa64/libmwhgutils.so
7f4dbc915000-7f4dbc916000 rw-p 00000000 00:00 0 
7f4dbc916000-7f4dbd675000 r-xp 00000000 00:37 5814366                    /l/local/lang/matlab-R2012a/bin/glnxa64/libmwhg.so
7f4dbd675000-7f4dbd874000 ---p 00d5f000 00:37 5814366                    /l/local/lang/matlab-R2012a/bin/glnxa64/libmwhg.so
7f4dbd874000-7f4dbd98a000 rw-p 00d5e000 00:37 5814366                    /l/local/lang/matlab-R2012a/bin/glnxa64/libmwhg.so
7f4dbd98a000-7f4dbd997000 rw-p 00000000 00:00 0 
7f4dbd997000-7f4dbdaa9000 r-xp 00000000 00:37 5814386                    /l/local/lang/matlab-R2012a/bin/glnxa64/libmwgui.so
7f4dbdaa9000-7f4dbdca8000 ---p 00112000 00:37 5814386                    /l/local/lang/matlab-R2012a/bin/glnxa64/libmwgui.so
7f4dbdca8000-7f4dbdce4000 rw-p 00111000 00:37 5814386                    /l/local/lang/matlab-R2012a/bin/glnxa64/libmwgui.so
7f4dbdce4000-7f4dbdce5000 rw-p 00000000 00:00 0 
7f4dbdce5000-7f4dbdf54000 r-xp 00000000 00:37 5814408                    /l/local/lang/matlab-R2012a/bin/glnxa64/libmwmcos.so
7f4dbdf54000-7f4dbe154000 ---p 0026f000 00:37 5814408                    /l/local/lang/matlab-R2012a/bin/glnxa64/libmwmcos.so
7f4dbe154000-7f4dbe17e000 rw-p 0026f000 00:37 5814408                    /l/local/lang/matlab-R2012a/bin/glnxa64/libmwmcos.so
7f4dbe17e000-7f4dbe17f000 rw-p 00000000 00:00 0 
7f4dbe17f000-7f4dbe186000 r-xp 00000000 00:37 5814393                    /l/local/lang/matlab-R2012a/bin/glnxa64/libmwmtok.so
7f4dbe186000-7f4dbe386000 ---p 00007000 00:37 5814393                    /l/local/lang/matlab-R2012a/bin/glnxa64/libmwmtok.so
7f4dbe386000-7f4dbe387000 rw-p 00007000 00:37 5814393                    /l/local/lang/matlab-R2012a/bin/glnxa64/libmwmtok.so
7f4dbe387000-7f4dbe40c000 r-xp 00000000 00:37 5814371                    /l/local/lang/matlab-R2012a/bin/glnxa64/libmwmlint.so
7f4dbe40c000-7f4dbe60b000 ---p 00085000 00:37 5814371                    /l/local/lang/matlab-R2012a/bin/glnxa64/libmwmlint.so
7f4dbe60b000-7f4dbe613000 rw-p 00084000 00:37 5814371                    /l/local/lang/matlab-R2012a/bin/glnxa64/libmwmlint.so
7f4dbe613000-7f4dbe615000 rw-p 00000000 00:00 0 
7f4dbe615000-7f4dbe6f9000 r-xp 00000000 00:37 5814383                    /l/local/lang/matlab-R2012a/bin/glnxa64/libmwudd.so
7f4dbe6f9000-7f4dbe8f9000 ---p 000e4000 00:37 5814383                    /l/local/lang/matlab-R2012a/bin/glnxa64/libmwudd.so
7f4dbe8f9000-7f4dbe910000 rw-p 000e4000 00:37 5814383                    /l/local/lang/matlab-R2012a/bin/glnxa64/libmwudd.so
7f4dbe910000-7f4dbe913000 rw-p 00000000 00:00 0 
7f4dbe913000-7f4dbeb7f000 r-xp 00000000 00:37 5814387                    /l/local/lang/matlab-R2012a/bin/glnxa64/libmwm_parser.so
7f4dbeb7f000-7f4dbed7f000 ---p 0026c000 00:37 5814387                    /l/local/lang/matlab-R2012a/bin/glnxa64/libmwm_parser.so
7f4dbed7f000-7f4dbf221000 rw-p 0026c000 00:37 5814387                    /l/local/lang/matlab-R2012a/bin/glnxa64/libmwm_parser.so
7f4dbf221000-7f4dbf241000 r-xp 00000000 00:37 5814415                    /l/local/lang/matlab-R2012a/bin/glnxa64/libmex.so
7f4dbf241000-7f4dbf441000 ---p 00020000 00:37 5814415                    /l/local/lang/matlab-R2012a/bin/glnxa64/libmex.so
7f4dbf441000-7f4dbf443000 rw-p 00020000 00:37 5814415                    /l/local/lang/matlab-R2012a/bin/glnxa64/libmex.so
7f4dbf443000-7f4dbf444000 rw-p 00000000 00:00 0 
7f4dbf444000-7f4dbf445000 r-xp 00000000 00:37 5814333                    /l/local/lang/matlab-R2012a/bin/glnxa64/libmwnativejava_services.so
7f4dbf445000-7f4dbf645000 ---p 00001000 00:37 5814333                    /l/local/lang/matlab-R2012a/bin/glnxa64/libmwnativejava_services.so
7f4dbf645000-7f4dbf646000 rw-p 00001000 00:37 5814333                    /l/local/lang/matlab-R2012a/bin/glnxa64/libmwnativejava_services.so
7f4dbf646000-7f4dbf993000 r-xp 00000000 00:37 5814369                    /l/local/lang/matlab-R2012a/bin/glnxa64/libmwiqm.so
7f4dbf993000-7f4dbfb92000 ---p 0034d000 00:37 5814369                    /l/local/lang/matlab-R2012a/bin/glnxa64/libmwiqm.so
7f4dbfb92000-7f4dbfbb8000 rw-p 0034c000 00:37 5814369                    /l/local/lang/matlab-R2012a/bin/glnxa64/libmwiqm.so
7f4dbfbb8000-7f4dbfbbf000 rw-p 00000000 00:00 0 
7f4dbfbbf000-7f4dbfc2e000 r-xp 00000000 00:37 5814294                    /l/local/lang/matlab-R2012a/bin/glnxa64/libboost_serialization.so.1.44.0
7f4dbfc2e000-7f4dbfe2e000 ---p 0006f000 00:37 5814294                    /l/local/lang/matlab-R2012a/bin/glnxa64/libboost_serialization.so.1.44.0
7f4dbfe2e000-7f4dbfe32000 rw-p 0006f000 00:37 5814294                    /l/local/lang/matlab-R2012a/bin/glnxa64/libboost_serialization.so.1.44.0
7f4dbfe32000-7f4dbfe45000 r-xp 00000000 00:37 5814341                    /l/local/lang/matlab-R2012a/bin/glnxa64/libmwMATLAB_settings_res.so
7f4dbfe45000-7f4dc0044000 ---p 00013000 00:37 5814341                    /l/local/lang/matlab-R2012a/bin/glnxa64/libmwMATLAB_settings_res.so
7f4dc0044000-7f4dc0045000 rw-p 00012000 00:37 5814341                    /l/local/lang/matlab-R2012a/bin/glnxa64/libmwMATLAB_settings_res.so
7f4dc0045000-7f4dc0046000 rw-p 00000000 00:00 0 
7f4dc0046000-7f4dc0057000 r-xp 00000000 00:37 5814340                    /l/local/lang/matlab-R2012a/bin/glnxa64/libmwmfl_scalar.so
7f4dc0057000-7f4dc0256000 ---p 00011000 00:37 5814340                    /l/local/lang/matlab-R2012a/bin/glnxa64/libmwmfl_scalar.so
7f4dc0256000-7f4dc0257000 rw-p 00010000 00:37 5814340                    /l/local/lang/matlab-R2012a/bin/glnxa64/libmwmfl_scalar.so
7f4dc0257000-7f4dc06dd000 r-xp 00000000 00:37 5814376                    /l/local/lang/matlab-R2012a/bin/glnxa64/libmwmlutil.so
7f4dc06dd000-7f4dc08dc000 ---p 00486000 00:37 5814376                    /l/local/lang/matlab-R2012a/bin/glnxa64/libmwmlutil.so
7f4dc08dc000-7f4dc0909000 rw-p 00485000 00:37 5814376                    /l/local/lang/matlab-R2012a/bin/glnxa64/libmwmlutil.so
7f4dc0909000-7f4dc0917000 rw-p 00000000 00:00 0 
7f4dc0917000-7f4dc092a000 r-xp 00000000 00:37 5814296                    /l/local/lang/matlab-R2012a/bin/glnxa64/libboost_signals.so.1.44.0
7f4dc092a000-7f4dc0b29000 ---p 00013000 00:37 5814296                    /l/local/lang/matlab-R2012a/bin/glnxa64/libboost_signals.so.1.44.0
7f4dc0b29000-7f4dc0b2a000 rw-p 00012000 00:37 5814296                    /l/local/lang/matlab-R2012a/bin/glnxa64/libboost_signals.so.1.44.0
7f4dc0b2a000-7f4dc0c30000 r-xp 00000000 00:37 5814295                    /l/local/lang/matlab-R2012a/bin/glnxa64/libboost_regex.so.1.44.0
7f4dc0c30000-7f4dc0e30000 ---p 00106000 00:37 5814295                    /l/local/lang/matlab-R2012a/bin/glnxa64/libboost_regex.so.1.44.0
7f4dc0e30000-7f4dc0e37000 rw-p 00106000 00:37 5814295                    /l/local/lang/matlab-R2012a/bin/glnxa64/libboost_regex.so.1.44.0
7f4dc0e37000-7f4dc0e58000 r-xp 00000000 00:37 5814297                    /l/local/lang/matlab-R2012a/bin/glnxa64/libboost_filesystem.so.1.44.0
7f4dc0e58000-7f4dc1057000 ---p 00021000 00:37 5814297                    /l/local/lang/matlab-R2012a/bin/glnxa64/libboost_filesystem.so.1.44.0
7f4dc1057000-7f4dc1059000 rw-p 00020000 00:37 5814297                    /l/local/lang/matlab-R2012a/bin/glnxa64/libboost_filesystem.so.1.44.0
7f4dc1059000-7f4dc105a000 rw-p 00000000 00:00 0 
7f4dc105a000-7f4dc134a000 r-xp 00000000 00:37 5814324                    /l/local/lang/matlab-R2012a/bin/glnxa64/libmwMATLAB_res.so
7f4dc134a000-7f4dc1549000 ---p 002f0000 00:37 5814324                    /l/local/lang/matlab-R2012a/bin/glnxa64/libmwMATLAB_res.so
7f4dc1549000-7f4dc154b000 rw-p 002ef000 00:37 5814324                    /l/local/lang/matlab-R2012a/bin/glnxa64/libmwMATLAB_res.so
7f4dc154b000-7f4dc1556000 rw-p 00000000 00:00 0 
7f4dc1556000-7f4dc1558000 r-xp 00000000 00:37 5814323                    /l/local/lang/matlab-R2012a/bin/glnxa64/libmwresource_core.so
7f4dc1558000-7f4dc1757000 ---p 00002000 00:37 5814323                    /l/local/lang/matlab-R2012a/bin/glnxa64/libmwresource_core.so
7f4dc1757000-7f4dc1758000 rw-p 00001000 00:37 5814323                    /l/local/lang/matlab-R2012a/bin/glnxa64/libmwresource_core.so
7f4dc1758000-7f4dc1759000 rw-p 00000000 00:00 0 
7f4dc1759000-7f4dc1773000 r-xp 00000000 00:37 5814322                    /l/local/lang/matlab-R2012a/bin/glnxa64/libtbbmalloc.so.2
7f4dc1773000-7f4dc1872000 ---p 0001a000 00:37 5814322                    /l/local/lang/matlab-R2012a/bin/glnxa64/libtbbmalloc.so.2
7f4dc1872000-7f4dc1875000 rw-p 00019000 00:37 5814322                    /l/local/lang/matlab-R2012a/bin/glnxa64/libtbbmalloc.so.2
7f4dc1875000-7f4dc1882000 rw-p 00000000 00:00 0 
7f4dc1882000-7f4dc18bc000 r-xp 00000000 00:37 5814321                    /l/local/lang/matlab-R2012a/bin/glnxa64/libtbb.so.2
7f4dc18bc000-7f4dc19bc000 ---p 0003a000 00:37 5814321                    /l/local/lang/matlab-R2012a/bin/glnxa64/libtbb.so.2
7f4dc19bc000-7f4dc19c0000 rw-p 0003a000 00:37 5814321                    /l/local/lang/matlab-R2012a/bin/glnxa64/libtbb.so.2
7f4dc19c0000-7f4dc19c1000 rw-p 00000000 00:00 0 
7f4dc19c1000-7f4dc19cc000 r-xp 00000000 00:37 5814292                    /l/local/lang/matlab-R2012a/bin/glnxa64/libicuio.so.44.2
7f4dc19cc000-7f4dc1bcc000 ---p 0000b000 00:37 5814292                    /l/local/lang/matlab-R2012a/bin/glnxa64/libicuio.so.44.2
7f4dc1bcc000-7f4dc1bce000 rw-p 0000b000 00:37 5814292                    /l/local/lang/matlab-R2012a/bin/glnxa64/libicuio.so.44.2
7f4dc1bce000-7f4dc1bcf000 rw-p 00000000 00:00 0 
7f4dc1bcf000-7f4dc1dc1000 r-xp 00000000 00:37 5814288                    /l/local/lang/matlab-R2012a/bin/glnxa64/libicui18n.so.44.2
7f4dc1dc1000-7f4dc1fc0000 ---p 001f2000 00:37 5814288                    /l/local/lang/matlab-R2012a/bin/glnxa64/libicui18n.so.44.2
7f4dc1fc0000-7f4dc1fcc000 rw-p 001f1000 00:37 5814288                    /l/local/lang/matlab-R2012a/bin/glnxa64/libicui18n.so.44.2
7f4dc1fcc000-7f4dc211d000 r-xp 00000000 00:37 5814286                    /l/local/lang/matlab-R2012a/bin/glnxa64/libicuuc.so.44.2
7f4dc211d000-7f4dc231d000 ---p 00151000 00:37 5814286                    /l/local/lang/matlab-R2012a/bin/glnxa64/libicuuc.so.44.2
7f4dc231d000-7f4dc232d000 rw-p 00151000 00:37 5814286                    /l/local/lang/matlab-R2012a/bin/glnxa64/libicuuc.so.44.2
7f4dc232d000-7f4dc2330000 rw-p 00000000 00:00 0 
7f4dc2330000-7f4dc3170000 r--p 00000000 00:37 5814287                    /l/local/lang/matlab-R2012a/bin/glnxa64/libicudata.so.44.2
7f4dc3170000-7f4dc336f000 ---p 00e40000 00:37 5814287                    /l/local/lang/matlab-R2012a/bin/glnxa64/libicudata.so.44.2
7f4dc336f000-7f4dc3370000 rw-p 00e3f000 00:37 5814287                    /l/local/lang/matlab-R2012a/bin/glnxa64/libicudata.so.44.2
7f4dc3370000-7f4dc3371000 rw-p 00000000 00:00 0 
7f4dc3371000-7f4dc3397000 r-xp 00000000 00:37 5814315                    /l/local/lang/matlab-R2012a/bin/glnxa64/libexpat.so.1.5.0
7f4dc3397000-7f4dc3596000 ---p 00026000 00:37 5814315                    /l/local/lang/matlab-R2012a/bin/glnxa64/libexpat.so.1.5.0
7f4dc3596000-7f4dc3599000 rw-p 00025000 00:37 5814315                    /l/local/lang/matlab-R2012a/bin/glnxa64/libexpat.so.1.5.0
7f4dc3599000-7f4dc35af000 r-xp 00000000 00:37 5814299                    /l/local/lang/matlab-R2012a/bin/glnxa64/libboost_thread.so.1.44.0
7f4dc35af000-7f4dc37ae000 ---p 00016000 00:37 5814299                    /l/local/lang/matlab-R2012a/bin/glnxa64/libboost_thread.so.1.44.0
7f4dc37ae000-7f4dc37b0000 rw-p 00015000 00:37 5814299                    /l/local/lang/matlab-R2012a/bin/glnxa64/libboost_thread.so.1.44.0
7f4dc37b0000-7f4dc37b2000 r-xp 00000000 00:37 5814303                    /l/local/lang/matlab-R2012a/bin/glnxa64/libboost_system.so.1.44.0
7f4dc37b2000-7f4dc39b2000 ---p 00002000 00:37 5814303                    /l/local/lang/matlab-R2012a/bin/glnxa64/libboost_system.so.1.44.0
7f4dc39b2000-7f4dc39b3000 rw-p 00002000 00:37 5814303                    /l/local/lang/matlab-R2012a/bin/glnxa64/libboost_system.so.1.44.0
7f4dc39b3000-7f4dc39b4000 rw-p 00000000 00:00 0 
7f4dc39b4000-7f4dc39c5000 r-xp 00000000 00:37 5814306                    /l/local/lang/matlab-R2012a/bin/glnxa64/libboost_date_time.so.1.44.0
7f4dc39c5000-7f4dc3bc4000 ---p 00011000 00:37 5814306                    /l/local/lang/matlab-R2012a/bin/glnxa64/libboost_date_time.so.1.44.0
7f4dc3bc4000-7f4dc3bc6000 rw-p 00010000 00:37 5814306                    /l/local/lang/matlab-R2012a/bin/glnxa64/libboost_date_time.so.1.44.0
7f4dc3bc6000-7f4dc3bc7000 rw-p 00000000 00:00 0 
7f4dc3bc7000-7f4dc3bdd000 r-xp 00000000 00:37 5815003                    /l/local/lang/matlab-R2012a/bin/glnxa64/libgcc_s.so.1
7f4dc3bdd000-7f4dc3ddc000 ---p 00016000 00:37 5815003                    /l/local/lang/matlab-R2012a/bin/glnxa64/libgcc_s.so.1
7f4dc3ddc000-7f4dc3ddd000 rw-p 00015000 00:37 5815003                    /l/local/lang/matlab-R2012a/bin/glnxa64/libgcc_s.so.1
7f4dc3ddd000-7f4dc3dde000 rw-p 00000000 00:00 0 
7f4dc3de3000-7f4dc3de4000 rw-p 00000000 00:00 0 
7f4dc3de4000-7f4dc3de5000 r--p 00000000 00:00 0 
7f4dc3de5000-7f4dc3e05000 rw-p 00000000 00:00 0 
7f4dc3e05000-7f4dc3e0c000 r--s 00000000 08:01 997420                     /usr/lib64/gconv/gconv-modules.cache
7f4dc3e0c000-7f4dc3efd000 r-xp 00000000 00:37 5815004                    /l/local/lang/matlab-R2012a/bin/glnxa64/libstdc++.so.6.0.13
7f4dc3efd000-7f4dc40fd000 ---p 000f1000 00:37 5815004                    /l/local/lang/matlab-R2012a/bin/glnxa64/libstdc++.so.6.0.13
7f4dc40fd000-7f4dc4104000 r--p 000f1000 00:37 5815004                    /l/local/lang/matlab-R2012a/bin/glnxa64/libstdc++.so.6.0.13
7f4dc4104000-7f4dc4106000 rw-p 000f8000 00:37 5815004                    /l/local/lang/matlab-R2012a/bin/glnxa64/libstdc++.so.6.0.13
7f4dc4106000-7f4dc411b000 rw-p 00000000 00:00 0 
7f4dc411b000-7f4dc41aa000 r-xp 00000000 00:37 5814330                    /l/local/lang/matlab-R2012a/bin/glnxa64/libmwi18n.so
7f4dc41aa000-7f4dc43a9000 ---p 0008f000 00:37 5814330                    /l/local/lang/matlab-R2012a/bin/glnxa64/libmwi18n.so
7f4dc43a9000-7f4dc43af000 rw-p 0008e000 00:37 5814330                    /l/local/lang/matlab-R2012a/bin/glnxa64/libmwi18n.so
7f4dc43af000-7f4dc43b0000 rw-p 00000000 00:00 0 
7f4dc43b0000-7f4dc48e4000 r-xp 00000000 00:37 5814419                    /l/local/lang/matlab-R2012a/bin/glnxa64/libmwm_interpreter.so
7f4dc48e4000-7f4dc4ae3000 ---p 00534000 00:37 5814419                    /l/local/lang/matlab-R2012a/bin/glnxa64/libmwm_interpreter.so
7f4dc4ae3000-7f4dc4bc0000 rw-p 00533000 00:37 5814419                    /l/local/lang/matlab-R2012a/bin/glnxa64/libmwm_interpreter.so
7f4dc4bc0000-7f4dc4c5a000 rw-p 00000000 00:00 0 
7f4dc4c5a000-7f4dc4cef000 r-xp 00000000 00:37 5814416                    /l/local/lang/matlab-R2012a/bin/glnxa64/libmwm_dispatcher.so
7f4dc4cef000-7f4dc4eee000 ---p 00095000 00:37 5814416                    /l/local/lang/matlab-R2012a/bin/glnxa64/libmwm_dispatcher.so
7f4dc4eee000-7f4dc4ef5000 rw-p 00094000 00:37 5814416                    /l/local/lang/matlab-R2012a/bin/glnxa64/libmwm_dispatcher.so
7f4dc4ef5000-7f4dc505f000 r-xp 00000000 00:37 5814378                    /l/local/lang/matlab-R2012a/bin/glnxa64/libmwmcr.so
7f4dc505f000-7f4dc525f000 ---p 0016a000 00:37 5814378                    /l/local/lang/matlab-R2012a/bin/glnxa64/libmwmcr.so
7f4dc525f000-7f4dc5271000 rw-p 0016a000 00:37 5814378                    /l/local/lang/matlab-R2012a/bin/glnxa64/libmwmcr.so
7f4dc5271000-7f4dc5275000 rw-p 00000000 00:00 0 
7f4dc5275000-7f4dc52a7000 r-xp 00000000 00:37 5814385                    /l/local/lang/matlab-R2012a/bin/glnxa64/libmwbridge.so
7f4dc52a7000-7f4dc54a7000 ---p 00032000 00:37 5814385                    /l/local/lang/matlab-R2012a/bin/glnxa64/libmwbridge.so
7f4dc54a7000-7f4dc54aa000 rw-p 00032000 00:37 5814385                    /l/local/lang/matlab-R2012a/bin/glnxa64/libmwbridge.so
7f4dc54aa000-7f4dc54b0000 rw-p 00000000 00:00 0 
7f4dc54b0000-7f4dc5550000 r-xp 00000000 00:37 5814370                    /l/local/lang/matlab-R2012a/bin/glnxa64/libmwjmi.so
7f4dc5550000-7f4dc574f000 ---p 000a0000 00:37 5814370                    /l/local/lang/matlab-R2012a/bin/glnxa64/libmwjmi.so
7f4dc574f000-7f4dc5757000 rw-p 0009f000 00:37 5814370                    /l/local/lang/matlab-R2012a/bin/glnxa64/libmwjmi.so
7f4dc5757000-7f4dc5758000 rw-p 00000000 00:00 0 
7f4dc5758000-7f4dc59c6000 r-xp 00000000 00:37 5814410                    /l/local/lang/matlab-R2012a/bin/glnxa64/libmwservices.so
7f4dc59c6000-7f4dc5bc5000 ---p 0026e000 00:37 5814410                    /l/local/lang/matlab-R2012a/bin/glnxa64/libmwservices.so
7f4dc5bc5000-7f4dc5bdc000 rw-p 0026d000 00:37 5814410                    /l/local/lang/matlab-R2012a/bin/glnxa64/libmwservices.so
7f4dc5bdc000-7f4dc5beb000 rw-p 00000000 00:00 0 
7f4dc5beb000-7f4dc5c28000 r-xp 00000000 00:37 5814374                    /l/local/lang/matlab-R2012a/bin/glnxa64/libmwmpath.so
7f4dc5c28000-7f4dc5e28000 ---p 0003d000 00:37 5814374                    /l/local/lang/matlab-R2012a/bin/glnxa64/libmwmpath.so
7f4dc5e28000-7f4dc5e2b000 rw-p 0003d000 00:37 5814374                    /l/local/lang/matlab-R2012a/bin/glnxa64/libmwmpath.so
7f4dc5e2b000-7f4dc5e2e000 rw-p 00000000 00:00 0 
7f4dc5e2e000-7f4dc5ee4000 r-xp 00000000 00:37 5814326                    /l/local/lang/matlab-R2012a/bin/glnxa64/libmx.so
7f4dc5ee4000-7f4dc60e3000 ---p 000b6000 00:37 5814326                    /l/local/lang/matlab-R2012a/bin/glnxa64/libmx.so
7f4dc60e3000-7f4dc60e8000 rw-p 000b5000 00:37 5814326                    /l/local/lang/matlab-R2012a/bin/glnxa64/libmx.so
7f4dc60e8000-7f4dc61c6000 r-xp 00000000 00:37 5814331                    /l/local/lang/matlab-R2012a/bin/glnxa64/libmwfl.so
7f4dc61c6000-7f4dc63c5000 ---p 000de000 00:37 5814331                    /l/local/lang/matlab-R2012a/bin/glnxa64/libmwfl.so
7f4dc63c5000-7f4dc63cf000 rw-p 000dd000 00:37 5814331                    /l/local/lang/matlab-R2012a/bin/glnxa64/libmwfl.so
7f4dc63cf000-7f4dc63e0000 rw-p 00000000 00:00 0 
7f4dc63e0000-7f4dc64b6000 r-xp 00000000 00:37 5814325                    /l/local/lang/matlab-R2012a/bin/glnxa64/libut.so
7f4dc64b6000-7f4dc66b6000 ---p 000d6000 00:37 5814325                    /l/local/lang/matlab-R2012a/bin/glnxa64/libut.so
7f4dc66b6000-7f4dc66c2000 rw-p 000d6000 00:37 5814325                    /l/local/lang/matlab-R2012a/bin/glnxa64/libut.so
7f4dc66c2000-7f4dc66d5000 rw-p 00000000 00:00 0 
7fffade3d000-7fffade52000 rwxp 00000000 00:00 0                          [stack]
7fffade52000-7fffade53000 rw-p 00000000 00:00 0 
7fffade9a000-7fffade9b000 r-xp 00000000 00:00 0                          [vdso]
ffffffffff600000-ffffffffff601000 r-xp 00000000 00:00 0                  [vsyscall]

VM Arguments:
jvm_args: -Xms64m -XX:NewRatio=3 -XX:MaxPermSize=128m -Xmx196m -XX:MaxDirectMemorySize=2147400000 -XX:+AllowUserSignalHandlers -Xrs -Dsun.awt.disableMixing=true -Djava.library.path=/l/local/lang/matlab-R2012a/bin/glnxa64 vfprintf abort -Djava.awt.headless=true -Duser.language=en -Duser.country=US -Dfile.encoding=UTF-8 
java_command: <unknown>
Launcher Type: generic

Environment Variables:
PATH=/n/shokuji/dc/edg/bin:/usr/local/bin:/usr/bin:/bin:/u/metanet/clustering/treetagger/cmd:/u/metanet/clustering/treetagger/bin
LD_LIBRARY_PATH=/l/local/lang/matlab-R2012a/sys/os/glnxa64:/l/local/lang/matlab-R2012a/bin/glnxa64:/l/local/lang/matlab-R2012a/extern/lib/glnxa64:/l/local/lang/matlab-R2012a/runtime/glnxa64:/l/local/lang/matlab-R2012a/sys/java/jre/glnxa64/jre/lib/amd64/native_threads:/l/local/lang/matlab-R2012a/sys/java/jre/glnxa64/jre/lib/amd64/server:/l/local/lang/matlab-R2012a/sys/java/jre/glnxa64/jre/lib/amd64
SHELL=/bin/tcsh
DISPLAY=
HOSTTYPE=x86_64-linux
OSTYPE=linux
ARCH=glnxa64
MACHTYPE=x86_64

Signal Handlers:
SIGSEGV: [libjvm.so+0x6bddc0], sa_mask[0]=0x7ffbfeff, sa_flags=0x10000004
SIGBUS: [libjvm.so+0x6bddc0], sa_mask[0]=0x7ffbfeff, sa_flags=0x10000004
SIGFPE: [libjvm.so+0x594f90], sa_mask[0]=0x7ffbfeff, sa_flags=0x10000004
SIGPIPE: [libjvm.so+0x594f90], sa_mask[0]=0x7ffbfeff, sa_flags=0x10000004
SIGXFSZ: [libjvm.so+0x594f90], sa_mask[0]=0x7ffbfeff, sa_flags=0x10000004
SIGILL: [libjvm.so+0x594f90], sa_mask[0]=0x7ffbfeff, sa_flags=0x10000004
SIGUSR1: SIG_DFL, sa_mask[0]=0x00000000, sa_flags=0x00000000
SIGUSR2: [libjvm.so+0x597750], sa_mask[0]=0x08080002, sa_flags=0x10000004
SIGHUP: SIG_DFL, sa_mask[0]=0x00000000, sa_flags=0x00000000
SIGINT: SIG_DFL, sa_mask[0]=0x00000000, sa_flags=0x00000000
SIGTERM: SIG_DFL, sa_mask[0]=0x00000000, sa_flags=0x00000000
SIGQUIT: [libmwmcr.so+0x131430], sa_mask[0]=0x08080002, sa_flags=0x00000004


---------------  S Y S T E M  ---------------

OS:Red Hat Enterprise Linux Workstation release 6.6 (Santiago)

uname:Linux 2.6.32-504.el6.x86_64 #1 SMP Tue Sep 16 01:56:35 EDT 2014 x86_64
libc:glibc 2.12 NPTL 2.12 
rlimit: STACK 10240k, CORE 0k, NPROC 1024, NOFILE 4096, AS infinity
load average:2.85 0.60 0.19

CPU:total 48 (16 cores per cpu, 2 threads per core) family 6 model 62 stepping 4, cmov, cx8, fxsr, mmx, sse, sse2, sse3, ssse3, sse4.1, sse4.2, ht

Memory: 4k page, physical 198306240k(188420488k free), swap 16777212k(16777212k free)

vm_info: Java HotSpot(TM) 64-Bit Server VM (14.3-b01) for linux-amd64 JRE (1.6.0_17-b04), built on Oct 11 2009 01:08:48 by "java_re" with gcc 3.2.2 (SuSE Linux)

time: Sat Feb  7 12:25:03 2015
elapsed time: 0 seconds

