#
# A fatal error has been detected by the Java Runtime Environment:
#
# java.lang.OutOfMemoryError: Cannot create GC thread. Out of system resources.
#
#  Internal Error (gcTaskThread.cpp:38), pid=41798, tid=140527207786240
#  Error: Cannot create GC thread. Out of system resources.
#
# JRE version: 6.0_17-b04
# Java VM: Java HotSpot(TM) 64-Bit Server VM (14.3-b01 mixed mode linux-amd64 )
# If you would like to submit a bug report, please visit:
#   http://java.sun.com/webapps/bugreport/crash.jsp
#

---------------  T H R E A D  ---------------

Current thread (0x00007fcefc4a3000):  JavaThread "Unknown thread" [_thread_in_vm, id=44010, stack(0x00007fcf09ad2000,0x00007fcf0a4d3000)]

Stack: [0x00007fcf09ad2000,0x00007fcf0a4d3000],  sp=0x00007fcf0a4d0cd0,  free space=10235k
Native frames: (J=compiled Java code, j=interpreted, Vv=VM code, C=native code)
V  [libjvm.so+0x6bd1ef]
V  [libjvm.so+0x2be6c8]
V  [libjvm.so+0x33a2fd]
V  [libjvm.so+0x338e3e]
V  [libjvm.so+0x338bd3]
V  [libjvm.so+0x5a87c7]
V  [libjvm.so+0x697695]
V  [libjvm.so+0x69732a]
V  [libjvm.so+0x377cd0]
V  [libjvm.so+0x67f5af]
V  [libjvm.so+0x3def30]
C  [libmwjmi.so+0x6e029]  _Z9InitSunVMN5boost8optionalIKSt6vectorISsSaISsEEEE+0x1129
C  [libmwjmi.so+0x6eb5f]
C  [libmwjmi.so+0x6eca9]
C  [libmwjmi.so+0x5ceb1]  _Z7mljInitv+0x21
C  [libmwmcr.so+0x106205]
C  [libmwmcr.so+0xf8bf4]
C  [libmwmcr.so+0xf8d97]


---------------  P R O C E S S  ---------------

Java Threads: ( => current thread )

Other Threads:

=>0x00007fcefc4a3000 (exited) JavaThread "Unknown thread" [_thread_in_vm, id=44010, stack(0x00007fcf09ad2000,0x00007fcf0a4d3000)]

VM state:not at safepoint (not fully initialized)

VM Mutex/Monitor currently owned by a thread: None

Dynamic libraries:
00400000-00406000 r-xp 00000000 00:37 5814541                            /l/local/lang/matlab-R2012a/bin/glnxa64/MATLAB
00606000-00607000 rw-p 00006000 00:37 5814541                            /l/local/lang/matlab-R2012a/bin/glnxa64/MATLAB
01d43000-01eb1000 rw-p 00000000 00:00 0                                  [heap]
393bc00000-393bc20000 r-xp 00000000 08:01 786466                         /lib64/ld-2.12.so
393be1f000-393be20000 r--p 0001f000 08:01 786466                         /lib64/ld-2.12.so
393be20000-393be21000 rw-p 00020000 08:01 786466                         /lib64/ld-2.12.so
393be21000-393be22000 rw-p 00000000 00:00 0 
393c000000-393c18a000 r-xp 00000000 08:01 809581                         /lib64/libc-2.12.so
393c18a000-393c38a000 ---p 0018a000 08:01 809581                         /lib64/libc-2.12.so
393c38a000-393c38e000 r--p 0018a000 08:01 809581                         /lib64/libc-2.12.so
393c38e000-393c38f000 rw-p 0018e000 08:01 809581                         /lib64/libc-2.12.so
393c38f000-393c394000 rw-p 00000000 00:00 0 
393c400000-393c417000 r-xp 00000000 08:01 809586                         /lib64/libpthread-2.12.so
393c417000-393c617000 ---p 00017000 08:01 809586                         /lib64/libpthread-2.12.so
393c617000-393c618000 r--p 00017000 08:01 809586                         /lib64/libpthread-2.12.so
393c618000-393c619000 rw-p 00018000 08:01 809586                         /lib64/libpthread-2.12.so
393c619000-393c61d000 rw-p 00000000 00:00 0 
393c800000-393c883000 r-xp 00000000 08:01 809582                         /lib64/libm-2.12.so
393c883000-393ca82000 ---p 00083000 08:01 809582                         /lib64/libm-2.12.so
393ca82000-393ca83000 r--p 00082000 08:01 809582                         /lib64/libm-2.12.so
393ca83000-393ca84000 rw-p 00083000 08:01 809582                         /lib64/libm-2.12.so
393cc00000-393cc02000 r-xp 00000000 08:01 809588                         /lib64/libdl-2.12.so
393cc02000-393ce02000 ---p 00002000 08:01 809588                         /lib64/libdl-2.12.so
393ce02000-393ce03000 r--p 00002000 08:01 809588                         /lib64/libdl-2.12.so
393ce03000-393ce04000 rw-p 00003000 08:01 809588                         /lib64/libdl-2.12.so
393d000000-393d015000 r-xp 00000000 08:01 809583                         /lib64/libz.so.1.2.3
393d015000-393d214000 ---p 00015000 08:01 809583                         /lib64/libz.so.1.2.3
393d214000-393d215000 r--p 00014000 08:01 809583                         /lib64/libz.so.1.2.3
393d215000-393d216000 rw-p 00015000 08:01 809583                         /lib64/libz.so.1.2.3
393d400000-393d407000 r-xp 00000000 08:01 809600                         /lib64/librt-2.12.so
393d407000-393d606000 ---p 00007000 08:01 809600                         /lib64/librt-2.12.so
393d606000-393d607000 r--p 00006000 08:01 809600                         /lib64/librt-2.12.so
393d607000-393d608000 rw-p 00007000 08:01 809600                         /lib64/librt-2.12.so
393e400000-393e402000 r-xp 00000000 08:01 918911                         /usr/lib64/libXau.so.6.0.0
393e402000-393e602000 ---p 00002000 08:01 918911                         /usr/lib64/libXau.so.6.0.0
393e602000-393e603000 rw-p 00002000 08:01 918911                         /usr/lib64/libXau.so.6.0.0
393ec00000-393ec1d000 r-xp 00000000 08:01 933788                         /usr/lib64/libxcb.so.1.1.0
393ec1d000-393ee1d000 ---p 0001d000 08:01 933788                         /usr/lib64/libxcb.so.1.1.0
393ee1d000-393ee1e000 rw-p 0001d000 08:01 933788                         /usr/lib64/libxcb.so.1.1.0
393f000000-393f137000 r-xp 00000000 08:01 919430                         /usr/lib64/libX11.so.6.3.0
393f137000-393f337000 ---p 00137000 08:01 919430                         /usr/lib64/libX11.so.6.3.0
393f337000-393f33d000 rw-p 00137000 08:01 919430                         /usr/lib64/libX11.so.6.3.0
393fc00000-393fc11000 r-xp 00000000 08:01 920573                         /usr/lib64/libXext.so.6.4.0
393fc11000-393fe11000 ---p 00011000 08:01 920573                         /usr/lib64/libXext.so.6.4.0
393fe11000-393fe12000 rw-p 00011000 08:01 920573                         /usr/lib64/libXext.so.6.4.0
3943000000-3943004000 r-xp 00000000 08:01 809593                         /lib64/libuuid.so.1.3.0
3943004000-3943203000 ---p 00004000 08:01 809593                         /lib64/libuuid.so.1.3.0
3943203000-3943204000 rw-p 00003000 08:01 809593                         /lib64/libuuid.so.1.3.0
3943800000-3943817000 r-xp 00000000 08:01 920577                         /usr/lib64/libICE.so.6.3.0
3943817000-3943a17000 ---p 00017000 08:01 920577                         /usr/lib64/libICE.so.6.3.0
3943a17000-3943a18000 rw-p 00017000 08:01 920577                         /usr/lib64/libICE.so.6.3.0
3943a18000-3943a1c000 rw-p 00000000 00:00 0 
3943c00000-3943c07000 r-xp 00000000 08:01 920644                         /usr/lib64/libSM.so.6.0.1
3943c07000-3943e07000 ---p 00007000 08:01 920644                         /usr/lib64/libSM.so.6.0.1
3943e07000-3943e08000 rw-p 00007000 08:01 920644                         /usr/lib64/libSM.so.6.0.1
3946000000-3946018000 r-xp 00000000 08:01 919461                         /usr/lib64/libXmu.so.6.2.0
3946018000-3946218000 ---p 00018000 08:01 919461                         /usr/lib64/libXmu.so.6.2.0
3946218000-394621a000 rw-p 00018000 08:01 919461                         /usr/lib64/libXmu.so.6.2.0
394ac00000-394ac1d000 r-xp 00000000 08:01 809594                         /lib64/libtinfo.so.5.7
394ac1d000-394ae1d000 ---p 0001d000 08:01 809594                         /lib64/libtinfo.so.5.7
394ae1d000-394ae21000 rw-p 0001d000 08:01 809594                         /lib64/libtinfo.so.5.7
394c200000-394c207000 r-xp 00000000 08:01 809615                         /lib64/libcrypt-2.12.so
394c207000-394c407000 ---p 00007000 08:01 809615                         /lib64/libcrypt-2.12.so
394c407000-394c408000 r--p 00007000 08:01 809615                         /lib64/libcrypt-2.12.so
394c408000-394c409000 rw-p 00008000 08:01 809615                         /lib64/libcrypt-2.12.so
394c409000-394c437000 rw-p 00000000 00:00 0 
394c600000-394c673000 r-xp 00000000 08:01 809614                         /lib64/libfreebl3.so
394c673000-394c872000 ---p 00073000 08:01 809614                         /lib64/libfreebl3.so
394c872000-394c874000 r--p 00072000 08:01 809614                         /lib64/libfreebl3.so
394c874000-394c875000 rw-p 00074000 08:01 809614                         /lib64/libfreebl3.so
394c875000-394c879000 rw-p 00000000 00:00 0 
394ce00000-394ce16000 r-xp 00000000 08:01 809621                         /lib64/libnsl-2.12.so
394ce16000-394d015000 ---p 00016000 08:01 809621                         /lib64/libnsl-2.12.so
394d015000-394d016000 r--p 00015000 08:01 809621                         /lib64/libnsl-2.12.so
394d016000-394d017000 rw-p 00016000 08:01 809621                         /lib64/libnsl-2.12.so
394d017000-394d019000 rw-p 00000000 00:00 0 
394d200000-394d222000 r-xp 00000000 08:01 809595                         /lib64/libncurses.so.5.7
394d222000-394d421000 ---p 00022000 08:01 809595                         /lib64/libncurses.so.5.7
394d421000-394d422000 rw-p 00021000 08:01 809595                         /lib64/libncurses.so.5.7
3950800000-395085f000 r-xp 00000000 08:01 919305                         /usr/lib64/libXt.so.6.0.0
395085f000-3950a5e000 ---p 0005f000 08:01 919305                         /usr/lib64/libXt.so.6.0.0
3950a5e000-3950a64000 rw-p 0005e000 08:01 919305                         /usr/lib64/libXt.so.6.0.0
3950a64000-3950a65000 rw-p 00000000 00:00 0 
7fce60000000-7fce60021000 rw-p 00000000 00:00 0 
7fce60021000-7fce64000000 ---p 00000000 00:00 0 
7fce68000000-7fce68021000 rw-p 00000000 00:00 0 
7fce68021000-7fce6c000000 ---p 00000000 00:00 0 
7fce6c000000-7fce6c021000 rw-p 00000000 00:00 0 
7fce6c021000-7fce70000000 ---p 00000000 00:00 0 
7fce70000000-7fce70021000 rw-p 00000000 00:00 0 
7fce70021000-7fce74000000 ---p 00000000 00:00 0 
7fce74000000-7fce74021000 rw-p 00000000 00:00 0 
7fce74021000-7fce78000000 ---p 00000000 00:00 0 
7fce78000000-7fce78021000 rw-p 00000000 00:00 0 
7fce78021000-7fce7c000000 ---p 00000000 00:00 0 
7fce7c000000-7fce7c021000 rw-p 00000000 00:00 0 
7fce7c021000-7fce80000000 ---p 00000000 00:00 0 
7fce80000000-7fce80021000 rw-p 00000000 00:00 0 
7fce80021000-7fce84000000 ---p 00000000 00:00 0 
7fce84000000-7fce84021000 rw-p 00000000 00:00 0 
7fce84021000-7fce88000000 ---p 00000000 00:00 0 
7fce88000000-7fce88021000 rw-p 00000000 00:00 0 
7fce88021000-7fce8c000000 ---p 00000000 00:00 0 
7fce8c000000-7fce8c021000 rw-p 00000000 00:00 0 
7fce8c021000-7fce90000000 ---p 00000000 00:00 0 
7fce90000000-7fce90021000 rw-p 00000000 00:00 0 
7fce90021000-7fce94000000 ---p 00000000 00:00 0 
7fce94000000-7fce94021000 rw-p 00000000 00:00 0 
7fce94021000-7fce98000000 ---p 00000000 00:00 0 
7fce98000000-7fce98021000 rw-p 00000000 00:00 0 
7fce98021000-7fce9c000000 ---p 00000000 00:00 0 
7fce9c000000-7fce9c021000 rw-p 00000000 00:00 0 
7fce9c021000-7fcea0000000 ---p 00000000 00:00 0 
7fcea0000000-7fcea0021000 rw-p 00000000 00:00 0 
7fcea0021000-7fcea4000000 ---p 00000000 00:00 0 
7fcea4000000-7fcea4021000 rw-p 00000000 00:00 0 
7fcea4021000-7fcea8000000 ---p 00000000 00:00 0 
7fcea8000000-7fcea8021000 rw-p 00000000 00:00 0 
7fcea8021000-7fceac000000 ---p 00000000 00:00 0 
7fceac000000-7fceac021000 rw-p 00000000 00:00 0 
7fceac021000-7fceb0000000 ---p 00000000 00:00 0 
7fceb0000000-7fceb0021000 rw-p 00000000 00:00 0 
7fceb0021000-7fceb4000000 ---p 00000000 00:00 0 
7fceb4000000-7fceb4021000 rw-p 00000000 00:00 0 
7fceb4021000-7fceb8000000 ---p 00000000 00:00 0 
7fceb8000000-7fceb8021000 rw-p 00000000 00:00 0 
7fceb8021000-7fcebc000000 ---p 00000000 00:00 0 
7fcebc000000-7fcebc021000 rw-p 00000000 00:00 0 
7fcebc021000-7fcec0000000 ---p 00000000 00:00 0 
7fcec0000000-7fcec0021000 rw-p 00000000 00:00 0 
7fcec0021000-7fcec4000000 ---p 00000000 00:00 0 
7fcec4000000-7fcec4021000 rw-p 00000000 00:00 0 
7fcec4021000-7fcec8000000 ---p 00000000 00:00 0 
7fcec8000000-7fcec8021000 rw-p 00000000 00:00 0 
7fcec8021000-7fcecc000000 ---p 00000000 00:00 0 
7fcecc000000-7fcecc021000 rw-p 00000000 00:00 0 
7fcecc021000-7fced0000000 ---p 00000000 00:00 0 
7fced0000000-7fced0021000 rw-p 00000000 00:00 0 
7fced0021000-7fced4000000 ---p 00000000 00:00 0 
7fced4000000-7fced4021000 rw-p 00000000 00:00 0 
7fced4021000-7fced8000000 ---p 00000000 00:00 0 
7fced8000000-7fced8021000 rw-p 00000000 00:00 0 
7fced8021000-7fcedc000000 ---p 00000000 00:00 0 
7fcedcc00000-7fcede0c0000 rwxp 00000000 00:00 0 
7fcede0c0000-7fcee4c00000 rwxp 00000000 00:00 0 
7fcee4c00000-7fcee7c00000 rwxp 00000000 00:00 0 
7fcee7c00000-7fceedf00000 rwxp 00000000 00:00 0 
7fceedf00000-7fceeef00000 rwxp 00000000 00:00 0 
7fceeef00000-7fcef1000000 rwxp 00000000 00:00 0 
7fcef1000000-7fcef1270000 rwxp 00000000 00:00 0 
7fcef1270000-7fcef4000000 rwxp 00000000 00:00 0 
7fcef4000000-7fcef4021000 rw-p 00000000 00:00 0 
7fcef4021000-7fcef8000000 ---p 00000000 00:00 0 
7fcef87d0000-7fcef87d1000 ---p 00000000 00:00 0 
7fcef87d1000-7fcef88d1000 rwxp 00000000 00:00 0 
7fcef88d1000-7fcef88d2000 ---p 00000000 00:00 0 
7fcef88d2000-7fcef89d2000 rwxp 00000000 00:00 0 
7fcef89d2000-7fcef89d3000 ---p 00000000 00:00 0 
7fcef89d3000-7fcef8ad3000 rwxp 00000000 00:00 0 
7fcef8ad3000-7fcef8ad4000 ---p 00000000 00:00 0 
7fcef8ad4000-7fcef8bd4000 rwxp 00000000 00:00 0 
7fcef8bd4000-7fcef8bd5000 ---p 00000000 00:00 0 
7fcef8bd5000-7fcef8cd5000 rwxp 00000000 00:00 0 
7fcef8cd5000-7fcef8cd6000 ---p 00000000 00:00 0 
7fcef8cd6000-7fcef8dd6000 rwxp 00000000 00:00 0 
7fcef8dd6000-7fcef8dd7000 ---p 00000000 00:00 0 
7fcef8dd7000-7fcef8ed7000 rwxp 00000000 00:00 0 
7fcef8ed7000-7fcef8ed8000 ---p 00000000 00:00 0 
7fcef8ed8000-7fcef8fd8000 rwxp 00000000 00:00 0 
7fcef8fd8000-7fcef8fd9000 ---p 00000000 00:00 0 
7fcef8fd9000-7fcef90d9000 rwxp 00000000 00:00 0 
7fcef90d9000-7fcef90da000 ---p 00000000 00:00 0 
7fcef90da000-7fcef91da000 rwxp 00000000 00:00 0 
7fcef91da000-7fcef91db000 ---p 00000000 00:00 0 
7fcef91db000-7fcef92db000 rwxp 00000000 00:00 0 
7fcef92db000-7fcef92dc000 ---p 00000000 00:00 0 
7fcef92dc000-7fcef93dc000 rwxp 00000000 00:00 0 
7fcef93dc000-7fcef93dd000 ---p 00000000 00:00 0 
7fcef93dd000-7fcef94dd000 rwxp 00000000 00:00 0 
7fcef94dd000-7fcef94de000 ---p 00000000 00:00 0 
7fcef94de000-7fcef95de000 rwxp 00000000 00:00 0 
7fcef95de000-7fcef95df000 ---p 00000000 00:00 0 
7fcef95df000-7fcef96df000 rwxp 00000000 00:00 0 
7fcef96df000-7fcef96e0000 ---p 00000000 00:00 0 
7fcef96e0000-7fcef97e0000 rwxp 00000000 00:00 0 
7fcef97e0000-7fcef97e1000 ---p 00000000 00:00 0 
7fcef97e1000-7fcef98e1000 rwxp 00000000 00:00 0 
7fcef98e1000-7fcef98e2000 ---p 00000000 00:00 0 
7fcef98e2000-7fcef99e2000 rwxp 00000000 00:00 0 
7fcef99e2000-7fcef99e3000 ---p 00000000 00:00 0 
7fcef99e3000-7fcef9ae3000 rwxp 00000000 00:00 0 
7fcef9ae3000-7fcef9ae4000 ---p 00000000 00:00 0 
7fcef9ae4000-7fcef9be4000 rwxp 00000000 00:00 0 
7fcef9be4000-7fcef9be5000 ---p 00000000 00:00 0 
7fcef9be5000-7fcef9ce5000 rwxp 00000000 00:00 0 
7fcef9ce5000-7fcef9ce6000 ---p 00000000 00:00 0 
7fcef9ce6000-7fcef9de6000 rwxp 00000000 00:00 0 
7fcef9de6000-7fcef9de7000 ---p 00000000 00:00 0 
7fcef9de7000-7fcef9ee7000 rwxp 00000000 00:00 0 
7fcef9ee7000-7fcef9ee8000 ---p 00000000 00:00 0 
7fcef9ee8000-7fcef9fe8000 rwxp 00000000 00:00 0 
7fcef9fe8000-7fcef9fe9000 ---p 00000000 00:00 0 
7fcef9fe9000-7fcefa0e9000 rwxp 00000000 00:00 0 
7fcefa0e9000-7fcefa0ea000 ---p 00000000 00:00 0 
7fcefa0ea000-7fcefa1ea000 rwxp 00000000 00:00 0 
7fcefa1ea000-7fcefa1eb000 ---p 00000000 00:00 0 
7fcefa1eb000-7fcefa2eb000 rwxp 00000000 00:00 0 
7fcefa2eb000-7fcefa2ec000 ---p 00000000 00:00 0 
7fcefa2ec000-7fcefa3ec000 rwxp 00000000 00:00 0 
7fcefa3ec000-7fcefa3ed000 ---p 00000000 00:00 0 
7fcefa3ed000-7fcefa4ed000 rwxp 00000000 00:00 0 
7fcefa4ed000-7fcefa4ee000 ---p 00000000 00:00 0 
7fcefa4ee000-7fcefa5ee000 rwxp 00000000 00:00 0 
7fcefa5ee000-7fcefa5ef000 ---p 00000000 00:00 0 
7fcefa5ef000-7fcefa6ef000 rwxp 00000000 00:00 0 
7fcefa6ef000-7fcefa6f0000 ---p 00000000 00:00 0 
7fcefa6f0000-7fcefa7fb000 rwxp 00000000 00:00 0 
7fcefa7fb000-7fcefa830000 rwxp 00000000 00:00 0 
7fcefa830000-7fcefa848000 rwxp 00000000 00:00 0 
7fcefa848000-7fcefa87a000 rwxp 00000000 00:00 0 
7fcefa87a000-7fcefa885000 rwxp 00000000 00:00 0 
7fcefa885000-7fcefa8ba000 rwxp 00000000 00:00 0 
7fcefa8ba000-7fcefa8d2000 rwxp 00000000 00:00 0 
7fcefa8d2000-7fcefa903000 rwxp 00000000 00:00 0 
7fcefa903000-7fcefa90c000 rwxp 00000000 00:00 0 
7fcefa90c000-7fcefa91c000 rwxp 00000000 00:00 0 
7fcefa91c000-7fcefa927000 rwxp 00000000 00:00 0 
7fcefa927000-7fcefa9dd000 rwxp 00000000 00:00 0 
7fcefa9dd000-7fcefa9eb000 r-xp 00000000 00:37 5919882                    /l/local/lang/matlab-R2012a/sys/java/jre/glnxa64/jre/lib/amd64/libzip.so
7fcefa9eb000-7fcefaaed000 ---p 0000e000 00:37 5919882                    /l/local/lang/matlab-R2012a/sys/java/jre/glnxa64/jre/lib/amd64/libzip.so
7fcefaaed000-7fcefaaf0000 rw-p 00010000 00:37 5919882                    /l/local/lang/matlab-R2012a/sys/java/jre/glnxa64/jre/lib/amd64/libzip.so
7fcefaaf0000-7fcefaaf1000 rw-p 00000000 00:00 0 
7fcefaaf1000-7fcefaaf8000 r-xp 00000000 00:37 5919894                    /l/local/lang/matlab-R2012a/sys/java/jre/glnxa64/jre/lib/amd64/native_threads/libhpi.so
7fcefaaf8000-7fcefabf9000 ---p 00007000 00:37 5919894                    /l/local/lang/matlab-R2012a/sys/java/jre/glnxa64/jre/lib/amd64/native_threads/libhpi.so
7fcefabf9000-7fcefabfb000 rw-p 00008000 00:37 5919894                    /l/local/lang/matlab-R2012a/sys/java/jre/glnxa64/jre/lib/amd64/native_threads/libhpi.so
7fcefabfb000-7fcefabfd000 rw-p 00000000 00:00 0 
7fcefabfd000-7fcefabfe000 r--p 00000000 00:00 0 
7fcefabfe000-7fcefabff000 ---p 00000000 00:00 0 
7fcefabff000-7fcefb5ff000 rwxp 00000000 00:00 0 
7fcefb5ff000-7fcefb600000 ---p 00000000 00:00 0 
7fcefb600000-7fcefc000000 rwxp 00000000 00:00 0 
7fcefc000000-7fcefc557000 rw-p 00000000 00:00 0 
7fcefc557000-7fcf00000000 ---p 00000000 00:00 0 
7fcf00000000-7fcf00021000 rw-p 00000000 00:00 0 
7fcf00021000-7fcf04000000 ---p 00000000 00:00 0 
7fcf04000000-7fcf04021000 rw-p 00000000 00:00 0 
7fcf04021000-7fcf08000000 ---p 00000000 00:00 0 
7fcf08039000-7fcf08043000 r-xp 00000000 08:01 786465                     /lib64/libnss_nis-2.12.so
7fcf08043000-7fcf08242000 ---p 0000a000 08:01 786465                     /lib64/libnss_nis-2.12.so
7fcf08242000-7fcf08243000 r--p 00009000 08:01 786465                     /lib64/libnss_nis-2.12.so
7fcf08243000-7fcf08244000 rw-p 0000a000 08:01 786465                     /lib64/libnss_nis-2.12.so
7fcf08244000-7fcf08250000 r-xp 00000000 08:01 786461                     /lib64/libnss_files-2.12.so
7fcf08250000-7fcf08450000 ---p 0000c000 08:01 786461                     /lib64/libnss_files-2.12.so
7fcf08450000-7fcf08451000 r--p 0000c000 08:01 786461                     /lib64/libnss_files-2.12.so
7fcf08451000-7fcf08452000 rw-p 0000d000 08:01 786461                     /lib64/libnss_files-2.12.so
7fcf08478000-7fcf08480000 rw-s 00000000 08:03 258585                     /tmp/hsperfdata_edg/41798
7fcf08480000-7fcf0848d000 r-xp 00000000 00:37 5919895                    /l/local/lang/matlab-R2012a/sys/java/jre/glnxa64/jre/lib/amd64/libverify.so
7fcf0848d000-7fcf0858c000 ---p 0000d000 00:37 5919895                    /l/local/lang/matlab-R2012a/sys/java/jre/glnxa64/jre/lib/amd64/libverify.so
7fcf0858c000-7fcf0858f000 rw-p 0000c000 00:37 5919895                    /l/local/lang/matlab-R2012a/sys/java/jre/glnxa64/jre/lib/amd64/libverify.so
7fcf0858f000-7fcf08ced000 r-xp 00000000 00:37 5919876                    /l/local/lang/matlab-R2012a/sys/java/jre/glnxa64/jre/lib/amd64/server/libjvm.so
7fcf08ced000-7fcf08dec000 ---p 0075e000 00:37 5919876                    /l/local/lang/matlab-R2012a/sys/java/jre/glnxa64/jre/lib/amd64/server/libjvm.so
7fcf08dec000-7fcf08f64000 rw-p 0075d000 00:37 5919876                    /l/local/lang/matlab-R2012a/sys/java/jre/glnxa64/jre/lib/amd64/server/libjvm.so
7fcf08f64000-7fcf08fa2000 rw-p 00000000 00:00 0 
7fcf08fa2000-7fcf08fcb000 r-xp 00000000 00:37 5919885                    /l/local/lang/matlab-R2012a/sys/java/jre/glnxa64/jre/lib/amd64/libjava.so
7fcf08fcb000-7fcf090ca000 ---p 00029000 00:37 5919885                    /l/local/lang/matlab-R2012a/sys/java/jre/glnxa64/jre/lib/amd64/libjava.so
7fcf090ca000-7fcf090d1000 rw-p 00028000 00:37 5919885                    /l/local/lang/matlab-R2012a/sys/java/jre/glnxa64/jre/lib/amd64/libjava.so
7fcf090d1000-7fcf090d2000 ---p 00000000 00:00 0 
7fcf090d2000-7fcf09ad2000 rwxp 00000000 00:00 0 
7fcf09ad2000-7fcf09ad5000 ---p 00000000 00:00 0 
7fcf09ad5000-7fcf0a4d3000 rwxp 00000000 00:00 0 
7fcf0a4d3000-7fcf0a5d3000 rw-p 00000000 00:00 0 
7fcf0a5d3000-7fcf0a5d4000 ---p 00000000 00:00 0 
7fcf0a5d4000-7fcf0ada4000 rwxp 00000000 00:00 0 
7fcf0ada4000-7fcf0ada6000 r-xp 00000000 00:37 5814388                    /l/local/lang/matlab-R2012a/bin/glnxa64/mklcompat.so
7fcf0ada6000-7fcf0afa5000 ---p 00002000 00:37 5814388                    /l/local/lang/matlab-R2012a/bin/glnxa64/mklcompat.so
7fcf0afa5000-7fcf0afa6000 rw-p 00001000 00:37 5814388                    /l/local/lang/matlab-R2012a/bin/glnxa64/mklcompat.so
7fcf0afa6000-7fcf0b065000 r-xp 00000000 00:37 5913616                    /l/local/lang/matlab-R2012a/sys/os/glnxa64/libiomp5.so
7fcf0b065000-7fcf0b264000 ---p 000bf000 00:37 5913616                    /l/local/lang/matlab-R2012a/sys/os/glnxa64/libiomp5.so
7fcf0b264000-7fcf0b26d000 rw-p 000be000 00:37 5913616                    /l/local/lang/matlab-R2012a/sys/os/glnxa64/libiomp5.so
7fcf0b26d000-7fcf0b274000 rw-p 00000000 00:00 0 
7fcf0b274000-7fcf0d0ff000 r-xp 00000000 00:37 5814355                    /l/local/lang/matlab-R2012a/bin/glnxa64/mkl.so
7fcf0d0ff000-7fcf0d2ff000 ---p 01e8b000 00:37 5814355                    /l/local/lang/matlab-R2012a/bin/glnxa64/mkl.so
7fcf0d2ff000-7fcf0d341000 rw-p 01e8b000 00:37 5814355                    /l/local/lang/matlab-R2012a/bin/glnxa64/mkl.so
7fcf0d341000-7fcf0d346000 rw-p 00000000 00:00 0 
7fcf0d346000-7fcf131d6000 r--p 00000000 08:01 997894                     /usr/lib/locale/locale-archive
7fcf131d6000-7fcf131de000 rw-p 00000000 00:00 0 
7fcf131de000-7fcf131e4000 r-xp 00000000 00:37 5814345                    /l/local/lang/matlab-R2012a/bin/glnxa64/libmwcolamd.so
7fcf131e4000-7fcf133e3000 ---p 00006000 00:37 5814345                    /l/local/lang/matlab-R2012a/bin/glnxa64/libmwcolamd.so
7fcf133e3000-7fcf133e4000 rw-p 00005000 00:37 5814345                    /l/local/lang/matlab-R2012a/bin/glnxa64/libmwcolamd.so
7fcf133e4000-7fcf133ec000 r-xp 00000000 00:37 5814332                    /l/local/lang/matlab-R2012a/bin/glnxa64/libmwamd.so
7fcf133ec000-7fcf135eb000 ---p 00008000 00:37 5814332                    /l/local/lang/matlab-R2012a/bin/glnxa64/libmwamd.so
7fcf135eb000-7fcf135ec000 rw-p 00007000 00:37 5814332                    /l/local/lang/matlab-R2012a/bin/glnxa64/libmwamd.so
7fcf135ec000-7fcf135ed000 rw-p 00000000 00:00 0 
7fcf135ed000-7fcf1362f000 r-xp 00000000 00:37 5814346                    /l/local/lang/matlab-R2012a/bin/glnxa64/libmwcholmod.so
7fcf1362f000-7fcf1382f000 ---p 00042000 00:37 5814346                    /l/local/lang/matlab-R2012a/bin/glnxa64/libmwcholmod.so
7fcf1382f000-7fcf13830000 rw-p 00042000 00:37 5814346                    /l/local/lang/matlab-R2012a/bin/glnxa64/libmwcholmod.so
7fcf13830000-7fcf13831000 rw-p 00000000 00:00 0 
7fcf13831000-7fcf13843000 r-xp 00000000 00:37 5814397                    /l/local/lang/matlab-R2012a/bin/glnxa64/libmwblas.so
7fcf13843000-7fcf13a42000 ---p 00012000 00:37 5814397                    /l/local/lang/matlab-R2012a/bin/glnxa64/libmwblas.so
7fcf13a42000-7fcf13a44000 rw-p 00011000 00:37 5814397                    /l/local/lang/matlab-R2012a/bin/glnxa64/libmwblas.so
7fcf13a44000-7fcf13a46000 rw-p 00000000 00:00 0 
7fcf13a46000-7fcf13a4a000 r-xp 00000000 00:37 5814372                    /l/local/lang/matlab-R2012a/bin/glnxa64/libmwompwrapper.so
7fcf13a4a000-7fcf13c49000 ---p 00004000 00:37 5814372                    /l/local/lang/matlab-R2012a/bin/glnxa64/libmwompwrapper.so
7fcf13c49000-7fcf13c4a000 rw-p 00003000 00:37 5814372                    /l/local/lang/matlab-R2012a/bin/glnxa64/libmwompwrapper.so
7fcf13c4a000-7fcf13c53000 r-xp 00000000 00:37 5814365                    /l/local/lang/matlab-R2012a/bin/glnxa64/libmwbinder.so
7fcf13c53000-7fcf13e52000 ---p 00009000 00:37 5814365                    /l/local/lang/matlab-R2012a/bin/glnxa64/libmwbinder.so
7fcf13e52000-7fcf13e53000 rw-p 00008000 00:37 5814365                    /l/local/lang/matlab-R2012a/bin/glnxa64/libmwbinder.so
7fcf13e53000-7fcf13e54000 rw-p 00000000 00:00 0 
7fcf13e54000-7fcf13f17000 r-xp 00000000 00:37 5814406                    /l/local/lang/matlab-R2012a/bin/glnxa64/libmwmathcore.so
7fcf13f17000-7fcf14116000 ---p 000c3000 00:37 5814406                    /l/local/lang/matlab-R2012a/bin/glnxa64/libmwmathcore.so
7fcf14116000-7fcf1411b000 rw-p 000c2000 00:37 5814406                    /l/local/lang/matlab-R2012a/bin/glnxa64/libmwmathcore.so
7fcf1411b000-7fcf1411c000 rw-p 00000000 00:00 0 
7fcf1411c000-7fcf143a1000 r-xp 00000000 00:37 5814318                    /l/local/lang/matlab-R2012a/bin/glnxa64/libhdf5.so.6.0.5
7fcf143a1000-7fcf145a1000 ---p 00285000 00:37 5814318                    /l/local/lang/matlab-R2012a/bin/glnxa64/libhdf5.so.6.0.5
7fcf145a1000-7fcf145ac000 rw-p 00285000 00:37 5814318                    /l/local/lang/matlab-R2012a/bin/glnxa64/libhdf5.so.6.0.5
7fcf145ac000-7fcf145ad000 rw-p 00000000 00:00 0 
7fcf145ad000-7fcf145c8000 r-xp 00000000 00:37 5814319                    /l/local/lang/matlab-R2012a/bin/glnxa64/libhdf5_hl.so.6.0.5
7fcf145c8000-7fcf147c7000 ---p 0001b000 00:37 5814319                    /l/local/lang/matlab-R2012a/bin/glnxa64/libhdf5_hl.so.6.0.5
7fcf147c7000-7fcf147c8000 rw-p 0001a000 00:37 5814319                    /l/local/lang/matlab-R2012a/bin/glnxa64/libhdf5_hl.so.6.0.5
7fcf147c8000-7fcf147db000 rw-p 00000000 00:00 0 
7fcf147db000-7fcf14a5c000 r-xp 00000000 00:37 5913612                    /l/local/lang/matlab-R2012a/sys/os/glnxa64/libXm.so.3.0.2
7fcf14a5c000-7fcf14c5c000 ---p 00281000 00:37 5913612                    /l/local/lang/matlab-R2012a/sys/os/glnxa64/libXm.so.3.0.2
7fcf14c5c000-7fcf14c86000 rw-p 00281000 00:37 5913612                    /l/local/lang/matlab-R2012a/sys/os/glnxa64/libXm.so.3.0.2
7fcf14c86000-7fcf14c87000 rw-p 00000000 00:00 0 
7fcf14c87000-7fcf14c94000 r-xp 00000000 00:37 5814399                    /l/local/lang/matlab-R2012a/bin/glnxa64/libmwgbt.so
7fcf14c94000-7fcf14e94000 ---p 0000d000 00:37 5814399                    /l/local/lang/matlab-R2012a/bin/glnxa64/libmwgbt.so
7fcf14e94000-7fcf14e95000 rw-p 0000d000 00:37 5814399                    /l/local/lang/matlab-R2012a/bin/glnxa64/libmwgbt.so
7fcf14e95000-7fcf14e96000 rw-p 00000000 00:00 0 
7fcf14e96000-7fcf14ec7000 r-xp 00000000 00:37 5814373                    /l/local/lang/matlab-R2012a/bin/glnxa64/libmwgbtutils.so
7fcf14ec7000-7fcf150c6000 ---p 00031000 00:37 5814373                    /l/local/lang/matlab-R2012a/bin/glnxa64/libmwgbtutils.so
7fcf150c6000-7fcf150cc000 rw-p 00030000 00:37 5814373                    /l/local/lang/matlab-R2012a/bin/glnxa64/libmwgbtutils.so
7fcf150cc000-7fcf1517d000 r-xp 00000000 00:37 5814390                    /l/local/lang/matlab-R2012a/bin/glnxa64/libmwlapack.so
7fcf1517d000-7fcf1537c000 ---p 000b1000 00:37 5814390                    /l/local/lang/matlab-R2012a/bin/glnxa64/libmwlapack.so
7fcf1537c000-7fcf15386000 rw-p 000b0000 00:37 5814390                    /l/local/lang/matlab-R2012a/bin/glnxa64/libmwlapack.so
7fcf15386000-7fcf155d6000 r-xp 00000000 00:37 5814380                    /l/local/lang/matlab-R2012a/bin/glnxa64/libmwhgdatatypes.so
7fcf155d6000-7fcf157d5000 ---p 00250000 00:37 5814380                    /l/local/lang/matlab-R2012a/bin/glnxa64/libmwhgdatatypes.so
7fcf157d5000-7fcf157f2000 rw-p 0024f000 00:37 5814380                    /l/local/lang/matlab-R2012a/bin/glnxa64/libmwhgdatatypes.so
7fcf157f2000-7fcf157f4000 rw-p 00000000 00:00 0 
7fcf157f4000-7fcf15825000 r-xp 00000000 00:37 5814426                    /l/local/lang/matlab-R2012a/bin/glnxa64/libmwhardcopy.so
7fcf15825000-7fcf15a24000 ---p 00031000 00:37 5814426                    /l/local/lang/matlab-R2012a/bin/glnxa64/libmwhardcopy.so
7fcf15a24000-7fcf15a27000 rw-p 00030000 00:37 5814426                    /l/local/lang/matlab-R2012a/bin/glnxa64/libmwhardcopy.so
7fcf15a27000-7fcf15a37000 r-xp 00000000 00:37 5814403                    /l/local/lang/matlab-R2012a/bin/glnxa64/libmwgraphics_util.so
7fcf15a37000-7fcf15c36000 ---p 00010000 00:37 5814403                    /l/local/lang/matlab-R2012a/bin/glnxa64/libmwgraphics_util.so
7fcf15c36000-7fcf15c38000 rw-p 0000f000 00:37 5814403                    /l/local/lang/matlab-R2012a/bin/glnxa64/libmwgraphics_util.so
7fcf15c38000-7fcf15c39000 rw-p 00000000 00:00 0 
7fcf15c39000-7fcf15c4e000 r-xp 00000000 00:37 5814395                    /l/local/lang/matlab-R2012a/bin/glnxa64/libmwir_xfmr.so
7fcf15c4e000-7fcf15e4e000 ---p 00015000 00:37 5814395                    /l/local/lang/matlab-R2012a/bin/glnxa64/libmwir_xfmr.so
7fcf15e4e000-7fcf15e4f000 rw-p 00015000 00:37 5814395                    /l/local/lang/matlab-R2012a/bin/glnxa64/libmwir_xfmr.so
7fcf15e4f000-7fcf15e51000 rw-p 00000000 00:00 0 
7fcf15e51000-7fcf15ebc000 r-xp 00000000 00:37 5814381                    /l/local/lang/matlab-R2012a/bin/glnxa64/libmwspmatrix.so
7fcf15ebc000-7fcf160bc000 ---p 0006b000 00:37 5814381                    /l/local/lang/matlab-R2012a/bin/glnxa64/libmwspmatrix.so
7fcf160bc000-7fcf160bd000 rw-p 0006b000 00:37 5814381                    /l/local/lang/matlab-R2012a/bin/glnxa64/libmwspmatrix.so
7fcf160bd000-7fcf160be000 rw-p 00000000 00:00 0 
7fcf160be000-7fcf160e3000 r-xp 00000000 00:37 5814392                    /l/local/lang/matlab-R2012a/bin/glnxa64/libmwm_pcodegen.so
7fcf160e3000-7fcf162e3000 ---p 00025000 00:37 5814392                    /l/local/lang/matlab-R2012a/bin/glnxa64/libmwm_pcodegen.so
7fcf162e3000-7fcf162e5000 rw-p 00025000 00:37 5814392                    /l/local/lang/matlab-R2012a/bin/glnxa64/libmwm_pcodegen.so
7fcf162e5000-7fcf162fe000 r-xp 00000000 00:37 5814417                    /l/local/lang/matlab-R2012a/bin/glnxa64/libmwm_pcodeio.so
7fcf162fe000-7fcf164fd000 ---p 00019000 00:37 5814417                    /l/local/lang/matlab-R2012a/bin/glnxa64/libmwm_pcodeio.so
7fcf164fd000-7fcf164ff000 rw-p 00018000 00:37 5814417                    /l/local/lang/matlab-R2012a/bin/glnxa64/libmwm_pcodeio.so
7fcf164ff000-7fcf1650f000 r-xp 00000000 00:37 5814367                    /l/local/lang/matlab-R2012a/bin/glnxa64/libmwmlib.so
7fcf1650f000-7fcf1670f000 ---p 00010000 00:37 5814367                    /l/local/lang/matlab-R2012a/bin/glnxa64/libmwmlib.so
7fcf1670f000-7fcf16711000 rw-p 00010000 00:37 5814367                    /l/local/lang/matlab-R2012a/bin/glnxa64/libmwmlib.so
7fcf16711000-7fcf16712000 rw-p 00000000 00:00 0 
7fcf16712000-7fcf1673b000 r-xp 00000000 00:37 5814411                    /l/local/lang/matlab-R2012a/bin/glnxa64/libmwmathrng.so
7fcf1673b000-7fcf1693a000 ---p 00029000 00:37 5814411                    /l/local/lang/matlab-R2012a/bin/glnxa64/libmwmathrng.so
7fcf1693a000-7fcf1693c000 rw-p 00028000 00:37 5814411                    /l/local/lang/matlab-R2012a/bin/glnxa64/libmwmathrng.so
7fcf1693c000-7fcf1693e000 rw-p 00000000 00:00 0 
7fcf1693e000-7fcf169f3000 r-xp 00000000 00:37 5814382                    /l/local/lang/matlab-R2012a/bin/glnxa64/libmwmathutil.so
7fcf169f3000-7fcf16bf2000 ---p 000b5000 00:37 5814382                    /l/local/lang/matlab-R2012a/bin/glnxa64/libmwmathutil.so
7fcf16bf2000-7fcf16bf3000 rw-p 000b4000 00:37 5814382                    /l/local/lang/matlab-R2012a/bin/glnxa64/libmwmathutil.so
7fcf16bf3000-7fcf16c2f000 r-xp 00000000 00:37 5814424                    /l/local/lang/matlab-R2012a/bin/glnxa64/libmwprofiler.so
7fcf16c2f000-7fcf16e2e000 ---p 0003c000 00:37 5814424                    /l/local/lang/matlab-R2012a/bin/glnxa64/libmwprofiler.so
7fcf16e2e000-7fcf16e31000 rw-p 0003b000 00:37 5814424                    /l/local/lang/matlab-R2012a/bin/glnxa64/libmwprofiler.so
7fcf16e31000-7fcf16e32000 rw-p 00000000 00:00 0 
7fcf16e32000-7fcf16e7c000 r-xp 00000000 00:37 5814328                    /l/local/lang/matlab-R2012a/bin/glnxa64/libmat.so
7fcf16e7c000-7fcf1707c000 ---p 0004a000 00:37 5814328                    /l/local/lang/matlab-R2012a/bin/glnxa64/libmat.so
7fcf1707c000-7fcf17080000 rw-p 0004a000 00:37 5814328                    /l/local/lang/matlab-R2012a/bin/glnxa64/libmat.so
7fcf17080000-7fcf17438000 r-xp 00000000 00:37 5814364                    /l/local/lang/matlab-R2012a/bin/glnxa64/libxerces-c.so.27.0
7fcf17438000-7fcf17637000 ---p 003b8000 00:37 5814364                    /l/local/lang/matlab-R2012a/bin/glnxa64/libxerces-c.so.27.0
7fcf17637000-7fcf1767b000 rw-p 003b7000 00:37 5814364                    /l/local/lang/matlab-R2012a/bin/glnxa64/libxerces-c.so.27.0
7fcf1767b000-7fcf1767d000 rw-p 00000000 00:00 0 
7fcf1767d000-7fcf176ef000 r-xp 00000000 00:37 5814391                    /l/local/lang/matlab-R2012a/bin/glnxa64/libmwxmlcore.so
7fcf176ef000-7fcf178ee000 ---p 00072000 00:37 5814391                    /l/local/lang/matlab-R2012a/bin/glnxa64/libmwxmlcore.so
7fcf178ee000-7fcf178f6000 rw-p 00071000 00:37 5814391                    /l/local/lang/matlab-R2012a/bin/glnxa64/libmwxmlcore.so
7fcf178f6000-7fcf178f7000 rw-p 00000000 00:00 0 
7fcf178f7000-7fcf1790c000 r-xp 00000000 00:37 5814304                    /l/local/lang/matlab-R2012a/bin/glnxa64/libboost_iostreams.so.1.44.0
7fcf1790c000-7fcf17b0c000 ---p 00015000 00:37 5814304                    /l/local/lang/matlab-R2012a/bin/glnxa64/libboost_iostreams.so.1.44.0
7fcf17b0c000-7fcf17b0e000 rw-p 00015000 00:37 5814304                    /l/local/lang/matlab-R2012a/bin/glnxa64/libboost_iostreams.so.1.44.0
7fcf17b0e000-7fcf17b0f000 rw-p 00000000 00:00 0 
7fcf17b0f000-7fcf17c85000 r-xp 00000000 00:37 5814422                    /l/local/lang/matlab-R2012a/bin/glnxa64/libmwuix.so
7fcf17c85000-7fcf17e85000 ---p 00176000 00:37 5814422                    /l/local/lang/matlab-R2012a/bin/glnxa64/libmwuix.so
7fcf17e85000-7fcf17e9a000 rw-p 00176000 00:37 5814422                    /l/local/lang/matlab-R2012a/bin/glnxa64/libmwuix.so
7fcf17e9a000-7fcf17e9f000 rw-p 00000000 00:00 0 
7fcf17e9f000-7fcf17eff000 r-xp 00000000 00:37 5814402                    /l/local/lang/matlab-R2012a/bin/glnxa64/libmwm_ir.so
7fcf17eff000-7fcf180fe000 ---p 00060000 00:37 5814402                    /l/local/lang/matlab-R2012a/bin/glnxa64/libmwm_ir.so
7fcf180fe000-7fcf18107000 rw-p 0005f000 00:37 5814402                    /l/local/lang/matlab-R2012a/bin/glnxa64/libmwm_ir.so
7fcf18107000-7fcf1810c000 r-xp 00000000 00:37 5814423                    /l/local/lang/matlab-R2012a/bin/glnxa64/libmwuinone.so
7fcf1810c000-7fcf1830c000 ---p 00005000 00:37 5814423                    /l/local/lang/matlab-R2012a/bin/glnxa64/libmwuinone.so
7fcf1830c000-7fcf1830d000 rw-p 00005000 00:37 5814423                    /l/local/lang/matlab-R2012a/bin/glnxa64/libmwuinone.so
7fcf1830d000-7fcf1830e000 rw-p 00000000 00:00 0 
7fcf1830e000-7fcf183b7000 r-xp 00000000 00:37 5814428                    /l/local/lang/matlab-R2012a/bin/glnxa64/libmwudd_mi.so
7fcf183b7000-7fcf185b7000 ---p 000a9000 00:37 5814428                    /l/local/lang/matlab-R2012a/bin/glnxa64/libmwudd_mi.so
7fcf185b7000-7fcf185c3000 rw-p 000a9000 00:37 5814428                    /l/local/lang/matlab-R2012a/bin/glnxa64/libmwudd_mi.so
7fcf185c3000-7fcf185c4000 rw-p 00000000 00:00 0 
7fcf185c4000-7fcf18609000 r-xp 00000000 00:37 5814398                    /l/local/lang/matlab-R2012a/bin/glnxa64/libuij.so
7fcf18609000-7fcf18809000 ---p 00045000 00:37 5814398                    /l/local/lang/matlab-R2012a/bin/glnxa64/libuij.so
7fcf18809000-7fcf1880c000 rw-p 00045000 00:37 5814398                    /l/local/lang/matlab-R2012a/bin/glnxa64/libuij.so
7fcf1880c000-7fcf18925000 r-xp 00000000 00:37 5814407                    /l/local/lang/matlab-R2012a/bin/glnxa64/libmwhgutils.so
7fcf18925000-7fcf18b24000 ---p 00119000 00:37 5814407                    /l/local/lang/matlab-R2012a/bin/glnxa64/libmwhgutils.so
7fcf18b24000-7fcf18b3a000 rw-p 00118000 00:37 5814407                    /l/local/lang/matlab-R2012a/bin/glnxa64/libmwhgutils.so
7fcf18b3a000-7fcf18b3b000 rw-p 00000000 00:00 0 
7fcf18b3b000-7fcf1989a000 r-xp 00000000 00:37 5814366                    /l/local/lang/matlab-R2012a/bin/glnxa64/libmwhg.so
7fcf1989a000-7fcf19a99000 ---p 00d5f000 00:37 5814366                    /l/local/lang/matlab-R2012a/bin/glnxa64/libmwhg.so
7fcf19a99000-7fcf19baf000 rw-p 00d5e000 00:37 5814366                    /l/local/lang/matlab-R2012a/bin/glnxa64/libmwhg.so
7fcf19baf000-7fcf19bbc000 rw-p 00000000 00:00 0 
7fcf19bbc000-7fcf19cce000 r-xp 00000000 00:37 5814386                    /l/local/lang/matlab-R2012a/bin/glnxa64/libmwgui.so
7fcf19cce000-7fcf19ecd000 ---p 00112000 00:37 5814386                    /l/local/lang/matlab-R2012a/bin/glnxa64/libmwgui.so
7fcf19ecd000-7fcf19f09000 rw-p 00111000 00:37 5814386                    /l/local/lang/matlab-R2012a/bin/glnxa64/libmwgui.so
7fcf19f09000-7fcf19f0a000 rw-p 00000000 00:00 0 
7fcf19f0a000-7fcf1a179000 r-xp 00000000 00:37 5814408                    /l/local/lang/matlab-R2012a/bin/glnxa64/libmwmcos.so
7fcf1a179000-7fcf1a379000 ---p 0026f000 00:37 5814408                    /l/local/lang/matlab-R2012a/bin/glnxa64/libmwmcos.so
7fcf1a379000-7fcf1a3a3000 rw-p 0026f000 00:37 5814408                    /l/local/lang/matlab-R2012a/bin/glnxa64/libmwmcos.so
7fcf1a3a3000-7fcf1a3a4000 rw-p 00000000 00:00 0 
7fcf1a3a4000-7fcf1a3ab000 r-xp 00000000 00:37 5814393                    /l/local/lang/matlab-R2012a/bin/glnxa64/libmwmtok.so
7fcf1a3ab000-7fcf1a5ab000 ---p 00007000 00:37 5814393                    /l/local/lang/matlab-R2012a/bin/glnxa64/libmwmtok.so
7fcf1a5ab000-7fcf1a5ac000 rw-p 00007000 00:37 5814393                    /l/local/lang/matlab-R2012a/bin/glnxa64/libmwmtok.so
7fcf1a5ac000-7fcf1a631000 r-xp 00000000 00:37 5814371                    /l/local/lang/matlab-R2012a/bin/glnxa64/libmwmlint.so
7fcf1a631000-7fcf1a830000 ---p 00085000 00:37 5814371                    /l/local/lang/matlab-R2012a/bin/glnxa64/libmwmlint.so
7fcf1a830000-7fcf1a838000 rw-p 00084000 00:37 5814371                    /l/local/lang/matlab-R2012a/bin/glnxa64/libmwmlint.so
7fcf1a838000-7fcf1a83a000 rw-p 00000000 00:00 0 
7fcf1a83a000-7fcf1a91e000 r-xp 00000000 00:37 5814383                    /l/local/lang/matlab-R2012a/bin/glnxa64/libmwudd.so
7fcf1a91e000-7fcf1ab1e000 ---p 000e4000 00:37 5814383                    /l/local/lang/matlab-R2012a/bin/glnxa64/libmwudd.so
7fcf1ab1e000-7fcf1ab35000 rw-p 000e4000 00:37 5814383                    /l/local/lang/matlab-R2012a/bin/glnxa64/libmwudd.so
7fcf1ab35000-7fcf1ab38000 rw-p 00000000 00:00 0 
7fcf1ab38000-7fcf1ada4000 r-xp 00000000 00:37 5814387                    /l/local/lang/matlab-R2012a/bin/glnxa64/libmwm_parser.so
7fcf1ada4000-7fcf1afa4000 ---p 0026c000 00:37 5814387                    /l/local/lang/matlab-R2012a/bin/glnxa64/libmwm_parser.so
7fcf1afa4000-7fcf1b446000 rw-p 0026c000 00:37 5814387                    /l/local/lang/matlab-R2012a/bin/glnxa64/libmwm_parser.so
7fcf1b446000-7fcf1b466000 r-xp 00000000 00:37 5814415                    /l/local/lang/matlab-R2012a/bin/glnxa64/libmex.so
7fcf1b466000-7fcf1b666000 ---p 00020000 00:37 5814415                    /l/local/lang/matlab-R2012a/bin/glnxa64/libmex.so
7fcf1b666000-7fcf1b668000 rw-p 00020000 00:37 5814415                    /l/local/lang/matlab-R2012a/bin/glnxa64/libmex.so
7fcf1b668000-7fcf1b669000 rw-p 00000000 00:00 0 
7fcf1b669000-7fcf1b66a000 r-xp 00000000 00:37 5814333                    /l/local/lang/matlab-R2012a/bin/glnxa64/libmwnativejava_services.so
7fcf1b66a000-7fcf1b86a000 ---p 00001000 00:37 5814333                    /l/local/lang/matlab-R2012a/bin/glnxa64/libmwnativejava_services.so
7fcf1b86a000-7fcf1b86b000 rw-p 00001000 00:37 5814333                    /l/local/lang/matlab-R2012a/bin/glnxa64/libmwnativejava_services.so
7fcf1b86b000-7fcf1bbb8000 r-xp 00000000 00:37 5814369                    /l/local/lang/matlab-R2012a/bin/glnxa64/libmwiqm.so
7fcf1bbb8000-7fcf1bdb7000 ---p 0034d000 00:37 5814369                    /l/local/lang/matlab-R2012a/bin/glnxa64/libmwiqm.so
7fcf1bdb7000-7fcf1bddd000 rw-p 0034c000 00:37 5814369                    /l/local/lang/matlab-R2012a/bin/glnxa64/libmwiqm.so
7fcf1bddd000-7fcf1bde4000 rw-p 00000000 00:00 0 
7fcf1bde4000-7fcf1be53000 r-xp 00000000 00:37 5814294                    /l/local/lang/matlab-R2012a/bin/glnxa64/libboost_serialization.so.1.44.0
7fcf1be53000-7fcf1c053000 ---p 0006f000 00:37 5814294                    /l/local/lang/matlab-R2012a/bin/glnxa64/libboost_serialization.so.1.44.0
7fcf1c053000-7fcf1c057000 rw-p 0006f000 00:37 5814294                    /l/local/lang/matlab-R2012a/bin/glnxa64/libboost_serialization.so.1.44.0
7fcf1c057000-7fcf1c06a000 r-xp 00000000 00:37 5814341                    /l/local/lang/matlab-R2012a/bin/glnxa64/libmwMATLAB_settings_res.so
7fcf1c06a000-7fcf1c269000 ---p 00013000 00:37 5814341                    /l/local/lang/matlab-R2012a/bin/glnxa64/libmwMATLAB_settings_res.so
7fcf1c269000-7fcf1c26a000 rw-p 00012000 00:37 5814341                    /l/local/lang/matlab-R2012a/bin/glnxa64/libmwMATLAB_settings_res.so
7fcf1c26a000-7fcf1c26b000 rw-p 00000000 00:00 0 
7fcf1c26b000-7fcf1c27c000 r-xp 00000000 00:37 5814340                    /l/local/lang/matlab-R2012a/bin/glnxa64/libmwmfl_scalar.so
7fcf1c27c000-7fcf1c47b000 ---p 00011000 00:37 5814340                    /l/local/lang/matlab-R2012a/bin/glnxa64/libmwmfl_scalar.so
7fcf1c47b000-7fcf1c47c000 rw-p 00010000 00:37 5814340                    /l/local/lang/matlab-R2012a/bin/glnxa64/libmwmfl_scalar.so
7fcf1c47c000-7fcf1c902000 r-xp 00000000 00:37 5814376                    /l/local/lang/matlab-R2012a/bin/glnxa64/libmwmlutil.so
7fcf1c902000-7fcf1cb01000 ---p 00486000 00:37 5814376                    /l/local/lang/matlab-R2012a/bin/glnxa64/libmwmlutil.so
7fcf1cb01000-7fcf1cb2e000 rw-p 00485000 00:37 5814376                    /l/local/lang/matlab-R2012a/bin/glnxa64/libmwmlutil.so
7fcf1cb2e000-7fcf1cb3c000 rw-p 00000000 00:00 0 
7fcf1cb3c000-7fcf1cb4f000 r-xp 00000000 00:37 5814296                    /l/local/lang/matlab-R2012a/bin/glnxa64/libboost_signals.so.1.44.0
7fcf1cb4f000-7fcf1cd4e000 ---p 00013000 00:37 5814296                    /l/local/lang/matlab-R2012a/bin/glnxa64/libboost_signals.so.1.44.0
7fcf1cd4e000-7fcf1cd4f000 rw-p 00012000 00:37 5814296                    /l/local/lang/matlab-R2012a/bin/glnxa64/libboost_signals.so.1.44.0
7fcf1cd4f000-7fcf1ce55000 r-xp 00000000 00:37 5814295                    /l/local/lang/matlab-R2012a/bin/glnxa64/libboost_regex.so.1.44.0
7fcf1ce55000-7fcf1d055000 ---p 00106000 00:37 5814295                    /l/local/lang/matlab-R2012a/bin/glnxa64/libboost_regex.so.1.44.0
7fcf1d055000-7fcf1d05c000 rw-p 00106000 00:37 5814295                    /l/local/lang/matlab-R2012a/bin/glnxa64/libboost_regex.so.1.44.0
7fcf1d05c000-7fcf1d07d000 r-xp 00000000 00:37 5814297                    /l/local/lang/matlab-R2012a/bin/glnxa64/libboost_filesystem.so.1.44.0
7fcf1d07d000-7fcf1d27c000 ---p 00021000 00:37 5814297                    /l/local/lang/matlab-R2012a/bin/glnxa64/libboost_filesystem.so.1.44.0
7fcf1d27c000-7fcf1d27e000 rw-p 00020000 00:37 5814297                    /l/local/lang/matlab-R2012a/bin/glnxa64/libboost_filesystem.so.1.44.0
7fcf1d27e000-7fcf1d27f000 rw-p 00000000 00:00 0 
7fcf1d27f000-7fcf1d56f000 r-xp 00000000 00:37 5814324                    /l/local/lang/matlab-R2012a/bin/glnxa64/libmwMATLAB_res.so
7fcf1d56f000-7fcf1d76e000 ---p 002f0000 00:37 5814324                    /l/local/lang/matlab-R2012a/bin/glnxa64/libmwMATLAB_res.so
7fcf1d76e000-7fcf1d770000 rw-p 002ef000 00:37 5814324                    /l/local/lang/matlab-R2012a/bin/glnxa64/libmwMATLAB_res.so
7fcf1d770000-7fcf1d77b000 rw-p 00000000 00:00 0 
7fcf1d77b000-7fcf1d77d000 r-xp 00000000 00:37 5814323                    /l/local/lang/matlab-R2012a/bin/glnxa64/libmwresource_core.so
7fcf1d77d000-7fcf1d97c000 ---p 00002000 00:37 5814323                    /l/local/lang/matlab-R2012a/bin/glnxa64/libmwresource_core.so
7fcf1d97c000-7fcf1d97d000 rw-p 00001000 00:37 5814323                    /l/local/lang/matlab-R2012a/bin/glnxa64/libmwresource_core.so
7fcf1d97d000-7fcf1d97e000 rw-p 00000000 00:00 0 
7fcf1d97e000-7fcf1d998000 r-xp 00000000 00:37 5814322                    /l/local/lang/matlab-R2012a/bin/glnxa64/libtbbmalloc.so.2
7fcf1d998000-7fcf1da97000 ---p 0001a000 00:37 5814322                    /l/local/lang/matlab-R2012a/bin/glnxa64/libtbbmalloc.so.2
7fcf1da97000-7fcf1da9a000 rw-p 00019000 00:37 5814322                    /l/local/lang/matlab-R2012a/bin/glnxa64/libtbbmalloc.so.2
7fcf1da9a000-7fcf1daa7000 rw-p 00000000 00:00 0 
7fcf1daa7000-7fcf1dae1000 r-xp 00000000 00:37 5814321                    /l/local/lang/matlab-R2012a/bin/glnxa64/libtbb.so.2
7fcf1dae1000-7fcf1dbe1000 ---p 0003a000 00:37 5814321                    /l/local/lang/matlab-R2012a/bin/glnxa64/libtbb.so.2
7fcf1dbe1000-7fcf1dbe5000 rw-p 0003a000 00:37 5814321                    /l/local/lang/matlab-R2012a/bin/glnxa64/libtbb.so.2
7fcf1dbe5000-7fcf1dbe6000 rw-p 00000000 00:00 0 
7fcf1dbe6000-7fcf1dbf1000 r-xp 00000000 00:37 5814292                    /l/local/lang/matlab-R2012a/bin/glnxa64/libicuio.so.44.2
7fcf1dbf1000-7fcf1ddf1000 ---p 0000b000 00:37 5814292                    /l/local/lang/matlab-R2012a/bin/glnxa64/libicuio.so.44.2
7fcf1ddf1000-7fcf1ddf3000 rw-p 0000b000 00:37 5814292                    /l/local/lang/matlab-R2012a/bin/glnxa64/libicuio.so.44.2
7fcf1ddf3000-7fcf1ddf4000 rw-p 00000000 00:00 0 
7fcf1ddf4000-7fcf1dfe6000 r-xp 00000000 00:37 5814288                    /l/local/lang/matlab-R2012a/bin/glnxa64/libicui18n.so.44.2
7fcf1dfe6000-7fcf1e1e5000 ---p 001f2000 00:37 5814288                    /l/local/lang/matlab-R2012a/bin/glnxa64/libicui18n.so.44.2
7fcf1e1e5000-7fcf1e1f1000 rw-p 001f1000 00:37 5814288                    /l/local/lang/matlab-R2012a/bin/glnxa64/libicui18n.so.44.2
7fcf1e1f1000-7fcf1e342000 r-xp 00000000 00:37 5814286                    /l/local/lang/matlab-R2012a/bin/glnxa64/libicuuc.so.44.2
7fcf1e342000-7fcf1e542000 ---p 00151000 00:37 5814286                    /l/local/lang/matlab-R2012a/bin/glnxa64/libicuuc.so.44.2
7fcf1e542000-7fcf1e552000 rw-p 00151000 00:37 5814286                    /l/local/lang/matlab-R2012a/bin/glnxa64/libicuuc.so.44.2
7fcf1e552000-7fcf1e555000 rw-p 00000000 00:00 0 
7fcf1e555000-7fcf1f395000 r--p 00000000 00:37 5814287                    /l/local/lang/matlab-R2012a/bin/glnxa64/libicudata.so.44.2
7fcf1f395000-7fcf1f594000 ---p 00e40000 00:37 5814287                    /l/local/lang/matlab-R2012a/bin/glnxa64/libicudata.so.44.2
7fcf1f594000-7fcf1f595000 rw-p 00e3f000 00:37 5814287                    /l/local/lang/matlab-R2012a/bin/glnxa64/libicudata.so.44.2
7fcf1f595000-7fcf1f596000 rw-p 00000000 00:00 0 
7fcf1f596000-7fcf1f5bc000 r-xp 00000000 00:37 5814315                    /l/local/lang/matlab-R2012a/bin/glnxa64/libexpat.so.1.5.0
7fcf1f5bc000-7fcf1f7bb000 ---p 00026000 00:37 5814315                    /l/local/lang/matlab-R2012a/bin/glnxa64/libexpat.so.1.5.0
7fcf1f7bb000-7fcf1f7be000 rw-p 00025000 00:37 5814315                    /l/local/lang/matlab-R2012a/bin/glnxa64/libexpat.so.1.5.0
7fcf1f7be000-7fcf1f7d4000 r-xp 00000000 00:37 5814299                    /l/local/lang/matlab-R2012a/bin/glnxa64/libboost_thread.so.1.44.0
7fcf1f7d4000-7fcf1f9d3000 ---p 00016000 00:37 5814299                    /l/local/lang/matlab-R2012a/bin/glnxa64/libboost_thread.so.1.44.0
7fcf1f9d3000-7fcf1f9d5000 rw-p 00015000 00:37 5814299                    /l/local/lang/matlab-R2012a/bin/glnxa64/libboost_thread.so.1.44.0
7fcf1f9d5000-7fcf1f9d7000 r-xp 00000000 00:37 5814303                    /l/local/lang/matlab-R2012a/bin/glnxa64/libboost_system.so.1.44.0
7fcf1f9d7000-7fcf1fbd7000 ---p 00002000 00:37 5814303                    /l/local/lang/matlab-R2012a/bin/glnxa64/libboost_system.so.1.44.0
7fcf1fbd7000-7fcf1fbd8000 rw-p 00002000 00:37 5814303                    /l/local/lang/matlab-R2012a/bin/glnxa64/libboost_system.so.1.44.0
7fcf1fbd8000-7fcf1fbd9000 rw-p 00000000 00:00 0 
7fcf1fbd9000-7fcf1fbea000 r-xp 00000000 00:37 5814306                    /l/local/lang/matlab-R2012a/bin/glnxa64/libboost_date_time.so.1.44.0
7fcf1fbea000-7fcf1fde9000 ---p 00011000 00:37 5814306                    /l/local/lang/matlab-R2012a/bin/glnxa64/libboost_date_time.so.1.44.0
7fcf1fde9000-7fcf1fdeb000 rw-p 00010000 00:37 5814306                    /l/local/lang/matlab-R2012a/bin/glnxa64/libboost_date_time.so.1.44.0
7fcf1fdeb000-7fcf1fdec000 rw-p 00000000 00:00 0 
7fcf1fdec000-7fcf1fe02000 r-xp 00000000 00:37 5815003                    /l/local/lang/matlab-R2012a/bin/glnxa64/libgcc_s.so.1
7fcf1fe02000-7fcf20001000 ---p 00016000 00:37 5815003                    /l/local/lang/matlab-R2012a/bin/glnxa64/libgcc_s.so.1
7fcf20001000-7fcf20002000 rw-p 00015000 00:37 5815003                    /l/local/lang/matlab-R2012a/bin/glnxa64/libgcc_s.so.1
7fcf20002000-7fcf20003000 rw-p 00000000 00:00 0 
7fcf2000a000-7fcf2002a000 rw-p 00000000 00:00 0 
7fcf2002a000-7fcf20031000 r--s 00000000 08:01 997420                     /usr/lib64/gconv/gconv-modules.cache
7fcf20031000-7fcf20122000 r-xp 00000000 00:37 5815004                    /l/local/lang/matlab-R2012a/bin/glnxa64/libstdc++.so.6.0.13
7fcf20122000-7fcf20322000 ---p 000f1000 00:37 5815004                    /l/local/lang/matlab-R2012a/bin/glnxa64/libstdc++.so.6.0.13
7fcf20322000-7fcf20329000 r--p 000f1000 00:37 5815004                    /l/local/lang/matlab-R2012a/bin/glnxa64/libstdc++.so.6.0.13
7fcf20329000-7fcf2032b000 rw-p 000f8000 00:37 5815004                    /l/local/lang/matlab-R2012a/bin/glnxa64/libstdc++.so.6.0.13
7fcf2032b000-7fcf20340000 rw-p 00000000 00:00 0 
7fcf20340000-7fcf203cf000 r-xp 00000000 00:37 5814330                    /l/local/lang/matlab-R2012a/bin/glnxa64/libmwi18n.so
7fcf203cf000-7fcf205ce000 ---p 0008f000 00:37 5814330                    /l/local/lang/matlab-R2012a/bin/glnxa64/libmwi18n.so
7fcf205ce000-7fcf205d4000 rw-p 0008e000 00:37 5814330                    /l/local/lang/matlab-R2012a/bin/glnxa64/libmwi18n.so
7fcf205d4000-7fcf205d5000 rw-p 00000000 00:00 0 
7fcf205d5000-7fcf20b09000 r-xp 00000000 00:37 5814419                    /l/local/lang/matlab-R2012a/bin/glnxa64/libmwm_interpreter.so
7fcf20b09000-7fcf20d08000 ---p 00534000 00:37 5814419                    /l/local/lang/matlab-R2012a/bin/glnxa64/libmwm_interpreter.so
7fcf20d08000-7fcf20de5000 rw-p 00533000 00:37 5814419                    /l/local/lang/matlab-R2012a/bin/glnxa64/libmwm_interpreter.so
7fcf20de5000-7fcf20e7f000 rw-p 00000000 00:00 0 
7fcf20e7f000-7fcf20f14000 r-xp 00000000 00:37 5814416                    /l/local/lang/matlab-R2012a/bin/glnxa64/libmwm_dispatcher.so
7fcf20f14000-7fcf21113000 ---p 00095000 00:37 5814416                    /l/local/lang/matlab-R2012a/bin/glnxa64/libmwm_dispatcher.so
7fcf21113000-7fcf2111a000 rw-p 00094000 00:37 5814416                    /l/local/lang/matlab-R2012a/bin/glnxa64/libmwm_dispatcher.so
7fcf2111a000-7fcf21284000 r-xp 00000000 00:37 5814378                    /l/local/lang/matlab-R2012a/bin/glnxa64/libmwmcr.so
7fcf21284000-7fcf21484000 ---p 0016a000 00:37 5814378                    /l/local/lang/matlab-R2012a/bin/glnxa64/libmwmcr.so
7fcf21484000-7fcf21496000 rw-p 0016a000 00:37 5814378                    /l/local/lang/matlab-R2012a/bin/glnxa64/libmwmcr.so
7fcf21496000-7fcf2149a000 rw-p 00000000 00:00 0 
7fcf2149a000-7fcf214cc000 r-xp 00000000 00:37 5814385                    /l/local/lang/matlab-R2012a/bin/glnxa64/libmwbridge.so
7fcf214cc000-7fcf216cc000 ---p 00032000 00:37 5814385                    /l/local/lang/matlab-R2012a/bin/glnxa64/libmwbridge.so
7fcf216cc000-7fcf216cf000 rw-p 00032000 00:37 5814385                    /l/local/lang/matlab-R2012a/bin/glnxa64/libmwbridge.so
7fcf216cf000-7fcf216d5000 rw-p 00000000 00:00 0 
7fcf216d5000-7fcf21775000 r-xp 00000000 00:37 5814370                    /l/local/lang/matlab-R2012a/bin/glnxa64/libmwjmi.so
7fcf21775000-7fcf21974000 ---p 000a0000 00:37 5814370                    /l/local/lang/matlab-R2012a/bin/glnxa64/libmwjmi.so
7fcf21974000-7fcf2197c000 rw-p 0009f000 00:37 5814370                    /l/local/lang/matlab-R2012a/bin/glnxa64/libmwjmi.so
7fcf2197c000-7fcf2197d000 rw-p 00000000 00:00 0 
7fcf2197d000-7fcf21beb000 r-xp 00000000 00:37 5814410                    /l/local/lang/matlab-R2012a/bin/glnxa64/libmwservices.so
7fcf21beb000-7fcf21dea000 ---p 0026e000 00:37 5814410                    /l/local/lang/matlab-R2012a/bin/glnxa64/libmwservices.so
7fcf21dea000-7fcf21e01000 rw-p 0026d000 00:37 5814410                    /l/local/lang/matlab-R2012a/bin/glnxa64/libmwservices.so
7fcf21e01000-7fcf21e10000 rw-p 00000000 00:00 0 
7fcf21e10000-7fcf21e4d000 r-xp 00000000 00:37 5814374                    /l/local/lang/matlab-R2012a/bin/glnxa64/libmwmpath.so
7fcf21e4d000-7fcf2204d000 ---p 0003d000 00:37 5814374                    /l/local/lang/matlab-R2012a/bin/glnxa64/libmwmpath.so
7fcf2204d000-7fcf22050000 rw-p 0003d000 00:37 5814374                    /l/local/lang/matlab-R2012a/bin/glnxa64/libmwmpath.so
7fcf22050000-7fcf22053000 rw-p 00000000 00:00 0 
7fcf22053000-7fcf22109000 r-xp 00000000 00:37 5814326                    /l/local/lang/matlab-R2012a/bin/glnxa64/libmx.so
7fcf22109000-7fcf22308000 ---p 000b6000 00:37 5814326                    /l/local/lang/matlab-R2012a/bin/glnxa64/libmx.so
7fcf22308000-7fcf2230d000 rw-p 000b5000 00:37 5814326                    /l/local/lang/matlab-R2012a/bin/glnxa64/libmx.so
7fcf2230d000-7fcf223eb000 r-xp 00000000 00:37 5814331                    /l/local/lang/matlab-R2012a/bin/glnxa64/libmwfl.so
7fcf223eb000-7fcf225ea000 ---p 000de000 00:37 5814331                    /l/local/lang/matlab-R2012a/bin/glnxa64/libmwfl.so
7fcf225ea000-7fcf225f4000 rw-p 000dd000 00:37 5814331                    /l/local/lang/matlab-R2012a/bin/glnxa64/libmwfl.so
7fcf225f4000-7fcf22605000 rw-p 00000000 00:00 0 
7fcf22605000-7fcf226db000 r-xp 00000000 00:37 5814325                    /l/local/lang/matlab-R2012a/bin/glnxa64/libut.so
7fcf226db000-7fcf228db000 ---p 000d6000 00:37 5814325                    /l/local/lang/matlab-R2012a/bin/glnxa64/libut.so
7fcf228db000-7fcf228e7000 rw-p 000d6000 00:37 5814325                    /l/local/lang/matlab-R2012a/bin/glnxa64/libut.so
7fcf228e7000-7fcf228fa000 rw-p 00000000 00:00 0 
7fffe9b1c000-7fffe9b2f000 rwxp 00000000 00:00 0                          [stack]
7fffe9b2f000-7fffe9b32000 rw-p 00000000 00:00 0 
7fffe9bff000-7fffe9c00000 r-xp 00000000 00:00 0                          [vdso]
ffffffffff600000-ffffffffff601000 r-xp 00000000 00:00 0                  [vsyscall]

VM Arguments:
jvm_args: -Xms64m -XX:NewRatio=3 -XX:MaxPermSize=128m -Xmx196m -XX:MaxDirectMemorySize=2147400000 -XX:+AllowUserSignalHandlers -Xrs -Dsun.awt.disableMixing=true -Djava.library.path=/l/local/lang/matlab-R2012a/bin/glnxa64 vfprintf abort -Djava.awt.headless=true -Duser.language=en -Duser.country=US -Dfile.encoding=UTF-8 
java_command: <unknown>
Launcher Type: generic

Environment Variables:
PATH=/n/shokuji/dc/edg/bin:/usr/local/bin:/usr/bin:/bin:/u/metanet/clustering/treetagger/cmd:/u/metanet/clustering/treetagger/bin
LD_LIBRARY_PATH=/l/local/lang/matlab-R2012a/sys/os/glnxa64:/l/local/lang/matlab-R2012a/bin/glnxa64:/l/local/lang/matlab-R2012a/extern/lib/glnxa64:/l/local/lang/matlab-R2012a/runtime/glnxa64:/l/local/lang/matlab-R2012a/sys/java/jre/glnxa64/jre/lib/amd64/native_threads:/l/local/lang/matlab-R2012a/sys/java/jre/glnxa64/jre/lib/amd64/server:/l/local/lang/matlab-R2012a/sys/java/jre/glnxa64/jre/lib/amd64
SHELL=/bin/tcsh
DISPLAY=
HOSTTYPE=x86_64-linux
OSTYPE=linux
ARCH=glnxa64
MACHTYPE=x86_64

Signal Handlers:
SIGSEGV: [libjvm.so+0x6bddc0], sa_mask[0]=0x7ffbfeff, sa_flags=0x10000004
SIGBUS: [libjvm.so+0x6bddc0], sa_mask[0]=0x7ffbfeff, sa_flags=0x10000004
SIGFPE: [libjvm.so+0x594f90], sa_mask[0]=0x7ffbfeff, sa_flags=0x10000004
SIGPIPE: [libjvm.so+0x594f90], sa_mask[0]=0x7ffbfeff, sa_flags=0x10000004
SIGXFSZ: [libjvm.so+0x594f90], sa_mask[0]=0x7ffbfeff, sa_flags=0x10000004
SIGILL: [libjvm.so+0x594f90], sa_mask[0]=0x7ffbfeff, sa_flags=0x10000004
SIGUSR1: SIG_DFL, sa_mask[0]=0x00000000, sa_flags=0x00000000
SIGUSR2: [libjvm.so+0x597750], sa_mask[0]=0x08080002, sa_flags=0x10000004
SIGHUP: SIG_DFL, sa_mask[0]=0x00000000, sa_flags=0x00000000
SIGINT: SIG_DFL, sa_mask[0]=0x00000000, sa_flags=0x00000000
SIGTERM: SIG_DFL, sa_mask[0]=0x00000000, sa_flags=0x00000000
SIGQUIT: [libmwmcr.so+0x131430], sa_mask[0]=0x08080002, sa_flags=0x00000004


---------------  S Y S T E M  ---------------

OS:Red Hat Enterprise Linux Workstation release 6.6 (Santiago)

uname:Linux 2.6.32-504.el6.x86_64 #1 SMP Tue Sep 16 01:56:35 EDT 2014 x86_64
libc:glibc 2.12 NPTL 2.12 
rlimit: STACK 10240k, CORE 0k, NPROC 1024, NOFILE 4096, AS infinity
load average:2.85 0.60 0.19

CPU:total 48 (16 cores per cpu, 2 threads per core) family 6 model 62 stepping 4, cmov, cx8, fxsr, mmx, sse, sse2, sse3, ssse3, sse4.1, sse4.2, ht

Memory: 4k page, physical 198306240k(188422156k free), swap 16777212k(16777212k free)

vm_info: Java HotSpot(TM) 64-Bit Server VM (14.3-b01) for linux-amd64 JRE (1.6.0_17-b04), built on Oct 11 2009 01:08:48 by "java_re" with gcc 3.2.2 (SuSE Linux)

time: Sat Feb  7 12:25:03 2015
elapsed time: 0 seconds

