#
# A fatal error has been detected by the Java Runtime Environment:
#
# java.lang.OutOfMemoryError: Cannot create GC thread. Out of system resources.
#
#  Internal Error (gcTaskThread.cpp:38), pid=41862, tid=140269870675712
#  Error: Cannot create GC thread. Out of system resources.
#
# JRE version: 6.0_17-b04
# Java VM: Java HotSpot(TM) 64-Bit Server VM (14.3-b01 mixed mode linux-amd64 )
# If you would like to submit a bug report, please visit:
#   http://java.sun.com/webapps/bugreport/crash.jsp
#

---------------  T H R E A D  ---------------

Current thread (0x00007f93104a3000):  JavaThread "Unknown thread" [_thread_in_vm, id=44017, stack(0x00007f931f307000,0x00007f931fd08000)]

Stack: [0x00007f931f307000,0x00007f931fd08000],  sp=0x00007f931fd05cd0,  free space=10235k
Native frames: (J=compiled Java code, j=interpreted, Vv=VM code, C=native code)
V  [libjvm.so+0x6bd1ef]
V  [libjvm.so+0x2be6c8]
V  [libjvm.so+0x33a2fd]
V  [libjvm.so+0x338e3e]
V  [libjvm.so+0x338bd3]
V  [libjvm.so+0x5a87c7]
V  [libjvm.so+0x697695]
V  [libjvm.so+0x69732a]
V  [libjvm.so+0x377cd0]
V  [libjvm.so+0x67f5af]
V  [libjvm.so+0x3def30]
C  [libmwjmi.so+0x6e029]  _Z9InitSunVMN5boost8optionalIKSt6vectorISsSaISsEEEE+0x1129
C  [libmwjmi.so+0x6eb5f]
C  [libmwjmi.so+0x6eca9]
C  [libmwjmi.so+0x5ceb1]  _Z7mljInitv+0x21
C  [libmwmcr.so+0x106205]
C  [libmwmcr.so+0xf8bf4]
C  [libmwmcr.so+0xf8d97]


---------------  P R O C E S S  ---------------

Java Threads: ( => current thread )

Other Threads:

=>0x00007f93104a3000 (exited) JavaThread "Unknown thread" [_thread_in_vm, id=44017, stack(0x00007f931f307000,0x00007f931fd08000)]

VM state:not at safepoint (not fully initialized)

VM Mutex/Monitor currently owned by a thread: None

Dynamic libraries:
00400000-00406000 r-xp 00000000 00:37 5814541                            /l/local/lang/matlab-R2012a/bin/glnxa64/MATLAB
00606000-00607000 rw-p 00006000 00:37 5814541                            /l/local/lang/matlab-R2012a/bin/glnxa64/MATLAB
02566000-026d4000 rw-p 00000000 00:00 0                                  [heap]
393bc00000-393bc20000 r-xp 00000000 08:01 786466                         /lib64/ld-2.12.so
393be1f000-393be20000 r--p 0001f000 08:01 786466                         /lib64/ld-2.12.so
393be20000-393be21000 rw-p 00020000 08:01 786466                         /lib64/ld-2.12.so
393be21000-393be22000 rw-p 00000000 00:00 0 
393c000000-393c18a000 r-xp 00000000 08:01 809581                         /lib64/libc-2.12.so
393c18a000-393c38a000 ---p 0018a000 08:01 809581                         /lib64/libc-2.12.so
393c38a000-393c38e000 r--p 0018a000 08:01 809581                         /lib64/libc-2.12.so
393c38e000-393c38f000 rw-p 0018e000 08:01 809581                         /lib64/libc-2.12.so
393c38f000-393c394000 rw-p 00000000 00:00 0 
393c400000-393c417000 r-xp 00000000 08:01 809586                         /lib64/libpthread-2.12.so
393c417000-393c617000 ---p 00017000 08:01 809586                         /lib64/libpthread-2.12.so
393c617000-393c618000 r--p 00017000 08:01 809586                         /lib64/libpthread-2.12.so
393c618000-393c619000 rw-p 00018000 08:01 809586                         /lib64/libpthread-2.12.so
393c619000-393c61d000 rw-p 00000000 00:00 0 
393c800000-393c883000 r-xp 00000000 08:01 809582                         /lib64/libm-2.12.so
393c883000-393ca82000 ---p 00083000 08:01 809582                         /lib64/libm-2.12.so
393ca82000-393ca83000 r--p 00082000 08:01 809582                         /lib64/libm-2.12.so
393ca83000-393ca84000 rw-p 00083000 08:01 809582                         /lib64/libm-2.12.so
393cc00000-393cc02000 r-xp 00000000 08:01 809588                         /lib64/libdl-2.12.so
393cc02000-393ce02000 ---p 00002000 08:01 809588                         /lib64/libdl-2.12.so
393ce02000-393ce03000 r--p 00002000 08:01 809588                         /lib64/libdl-2.12.so
393ce03000-393ce04000 rw-p 00003000 08:01 809588                         /lib64/libdl-2.12.so
393d000000-393d015000 r-xp 00000000 08:01 809583                         /lib64/libz.so.1.2.3
393d015000-393d214000 ---p 00015000 08:01 809583                         /lib64/libz.so.1.2.3
393d214000-393d215000 r--p 00014000 08:01 809583                         /lib64/libz.so.1.2.3
393d215000-393d216000 rw-p 00015000 08:01 809583                         /lib64/libz.so.1.2.3
393d400000-393d407000 r-xp 00000000 08:01 809600                         /lib64/librt-2.12.so
393d407000-393d606000 ---p 00007000 08:01 809600                         /lib64/librt-2.12.so
393d606000-393d607000 r--p 00006000 08:01 809600                         /lib64/librt-2.12.so
393d607000-393d608000 rw-p 00007000 08:01 809600                         /lib64/librt-2.12.so
393e400000-393e402000 r-xp 00000000 08:01 918911                         /usr/lib64/libXau.so.6.0.0
393e402000-393e602000 ---p 00002000 08:01 918911                         /usr/lib64/libXau.so.6.0.0
393e602000-393e603000 rw-p 00002000 08:01 918911                         /usr/lib64/libXau.so.6.0.0
393ec00000-393ec1d000 r-xp 00000000 08:01 933788                         /usr/lib64/libxcb.so.1.1.0
393ec1d000-393ee1d000 ---p 0001d000 08:01 933788                         /usr/lib64/libxcb.so.1.1.0
393ee1d000-393ee1e000 rw-p 0001d000 08:01 933788                         /usr/lib64/libxcb.so.1.1.0
393f000000-393f137000 r-xp 00000000 08:01 919430                         /usr/lib64/libX11.so.6.3.0
393f137000-393f337000 ---p 00137000 08:01 919430                         /usr/lib64/libX11.so.6.3.0
393f337000-393f33d000 rw-p 00137000 08:01 919430                         /usr/lib64/libX11.so.6.3.0
393fc00000-393fc11000 r-xp 00000000 08:01 920573                         /usr/lib64/libXext.so.6.4.0
393fc11000-393fe11000 ---p 00011000 08:01 920573                         /usr/lib64/libXext.so.6.4.0
393fe11000-393fe12000 rw-p 00011000 08:01 920573                         /usr/lib64/libXext.so.6.4.0
3943000000-3943004000 r-xp 00000000 08:01 809593                         /lib64/libuuid.so.1.3.0
3943004000-3943203000 ---p 00004000 08:01 809593                         /lib64/libuuid.so.1.3.0
3943203000-3943204000 rw-p 00003000 08:01 809593                         /lib64/libuuid.so.1.3.0
3943800000-3943817000 r-xp 00000000 08:01 920577                         /usr/lib64/libICE.so.6.3.0
3943817000-3943a17000 ---p 00017000 08:01 920577                         /usr/lib64/libICE.so.6.3.0
3943a17000-3943a18000 rw-p 00017000 08:01 920577                         /usr/lib64/libICE.so.6.3.0
3943a18000-3943a1c000 rw-p 00000000 00:00 0 
3943c00000-3943c07000 r-xp 00000000 08:01 920644                         /usr/lib64/libSM.so.6.0.1
3943c07000-3943e07000 ---p 00007000 08:01 920644                         /usr/lib64/libSM.so.6.0.1
3943e07000-3943e08000 rw-p 00007000 08:01 920644                         /usr/lib64/libSM.so.6.0.1
3946000000-3946018000 r-xp 00000000 08:01 919461                         /usr/lib64/libXmu.so.6.2.0
3946018000-3946218000 ---p 00018000 08:01 919461                         /usr/lib64/libXmu.so.6.2.0
3946218000-394621a000 rw-p 00018000 08:01 919461                         /usr/lib64/libXmu.so.6.2.0
394ac00000-394ac1d000 r-xp 00000000 08:01 809594                         /lib64/libtinfo.so.5.7
394ac1d000-394ae1d000 ---p 0001d000 08:01 809594                         /lib64/libtinfo.so.5.7
394ae1d000-394ae21000 rw-p 0001d000 08:01 809594                         /lib64/libtinfo.so.5.7
394c200000-394c207000 r-xp 00000000 08:01 809615                         /lib64/libcrypt-2.12.so
394c207000-394c407000 ---p 00007000 08:01 809615                         /lib64/libcrypt-2.12.so
394c407000-394c408000 r--p 00007000 08:01 809615                         /lib64/libcrypt-2.12.so
394c408000-394c409000 rw-p 00008000 08:01 809615                         /lib64/libcrypt-2.12.so
394c409000-394c437000 rw-p 00000000 00:00 0 
394c600000-394c673000 r-xp 00000000 08:01 809614                         /lib64/libfreebl3.so
394c673000-394c872000 ---p 00073000 08:01 809614                         /lib64/libfreebl3.so
394c872000-394c874000 r--p 00072000 08:01 809614                         /lib64/libfreebl3.so
394c874000-394c875000 rw-p 00074000 08:01 809614                         /lib64/libfreebl3.so
394c875000-394c879000 rw-p 00000000 00:00 0 
394ce00000-394ce16000 r-xp 00000000 08:01 809621                         /lib64/libnsl-2.12.so
394ce16000-394d015000 ---p 00016000 08:01 809621                         /lib64/libnsl-2.12.so
394d015000-394d016000 r--p 00015000 08:01 809621                         /lib64/libnsl-2.12.so
394d016000-394d017000 rw-p 00016000 08:01 809621                         /lib64/libnsl-2.12.so
394d017000-394d019000 rw-p 00000000 00:00 0 
394d200000-394d222000 r-xp 00000000 08:01 809595                         /lib64/libncurses.so.5.7
394d222000-394d421000 ---p 00022000 08:01 809595                         /lib64/libncurses.so.5.7
394d421000-394d422000 rw-p 00021000 08:01 809595                         /lib64/libncurses.so.5.7
3950800000-395085f000 r-xp 00000000 08:01 919305                         /usr/lib64/libXt.so.6.0.0
395085f000-3950a5e000 ---p 0005f000 08:01 919305                         /usr/lib64/libXt.so.6.0.0
3950a5e000-3950a64000 rw-p 0005e000 08:01 919305                         /usr/lib64/libXt.so.6.0.0
3950a64000-3950a65000 rw-p 00000000 00:00 0 
7f9294000000-7f9294021000 rw-p 00000000 00:00 0 
7f9294021000-7f9298000000 ---p 00000000 00:00 0 
7f9298000000-7f9298021000 rw-p 00000000 00:00 0 
7f9298021000-7f929c000000 ---p 00000000 00:00 0 
7f929c000000-7f929c021000 rw-p 00000000 00:00 0 
7f929c021000-7f92a0000000 ---p 00000000 00:00 0 
7f92a0000000-7f92a0021000 rw-p 00000000 00:00 0 
7f92a0021000-7f92a4000000 ---p 00000000 00:00 0 
7f92a4000000-7f92a4021000 rw-p 00000000 00:00 0 
7f92a4021000-7f92a8000000 ---p 00000000 00:00 0 
7f92a8000000-7f92a8021000 rw-p 00000000 00:00 0 
7f92a8021000-7f92ac000000 ---p 00000000 00:00 0 
7f92ac000000-7f92ac021000 rw-p 00000000 00:00 0 
7f92ac021000-7f92b0000000 ---p 00000000 00:00 0 
7f92b0000000-7f92b0021000 rw-p 00000000 00:00 0 
7f92b0021000-7f92b4000000 ---p 00000000 00:00 0 
7f92b4000000-7f92b4021000 rw-p 00000000 00:00 0 
7f92b4021000-7f92b8000000 ---p 00000000 00:00 0 
7f92b8000000-7f92b8021000 rw-p 00000000 00:00 0 
7f92b8021000-7f92bc000000 ---p 00000000 00:00 0 
7f92bc000000-7f92bc021000 rw-p 00000000 00:00 0 
7f92bc021000-7f92c0000000 ---p 00000000 00:00 0 
7f92c0000000-7f92c0021000 rw-p 00000000 00:00 0 
7f92c0021000-7f92c4000000 ---p 00000000 00:00 0 
7f92c4000000-7f92c4021000 rw-p 00000000 00:00 0 
7f92c4021000-7f92c8000000 ---p 00000000 00:00 0 
7f92c8000000-7f92c8021000 rw-p 00000000 00:00 0 
7f92c8021000-7f92cc000000 ---p 00000000 00:00 0 
7f92cc000000-7f92cc021000 rw-p 00000000 00:00 0 
7f92cc021000-7f92d0000000 ---p 00000000 00:00 0 
7f92d0000000-7f92d0021000 rw-p 00000000 00:00 0 
7f92d0021000-7f92d4000000 ---p 00000000 00:00 0 
7f92d4000000-7f92d4021000 rw-p 00000000 00:00 0 
7f92d4021000-7f92d8000000 ---p 00000000 00:00 0 
7f92d8000000-7f92d8021000 rw-p 00000000 00:00 0 
7f92d8021000-7f92dc000000 ---p 00000000 00:00 0 
7f92dc000000-7f92dc021000 rw-p 00000000 00:00 0 
7f92dc021000-7f92e0000000 ---p 00000000 00:00 0 
7f92e0000000-7f92e0021000 rw-p 00000000 00:00 0 
7f92e0021000-7f92e4000000 ---p 00000000 00:00 0 
7f92e4000000-7f92e4021000 rw-p 00000000 00:00 0 
7f92e4021000-7f92e8000000 ---p 00000000 00:00 0 
7f92e8000000-7f92e8021000 rw-p 00000000 00:00 0 
7f92e8021000-7f92ec000000 ---p 00000000 00:00 0 
7f92ec000000-7f92ec021000 rw-p 00000000 00:00 0 
7f92ec021000-7f92f0000000 ---p 00000000 00:00 0 
7f92f31f6000-7f92f31f7000 ---p 00000000 00:00 0 
7f92f31f7000-7f92f32f7000 rwxp 00000000 00:00 0 
7f92f32f7000-7f92f32f8000 ---p 00000000 00:00 0 
7f92f32f8000-7f92f33f8000 rwxp 00000000 00:00 0 
7f92f33f8000-7f92f33f9000 ---p 00000000 00:00 0 
7f92f33f9000-7f92f34f9000 rwxp 00000000 00:00 0 
7f92f34f9000-7f92f34fa000 ---p 00000000 00:00 0 
7f92f34fa000-7f92f35fa000 rwxp 00000000 00:00 0 
7f92f35fa000-7f92f35fb000 ---p 00000000 00:00 0 
7f92f35fb000-7f92f36fb000 rwxp 00000000 00:00 0 
7f92f36fb000-7f92f36fc000 ---p 00000000 00:00 0 
7f92f36fc000-7f92f37fc000 rwxp 00000000 00:00 0 
7f92f37fc000-7f92f37fd000 ---p 00000000 00:00 0 
7f92f37fd000-7f92f38fd000 rwxp 00000000 00:00 0 
7f92f38fd000-7f92f38fe000 ---p 00000000 00:00 0 
7f92f38fe000-7f92f39fe000 rwxp 00000000 00:00 0 
7f92f39fe000-7f92f39ff000 ---p 00000000 00:00 0 
7f92f39ff000-7f92f3aff000 rwxp 00000000 00:00 0 
7f92f3aff000-7f92f3b00000 ---p 00000000 00:00 0 
7f92f3b00000-7f92f50c0000 rwxp 00000000 00:00 0 
7f92f50c0000-7f92fbc00000 rwxp 00000000 00:00 0 
7f92fbc00000-7f92fec00000 rwxp 00000000 00:00 0 
7f92fec00000-7f9304f00000 rwxp 00000000 00:00 0 
7f9304f00000-7f9305f00000 rwxp 00000000 00:00 0 
7f9305f00000-7f9308000000 rwxp 00000000 00:00 0 
7f9308000000-7f9308021000 rw-p 00000000 00:00 0 
7f9308021000-7f930c000000 ---p 00000000 00:00 0 
7f930c0f1000-7f930c0f2000 ---p 00000000 00:00 0 
7f930c0f2000-7f930c1f2000 rwxp 00000000 00:00 0 
7f930c1f2000-7f930c1f3000 ---p 00000000 00:00 0 
7f930c1f3000-7f930c2f3000 rwxp 00000000 00:00 0 
7f930c2f3000-7f930c2f4000 ---p 00000000 00:00 0 
7f930c2f4000-7f930c3f4000 rwxp 00000000 00:00 0 
7f930c3f4000-7f930c3f5000 ---p 00000000 00:00 0 
7f930c3f5000-7f930c4f5000 rwxp 00000000 00:00 0 
7f930c4f5000-7f930c4f6000 ---p 00000000 00:00 0 
7f930c4f6000-7f930c5f6000 rwxp 00000000 00:00 0 
7f930c5f6000-7f930c5f7000 ---p 00000000 00:00 0 
7f930c5f7000-7f930c6f7000 rwxp 00000000 00:00 0 
7f930c6f7000-7f930c6f8000 ---p 00000000 00:00 0 
7f930c6f8000-7f930c7f8000 rwxp 00000000 00:00 0 
7f930c7f8000-7f930c7f9000 ---p 00000000 00:00 0 
7f930c7f9000-7f930c8f9000 rwxp 00000000 00:00 0 
7f930c8f9000-7f930c8fa000 ---p 00000000 00:00 0 
7f930c8fa000-7f930c9fa000 rwxp 00000000 00:00 0 
7f930c9fa000-7f930c9fb000 ---p 00000000 00:00 0 
7f930c9fb000-7f930cafb000 rwxp 00000000 00:00 0 
7f930cafb000-7f930cafc000 ---p 00000000 00:00 0 
7f930cafc000-7f930cbfc000 rwxp 00000000 00:00 0 
7f930cbfc000-7f930cbfd000 ---p 00000000 00:00 0 
7f930cbfd000-7f930ccfd000 rwxp 00000000 00:00 0 
7f930ccfd000-7f930ccfe000 ---p 00000000 00:00 0 
7f930ccfe000-7f930cdfe000 rwxp 00000000 00:00 0 
7f930cdfe000-7f930cdff000 ---p 00000000 00:00 0 
7f930cdff000-7f930ceff000 rwxp 00000000 00:00 0 
7f930ceff000-7f930cf00000 ---p 00000000 00:00 0 
7f930cf00000-7f930d270000 rwxp 00000000 00:00 0 
7f930d270000-7f9310000000 rwxp 00000000 00:00 0 
7f9310000000-7f9310557000 rw-p 00000000 00:00 0 
7f9310557000-7f9314000000 ---p 00000000 00:00 0 
7f9314000000-7f9314021000 rw-p 00000000 00:00 0 
7f9314021000-7f9318000000 ---p 00000000 00:00 0 
7f9318000000-7f9318021000 rw-p 00000000 00:00 0 
7f9318021000-7f931c000000 ---p 00000000 00:00 0 
7f931c060000-7f931c06b000 rwxp 00000000 00:00 0 
7f931c06b000-7f931c0a0000 rwxp 00000000 00:00 0 
7f931c0a0000-7f931c0b8000 rwxp 00000000 00:00 0 
7f931c0b8000-7f931c0ea000 rwxp 00000000 00:00 0 
7f931c0ea000-7f931c0f5000 rwxp 00000000 00:00 0 
7f931c0f5000-7f931c12a000 rwxp 00000000 00:00 0 
7f931c12a000-7f931c142000 rwxp 00000000 00:00 0 
7f931c142000-7f931c173000 rwxp 00000000 00:00 0 
7f931c173000-7f931c17c000 rwxp 00000000 00:00 0 
7f931c17c000-7f931c18c000 rwxp 00000000 00:00 0 
7f931c18c000-7f931c197000 rwxp 00000000 00:00 0 
7f931c197000-7f931c24d000 rwxp 00000000 00:00 0 
7f931c24d000-7f931c25b000 r-xp 00000000 00:37 5919882                    /l/local/lang/matlab-R2012a/sys/java/jre/glnxa64/jre/lib/amd64/libzip.so
7f931c25b000-7f931c35d000 ---p 0000e000 00:37 5919882                    /l/local/lang/matlab-R2012a/sys/java/jre/glnxa64/jre/lib/amd64/libzip.so
7f931c35d000-7f931c360000 rw-p 00010000 00:37 5919882                    /l/local/lang/matlab-R2012a/sys/java/jre/glnxa64/jre/lib/amd64/libzip.so
7f931c360000-7f931c361000 rw-p 00000000 00:00 0 
7f931c361000-7f931c368000 r-xp 00000000 00:37 5919894                    /l/local/lang/matlab-R2012a/sys/java/jre/glnxa64/jre/lib/amd64/native_threads/libhpi.so
7f931c368000-7f931c469000 ---p 00007000 00:37 5919894                    /l/local/lang/matlab-R2012a/sys/java/jre/glnxa64/jre/lib/amd64/native_threads/libhpi.so
7f931c469000-7f931c46b000 rw-p 00008000 00:37 5919894                    /l/local/lang/matlab-R2012a/sys/java/jre/glnxa64/jre/lib/amd64/native_threads/libhpi.so
7f931c46b000-7f931c46c000 rw-p 00000000 00:00 0 
7f931c46c000-7f931c46d000 ---p 00000000 00:00 0 
7f931c46d000-7f931ce6d000 rwxp 00000000 00:00 0 
7f931ce6d000-7f931ce6e000 ---p 00000000 00:00 0 
7f931ce6e000-7f931d86e000 rwxp 00000000 00:00 0 
7f931d86e000-7f931d878000 r-xp 00000000 08:01 786465                     /lib64/libnss_nis-2.12.so
7f931d878000-7f931da77000 ---p 0000a000 08:01 786465                     /lib64/libnss_nis-2.12.so
7f931da77000-7f931da78000 r--p 00009000 08:01 786465                     /lib64/libnss_nis-2.12.so
7f931da78000-7f931da79000 rw-p 0000a000 08:01 786465                     /lib64/libnss_nis-2.12.so
7f931da79000-7f931da85000 r-xp 00000000 08:01 786461                     /lib64/libnss_files-2.12.so
7f931da85000-7f931dc85000 ---p 0000c000 08:01 786461                     /lib64/libnss_files-2.12.so
7f931dc85000-7f931dc86000 r--p 0000c000 08:01 786461                     /lib64/libnss_files-2.12.so
7f931dc86000-7f931dc87000 rw-p 0000d000 08:01 786461                     /lib64/libnss_files-2.12.so
7f931dcad000-7f931dcb5000 rw-s 00000000 08:03 258562                     /tmp/hsperfdata_edg/41862
7f931dcb5000-7f931dcc2000 r-xp 00000000 00:37 5919895                    /l/local/lang/matlab-R2012a/sys/java/jre/glnxa64/jre/lib/amd64/libverify.so
7f931dcc2000-7f931ddc1000 ---p 0000d000 00:37 5919895                    /l/local/lang/matlab-R2012a/sys/java/jre/glnxa64/jre/lib/amd64/libverify.so
7f931ddc1000-7f931ddc4000 rw-p 0000c000 00:37 5919895                    /l/local/lang/matlab-R2012a/sys/java/jre/glnxa64/jre/lib/amd64/libverify.so
7f931ddc4000-7f931e522000 r-xp 00000000 00:37 5919876                    /l/local/lang/matlab-R2012a/sys/java/jre/glnxa64/jre/lib/amd64/server/libjvm.so
7f931e522000-7f931e621000 ---p 0075e000 00:37 5919876                    /l/local/lang/matlab-R2012a/sys/java/jre/glnxa64/jre/lib/amd64/server/libjvm.so
7f931e621000-7f931e799000 rw-p 0075d000 00:37 5919876                    /l/local/lang/matlab-R2012a/sys/java/jre/glnxa64/jre/lib/amd64/server/libjvm.so
7f931e799000-7f931e7d7000 rw-p 00000000 00:00 0 
7f931e7d7000-7f931e800000 r-xp 00000000 00:37 5919885                    /l/local/lang/matlab-R2012a/sys/java/jre/glnxa64/jre/lib/amd64/libjava.so
7f931e800000-7f931e8ff000 ---p 00029000 00:37 5919885                    /l/local/lang/matlab-R2012a/sys/java/jre/glnxa64/jre/lib/amd64/libjava.so
7f931e8ff000-7f931e906000 rw-p 00028000 00:37 5919885                    /l/local/lang/matlab-R2012a/sys/java/jre/glnxa64/jre/lib/amd64/libjava.so
7f931e906000-7f931e907000 ---p 00000000 00:00 0 
7f931e907000-7f931f307000 rwxp 00000000 00:00 0 
7f931f307000-7f931f30a000 ---p 00000000 00:00 0 
7f931f30a000-7f931fd08000 rwxp 00000000 00:00 0 
7f931fd08000-7f931fe08000 rw-p 00000000 00:00 0 
7f931fe08000-7f931fe09000 ---p 00000000 00:00 0 
7f931fe09000-7f93205d9000 rwxp 00000000 00:00 0 
7f93205d9000-7f93205db000 r-xp 00000000 00:37 5814388                    /l/local/lang/matlab-R2012a/bin/glnxa64/mklcompat.so
7f93205db000-7f93207da000 ---p 00002000 00:37 5814388                    /l/local/lang/matlab-R2012a/bin/glnxa64/mklcompat.so
7f93207da000-7f93207db000 rw-p 00001000 00:37 5814388                    /l/local/lang/matlab-R2012a/bin/glnxa64/mklcompat.so
7f93207db000-7f932089a000 r-xp 00000000 00:37 5913616                    /l/local/lang/matlab-R2012a/sys/os/glnxa64/libiomp5.so
7f932089a000-7f9320a99000 ---p 000bf000 00:37 5913616                    /l/local/lang/matlab-R2012a/sys/os/glnxa64/libiomp5.so
7f9320a99000-7f9320aa2000 rw-p 000be000 00:37 5913616                    /l/local/lang/matlab-R2012a/sys/os/glnxa64/libiomp5.so
7f9320aa2000-7f9320aa9000 rw-p 00000000 00:00 0 
7f9320aa9000-7f9322934000 r-xp 00000000 00:37 5814355                    /l/local/lang/matlab-R2012a/bin/glnxa64/mkl.so
7f9322934000-7f9322b34000 ---p 01e8b000 00:37 5814355                    /l/local/lang/matlab-R2012a/bin/glnxa64/mkl.so
7f9322b34000-7f9322b76000 rw-p 01e8b000 00:37 5814355                    /l/local/lang/matlab-R2012a/bin/glnxa64/mkl.so
7f9322b76000-7f9322b7b000 rw-p 00000000 00:00 0 
7f9322b7b000-7f9328a0b000 r--p 00000000 08:01 997894                     /usr/lib/locale/locale-archive
7f9328a0b000-7f9328a13000 rw-p 00000000 00:00 0 
7f9328a13000-7f9328a19000 r-xp 00000000 00:37 5814345                    /l/local/lang/matlab-R2012a/bin/glnxa64/libmwcolamd.so
7f9328a19000-7f9328c18000 ---p 00006000 00:37 5814345                    /l/local/lang/matlab-R2012a/bin/glnxa64/libmwcolamd.so
7f9328c18000-7f9328c19000 rw-p 00005000 00:37 5814345                    /l/local/lang/matlab-R2012a/bin/glnxa64/libmwcolamd.so
7f9328c19000-7f9328c21000 r-xp 00000000 00:37 5814332                    /l/local/lang/matlab-R2012a/bin/glnxa64/libmwamd.so
7f9328c21000-7f9328e20000 ---p 00008000 00:37 5814332                    /l/local/lang/matlab-R2012a/bin/glnxa64/libmwamd.so
7f9328e20000-7f9328e21000 rw-p 00007000 00:37 5814332                    /l/local/lang/matlab-R2012a/bin/glnxa64/libmwamd.so
7f9328e21000-7f9328e22000 rw-p 00000000 00:00 0 
7f9328e22000-7f9328e64000 r-xp 00000000 00:37 5814346                    /l/local/lang/matlab-R2012a/bin/glnxa64/libmwcholmod.so
7f9328e64000-7f9329064000 ---p 00042000 00:37 5814346                    /l/local/lang/matlab-R2012a/bin/glnxa64/libmwcholmod.so
7f9329064000-7f9329065000 rw-p 00042000 00:37 5814346                    /l/local/lang/matlab-R2012a/bin/glnxa64/libmwcholmod.so
7f9329065000-7f9329066000 rw-p 00000000 00:00 0 
7f9329066000-7f9329078000 r-xp 00000000 00:37 5814397                    /l/local/lang/matlab-R2012a/bin/glnxa64/libmwblas.so
7f9329078000-7f9329277000 ---p 00012000 00:37 5814397                    /l/local/lang/matlab-R2012a/bin/glnxa64/libmwblas.so
7f9329277000-7f9329279000 rw-p 00011000 00:37 5814397                    /l/local/lang/matlab-R2012a/bin/glnxa64/libmwblas.so
7f9329279000-7f932927b000 rw-p 00000000 00:00 0 
7f932927b000-7f932927f000 r-xp 00000000 00:37 5814372                    /l/local/lang/matlab-R2012a/bin/glnxa64/libmwompwrapper.so
7f932927f000-7f932947e000 ---p 00004000 00:37 5814372                    /l/local/lang/matlab-R2012a/bin/glnxa64/libmwompwrapper.so
7f932947e000-7f932947f000 rw-p 00003000 00:37 5814372                    /l/local/lang/matlab-R2012a/bin/glnxa64/libmwompwrapper.so
7f932947f000-7f9329488000 r-xp 00000000 00:37 5814365                    /l/local/lang/matlab-R2012a/bin/glnxa64/libmwbinder.so
7f9329488000-7f9329687000 ---p 00009000 00:37 5814365                    /l/local/lang/matlab-R2012a/bin/glnxa64/libmwbinder.so
7f9329687000-7f9329688000 rw-p 00008000 00:37 5814365                    /l/local/lang/matlab-R2012a/bin/glnxa64/libmwbinder.so
7f9329688000-7f9329689000 rw-p 00000000 00:00 0 
7f9329689000-7f932974c000 r-xp 00000000 00:37 5814406                    /l/local/lang/matlab-R2012a/bin/glnxa64/libmwmathcore.so
7f932974c000-7f932994b000 ---p 000c3000 00:37 5814406                    /l/local/lang/matlab-R2012a/bin/glnxa64/libmwmathcore.so
7f932994b000-7f9329950000 rw-p 000c2000 00:37 5814406                    /l/local/lang/matlab-R2012a/bin/glnxa64/libmwmathcore.so
7f9329950000-7f9329951000 rw-p 00000000 00:00 0 
7f9329951000-7f9329bd6000 r-xp 00000000 00:37 5814318                    /l/local/lang/matlab-R2012a/bin/glnxa64/libhdf5.so.6.0.5
7f9329bd6000-7f9329dd6000 ---p 00285000 00:37 5814318                    /l/local/lang/matlab-R2012a/bin/glnxa64/libhdf5.so.6.0.5
7f9329dd6000-7f9329de1000 rw-p 00285000 00:37 5814318                    /l/local/lang/matlab-R2012a/bin/glnxa64/libhdf5.so.6.0.5
7f9329de1000-7f9329de2000 rw-p 00000000 00:00 0 
7f9329de2000-7f9329dfd000 r-xp 00000000 00:37 5814319                    /l/local/lang/matlab-R2012a/bin/glnxa64/libhdf5_hl.so.6.0.5
7f9329dfd000-7f9329ffc000 ---p 0001b000 00:37 5814319                    /l/local/lang/matlab-R2012a/bin/glnxa64/libhdf5_hl.so.6.0.5
7f9329ffc000-7f9329ffd000 rw-p 0001a000 00:37 5814319                    /l/local/lang/matlab-R2012a/bin/glnxa64/libhdf5_hl.so.6.0.5
7f9329ffd000-7f932a010000 rw-p 00000000 00:00 0 
7f932a010000-7f932a291000 r-xp 00000000 00:37 5913612                    /l/local/lang/matlab-R2012a/sys/os/glnxa64/libXm.so.3.0.2
7f932a291000-7f932a491000 ---p 00281000 00:37 5913612                    /l/local/lang/matlab-R2012a/sys/os/glnxa64/libXm.so.3.0.2
7f932a491000-7f932a4bb000 rw-p 00281000 00:37 5913612                    /l/local/lang/matlab-R2012a/sys/os/glnxa64/libXm.so.3.0.2
7f932a4bb000-7f932a4bc000 rw-p 00000000 00:00 0 
7f932a4bc000-7f932a4c9000 r-xp 00000000 00:37 5814399                    /l/local/lang/matlab-R2012a/bin/glnxa64/libmwgbt.so
7f932a4c9000-7f932a6c9000 ---p 0000d000 00:37 5814399                    /l/local/lang/matlab-R2012a/bin/glnxa64/libmwgbt.so
7f932a6c9000-7f932a6ca000 rw-p 0000d000 00:37 5814399                    /l/local/lang/matlab-R2012a/bin/glnxa64/libmwgbt.so
7f932a6ca000-7f932a6cb000 rw-p 00000000 00:00 0 
7f932a6cb000-7f932a6fc000 r-xp 00000000 00:37 5814373                    /l/local/lang/matlab-R2012a/bin/glnxa64/libmwgbtutils.so
7f932a6fc000-7f932a8fb000 ---p 00031000 00:37 5814373                    /l/local/lang/matlab-R2012a/bin/glnxa64/libmwgbtutils.so
7f932a8fb000-7f932a901000 rw-p 00030000 00:37 5814373                    /l/local/lang/matlab-R2012a/bin/glnxa64/libmwgbtutils.so
7f932a901000-7f932a9b2000 r-xp 00000000 00:37 5814390                    /l/local/lang/matlab-R2012a/bin/glnxa64/libmwlapack.so
7f932a9b2000-7f932abb1000 ---p 000b1000 00:37 5814390                    /l/local/lang/matlab-R2012a/bin/glnxa64/libmwlapack.so
7f932abb1000-7f932abbb000 rw-p 000b0000 00:37 5814390                    /l/local/lang/matlab-R2012a/bin/glnxa64/libmwlapack.so
7f932abbb000-7f932ae0b000 r-xp 00000000 00:37 5814380                    /l/local/lang/matlab-R2012a/bin/glnxa64/libmwhgdatatypes.so
7f932ae0b000-7f932b00a000 ---p 00250000 00:37 5814380                    /l/local/lang/matlab-R2012a/bin/glnxa64/libmwhgdatatypes.so
7f932b00a000-7f932b027000 rw-p 0024f000 00:37 5814380                    /l/local/lang/matlab-R2012a/bin/glnxa64/libmwhgdatatypes.so
7f932b027000-7f932b029000 rw-p 00000000 00:00 0 
7f932b029000-7f932b05a000 r-xp 00000000 00:37 5814426                    /l/local/lang/matlab-R2012a/bin/glnxa64/libmwhardcopy.so
7f932b05a000-7f932b259000 ---p 00031000 00:37 5814426                    /l/local/lang/matlab-R2012a/bin/glnxa64/libmwhardcopy.so
7f932b259000-7f932b25c000 rw-p 00030000 00:37 5814426                    /l/local/lang/matlab-R2012a/bin/glnxa64/libmwhardcopy.so
7f932b25c000-7f932b26c000 r-xp 00000000 00:37 5814403                    /l/local/lang/matlab-R2012a/bin/glnxa64/libmwgraphics_util.so
7f932b26c000-7f932b46b000 ---p 00010000 00:37 5814403                    /l/local/lang/matlab-R2012a/bin/glnxa64/libmwgraphics_util.so
7f932b46b000-7f932b46d000 rw-p 0000f000 00:37 5814403                    /l/local/lang/matlab-R2012a/bin/glnxa64/libmwgraphics_util.so
7f932b46d000-7f932b46e000 rw-p 00000000 00:00 0 
7f932b46e000-7f932b483000 r-xp 00000000 00:37 5814395                    /l/local/lang/matlab-R2012a/bin/glnxa64/libmwir_xfmr.so
7f932b483000-7f932b683000 ---p 00015000 00:37 5814395                    /l/local/lang/matlab-R2012a/bin/glnxa64/libmwir_xfmr.so
7f932b683000-7f932b684000 rw-p 00015000 00:37 5814395                    /l/local/lang/matlab-R2012a/bin/glnxa64/libmwir_xfmr.so
7f932b684000-7f932b686000 rw-p 00000000 00:00 0 
7f932b686000-7f932b6f1000 r-xp 00000000 00:37 5814381                    /l/local/lang/matlab-R2012a/bin/glnxa64/libmwspmatrix.so
7f932b6f1000-7f932b8f1000 ---p 0006b000 00:37 5814381                    /l/local/lang/matlab-R2012a/bin/glnxa64/libmwspmatrix.so
7f932b8f1000-7f932b8f2000 rw-p 0006b000 00:37 5814381                    /l/local/lang/matlab-R2012a/bin/glnxa64/libmwspmatrix.so
7f932b8f2000-7f932b8f3000 rw-p 00000000 00:00 0 
7f932b8f3000-7f932b918000 r-xp 00000000 00:37 5814392                    /l/local/lang/matlab-R2012a/bin/glnxa64/libmwm_pcodegen.so
7f932b918000-7f932bb18000 ---p 00025000 00:37 5814392                    /l/local/lang/matlab-R2012a/bin/glnxa64/libmwm_pcodegen.so
7f932bb18000-7f932bb1a000 rw-p 00025000 00:37 5814392                    /l/local/lang/matlab-R2012a/bin/glnxa64/libmwm_pcodegen.so
7f932bb1a000-7f932bb33000 r-xp 00000000 00:37 5814417                    /l/local/lang/matlab-R2012a/bin/glnxa64/libmwm_pcodeio.so
7f932bb33000-7f932bd32000 ---p 00019000 00:37 5814417                    /l/local/lang/matlab-R2012a/bin/glnxa64/libmwm_pcodeio.so
7f932bd32000-7f932bd34000 rw-p 00018000 00:37 5814417                    /l/local/lang/matlab-R2012a/bin/glnxa64/libmwm_pcodeio.so
7f932bd34000-7f932bd44000 r-xp 00000000 00:37 5814367                    /l/local/lang/matlab-R2012a/bin/glnxa64/libmwmlib.so
7f932bd44000-7f932bf44000 ---p 00010000 00:37 5814367                    /l/local/lang/matlab-R2012a/bin/glnxa64/libmwmlib.so
7f932bf44000-7f932bf46000 rw-p 00010000 00:37 5814367                    /l/local/lang/matlab-R2012a/bin/glnxa64/libmwmlib.so
7f932bf46000-7f932bf47000 rw-p 00000000 00:00 0 
7f932bf47000-7f932bf70000 r-xp 00000000 00:37 5814411                    /l/local/lang/matlab-R2012a/bin/glnxa64/libmwmathrng.so
7f932bf70000-7f932c16f000 ---p 00029000 00:37 5814411                    /l/local/lang/matlab-R2012a/bin/glnxa64/libmwmathrng.so
7f932c16f000-7f932c171000 rw-p 00028000 00:37 5814411                    /l/local/lang/matlab-R2012a/bin/glnxa64/libmwmathrng.so
7f932c171000-7f932c173000 rw-p 00000000 00:00 0 
7f932c173000-7f932c228000 r-xp 00000000 00:37 5814382                    /l/local/lang/matlab-R2012a/bin/glnxa64/libmwmathutil.so
7f932c228000-7f932c427000 ---p 000b5000 00:37 5814382                    /l/local/lang/matlab-R2012a/bin/glnxa64/libmwmathutil.so
7f932c427000-7f932c428000 rw-p 000b4000 00:37 5814382                    /l/local/lang/matlab-R2012a/bin/glnxa64/libmwmathutil.so
7f932c428000-7f932c464000 r-xp 00000000 00:37 5814424                    /l/local/lang/matlab-R2012a/bin/glnxa64/libmwprofiler.so
7f932c464000-7f932c663000 ---p 0003c000 00:37 5814424                    /l/local/lang/matlab-R2012a/bin/glnxa64/libmwprofiler.so
7f932c663000-7f932c666000 rw-p 0003b000 00:37 5814424                    /l/local/lang/matlab-R2012a/bin/glnxa64/libmwprofiler.so
7f932c666000-7f932c667000 rw-p 00000000 00:00 0 
7f932c667000-7f932c6b1000 r-xp 00000000 00:37 5814328                    /l/local/lang/matlab-R2012a/bin/glnxa64/libmat.so
7f932c6b1000-7f932c8b1000 ---p 0004a000 00:37 5814328                    /l/local/lang/matlab-R2012a/bin/glnxa64/libmat.so
7f932c8b1000-7f932c8b5000 rw-p 0004a000 00:37 5814328                    /l/local/lang/matlab-R2012a/bin/glnxa64/libmat.so
7f932c8b5000-7f932cc6d000 r-xp 00000000 00:37 5814364                    /l/local/lang/matlab-R2012a/bin/glnxa64/libxerces-c.so.27.0
7f932cc6d000-7f932ce6c000 ---p 003b8000 00:37 5814364                    /l/local/lang/matlab-R2012a/bin/glnxa64/libxerces-c.so.27.0
7f932ce6c000-7f932ceb0000 rw-p 003b7000 00:37 5814364                    /l/local/lang/matlab-R2012a/bin/glnxa64/libxerces-c.so.27.0
7f932ceb0000-7f932ceb2000 rw-p 00000000 00:00 0 
7f932ceb2000-7f932cf24000 r-xp 00000000 00:37 5814391                    /l/local/lang/matlab-R2012a/bin/glnxa64/libmwxmlcore.so
7f932cf24000-7f932d123000 ---p 00072000 00:37 5814391                    /l/local/lang/matlab-R2012a/bin/glnxa64/libmwxmlcore.so
7f932d123000-7f932d12b000 rw-p 00071000 00:37 5814391                    /l/local/lang/matlab-R2012a/bin/glnxa64/libmwxmlcore.so
7f932d12b000-7f932d12c000 rw-p 00000000 00:00 0 
7f932d12c000-7f932d141000 r-xp 00000000 00:37 5814304                    /l/local/lang/matlab-R2012a/bin/glnxa64/libboost_iostreams.so.1.44.0
7f932d141000-7f932d341000 ---p 00015000 00:37 5814304                    /l/local/lang/matlab-R2012a/bin/glnxa64/libboost_iostreams.so.1.44.0
7f932d341000-7f932d343000 rw-p 00015000 00:37 5814304                    /l/local/lang/matlab-R2012a/bin/glnxa64/libboost_iostreams.so.1.44.0
7f932d343000-7f932d344000 rw-p 00000000 00:00 0 
7f932d344000-7f932d4ba000 r-xp 00000000 00:37 5814422                    /l/local/lang/matlab-R2012a/bin/glnxa64/libmwuix.so
7f932d4ba000-7f932d6ba000 ---p 00176000 00:37 5814422                    /l/local/lang/matlab-R2012a/bin/glnxa64/libmwuix.so
7f932d6ba000-7f932d6cf000 rw-p 00176000 00:37 5814422                    /l/local/lang/matlab-R2012a/bin/glnxa64/libmwuix.so
7f932d6cf000-7f932d6d4000 rw-p 00000000 00:00 0 
7f932d6d4000-7f932d734000 r-xp 00000000 00:37 5814402                    /l/local/lang/matlab-R2012a/bin/glnxa64/libmwm_ir.so
7f932d734000-7f932d933000 ---p 00060000 00:37 5814402                    /l/local/lang/matlab-R2012a/bin/glnxa64/libmwm_ir.so
7f932d933000-7f932d93c000 rw-p 0005f000 00:37 5814402                    /l/local/lang/matlab-R2012a/bin/glnxa64/libmwm_ir.so
7f932d93c000-7f932d941000 r-xp 00000000 00:37 5814423                    /l/local/lang/matlab-R2012a/bin/glnxa64/libmwuinone.so
7f932d941000-7f932db41000 ---p 00005000 00:37 5814423                    /l/local/lang/matlab-R2012a/bin/glnxa64/libmwuinone.so
7f932db41000-7f932db42000 rw-p 00005000 00:37 5814423                    /l/local/lang/matlab-R2012a/bin/glnxa64/libmwuinone.so
7f932db42000-7f932db43000 rw-p 00000000 00:00 0 
7f932db43000-7f932dbec000 r-xp 00000000 00:37 5814428                    /l/local/lang/matlab-R2012a/bin/glnxa64/libmwudd_mi.so
7f932dbec000-7f932ddec000 ---p 000a9000 00:37 5814428                    /l/local/lang/matlab-R2012a/bin/glnxa64/libmwudd_mi.so
7f932ddec000-7f932ddf8000 rw-p 000a9000 00:37 5814428                    /l/local/lang/matlab-R2012a/bin/glnxa64/libmwudd_mi.so
7f932ddf8000-7f932ddf9000 rw-p 00000000 00:00 0 
7f932ddf9000-7f932de3e000 r-xp 00000000 00:37 5814398                    /l/local/lang/matlab-R2012a/bin/glnxa64/libuij.so
7f932de3e000-7f932e03e000 ---p 00045000 00:37 5814398                    /l/local/lang/matlab-R2012a/bin/glnxa64/libuij.so
7f932e03e000-7f932e041000 rw-p 00045000 00:37 5814398                    /l/local/lang/matlab-R2012a/bin/glnxa64/libuij.so
7f932e041000-7f932e15a000 r-xp 00000000 00:37 5814407                    /l/local/lang/matlab-R2012a/bin/glnxa64/libmwhgutils.so
7f932e15a000-7f932e359000 ---p 00119000 00:37 5814407                    /l/local/lang/matlab-R2012a/bin/glnxa64/libmwhgutils.so
7f932e359000-7f932e36f000 rw-p 00118000 00:37 5814407                    /l/local/lang/matlab-R2012a/bin/glnxa64/libmwhgutils.so
7f932e36f000-7f932e370000 rw-p 00000000 00:00 0 
7f932e370000-7f932f0cf000 r-xp 00000000 00:37 5814366                    /l/local/lang/matlab-R2012a/bin/glnxa64/libmwhg.so
7f932f0cf000-7f932f2ce000 ---p 00d5f000 00:37 5814366                    /l/local/lang/matlab-R2012a/bin/glnxa64/libmwhg.so
7f932f2ce000-7f932f3e4000 rw-p 00d5e000 00:37 5814366                    /l/local/lang/matlab-R2012a/bin/glnxa64/libmwhg.so
7f932f3e4000-7f932f3f1000 rw-p 00000000 00:00 0 
7f932f3f1000-7f932f503000 r-xp 00000000 00:37 5814386                    /l/local/lang/matlab-R2012a/bin/glnxa64/libmwgui.so
7f932f503000-7f932f702000 ---p 00112000 00:37 5814386                    /l/local/lang/matlab-R2012a/bin/glnxa64/libmwgui.so
7f932f702000-7f932f73e000 rw-p 00111000 00:37 5814386                    /l/local/lang/matlab-R2012a/bin/glnxa64/libmwgui.so
7f932f73e000-7f932f73f000 rw-p 00000000 00:00 0 
7f932f73f000-7f932f9ae000 r-xp 00000000 00:37 5814408                    /l/local/lang/matlab-R2012a/bin/glnxa64/libmwmcos.so
7f932f9ae000-7f932fbae000 ---p 0026f000 00:37 5814408                    /l/local/lang/matlab-R2012a/bin/glnxa64/libmwmcos.so
7f932fbae000-7f932fbd8000 rw-p 0026f000 00:37 5814408                    /l/local/lang/matlab-R2012a/bin/glnxa64/libmwmcos.so
7f932fbd8000-7f932fbd9000 rw-p 00000000 00:00 0 
7f932fbd9000-7f932fbe0000 r-xp 00000000 00:37 5814393                    /l/local/lang/matlab-R2012a/bin/glnxa64/libmwmtok.so
7f932fbe0000-7f932fde0000 ---p 00007000 00:37 5814393                    /l/local/lang/matlab-R2012a/bin/glnxa64/libmwmtok.so
7f932fde0000-7f932fde1000 rw-p 00007000 00:37 5814393                    /l/local/lang/matlab-R2012a/bin/glnxa64/libmwmtok.so
7f932fde1000-7f932fe66000 r-xp 00000000 00:37 5814371                    /l/local/lang/matlab-R2012a/bin/glnxa64/libmwmlint.so
7f932fe66000-7f9330065000 ---p 00085000 00:37 5814371                    /l/local/lang/matlab-R2012a/bin/glnxa64/libmwmlint.so
7f9330065000-7f933006d000 rw-p 00084000 00:37 5814371                    /l/local/lang/matlab-R2012a/bin/glnxa64/libmwmlint.so
7f933006d000-7f933006f000 rw-p 00000000 00:00 0 
7f933006f000-7f9330153000 r-xp 00000000 00:37 5814383                    /l/local/lang/matlab-R2012a/bin/glnxa64/libmwudd.so
7f9330153000-7f9330353000 ---p 000e4000 00:37 5814383                    /l/local/lang/matlab-R2012a/bin/glnxa64/libmwudd.so
7f9330353000-7f933036a000 rw-p 000e4000 00:37 5814383                    /l/local/lang/matlab-R2012a/bin/glnxa64/libmwudd.so
7f933036a000-7f933036d000 rw-p 00000000 00:00 0 
7f933036d000-7f93305d9000 r-xp 00000000 00:37 5814387                    /l/local/lang/matlab-R2012a/bin/glnxa64/libmwm_parser.so
7f93305d9000-7f93307d9000 ---p 0026c000 00:37 5814387                    /l/local/lang/matlab-R2012a/bin/glnxa64/libmwm_parser.so
7f93307d9000-7f9330c7b000 rw-p 0026c000 00:37 5814387                    /l/local/lang/matlab-R2012a/bin/glnxa64/libmwm_parser.so
7f9330c7b000-7f9330c9b000 r-xp 00000000 00:37 5814415                    /l/local/lang/matlab-R2012a/bin/glnxa64/libmex.so
7f9330c9b000-7f9330e9b000 ---p 00020000 00:37 5814415                    /l/local/lang/matlab-R2012a/bin/glnxa64/libmex.so
7f9330e9b000-7f9330e9d000 rw-p 00020000 00:37 5814415                    /l/local/lang/matlab-R2012a/bin/glnxa64/libmex.so
7f9330e9d000-7f9330e9e000 rw-p 00000000 00:00 0 
7f9330e9e000-7f9330e9f000 r-xp 00000000 00:37 5814333                    /l/local/lang/matlab-R2012a/bin/glnxa64/libmwnativejava_services.so
7f9330e9f000-7f933109f000 ---p 00001000 00:37 5814333                    /l/local/lang/matlab-R2012a/bin/glnxa64/libmwnativejava_services.so
7f933109f000-7f93310a0000 rw-p 00001000 00:37 5814333                    /l/local/lang/matlab-R2012a/bin/glnxa64/libmwnativejava_services.so
7f93310a0000-7f93313ed000 r-xp 00000000 00:37 5814369                    /l/local/lang/matlab-R2012a/bin/glnxa64/libmwiqm.so
7f93313ed000-7f93315ec000 ---p 0034d000 00:37 5814369                    /l/local/lang/matlab-R2012a/bin/glnxa64/libmwiqm.so
7f93315ec000-7f9331612000 rw-p 0034c000 00:37 5814369                    /l/local/lang/matlab-R2012a/bin/glnxa64/libmwiqm.so
7f9331612000-7f9331619000 rw-p 00000000 00:00 0 
7f9331619000-7f9331688000 r-xp 00000000 00:37 5814294                    /l/local/lang/matlab-R2012a/bin/glnxa64/libboost_serialization.so.1.44.0
7f9331688000-7f9331888000 ---p 0006f000 00:37 5814294                    /l/local/lang/matlab-R2012a/bin/glnxa64/libboost_serialization.so.1.44.0
7f9331888000-7f933188c000 rw-p 0006f000 00:37 5814294                    /l/local/lang/matlab-R2012a/bin/glnxa64/libboost_serialization.so.1.44.0
7f933188c000-7f933189f000 r-xp 00000000 00:37 5814341                    /l/local/lang/matlab-R2012a/bin/glnxa64/libmwMATLAB_settings_res.so
7f933189f000-7f9331a9e000 ---p 00013000 00:37 5814341                    /l/local/lang/matlab-R2012a/bin/glnxa64/libmwMATLAB_settings_res.so
7f9331a9e000-7f9331a9f000 rw-p 00012000 00:37 5814341                    /l/local/lang/matlab-R2012a/bin/glnxa64/libmwMATLAB_settings_res.so
7f9331a9f000-7f9331aa0000 rw-p 00000000 00:00 0 
7f9331aa0000-7f9331ab1000 r-xp 00000000 00:37 5814340                    /l/local/lang/matlab-R2012a/bin/glnxa64/libmwmfl_scalar.so
7f9331ab1000-7f9331cb0000 ---p 00011000 00:37 5814340                    /l/local/lang/matlab-R2012a/bin/glnxa64/libmwmfl_scalar.so
7f9331cb0000-7f9331cb1000 rw-p 00010000 00:37 5814340                    /l/local/lang/matlab-R2012a/bin/glnxa64/libmwmfl_scalar.so
7f9331cb1000-7f9332137000 r-xp 00000000 00:37 5814376                    /l/local/lang/matlab-R2012a/bin/glnxa64/libmwmlutil.so
7f9332137000-7f9332336000 ---p 00486000 00:37 5814376                    /l/local/lang/matlab-R2012a/bin/glnxa64/libmwmlutil.so
7f9332336000-7f9332363000 rw-p 00485000 00:37 5814376                    /l/local/lang/matlab-R2012a/bin/glnxa64/libmwmlutil.so
7f9332363000-7f9332371000 rw-p 00000000 00:00 0 
7f9332371000-7f9332384000 r-xp 00000000 00:37 5814296                    /l/local/lang/matlab-R2012a/bin/glnxa64/libboost_signals.so.1.44.0
7f9332384000-7f9332583000 ---p 00013000 00:37 5814296                    /l/local/lang/matlab-R2012a/bin/glnxa64/libboost_signals.so.1.44.0
7f9332583000-7f9332584000 rw-p 00012000 00:37 5814296                    /l/local/lang/matlab-R2012a/bin/glnxa64/libboost_signals.so.1.44.0
7f9332584000-7f933268a000 r-xp 00000000 00:37 5814295                    /l/local/lang/matlab-R2012a/bin/glnxa64/libboost_regex.so.1.44.0
7f933268a000-7f933288a000 ---p 00106000 00:37 5814295                    /l/local/lang/matlab-R2012a/bin/glnxa64/libboost_regex.so.1.44.0
7f933288a000-7f9332891000 rw-p 00106000 00:37 5814295                    /l/local/lang/matlab-R2012a/bin/glnxa64/libboost_regex.so.1.44.0
7f9332891000-7f93328b2000 r-xp 00000000 00:37 5814297                    /l/local/lang/matlab-R2012a/bin/glnxa64/libboost_filesystem.so.1.44.0
7f93328b2000-7f9332ab1000 ---p 00021000 00:37 5814297                    /l/local/lang/matlab-R2012a/bin/glnxa64/libboost_filesystem.so.1.44.0
7f9332ab1000-7f9332ab3000 rw-p 00020000 00:37 5814297                    /l/local/lang/matlab-R2012a/bin/glnxa64/libboost_filesystem.so.1.44.0
7f9332ab3000-7f9332ab4000 rw-p 00000000 00:00 0 
7f9332ab4000-7f9332da4000 r-xp 00000000 00:37 5814324                    /l/local/lang/matlab-R2012a/bin/glnxa64/libmwMATLAB_res.so
7f9332da4000-7f9332fa3000 ---p 002f0000 00:37 5814324                    /l/local/lang/matlab-R2012a/bin/glnxa64/libmwMATLAB_res.so
7f9332fa3000-7f9332fa5000 rw-p 002ef000 00:37 5814324                    /l/local/lang/matlab-R2012a/bin/glnxa64/libmwMATLAB_res.so
7f9332fa5000-7f9332fb0000 rw-p 00000000 00:00 0 
7f9332fb0000-7f9332fb2000 r-xp 00000000 00:37 5814323                    /l/local/lang/matlab-R2012a/bin/glnxa64/libmwresource_core.so
7f9332fb2000-7f93331b1000 ---p 00002000 00:37 5814323                    /l/local/lang/matlab-R2012a/bin/glnxa64/libmwresource_core.so
7f93331b1000-7f93331b2000 rw-p 00001000 00:37 5814323                    /l/local/lang/matlab-R2012a/bin/glnxa64/libmwresource_core.so
7f93331b2000-7f93331b3000 rw-p 00000000 00:00 0 
7f93331b3000-7f93331cd000 r-xp 00000000 00:37 5814322                    /l/local/lang/matlab-R2012a/bin/glnxa64/libtbbmalloc.so.2
7f93331cd000-7f93332cc000 ---p 0001a000 00:37 5814322                    /l/local/lang/matlab-R2012a/bin/glnxa64/libtbbmalloc.so.2
7f93332cc000-7f93332cf000 rw-p 00019000 00:37 5814322                    /l/local/lang/matlab-R2012a/bin/glnxa64/libtbbmalloc.so.2
7f93332cf000-7f93332dc000 rw-p 00000000 00:00 0 
7f93332dc000-7f9333316000 r-xp 00000000 00:37 5814321                    /l/local/lang/matlab-R2012a/bin/glnxa64/libtbb.so.2
7f9333316000-7f9333416000 ---p 0003a000 00:37 5814321                    /l/local/lang/matlab-R2012a/bin/glnxa64/libtbb.so.2
7f9333416000-7f933341a000 rw-p 0003a000 00:37 5814321                    /l/local/lang/matlab-R2012a/bin/glnxa64/libtbb.so.2
7f933341a000-7f933341b000 rw-p 00000000 00:00 0 
7f933341b000-7f9333426000 r-xp 00000000 00:37 5814292                    /l/local/lang/matlab-R2012a/bin/glnxa64/libicuio.so.44.2
7f9333426000-7f9333626000 ---p 0000b000 00:37 5814292                    /l/local/lang/matlab-R2012a/bin/glnxa64/libicuio.so.44.2
7f9333626000-7f9333628000 rw-p 0000b000 00:37 5814292                    /l/local/lang/matlab-R2012a/bin/glnxa64/libicuio.so.44.2
7f9333628000-7f9333629000 rw-p 00000000 00:00 0 
7f9333629000-7f933381b000 r-xp 00000000 00:37 5814288                    /l/local/lang/matlab-R2012a/bin/glnxa64/libicui18n.so.44.2
7f933381b000-7f9333a1a000 ---p 001f2000 00:37 5814288                    /l/local/lang/matlab-R2012a/bin/glnxa64/libicui18n.so.44.2
7f9333a1a000-7f9333a26000 rw-p 001f1000 00:37 5814288                    /l/local/lang/matlab-R2012a/bin/glnxa64/libicui18n.so.44.2
7f9333a26000-7f9333b77000 r-xp 00000000 00:37 5814286                    /l/local/lang/matlab-R2012a/bin/glnxa64/libicuuc.so.44.2
7f9333b77000-7f9333d77000 ---p 00151000 00:37 5814286                    /l/local/lang/matlab-R2012a/bin/glnxa64/libicuuc.so.44.2
7f9333d77000-7f9333d87000 rw-p 00151000 00:37 5814286                    /l/local/lang/matlab-R2012a/bin/glnxa64/libicuuc.so.44.2
7f9333d87000-7f9333d8a000 rw-p 00000000 00:00 0 
7f9333d8a000-7f9334bca000 r--p 00000000 00:37 5814287                    /l/local/lang/matlab-R2012a/bin/glnxa64/libicudata.so.44.2
7f9334bca000-7f9334dc9000 ---p 00e40000 00:37 5814287                    /l/local/lang/matlab-R2012a/bin/glnxa64/libicudata.so.44.2
7f9334dc9000-7f9334dca000 rw-p 00e3f000 00:37 5814287                    /l/local/lang/matlab-R2012a/bin/glnxa64/libicudata.so.44.2
7f9334dca000-7f9334dcb000 rw-p 00000000 00:00 0 
7f9334dcb000-7f9334df1000 r-xp 00000000 00:37 5814315                    /l/local/lang/matlab-R2012a/bin/glnxa64/libexpat.so.1.5.0
7f9334df1000-7f9334ff0000 ---p 00026000 00:37 5814315                    /l/local/lang/matlab-R2012a/bin/glnxa64/libexpat.so.1.5.0
7f9334ff0000-7f9334ff3000 rw-p 00025000 00:37 5814315                    /l/local/lang/matlab-R2012a/bin/glnxa64/libexpat.so.1.5.0
7f9334ff3000-7f9335009000 r-xp 00000000 00:37 5814299                    /l/local/lang/matlab-R2012a/bin/glnxa64/libboost_thread.so.1.44.0
7f9335009000-7f9335208000 ---p 00016000 00:37 5814299                    /l/local/lang/matlab-R2012a/bin/glnxa64/libboost_thread.so.1.44.0
7f9335208000-7f933520a000 rw-p 00015000 00:37 5814299                    /l/local/lang/matlab-R2012a/bin/glnxa64/libboost_thread.so.1.44.0
7f933520a000-7f933520c000 r-xp 00000000 00:37 5814303                    /l/local/lang/matlab-R2012a/bin/glnxa64/libboost_system.so.1.44.0
7f933520c000-7f933540c000 ---p 00002000 00:37 5814303                    /l/local/lang/matlab-R2012a/bin/glnxa64/libboost_system.so.1.44.0
7f933540c000-7f933540d000 rw-p 00002000 00:37 5814303                    /l/local/lang/matlab-R2012a/bin/glnxa64/libboost_system.so.1.44.0
7f933540d000-7f933540e000 rw-p 00000000 00:00 0 
7f933540e000-7f933541f000 r-xp 00000000 00:37 5814306                    /l/local/lang/matlab-R2012a/bin/glnxa64/libboost_date_time.so.1.44.0
7f933541f000-7f933561e000 ---p 00011000 00:37 5814306                    /l/local/lang/matlab-R2012a/bin/glnxa64/libboost_date_time.so.1.44.0
7f933561e000-7f9335620000 rw-p 00010000 00:37 5814306                    /l/local/lang/matlab-R2012a/bin/glnxa64/libboost_date_time.so.1.44.0
7f9335620000-7f9335621000 rw-p 00000000 00:00 0 
7f9335621000-7f9335637000 r-xp 00000000 00:37 5815003                    /l/local/lang/matlab-R2012a/bin/glnxa64/libgcc_s.so.1
7f9335637000-7f9335836000 ---p 00016000 00:37 5815003                    /l/local/lang/matlab-R2012a/bin/glnxa64/libgcc_s.so.1
7f9335836000-7f9335837000 rw-p 00015000 00:37 5815003                    /l/local/lang/matlab-R2012a/bin/glnxa64/libgcc_s.so.1
7f9335837000-7f9335838000 rw-p 00000000 00:00 0 
7f933583d000-7f933583e000 rw-p 00000000 00:00 0 
7f933583e000-7f933583f000 r--p 00000000 00:00 0 
7f933583f000-7f933585f000 rw-p 00000000 00:00 0 
7f933585f000-7f9335866000 r--s 00000000 08:01 997420                     /usr/lib64/gconv/gconv-modules.cache
7f9335866000-7f9335957000 r-xp 00000000 00:37 5815004                    /l/local/lang/matlab-R2012a/bin/glnxa64/libstdc++.so.6.0.13
7f9335957000-7f9335b57000 ---p 000f1000 00:37 5815004                    /l/local/lang/matlab-R2012a/bin/glnxa64/libstdc++.so.6.0.13
7f9335b57000-7f9335b5e000 r--p 000f1000 00:37 5815004                    /l/local/lang/matlab-R2012a/bin/glnxa64/libstdc++.so.6.0.13
7f9335b5e000-7f9335b60000 rw-p 000f8000 00:37 5815004                    /l/local/lang/matlab-R2012a/bin/glnxa64/libstdc++.so.6.0.13
7f9335b60000-7f9335b75000 rw-p 00000000 00:00 0 
7f9335b75000-7f9335c04000 r-xp 00000000 00:37 5814330                    /l/local/lang/matlab-R2012a/bin/glnxa64/libmwi18n.so
7f9335c04000-7f9335e03000 ---p 0008f000 00:37 5814330                    /l/local/lang/matlab-R2012a/bin/glnxa64/libmwi18n.so
7f9335e03000-7f9335e09000 rw-p 0008e000 00:37 5814330                    /l/local/lang/matlab-R2012a/bin/glnxa64/libmwi18n.so
7f9335e09000-7f9335e0a000 rw-p 00000000 00:00 0 
7f9335e0a000-7f933633e000 r-xp 00000000 00:37 5814419                    /l/local/lang/matlab-R2012a/bin/glnxa64/libmwm_interpreter.so
7f933633e000-7f933653d000 ---p 00534000 00:37 5814419                    /l/local/lang/matlab-R2012a/bin/glnxa64/libmwm_interpreter.so
7f933653d000-7f933661a000 rw-p 00533000 00:37 5814419                    /l/local/lang/matlab-R2012a/bin/glnxa64/libmwm_interpreter.so
7f933661a000-7f93366b4000 rw-p 00000000 00:00 0 
7f93366b4000-7f9336749000 r-xp 00000000 00:37 5814416                    /l/local/lang/matlab-R2012a/bin/glnxa64/libmwm_dispatcher.so
7f9336749000-7f9336948000 ---p 00095000 00:37 5814416                    /l/local/lang/matlab-R2012a/bin/glnxa64/libmwm_dispatcher.so
7f9336948000-7f933694f000 rw-p 00094000 00:37 5814416                    /l/local/lang/matlab-R2012a/bin/glnxa64/libmwm_dispatcher.so
7f933694f000-7f9336ab9000 r-xp 00000000 00:37 5814378                    /l/local/lang/matlab-R2012a/bin/glnxa64/libmwmcr.so
7f9336ab9000-7f9336cb9000 ---p 0016a000 00:37 5814378                    /l/local/lang/matlab-R2012a/bin/glnxa64/libmwmcr.so
7f9336cb9000-7f9336ccb000 rw-p 0016a000 00:37 5814378                    /l/local/lang/matlab-R2012a/bin/glnxa64/libmwmcr.so
7f9336ccb000-7f9336ccf000 rw-p 00000000 00:00 0 
7f9336ccf000-7f9336d01000 r-xp 00000000 00:37 5814385                    /l/local/lang/matlab-R2012a/bin/glnxa64/libmwbridge.so
7f9336d01000-7f9336f01000 ---p 00032000 00:37 5814385                    /l/local/lang/matlab-R2012a/bin/glnxa64/libmwbridge.so
7f9336f01000-7f9336f04000 rw-p 00032000 00:37 5814385                    /l/local/lang/matlab-R2012a/bin/glnxa64/libmwbridge.so
7f9336f04000-7f9336f0a000 rw-p 00000000 00:00 0 
7f9336f0a000-7f9336faa000 r-xp 00000000 00:37 5814370                    /l/local/lang/matlab-R2012a/bin/glnxa64/libmwjmi.so
7f9336faa000-7f93371a9000 ---p 000a0000 00:37 5814370                    /l/local/lang/matlab-R2012a/bin/glnxa64/libmwjmi.so
7f93371a9000-7f93371b1000 rw-p 0009f000 00:37 5814370                    /l/local/lang/matlab-R2012a/bin/glnxa64/libmwjmi.so
7f93371b1000-7f93371b2000 rw-p 00000000 00:00 0 
7f93371b2000-7f9337420000 r-xp 00000000 00:37 5814410                    /l/local/lang/matlab-R2012a/bin/glnxa64/libmwservices.so
7f9337420000-7f933761f000 ---p 0026e000 00:37 5814410                    /l/local/lang/matlab-R2012a/bin/glnxa64/libmwservices.so
7f933761f000-7f9337636000 rw-p 0026d000 00:37 5814410                    /l/local/lang/matlab-R2012a/bin/glnxa64/libmwservices.so
7f9337636000-7f9337645000 rw-p 00000000 00:00 0 
7f9337645000-7f9337682000 r-xp 00000000 00:37 5814374                    /l/local/lang/matlab-R2012a/bin/glnxa64/libmwmpath.so
7f9337682000-7f9337882000 ---p 0003d000 00:37 5814374                    /l/local/lang/matlab-R2012a/bin/glnxa64/libmwmpath.so
7f9337882000-7f9337885000 rw-p 0003d000 00:37 5814374                    /l/local/lang/matlab-R2012a/bin/glnxa64/libmwmpath.so
7f9337885000-7f9337888000 rw-p 00000000 00:00 0 
7f9337888000-7f933793e000 r-xp 00000000 00:37 5814326                    /l/local/lang/matlab-R2012a/bin/glnxa64/libmx.so
7f933793e000-7f9337b3d000 ---p 000b6000 00:37 5814326                    /l/local/lang/matlab-R2012a/bin/glnxa64/libmx.so
7f9337b3d000-7f9337b42000 rw-p 000b5000 00:37 5814326                    /l/local/lang/matlab-R2012a/bin/glnxa64/libmx.so
7f9337b42000-7f9337c20000 r-xp 00000000 00:37 5814331                    /l/local/lang/matlab-R2012a/bin/glnxa64/libmwfl.so
7f9337c20000-7f9337e1f000 ---p 000de000 00:37 5814331                    /l/local/lang/matlab-R2012a/bin/glnxa64/libmwfl.so
7f9337e1f000-7f9337e29000 rw-p 000dd000 00:37 5814331                    /l/local/lang/matlab-R2012a/bin/glnxa64/libmwfl.so
7f9337e29000-7f9337e3a000 rw-p 00000000 00:00 0 
7f9337e3a000-7f9337f10000 r-xp 00000000 00:37 5814325                    /l/local/lang/matlab-R2012a/bin/glnxa64/libut.so
7f9337f10000-7f9338110000 ---p 000d6000 00:37 5814325                    /l/local/lang/matlab-R2012a/bin/glnxa64/libut.so
7f9338110000-7f933811c000 rw-p 000d6000 00:37 5814325                    /l/local/lang/matlab-R2012a/bin/glnxa64/libut.so
7f933811c000-7f933812f000 rw-p 00000000 00:00 0 
7fff0067d000-7fff00692000 rwxp 00000000 00:00 0                          [stack]
7fff00692000-7fff00693000 rw-p 00000000 00:00 0 
7fff007e4000-7fff007e5000 r-xp 00000000 00:00 0                          [vdso]
ffffffffff600000-ffffffffff601000 r-xp 00000000 00:00 0                  [vsyscall]

VM Arguments:
jvm_args: -Xms64m -XX:NewRatio=3 -XX:MaxPermSize=128m -Xmx196m -XX:MaxDirectMemorySize=2147400000 -XX:+AllowUserSignalHandlers -Xrs -Dsun.awt.disableMixing=true -Djava.library.path=/l/local/lang/matlab-R2012a/bin/glnxa64 vfprintf abort -Djava.awt.headless=true -Duser.language=en -Duser.country=US -Dfile.encoding=UTF-8 
java_command: <unknown>
Launcher Type: generic

Environment Variables:
PATH=/n/shokuji/dc/edg/bin:/usr/local/bin:/usr/bin:/bin:/u/metanet/clustering/treetagger/cmd:/u/metanet/clustering/treetagger/bin
LD_LIBRARY_PATH=/l/local/lang/matlab-R2012a/sys/os/glnxa64:/l/local/lang/matlab-R2012a/bin/glnxa64:/l/local/lang/matlab-R2012a/extern/lib/glnxa64:/l/local/lang/matlab-R2012a/runtime/glnxa64:/l/local/lang/matlab-R2012a/sys/java/jre/glnxa64/jre/lib/amd64/native_threads:/l/local/lang/matlab-R2012a/sys/java/jre/glnxa64/jre/lib/amd64/server:/l/local/lang/matlab-R2012a/sys/java/jre/glnxa64/jre/lib/amd64
SHELL=/bin/tcsh
DISPLAY=
HOSTTYPE=x86_64-linux
OSTYPE=linux
ARCH=glnxa64
MACHTYPE=x86_64

Signal Handlers:
SIGSEGV: [libjvm.so+0x6bddc0], sa_mask[0]=0x7ffbfeff, sa_flags=0x10000004
SIGBUS: [libjvm.so+0x6bddc0], sa_mask[0]=0x7ffbfeff, sa_flags=0x10000004
SIGFPE: [libjvm.so+0x594f90], sa_mask[0]=0x7ffbfeff, sa_flags=0x10000004
SIGPIPE: [libjvm.so+0x594f90], sa_mask[0]=0x7ffbfeff, sa_flags=0x10000004
SIGXFSZ: [libjvm.so+0x594f90], sa_mask[0]=0x7ffbfeff, sa_flags=0x10000004
SIGILL: [libjvm.so+0x594f90], sa_mask[0]=0x7ffbfeff, sa_flags=0x10000004
SIGUSR1: SIG_DFL, sa_mask[0]=0x00000000, sa_flags=0x00000000
SIGUSR2: [libjvm.so+0x597750], sa_mask[0]=0x08080002, sa_flags=0x10000004
SIGHUP: SIG_DFL, sa_mask[0]=0x00000000, sa_flags=0x00000000
SIGINT: SIG_DFL, sa_mask[0]=0x00000000, sa_flags=0x00000000
SIGTERM: SIG_DFL, sa_mask[0]=0x00000000, sa_flags=0x00000000
SIGQUIT: [libmwmcr.so+0x131430], sa_mask[0]=0x08080002, sa_flags=0x00000004


---------------  S Y S T E M  ---------------

OS:Red Hat Enterprise Linux Workstation release 6.6 (Santiago)

uname:Linux 2.6.32-504.el6.x86_64 #1 SMP Tue Sep 16 01:56:35 EDT 2014 x86_64
libc:glibc 2.12 NPTL 2.12 
rlimit: STACK 10240k, CORE 0k, NPROC 1024, NOFILE 4096, AS infinity
load average:2.85 0.60 0.19

CPU:total 48 (16 cores per cpu, 2 threads per core) family 6 model 62 stepping 4, cmov, cx8, fxsr, mmx, sse, sse2, sse3, ssse3, sse4.1, sse4.2, ht

Memory: 4k page, physical 198306240k(188416052k free), swap 16777212k(16777212k free)

vm_info: Java HotSpot(TM) 64-Bit Server VM (14.3-b01) for linux-amd64 JRE (1.6.0_17-b04), built on Oct 11 2009 01:08:48 by "java_re" with gcc 3.2.2 (SuSE Linux)

time: Sat Feb  7 12:25:03 2015
elapsed time: 0 seconds

